0 verbose cli C:\Program Files\nodejs\node.exe C:\Users\kawhe\AppData\Roaming\npm\node_modules\npm\bin\npm-cli.js
1 info using npm@11.1.0
2 info using node@v22.11.0
3 silly config load:file:C:\Users\kawhe\AppData\Roaming\npm\node_modules\npm\npmrc
4 silly config load:file:D:\baixar\TESTE\erp-crm-engenharia\.npmrc
5 silly config load:file:C:\Users\kawhe\.npmrc
6 silly config load:file:C:\Users\kawhe\AppData\Roaming\npm\etc\npmrc
7 verbose title npm i net
8 verbose argv "i" "net"
9 verbose logfile logs-max:10 dir:D:\baixar\TESTE\erp-crm-engenharia\clean\_logs\2025-04-11T13_37_41_798Z-
10 verbose logfile D:\baixar\TESTE\erp-crm-engenharia\clean\_logs\2025-04-11T13_37_41_798Z-debug-0.log
11 silly logfile start cleaning logs, removing 1 files
12 silly packumentCache heap:4345298944 maxSize:1086324736 maxEntrySize:543162368
13 silly logfile done cleaning log files
14 silly idealTree buildDeps
15 silly fetch manifest net@*
16 silly packumentCache full:https://registry.npmjs.org/net cache-miss
17 http fetch GET 200 https://registry.npmjs.org/net 1011ms (cache miss)
18 silly packumentCache full:https://registry.npmjs.org/net set size:undefined disposed:false
19 silly placeDep ROOT net@1.0.2 OK for: erp-crm-engenharia@0.1.0 want: *
20 silly reify moves {}
21 silly audit bulk request {
21 silly audit   '@alloc/quick-lru': [ '5.2.0' ],
21 silly audit   '@babel/code-frame': [ '7.26.2' ],
21 silly audit   '@babel/generator': [ '7.27.0' ],
21 silly audit   '@babel/helper-module-imports': [ '7.25.9' ],
21 silly audit   '@babel/helper-string-parser': [ '7.25.9' ],
21 silly audit   '@babel/helper-validator-identifier': [ '7.25.9' ],
21 silly audit   '@babel/parser': [ '7.27.0' ],
21 silly audit   '@babel/runtime': [ '7.27.0' ],
21 silly audit   '@babel/template': [ '7.27.0' ],
21 silly audit   '@babel/traverse': [ '7.27.0' ],
21 silly audit   globals: [ '11.12.0', '14.0.0' ],
21 silly audit   '@babel/types': [ '7.27.0' ],
21 silly audit   '@emnapi/core': [ '1.4.0' ],
21 silly audit   '@emnapi/runtime': [ '1.4.0' ],
21 silly audit   '@emnapi/wasi-threads': [ '1.0.1' ],
21 silly audit   '@emotion/babel-plugin': [ '11.13.5' ],
21 silly audit   '@emotion/cache': [ '11.14.0' ],
21 silly audit   '@emotion/hash': [ '0.9.2' ],
21 silly audit   '@emotion/memoize': [ '0.9.0' ],
21 silly audit   '@emotion/react': [ '11.14.0' ],
21 silly audit   '@emotion/serialize': [ '1.3.3' ],
21 silly audit   '@emotion/sheet': [ '1.4.0' ],
21 silly audit   '@emotion/unitless': [ '0.10.0' ],
21 silly audit   '@emotion/use-insertion-effect-with-fallbacks': [ '1.2.0' ],
21 silly audit   '@emotion/utils': [ '1.4.2' ],
21 silly audit   '@emotion/weak-memoize': [ '0.4.0' ],
21 silly audit   '@eslint-community/eslint-utils': [ '4.5.1' ],
21 silly audit   'eslint-visitor-keys': [ '3.4.3', '4.2.0' ],
21 silly audit   '@eslint-community/regexpp': [ '4.12.1' ],
21 silly audit   '@eslint/config-array': [ '0.20.0' ],
21 silly audit   '@eslint/config-helpers': [ '0.2.1' ],
21 silly audit   '@eslint/core': [ '0.12.0', '0.13.0' ],
21 silly audit   '@eslint/eslintrc': [ '3.3.1' ],
21 silly audit   '@eslint/js': [ '9.24.0' ],
21 silly audit   '@eslint/object-schema': [ '2.1.6' ],
21 silly audit   '@eslint/plugin-kit': [ '0.2.8' ],
21 silly audit   '@fastify/busboy': [ '3.1.1' ],
21 silly audit   '@firebase/analytics': [ '0.10.12' ],
21 silly audit   '@firebase/analytics-compat': [ '0.2.18' ],
21 silly audit   '@firebase/analytics-types': [ '0.8.3' ],
21 silly audit   '@firebase/app': [ '0.11.4' ],
21 silly audit   '@firebase/app-check': [ '0.8.13' ],
21 silly audit   '@firebase/app-check-compat': [ '0.3.20' ],
21 silly audit   '@firebase/app-check-interop-types': [ '0.3.3' ],
21 silly audit   '@firebase/app-check-types': [ '0.5.3' ],
21 silly audit   '@firebase/app-compat': [ '0.2.53' ],
21 silly audit   '@firebase/app-types': [ '0.9.3' ],
21 silly audit   '@firebase/auth': [ '1.10.0' ],
21 silly audit   '@firebase/auth-compat': [ '0.5.20' ],
21 silly audit   '@firebase/auth-interop-types': [ '0.2.4' ],
21 silly audit   '@firebase/auth-types': [ '0.13.0' ],
21 silly audit   '@firebase/component': [ '0.6.13' ],
21 silly audit   '@firebase/data-connect': [ '0.3.3' ],
21 silly audit   '@firebase/database': [ '1.0.14' ],
21 silly audit   '@firebase/database-compat': [ '2.0.5' ],
21 silly audit   '@firebase/database-types': [ '1.0.10' ],
21 silly audit   '@firebase/firestore': [ '4.7.10' ],
21 silly audit   '@firebase/firestore-compat': [ '0.3.45' ],
21 silly audit   '@firebase/firestore-types': [ '3.0.3' ],
21 silly audit   '@firebase/functions': [ '0.12.3' ],
21 silly audit   '@firebase/functions-compat': [ '0.3.20' ],
21 silly audit   '@firebase/functions-types': [ '0.6.3' ],
21 silly audit   '@firebase/installations': [ '0.6.13' ],
21 silly audit   '@firebase/installations-compat': [ '0.2.13' ],
21 silly audit   '@firebase/installations-types': [ '0.5.3' ],
21 silly audit   '@firebase/logger': [ '0.4.4' ],
21 silly audit   '@firebase/messaging': [ '0.12.17' ],
21 silly audit   '@firebase/messaging-compat': [ '0.2.17' ],
21 silly audit   '@firebase/messaging-interop-types': [ '0.2.3' ],
21 silly audit   '@firebase/performance': [ '0.7.2' ],
21 silly audit   '@firebase/performance-compat': [ '0.2.15' ],
21 silly audit   '@firebase/performance-types': [ '0.2.3' ],
21 silly audit   '@firebase/remote-config': [ '0.6.0' ],
21 silly audit   '@firebase/remote-config-compat': [ '0.2.13' ],
21 silly audit   '@firebase/remote-config-types': [ '0.4.0' ],
21 silly audit   '@firebase/storage': [ '0.13.7' ],
21 silly audit   '@firebase/storage-compat': [ '0.3.17' ],
21 silly audit   '@firebase/storage-types': [ '0.8.3' ],
21 silly audit   '@firebase/util': [ '1.11.0' ],
21 silly audit   '@firebase/vertexai': [ '1.2.1' ],
21 silly audit   '@firebase/webchannel-wrapper': [ '1.0.3' ],
21 silly audit   '@floating-ui/core': [ '1.6.9' ],
21 silly audit   '@floating-ui/dom': [ '1.6.13' ],
21 silly audit   '@floating-ui/react': [ '0.26.28' ],
21 silly audit   '@floating-ui/react-dom': [ '2.1.2' ],
21 silly audit   '@floating-ui/utils': [ '0.2.9' ],
21 silly audit   '@google-cloud/firestore': [ '7.11.0' ],
21 silly audit   '@google-cloud/paginator': [ '5.0.2' ],
21 silly audit   '@google-cloud/projectify': [ '4.0.0' ],
21 silly audit   '@google-cloud/promisify': [ '4.0.0' ],
21 silly audit   '@google-cloud/storage': [ '7.16.0' ],
21 silly audit   uuid: [ '8.3.2', '9.0.1', '11.1.0' ],
21 silly audit   '@grpc/grpc-js': [ '1.9.15', '1.13.3' ],
21 silly audit   '@grpc/proto-loader': [ '0.7.13' ],
21 silly audit   '@headlessui/react': [ '2.2.1' ],
21 silly audit   '@humanfs/core': [ '0.19.1' ],
21 silly audit   '@humanfs/node': [ '0.16.6' ],
21 silly audit   '@humanwhocodes/retry': [ '0.3.1', '0.4.2' ],
21 silly audit   '@humanwhocodes/module-importer': [ '1.0.1' ],
21 silly audit   '@img/sharp-darwin-arm64': [ '0.33.5' ],
21 silly audit   '@img/sharp-darwin-x64': [ '0.33.5' ],
21 silly audit   '@img/sharp-libvips-darwin-arm64': [ '1.0.4' ],
21 silly audit   '@img/sharp-libvips-darwin-x64': [ '1.0.4' ],
21 silly audit   '@img/sharp-libvips-linux-arm': [ '1.0.5' ],
21 silly audit   '@img/sharp-libvips-linux-arm64': [ '1.0.4' ],
21 silly audit   '@img/sharp-libvips-linux-s390x': [ '1.0.4' ],
21 silly audit   '@img/sharp-libvips-linux-x64': [ '1.0.4' ],
21 silly audit   '@img/sharp-libvips-linuxmusl-arm64': [ '1.0.4' ],
21 silly audit   '@img/sharp-libvips-linuxmusl-x64': [ '1.0.4' ],
21 silly audit   '@img/sharp-linux-arm': [ '0.33.5' ],
21 silly audit   '@img/sharp-linux-arm64': [ '0.33.5' ],
21 silly audit   '@img/sharp-linux-s390x': [ '0.33.5' ],
21 silly audit   '@img/sharp-linux-x64': [ '0.33.5' ],
21 silly audit   '@img/sharp-linuxmusl-arm64': [ '0.33.5' ],
21 silly audit   '@img/sharp-linuxmusl-x64': [ '0.33.5' ],
21 silly audit   '@img/sharp-wasm32': [ '0.33.5' ],
21 silly audit   '@img/sharp-win32-ia32': [ '0.33.5' ],
21 silly audit   '@img/sharp-win32-x64': [ '0.33.5' ],
21 silly audit   '@jridgewell/gen-mapping': [ '0.3.8' ],
21 silly audit   '@jridgewell/resolve-uri': [ '3.1.2' ],
21 silly audit   '@jridgewell/set-array': [ '1.2.1' ],
21 silly audit   '@jridgewell/sourcemap-codec': [ '1.5.0' ],
21 silly audit   '@jridgewell/trace-mapping': [ '0.3.25' ],
21 silly audit   '@js-sdsl/ordered-map': [ '4.4.2' ],
21 silly audit   '@mapbox/node-pre-gyp': [ '1.0.11' ],
21 silly audit   '@napi-rs/wasm-runtime': [ '0.2.8' ],
21 silly audit   '@next/env': [ '15.2.4' ],
21 silly audit   '@next/eslint-plugin-next': [ '15.2.4' ],
21 silly audit   '@next/swc-darwin-arm64': [ '15.2.4' ],
21 silly audit   '@next/swc-darwin-x64': [ '15.2.4' ],
21 silly audit   '@next/swc-linux-arm64-gnu': [ '15.2.4' ],
21 silly audit   '@next/swc-linux-arm64-musl': [ '15.2.4' ],
21 silly audit   '@next/swc-linux-x64-gnu': [ '15.2.4' ],
21 silly audit   '@next/swc-linux-x64-musl': [ '15.2.4' ],
21 silly audit   '@next/swc-win32-arm64-msvc': [ '15.2.4' ],
21 silly audit   '@next/swc-win32-x64-msvc': [ '15.2.4' ],
21 silly audit   '@nodelib/fs.scandir': [ '2.1.5' ],
21 silly audit   '@nodelib/fs.stat': [ '2.0.5' ],
21 silly audit   '@nodelib/fs.walk': [ '1.2.8' ],
21 silly audit   '@nolyfill/is-core-module': [ '1.0.39' ],
21 silly audit   '@opentelemetry/api': [ '1.9.0' ],
21 silly audit   '@protobufjs/aspromise': [ '1.1.2' ],
21 silly audit   '@protobufjs/base64': [ '1.1.2' ],
21 silly audit   '@protobufjs/codegen': [ '2.0.4' ],
21 silly audit   '@protobufjs/eventemitter': [ '1.1.0' ],
21 silly audit   '@protobufjs/fetch': [ '1.1.0' ],
21 silly audit   '@protobufjs/float': [ '1.0.2' ],
21 silly audit   '@protobufjs/inquire': [ '1.1.0' ],
21 silly audit   '@protobufjs/path': [ '1.1.2' ],
21 silly audit   '@protobufjs/pool': [ '1.1.0' ],
21 silly audit   '@protobufjs/utf8': [ '1.1.0' ],
21 silly audit   '@react-aria/focus': [ '3.20.1' ],
21 silly audit   '@react-aria/interactions': [ '3.24.1' ],
21 silly audit   '@react-aria/ssr': [ '3.9.7' ],
21 silly audit   '@react-aria/utils': [ '3.28.1' ],
21 silly audit   '@react-pdf-viewer/attachment': [ '3.12.0' ],
21 silly audit   '@react-pdf-viewer/bookmark': [ '3.12.0' ],
21 silly audit   '@react-pdf-viewer/core': [ '3.12.0' ],
21 silly audit   '@react-pdf-viewer/default-layout': [ '3.12.0' ],
21 silly audit   '@react-pdf-viewer/full-screen': [ '3.12.0' ],
21 silly audit   '@react-pdf-viewer/get-file': [ '3.12.0' ],
21 silly audit   '@react-pdf-viewer/open': [ '3.12.0' ],
21 silly audit   '@react-pdf-viewer/page-navigation': [ '3.12.0' ],
21 silly audit   '@react-pdf-viewer/print': [ '3.12.0' ],
21 silly audit   '@react-pdf-viewer/properties': [ '3.12.0' ],
21 silly audit   '@react-pdf-viewer/rotate': [ '3.12.0' ],
21 silly audit   '@react-pdf-viewer/scroll-mode': [ '3.12.0' ],
21 silly audit   '@react-pdf-viewer/search': [ '3.12.0' ],
21 silly audit   '@react-pdf-viewer/selection-mode': [ '3.12.0' ],
21 silly audit   '@react-pdf-viewer/theme': [ '3.12.0' ],
21 silly audit   '@react-pdf-viewer/thumbnail': [ '3.12.0' ],
21 silly audit   '@react-pdf-viewer/toolbar': [ '3.12.0' ],
21 silly audit   '@react-pdf-viewer/zoom': [ '3.12.0' ],
21 silly audit   '@react-stately/flags': [ '3.1.0' ],
21 silly audit   '@react-stately/utils': [ '3.10.5' ],
21 silly audit   '@react-types/shared': [ '3.28.0' ],
21 silly audit   '@rtsao/scc': [ '1.1.0' ],
21 silly audit   '@rushstack/eslint-patch': [ '1.11.0' ],
21 silly audit   '@swc/counter': [ '0.1.3' ],
21 silly audit   '@swc/helpers': [ '0.5.15' ],
21 silly audit   '@tailwindcss/node': [ '4.1.3' ],
21 silly audit   '@tailwindcss/oxide': [ '4.1.3' ],
21 silly audit   '@tailwindcss/oxide-android-arm64': [ '4.1.3' ],
21 silly audit   '@tailwindcss/oxide-darwin-arm64': [ '4.1.3' ],
21 silly audit   '@tailwindcss/oxide-darwin-x64': [ '4.1.3' ],
21 silly audit   '@tailwindcss/oxide-freebsd-x64': [ '4.1.3' ],
21 silly audit   '@tailwindcss/oxide-linux-arm-gnueabihf': [ '4.1.3' ],
21 silly audit   '@tailwindcss/oxide-linux-arm64-gnu': [ '4.1.3' ],
21 silly audit   '@tailwindcss/oxide-linux-arm64-musl': [ '4.1.3' ],
21 silly audit   '@tailwindcss/oxide-linux-x64-gnu': [ '4.1.3' ],
21 silly audit   '@tailwindcss/oxide-linux-x64-musl': [ '4.1.3' ],
21 silly audit   '@tailwindcss/oxide-win32-arm64-msvc': [ '4.1.3' ],
21 silly audit   '@tailwindcss/oxide-win32-x64-msvc': [ '4.1.3' ],
21 silly audit   '@tailwindcss/postcss': [ '4.1.3' ],
21 silly audit   '@tanstack/react-virtual': [ '3.13.6' ],
21 silly audit   '@tanstack/virtual-core': [ '3.13.6' ],
21 silly audit   '@tootallnate/once': [ '2.0.0' ],
21 silly audit   '@tybys/wasm-util': [ '0.9.0' ],
21 silly audit   '@types/body-parser': [ '1.19.5' ],
21 silly audit   '@types/caseless': [ '0.12.5' ],
21 silly audit   '@types/connect': [ '3.4.38' ],
21 silly audit   '@types/estree': [ '1.0.7' ],
21 silly audit   '@types/express': [ '4.17.21' ],
21 silly audit   '@types/express-serve-static-core': [ '4.19.6' ],
21 silly audit   '@types/forge-viewer': [ '7.89.1' ],
21 silly audit   '@types/http-errors': [ '2.0.4' ],
21 silly audit   '@types/json-schema': [ '7.0.15' ],
21 silly audit   '@types/json5': [ '0.0.29' ],
21 silly audit   '@types/jsonwebtoken': [ '9.0.9' ],
21 silly audit   '@types/long': [ '4.0.2' ],
21 silly audit   '@types/mime': [ '1.3.5' ],
21 silly audit   '@types/ms': [ '2.1.0' ],
21 silly audit   '@types/node': [ '22.14.0' ],
21 silly audit   '@types/parse-json': [ '4.0.2' ],
21 silly audit   '@types/prismjs': [ '1.26.5' ],
21 silly audit   '@types/qs': [ '6.9.18' ],
21 silly audit   '@types/range-parser': [ '1.2.7' ],
21 silly audit   '@types/react': [ '19.1.0' ],
21 silly audit   '@types/react-transition-group': [ '4.4.12' ],
21 silly audit   '@types/request': [ '2.48.12' ],
21 silly audit   '@types/send': [ '0.17.4' ],
21 silly audit   '@types/serve-static': [ '1.15.7' ],
21 silly audit   '@types/tough-cookie': [ '4.0.5' ],
21 silly audit   '@typescript-eslint/eslint-plugin': [ '8.29.1' ],
21 silly audit   '@typescript-eslint/parser': [ '8.29.1' ],
21 silly audit   '@typescript-eslint/scope-manager': [ '8.29.1' ],
21 silly audit   '@typescript-eslint/type-utils': [ '8.29.1' ],
21 silly audit   '@typescript-eslint/types': [ '8.29.1' ],
21 silly audit   '@typescript-eslint/typescript-estree': [ '8.29.1' ],
21 silly audit   'brace-expansion': [ '2.0.1', '1.1.11' ],
21 silly audit   'fast-glob': [ '3.3.3', '3.3.1' ],
21 silly audit   'glob-parent': [ '5.1.2', '6.0.2' ],
21 silly audit   minimatch: [ '9.0.5', '3.1.2' ],
21 silly audit   '@typescript-eslint/utils': [ '8.29.1' ],
21 silly audit   '@typescript-eslint/visitor-keys': [ '8.29.1' ],
21 silly audit   '@unrs/resolver-binding-darwin-arm64': [ '1.4.1' ],
21 silly audit   '@unrs/resolver-binding-darwin-x64': [ '1.4.1' ],
21 silly audit   '@unrs/resolver-binding-freebsd-x64': [ '1.4.1' ],
21 silly audit   '@unrs/resolver-binding-linux-arm-gnueabihf': [ '1.4.1' ],
21 silly audit   '@unrs/resolver-binding-linux-arm-musleabihf': [ '1.4.1' ],
21 silly audit   '@unrs/resolver-binding-linux-arm64-gnu': [ '1.4.1' ],
21 silly audit   '@unrs/resolver-binding-linux-arm64-musl': [ '1.4.1' ],
21 silly audit   '@unrs/resolver-binding-linux-ppc64-gnu': [ '1.4.1' ],
21 silly audit   '@unrs/resolver-binding-linux-s390x-gnu': [ '1.4.1' ],
21 silly audit   '@unrs/resolver-binding-linux-x64-gnu': [ '1.4.1' ],
21 silly audit   '@unrs/resolver-binding-linux-x64-musl': [ '1.4.1' ],
21 silly audit   '@unrs/resolver-binding-wasm32-wasi': [ '1.4.1' ],
21 silly audit   '@unrs/resolver-binding-win32-arm64-msvc': [ '1.4.1' ],
21 silly audit   '@unrs/resolver-binding-win32-ia32-msvc': [ '1.4.1' ],
21 silly audit   '@unrs/resolver-binding-win32-x64-msvc': [ '1.4.1' ],
21 silly audit   abbrev: [ '1.1.1' ],
21 silly audit   'abort-controller': [ '3.0.0' ],
21 silly audit   acorn: [ '8.14.1' ],
21 silly audit   'acorn-jsx': [ '5.3.2' ],
21 silly audit   'agent-base': [ '6.0.2', '7.1.3' ],
21 silly audit   ajv: [ '6.12.6' ],
21 silly audit   'ansi-regex': [ '5.0.1' ],
21 silly audit   'ansi-styles': [ '4.3.0' ],
21 silly audit   aproba: [ '2.0.0' ],
21 silly audit   'are-we-there-yet': [ '2.0.0' ],
21 silly audit   argparse: [ '2.0.1' ],
21 silly audit   'aria-query': [ '5.3.2' ],
21 silly audit   'array-buffer-byte-length': [ '1.0.2' ],
21 silly audit   'array-includes': [ '3.1.8' ],
21 silly audit   'array.prototype.findlast': [ '1.2.5' ],
21 silly audit   'array.prototype.findlastindex': [ '1.2.6' ],
21 silly audit   'array.prototype.flat': [ '1.3.3' ],
21 silly audit   'array.prototype.flatmap': [ '1.3.3' ],
21 silly audit   'array.prototype.tosorted': [ '1.1.4' ],
21 silly audit   'arraybuffer.prototype.slice': [ '1.0.4' ],
21 silly audit   arrify: [ '2.0.1' ],
21 silly audit   'ast-types-flow': [ '0.0.8' ],
21 silly audit   'async-function': [ '1.0.0' ],
21 silly audit   'async-retry': [ '1.3.3' ],
21 silly audit   asynckit: [ '0.4.0' ],
21 silly audit   'available-typed-arrays': [ '1.0.7' ],
21 silly audit   'axe-core': [ '4.10.3' ],
21 silly audit   'axobject-query': [ '4.1.0' ],
21 silly audit   'babel-plugin-macros': [ '3.1.0' ],
21 silly audit   'balanced-match': [ '1.0.2' ],
21 silly audit   'base64-js': [ '1.5.1' ],
21 silly audit   'bignumber.js': [ '9.2.1' ],
21 silly audit   bl: [ '4.1.0' ],
21 silly audit   braces: [ '3.0.3' ],
21 silly audit   buffer: [ '5.7.1' ],
21 silly audit   'buffer-equal-constant-time': [ '1.0.1' ],
21 silly audit   busboy: [ '1.6.0' ],
21 silly audit   'call-bind': [ '1.0.8' ],
21 silly audit   'call-bind-apply-helpers': [ '1.0.2' ],
21 silly audit   'call-bound': [ '1.0.4' ],
21 silly audit   callsites: [ '3.1.0' ],
21 silly audit   'caniuse-lite': [ '1.0.30001712' ],
21 silly audit   canvas: [ '2.11.2', '3.1.0' ],
21 silly audit   chalk: [ '4.1.2' ],
21 silly audit   chownr: [ '2.0.0', '1.1.4' ],
21 silly audit   'client-only': [ '0.0.1' ],
21 silly audit   cliui: [ '8.0.1' ],
21 silly audit   clsx: [ '2.1.1' ],
21 silly audit   color: [ '4.2.3' ],
21 silly audit   'color-convert': [ '2.0.1' ],
21 silly audit   'color-name': [ '1.1.4' ],
21 silly audit   'color-string': [ '1.9.1' ],
21 silly audit   'color-support': [ '1.1.3' ],
21 silly audit   'combined-stream': [ '1.0.8' ],
21 silly audit   'concat-map': [ '0.0.1' ],
21 silly audit   'console-control-strings': [ '1.1.0' ],
21 silly audit   'convert-source-map': [ '1.9.0' ],
21 silly audit   cosmiconfig: [ '7.1.0' ],
21 silly audit   'cross-spawn': [ '7.0.6' ],
21 silly audit   csstype: [ '3.1.3' ],
21 silly audit   'damerau-levenshtein': [ '1.0.8' ],
21 silly audit   'data-view-buffer': [ '1.0.2' ],
21 silly audit   'data-view-byte-length': [ '1.0.2' ],
21 silly audit   'data-view-byte-offset': [ '1.0.1' ],
21 silly audit   debug: [ '4.4.0', '3.2.7' ],
21 silly audit   'decompress-response': [ '4.2.1', '6.0.0' ],
21 silly audit   'deep-extend': [ '0.6.0' ],
21 silly audit   'deep-is': [ '0.1.4' ],
21 silly audit   'define-data-property': [ '1.1.4' ],
21 silly audit   'define-properties': [ '1.2.1' ],
21 silly audit   'delayed-stream': [ '1.0.0' ],
21 silly audit   delegates: [ '1.0.0' ],
21 silly audit   dequal: [ '2.0.3' ],
21 silly audit   'detect-libc': [ '2.0.3' ],
21 silly audit   doctrine: [ '2.1.0' ],
21 silly audit   'dom-helpers': [ '5.2.1' ],
21 silly audit   'dunder-proto': [ '1.0.1' ],
21 silly audit   duplexify: [ '4.1.3' ],
21 silly audit   'ecdsa-sig-formatter': [ '1.0.11' ],
21 silly audit   'emoji-regex': [ '9.2.2', '8.0.0' ],
21 silly audit   'end-of-stream': [ '1.4.4' ],
21 silly audit   'enhanced-resolve': [ '5.18.1' ],
21 silly audit   'error-ex': [ '1.3.2' ],
21 silly audit   'is-arrayish': [ '0.2.1', '0.3.2' ],
21 silly audit   'es-abstract': [ '1.23.9' ],
21 silly audit   'es-define-property': [ '1.0.1' ],
21 silly audit   'es-errors': [ '1.3.0' ],
21 silly audit   'es-iterator-helpers': [ '1.2.1' ],
21 silly audit   'es-object-atoms': [ '1.1.1' ],
21 silly audit   'es-set-tostringtag': [ '2.1.0' ],
21 silly audit   'es-shim-unscopables': [ '1.1.0' ],
21 silly audit   'es-to-primitive': [ '1.3.0' ],
21 silly audit   escalade: [ '3.2.0' ],
21 silly audit   'escape-string-regexp': [ '4.0.0' ],
21 silly audit   eslint: [ '9.24.0' ],
21 silly audit   'eslint-config-next': [ '15.2.4' ],
21 silly audit   'eslint-import-resolver-node': [ '0.3.9' ],
21 silly audit   'eslint-import-resolver-typescript': [ '3.10.0' ],
21 silly audit   'eslint-module-utils': [ '2.12.0' ],
21 silly audit   'eslint-plugin-import': [ '2.31.0' ],
21 silly audit   semver: [ '6.3.1', '7.7.1' ],
21 silly audit   'eslint-plugin-jsx-a11y': [ '6.10.2' ],
21 silly audit   'eslint-plugin-react': [ '7.37.5' ],
21 silly audit   'eslint-plugin-react-hooks': [ '5.2.0' ],
21 silly audit   resolve: [ '2.0.0-next.5', '1.22.10' ],
21 silly audit   'eslint-scope': [ '8.3.0' ],
21 silly audit   espree: [ '10.3.0' ],
21 silly audit   esquery: [ '1.6.0' ],
21 silly audit   esrecurse: [ '4.3.0' ],
21 silly audit   estraverse: [ '5.3.0' ],
21 silly audit   esutils: [ '2.0.3' ],
21 silly audit   'event-target-shim': [ '5.0.1' ],
21 silly audit   'expand-template': [ '2.0.3' ],
21 silly audit   extend: [ '3.0.2' ],
21 silly audit   'farmhash-modern': [ '1.1.0' ],
21 silly audit   'fast-deep-equal': [ '3.1.3' ],
21 silly audit   'fast-json-stable-stringify': [ '2.1.0' ],
21 silly audit   'fast-levenshtein': [ '2.0.6' ],
21 silly audit   'fast-xml-parser': [ '4.5.3' ],
21 silly audit   fastq: [ '1.19.1' ],
21 silly audit   'faye-websocket': [ '0.11.4' ],
21 silly audit   'file-entry-cache': [ '8.0.0' ],
21 silly audit   'fill-range': [ '7.1.1' ],
21 silly audit   'find-root': [ '1.1.0' ],
21 silly audit   'find-up': [ '5.0.0' ],
21 silly audit   firebase: [ '11.6.0' ],
21 silly audit   'firebase-admin': [ '13.2.0' ],
21 silly audit   'flat-cache': [ '4.0.1' ],
21 silly audit   flatted: [ '3.3.3' ],
21 silly audit   'for-each': [ '0.3.5' ],
21 silly audit   'form-data': [ '2.5.3' ],
21 silly audit   'fs-constants': [ '1.0.0' ],
21 silly audit   'fs-minipass': [ '2.1.0' ],
21 silly audit   minipass: [ '3.3.6', '5.0.0' ],
21 silly audit   'fs.realpath': [ '1.0.0' ],
21 silly audit   'function-bind': [ '1.1.2' ],
21 silly audit   'function.prototype.name': [ '1.1.8' ],
21 silly audit   'functional-red-black-tree': [ '1.0.1' ],
21 silly audit   'functions-have-names': [ '1.2.3' ],
21 silly audit   gauge: [ '3.0.2' ],
21 silly audit   gaxios: [ '6.7.1' ],
21 silly audit   'https-proxy-agent': [ '7.0.6', '5.0.1' ],
21 silly audit   'gcp-metadata': [ '6.1.1' ],
21 silly audit   'get-caller-file': [ '2.0.5' ],
21 silly audit   'get-intrinsic': [ '1.3.0' ],
21 silly audit   'get-proto': [ '1.0.1' ],
21 silly audit   'get-symbol-description': [ '1.1.0' ],
21 silly audit   'get-tsconfig': [ '4.10.0' ],
21 silly audit   'github-from-package': [ '0.0.0' ],
21 silly audit   glob: [ '7.2.3' ],
21 silly audit   globalthis: [ '1.0.4' ],
21 silly audit   'google-auth-library': [ '9.15.1' ],
21 silly audit   'google-gax': [ '4.4.1' ],
21 silly audit   'google-logging-utils': [ '0.0.2' ],
21 silly audit   gopd: [ '1.2.0' ],
21 silly audit   'graceful-fs': [ '4.2.11' ],
21 silly audit   graphemer: [ '1.4.0' ],
21 silly audit   gtoken: [ '7.1.0' ],
21 silly audit   'has-bigints': [ '1.1.0' ],
21 silly audit   'has-flag': [ '4.0.0' ],
21 silly audit   'has-property-descriptors': [ '1.0.2' ],
21 silly audit   'has-proto': [ '1.2.0' ],
21 silly audit   'has-symbols': [ '1.1.0' ],
21 silly audit   'has-tostringtag': [ '1.0.2' ],
21 silly audit   'has-unicode': [ '2.0.1' ],
21 silly audit   hasown: [ '2.0.2' ],
21 silly audit   'hoist-non-react-statics': [ '3.3.2' ],
21 silly audit   'html-entities': [ '2.6.0' ],
21 silly audit   'http-parser-js': [ '0.5.9' ],
21 silly audit   'http-proxy-agent': [ '5.0.0' ],
21 silly audit   idb: [ '7.1.1' ],
21 silly audit   ieee754: [ '1.2.1' ],
21 silly audit   ignore: [ '5.3.2' ],
21 silly audit   'import-fresh': [ '3.3.1' ],
21 silly audit   imurmurhash: [ '0.1.4' ],
21 silly audit   inflight: [ '1.0.6' ],
21 silly audit   inherits: [ '2.0.4' ],
21 silly audit   ini: [ '1.3.8' ],
21 silly audit   'internal-slot': [ '1.1.0' ],
21 silly audit   'is-array-buffer': [ '3.0.5' ],
21 silly audit   'is-async-function': [ '2.1.1' ],
21 silly audit   'is-bigint': [ '1.1.0' ],
21 silly audit   'is-boolean-object': [ '1.2.2' ],
21 silly audit   'is-bun-module': [ '2.0.0' ],
21 silly audit   'is-callable': [ '1.2.7' ],
21 silly audit   'is-core-module': [ '2.16.1' ],
21 silly audit   'is-data-view': [ '1.0.2' ],
21 silly audit   'is-date-object': [ '1.1.0' ],
21 silly audit   'is-extglob': [ '2.1.1' ],
21 silly audit   'is-finalizationregistry': [ '1.1.1' ],
21 silly audit   'is-fullwidth-code-point': [ '3.0.0' ],
21 silly audit   'is-generator-function': [ '1.1.0' ],
21 silly audit   'is-glob': [ '4.0.3' ],
21 silly audit   'is-map': [ '2.0.3' ],
21 silly audit   'is-number': [ '7.0.0' ],
21 silly audit   'is-number-object': [ '1.1.1' ],
21 silly audit   'is-regex': [ '1.2.1' ],
21 silly audit   'is-set': [ '2.0.3' ],
21 silly audit   'is-shared-array-buffer': [ '1.0.4' ],
21 silly audit   'is-stream': [ '2.0.1' ],
21 silly audit   'is-string': [ '1.1.1' ],
21 silly audit   'is-symbol': [ '1.1.1' ],
21 silly audit   'is-typed-array': [ '1.1.15' ],
21 silly audit   'is-weakmap': [ '2.0.2' ],
21 silly audit   'is-weakref': [ '1.1.1' ],
21 silly audit   'is-weakset': [ '2.0.4' ],
21 silly audit   isarray: [ '2.0.5' ],
21 silly audit   isexe: [ '2.0.0' ],
21 silly audit   'iterator.prototype': [ '1.1.5' ],
21 silly audit   jiti: [ '2.4.2' ],
21 silly audit   jose: [ '4.15.9' ],
21 silly audit   'js-tokens': [ '4.0.0' ],
21 silly audit   'js-yaml': [ '4.1.0' ],
21 silly audit   jsesc: [ '3.1.0' ],
21 silly audit   'json-bigint': [ '1.0.0' ],
21 silly audit   'json-buffer': [ '3.0.1' ],
21 silly audit   'json-parse-even-better-errors': [ '2.3.1' ],
21 silly audit   'json-schema-traverse': [ '0.4.1' ],
21 silly audit   'json-stable-stringify-without-jsonify': [ '1.0.1' ],
21 silly audit   json5: [ '1.0.2' ],
21 silly audit   jsonwebtoken: [ '9.0.2' ],
21 silly audit   jwa: [ '1.4.1', '2.0.0' ],
21 silly audit   jws: [ '3.2.2', '4.0.0' ],
21 silly audit   'jsx-ast-utils': [ '3.3.5' ],
21 silly audit   'jwks-rsa': [ '3.2.0' ],
21 silly audit   keyv: [ '4.5.4' ],
21 silly audit   'language-subtag-registry': [ '0.3.23' ],
21 silly audit   'language-tags': [ '1.0.9' ],
21 silly audit   levn: [ '0.4.1' ],
21 silly audit   lightningcss: [ '1.29.2' ],
21 silly audit   'lightningcss-darwin-arm64': [ '1.29.2' ],
21 silly audit   'lightningcss-darwin-x64': [ '1.29.2' ],
21 silly audit   'lightningcss-freebsd-x64': [ '1.29.2' ],
21 silly audit   'lightningcss-linux-arm-gnueabihf': [ '1.29.2' ],
21 silly audit   'lightningcss-linux-arm64-gnu': [ '1.29.2' ],
21 silly audit   'lightningcss-linux-arm64-musl': [ '1.29.2' ],
21 silly audit   'lightningcss-linux-x64-gnu': [ '1.29.2' ],
21 silly audit   'lightningcss-linux-x64-musl': [ '1.29.2' ],
21 silly audit   'lightningcss-win32-arm64-msvc': [ '1.29.2' ],
21 silly audit   'lightningcss-win32-x64-msvc': [ '1.29.2' ],
21 silly audit   limiter: [ '1.1.5' ],
21 silly audit   'lines-and-columns': [ '1.2.4' ],
21 silly audit   'locate-path': [ '6.0.0' ],
21 silly audit   'lodash.camelcase': [ '4.3.0' ],
21 silly audit   'lodash.clonedeep': [ '4.5.0' ],
21 silly audit   'lodash.includes': [ '4.3.0' ],
21 silly audit   'lodash.isboolean': [ '3.0.3' ],
21 silly audit   'lodash.isinteger': [ '4.0.4' ],
21 silly audit   'lodash.isnumber': [ '3.0.3' ],
21 silly audit   'lodash.isplainobject': [ '4.0.6' ],
21 silly audit   'lodash.isstring': [ '4.0.1' ],
21 silly audit   'lodash.merge': [ '4.6.2' ],
21 silly audit   'lodash.once': [ '4.1.1' ],
21 silly audit   long: [ '5.3.1' ],
21 silly audit   'loose-envify': [ '1.4.0' ],
21 silly audit   'lru-cache': [ '6.0.0' ],
21 silly audit   'lru-memoizer': [ '2.3.0' ],
21 silly audit   'make-cancellable-promise': [ '1.3.2' ],
21 silly audit   'make-dir': [ '3.1.0' ],
21 silly audit   'make-event-props': [ '1.6.2' ],
21 silly audit   'math-intrinsics': [ '1.1.0' ],
21 silly audit   'memoize-one': [ '6.0.0' ],
21 silly audit   'merge-refs': [ '1.3.0' ],
21 silly audit   merge2: [ '1.4.1' ],
21 silly audit   micromatch: [ '4.0.8' ],
21 silly audit   mime: [ '3.0.0' ],
21 silly audit   'mime-db': [ '1.52.0' ],
21 silly audit   'mime-types': [ '2.1.35' ],
21 silly audit   'mimic-response': [ '2.1.0', '3.1.0' ],
21 silly audit   minimist: [ '1.2.8' ],
21 silly audit   minizlib: [ '2.1.2' ],
21 silly audit   mkdirp: [ '1.0.4' ],
21 silly audit   'mkdirp-classic': [ '0.5.3' ],
21 silly audit   ms: [ '2.1.3' ],
21 silly audit   nan: [ '2.22.2' ],
21 silly audit   nanoid: [ '3.3.11' ],
21 silly audit   'napi-build-utils': [ '2.0.0' ],
21 silly audit   'natural-compare': [ '1.4.0' ],
21 silly audit   next: [ '15.2.4' ],
21 silly audit   postcss: [ '8.4.31', '8.5.3' ],
21 silly audit   'node-abi': [ '3.74.0' ],
21 silly audit   'node-addon-api': [ '7.1.1' ],
21 silly audit   'node-fetch': [ '2.7.0' ],
21 silly audit   'node-forge': [ '1.3.1' ],
21 silly audit   nopt: [ '5.0.0' ],
21 silly audit   npmlog: [ '5.0.1' ],
21 silly audit   'object-assign': [ '4.1.1' ],
21 silly audit   'object-hash': [ '3.0.0' ],
21 silly audit   'object-inspect': [ '1.13.4' ],
21 silly audit   'object-keys': [ '1.1.1' ],
21 silly audit   'object.assign': [ '4.1.7' ],
21 silly audit   'object.entries': [ '1.1.9' ],
21 silly audit   'object.fromentries': [ '2.0.8' ],
21 silly audit   'object.groupby': [ '1.0.3' ],
21 silly audit   'object.values': [ '1.2.1' ],
21 silly audit   once: [ '1.4.0' ],
21 silly audit   optionator: [ '0.9.4' ],
21 silly audit   'own-keys': [ '1.0.1' ],
21 silly audit   'p-limit': [ '3.1.0' ],
21 silly audit   'p-locate': [ '5.0.0' ],
21 silly audit   'parent-module': [ '1.0.1' ],
21 silly audit   'parse-json': [ '5.2.0' ],
21 silly audit   'path-exists': [ '4.0.0' ],
21 silly audit   'path-is-absolute': [ '1.0.1' ],
21 silly audit   'path-key': [ '3.1.1' ],
21 silly audit   'path-parse': [ '1.0.7' ],
21 silly audit   'path-type': [ '4.0.0' ],
21 silly audit   path2d: [ '0.2.2' ],
21 silly audit   'path2d-polyfill': [ '2.0.1' ],
21 silly audit   'pdfjs-dist': [ '3.11.174', '4.8.69' ],
21 silly audit   picocolors: [ '1.1.1' ],
21 silly audit   picomatch: [ '2.3.1', '4.0.2' ],
21 silly audit   'possible-typed-array-names': [ '1.1.0' ],
21 silly audit   'prebuild-install': [ '7.1.3' ],
21 silly audit   'simple-get': [ '4.0.1', '3.1.1' ],
21 silly audit   'prelude-ls': [ '1.2.1' ],
21 silly audit   'prism-react-renderer': [ '2.4.1' ],
21 silly audit   'prop-types': [ '15.8.1' ],
21 silly audit   'proto3-json-serializer': [ '2.0.2' ],
21 silly audit   protobufjs: [ '7.4.0' ],
21 silly audit   pump: [ '3.0.2' ],
21 silly audit   punycode: [ '2.3.1' ],
21 silly audit   'queue-microtask': [ '1.2.3' ],
21 silly audit   rc: [ '1.2.8' ],
21 silly audit   'strip-json-comments': [ '2.0.1', '3.1.1' ],
21 silly audit   react: [ '19.1.0' ],
21 silly audit   'react-dom': [ '19.1.0' ],
21 silly audit   'react-is': [ '16.13.1' ],
21 silly audit   'react-medium-image-zoom': [ '5.2.14' ],
21 silly audit   'react-pdf': [ '9.2.1' ],
21 silly audit   'react-select': [ '5.10.1' ],
21 silly audit   'react-toastify': [ '11.0.5' ],
21 silly audit   'react-transition-group': [ '4.4.5' ],
21 silly audit   'readable-stream': [ '3.6.2' ],
21 silly audit   'reflect.getprototypeof': [ '1.0.10' ],
21 silly audit   'regenerator-runtime': [ '0.14.1' ],
21 silly audit   'regexp.prototype.flags': [ '1.5.4' ],
21 silly audit   'require-directory': [ '2.1.1' ],
21 silly audit   'resolve-from': [ '4.0.0' ],
21 silly audit   'resolve-pkg-maps': [ '1.0.0' ],
21 silly audit   retry: [ '0.13.1' ],
21 silly audit   'retry-request': [ '7.0.2' ],
21 silly audit   reusify: [ '1.1.0' ],
21 silly audit   rimraf: [ '3.0.2' ],
21 silly audit   'run-parallel': [ '1.2.0' ],
21 silly audit   'safe-array-concat': [ '1.1.3' ],
21 silly audit   'safe-buffer': [ '5.2.1' ],
21 silly audit   'safe-push-apply': [ '1.0.0' ],
21 silly audit   'safe-regex-test': [ '1.1.0' ],
21 silly audit   scheduler: [ '0.26.0' ],
21 silly audit   'set-blocking': [ '2.0.0' ],
21 silly audit   'set-function-length': [ '1.2.2' ],
21 silly audit   'set-function-name': [ '2.0.2' ],
21 silly audit   'set-proto': [ '1.0.0' ],
21 silly audit   sharp: [ '0.33.5' ],
21 silly audit   'shebang-command': [ '2.0.0' ],
21 silly audit   'shebang-regex': [ '3.0.0' ],
21 silly audit   'side-channel': [ '1.1.0' ],
21 silly audit   'side-channel-list': [ '1.0.0' ],
21 silly audit   'side-channel-map': [ '1.0.1' ],
21 silly audit   'side-channel-weakmap': [ '1.0.2' ],
21 silly audit   'signal-exit': [ '3.0.7' ],
21 silly audit   'simple-concat': [ '1.0.1' ],
21 silly audit   'simple-swizzle': [ '0.2.2' ],
21 silly audit   'source-map': [ '0.5.7' ],
21 silly audit   'source-map-js': [ '1.2.1' ],
21 silly audit   'stable-hash': [ '0.0.5' ],
21 silly audit   'stream-events': [ '1.0.5' ],
21 silly audit   'stream-shift': [ '1.0.3' ],
21 silly audit   streamsearch: [ '1.1.0' ],
21 silly audit   string_decoder: [ '1.3.0' ],
21 silly audit   'string-width': [ '4.2.3' ],
21 silly audit   'string.prototype.includes': [ '2.0.1' ],
21 silly audit   'string.prototype.matchall': [ '4.0.12' ],
21 silly audit   'string.prototype.repeat': [ '1.0.0' ],
21 silly audit   'string.prototype.trim': [ '1.2.10' ],
21 silly audit   'string.prototype.trimend': [ '1.0.9' ],
21 silly audit   'string.prototype.trimstart': [ '1.0.8' ],
21 silly audit   'strip-ansi': [ '6.0.1' ],
21 silly audit   'strip-bom': [ '3.0.0' ],
21 silly audit   strnum: [ '1.1.2' ],
21 silly audit   stubs: [ '3.0.0' ],
21 silly audit   'styled-jsx': [ '5.1.6' ],
21 silly audit   stylis: [ '4.2.0' ],
21 silly audit   'supports-color': [ '7.2.0' ],
21 silly audit   'supports-preserve-symlinks-flag': [ '1.0.0' ],
21 silly audit   tabbable: [ '6.2.0' ],
21 silly audit   'tailwind-scrollbar': [ '4.0.2' ],
21 silly audit   tailwindcss: [ '4.1.3' ],
21 silly audit   tapable: [ '2.2.1' ],
21 silly audit   tar: [ '6.2.1' ],
21 silly audit   'tar-fs': [ '2.1.2' ],
21 silly audit   'tar-stream': [ '2.2.0' ],
21 silly audit   'teeny-request': [ '9.0.0' ],
21 silly audit   'tiny-invariant': [ '1.3.3' ],
21 silly audit   tinyglobby: [ '0.2.12' ],
21 silly audit   fdir: [ '6.4.3' ],
21 silly audit   'to-regex-range': [ '5.0.1' ],
21 silly audit   tr46: [ '0.0.3' ],
21 silly audit   'ts-api-utils': [ '2.1.0' ],
21 silly audit   'tsconfig-paths': [ '3.15.0' ],
21 silly audit   tslib: [ '2.8.1' ],
21 silly audit   'tunnel-agent': [ '0.6.0' ],
21 silly audit   'type-check': [ '0.4.0' ],
21 silly audit   'typed-array-buffer': [ '1.0.3' ],
21 silly audit   'typed-array-byte-length': [ '1.0.3' ],
21 silly audit   'typed-array-byte-offset': [ '1.0.4' ],
21 silly audit   'typed-array-length': [ '1.0.7' ],
21 silly audit   typescript: [ '5.8.3' ],
21 silly audit   'unbox-primitive': [ '1.1.0' ],
21 silly audit   'undici-types': [ '6.21.0' ],
21 silly audit   'unrs-resolver': [ '1.4.1' ],
21 silly audit   'uri-js': [ '4.4.1' ],
21 silly audit   'use-isomorphic-layout-effect': [ '1.2.0' ],
21 silly audit   'util-deprecate': [ '1.0.2' ],
21 silly audit   warning: [ '4.0.3' ],
21 silly audit   'web-vitals': [ '4.2.4' ],
21 silly audit   'webidl-conversions': [ '3.0.1' ],
21 silly audit   'websocket-driver': [ '0.7.4' ],
21 silly audit   'websocket-extensions': [ '0.1.4' ],
21 silly audit   'whatwg-url': [ '5.0.0' ],
21 silly audit   which: [ '2.0.2' ],
21 silly audit   'which-boxed-primitive': [ '1.1.1' ],
21 silly audit   'which-builtin-type': [ '1.2.1' ],
21 silly audit   'which-collection': [ '1.0.2' ],
21 silly audit   'which-typed-array': [ '1.1.19' ],
21 silly audit   'wide-align': [ '1.1.5' ],
21 silly audit   'word-wrap': [ '1.2.5' ],
21 silly audit   'wrap-ansi': [ '7.0.0' ],
21 silly audit   wrappy: [ '1.0.2' ],
21 silly audit   y18n: [ '5.0.8' ],
21 silly audit   yallist: [ '4.0.0' ],
21 silly audit   yaml: [ '1.10.2' ],
21 silly audit   yargs: [ '17.7.2' ],
21 silly audit   'yargs-parser': [ '21.1.1' ],
21 silly audit   'yocto-queue': [ '0.1.0' ],
21 silly audit   net: [ '1.0.2' ]
21 silly audit }
22 verbose reify failed optional dependency D:\baixar\TESTE\erp-crm-engenharia\node_modules\lightningcss-win32-arm64-msvc
23 silly reify mark deleted [
23 silly reify   'D:\\baixar\\TESTE\\erp-crm-engenharia\\node_modules\\lightningcss-win32-arm64-msvc'
23 silly reify ]
24 verbose reify failed optional dependency D:\baixar\TESTE\erp-crm-engenharia\node_modules\lightningcss-linux-x64-musl
25 silly reify mark deleted [
25 silly reify   'D:\\baixar\\TESTE\\erp-crm-engenharia\\node_modules\\lightningcss-linux-x64-musl'
25 silly reify ]
26 verbose reify failed optional dependency D:\baixar\TESTE\erp-crm-engenharia\node_modules\lightningcss-linux-x64-gnu
27 silly reify mark deleted [
27 silly reify   'D:\\baixar\\TESTE\\erp-crm-engenharia\\node_modules\\lightningcss-linux-x64-gnu'
27 silly reify ]
28 verbose reify failed optional dependency D:\baixar\TESTE\erp-crm-engenharia\node_modules\lightningcss-linux-arm64-musl
29 silly reify mark deleted [
29 silly reify   'D:\\baixar\\TESTE\\erp-crm-engenharia\\node_modules\\lightningcss-linux-arm64-musl'
29 silly reify ]
30 verbose reify failed optional dependency D:\baixar\TESTE\erp-crm-engenharia\node_modules\lightningcss-linux-arm64-gnu
31 silly reify mark deleted [
31 silly reify   'D:\\baixar\\TESTE\\erp-crm-engenharia\\node_modules\\lightningcss-linux-arm64-gnu'
31 silly reify ]
32 verbose reify failed optional dependency D:\baixar\TESTE\erp-crm-engenharia\node_modules\lightningcss-linux-arm-gnueabihf
33 silly reify mark deleted [
33 silly reify   'D:\\baixar\\TESTE\\erp-crm-engenharia\\node_modules\\lightningcss-linux-arm-gnueabihf'
33 silly reify ]
34 verbose reify failed optional dependency D:\baixar\TESTE\erp-crm-engenharia\node_modules\lightningcss-freebsd-x64
35 silly reify mark deleted [
35 silly reify   'D:\\baixar\\TESTE\\erp-crm-engenharia\\node_modules\\lightningcss-freebsd-x64'
35 silly reify ]
36 verbose reify failed optional dependency D:\baixar\TESTE\erp-crm-engenharia\node_modules\lightningcss-darwin-x64
37 silly reify mark deleted [
37 silly reify   'D:\\baixar\\TESTE\\erp-crm-engenharia\\node_modules\\lightningcss-darwin-x64'
37 silly reify ]
38 verbose reify failed optional dependency D:\baixar\TESTE\erp-crm-engenharia\node_modules\lightningcss-darwin-arm64
39 silly reify mark deleted [
39 silly reify   'D:\\baixar\\TESTE\\erp-crm-engenharia\\node_modules\\lightningcss-darwin-arm64'
39 silly reify ]
40 verbose reify failed optional dependency D:\baixar\TESTE\erp-crm-engenharia\node_modules\@unrs\resolver-binding-win32-ia32-msvc
41 silly reify mark deleted [
41 silly reify   'D:\\baixar\\TESTE\\erp-crm-engenharia\\node_modules\\@unrs\\resolver-binding-win32-ia32-msvc'
41 silly reify ]
42 verbose reify failed optional dependency D:\baixar\TESTE\erp-crm-engenharia\node_modules\@unrs\resolver-binding-win32-arm64-msvc
43 silly reify mark deleted [
43 silly reify   'D:\\baixar\\TESTE\\erp-crm-engenharia\\node_modules\\@unrs\\resolver-binding-win32-arm64-msvc'
43 silly reify ]
44 verbose reify failed optional dependency D:\baixar\TESTE\erp-crm-engenharia\node_modules\@unrs\resolver-binding-wasm32-wasi
45 silly reify mark deleted [
45 silly reify   'D:\\baixar\\TESTE\\erp-crm-engenharia\\node_modules\\@unrs\\resolver-binding-wasm32-wasi'
45 silly reify ]
46 verbose reify failed optional dependency D:\baixar\TESTE\erp-crm-engenharia\node_modules\@napi-rs\wasm-runtime
47 silly reify mark deleted [
47 silly reify   'D:\\baixar\\TESTE\\erp-crm-engenharia\\node_modules\\@napi-rs\\wasm-runtime'
47 silly reify ]
48 verbose reify failed optional dependency D:\baixar\TESTE\erp-crm-engenharia\node_modules\@emnapi\core
49 silly reify mark deleted [
49 silly reify   'D:\\baixar\\TESTE\\erp-crm-engenharia\\node_modules\\@emnapi\\core'
49 silly reify ]
50 verbose reify failed optional dependency D:\baixar\TESTE\erp-crm-engenharia\node_modules\@tybys\wasm-util
51 silly reify mark deleted [
51 silly reify   'D:\\baixar\\TESTE\\erp-crm-engenharia\\node_modules\\@tybys\\wasm-util'
51 silly reify ]
52 verbose reify failed optional dependency D:\baixar\TESTE\erp-crm-engenharia\node_modules\@emnapi\wasi-threads
53 silly reify mark deleted [
53 silly reify   'D:\\baixar\\TESTE\\erp-crm-engenharia\\node_modules\\@emnapi\\wasi-threads'
53 silly reify ]
54 verbose reify failed optional dependency D:\baixar\TESTE\erp-crm-engenharia\node_modules\@unrs\resolver-binding-linux-x64-musl
55 silly reify mark deleted [
55 silly reify   'D:\\baixar\\TESTE\\erp-crm-engenharia\\node_modules\\@unrs\\resolver-binding-linux-x64-musl'
55 silly reify ]
56 verbose reify failed optional dependency D:\baixar\TESTE\erp-crm-engenharia\node_modules\@unrs\resolver-binding-linux-x64-gnu
57 silly reify mark deleted [
57 silly reify   'D:\\baixar\\TESTE\\erp-crm-engenharia\\node_modules\\@unrs\\resolver-binding-linux-x64-gnu'
57 silly reify ]
58 verbose reify failed optional dependency D:\baixar\TESTE\erp-crm-engenharia\node_modules\@unrs\resolver-binding-linux-s390x-gnu
59 silly reify mark deleted [
59 silly reify   'D:\\baixar\\TESTE\\erp-crm-engenharia\\node_modules\\@unrs\\resolver-binding-linux-s390x-gnu'
59 silly reify ]
60 verbose reify failed optional dependency D:\baixar\TESTE\erp-crm-engenharia\node_modules\@unrs\resolver-binding-linux-ppc64-gnu
61 silly reify mark deleted [
61 silly reify   'D:\\baixar\\TESTE\\erp-crm-engenharia\\node_modules\\@unrs\\resolver-binding-linux-ppc64-gnu'
61 silly reify ]
62 verbose reify failed optional dependency D:\baixar\TESTE\erp-crm-engenharia\node_modules\@unrs\resolver-binding-linux-arm64-musl
63 silly reify mark deleted [
63 silly reify   'D:\\baixar\\TESTE\\erp-crm-engenharia\\node_modules\\@unrs\\resolver-binding-linux-arm64-musl'
63 silly reify ]
64 verbose reify failed optional dependency D:\baixar\TESTE\erp-crm-engenharia\node_modules\@unrs\resolver-binding-linux-arm64-gnu
65 silly reify mark deleted [
65 silly reify   'D:\\baixar\\TESTE\\erp-crm-engenharia\\node_modules\\@unrs\\resolver-binding-linux-arm64-gnu'
65 silly reify ]
66 verbose reify failed optional dependency D:\baixar\TESTE\erp-crm-engenharia\node_modules\@unrs\resolver-binding-linux-arm-musleabihf
67 silly reify mark deleted [
67 silly reify   'D:\\baixar\\TESTE\\erp-crm-engenharia\\node_modules\\@unrs\\resolver-binding-linux-arm-musleabihf'
67 silly reify ]
68 verbose reify failed optional dependency D:\baixar\TESTE\erp-crm-engenharia\node_modules\@unrs\resolver-binding-linux-arm-gnueabihf
69 silly reify mark deleted [
69 silly reify   'D:\\baixar\\TESTE\\erp-crm-engenharia\\node_modules\\@unrs\\resolver-binding-linux-arm-gnueabihf'
69 silly reify ]
70 verbose reify failed optional dependency D:\baixar\TESTE\erp-crm-engenharia\node_modules\@unrs\resolver-binding-freebsd-x64
71 silly reify mark deleted [
71 silly reify   'D:\\baixar\\TESTE\\erp-crm-engenharia\\node_modules\\@unrs\\resolver-binding-freebsd-x64'
71 silly reify ]
72 verbose reify failed optional dependency D:\baixar\TESTE\erp-crm-engenharia\node_modules\@unrs\resolver-binding-darwin-x64
73 silly reify mark deleted [
73 silly reify   'D:\\baixar\\TESTE\\erp-crm-engenharia\\node_modules\\@unrs\\resolver-binding-darwin-x64'
73 silly reify ]
74 verbose reify failed optional dependency D:\baixar\TESTE\erp-crm-engenharia\node_modules\@unrs\resolver-binding-darwin-arm64
75 silly reify mark deleted [
75 silly reify   'D:\\baixar\\TESTE\\erp-crm-engenharia\\node_modules\\@unrs\\resolver-binding-darwin-arm64'
75 silly reify ]
76 verbose reify failed optional dependency D:\baixar\TESTE\erp-crm-engenharia\node_modules\@tailwindcss\oxide-win32-arm64-msvc
77 silly reify mark deleted [
77 silly reify   'D:\\baixar\\TESTE\\erp-crm-engenharia\\node_modules\\@tailwindcss\\oxide-win32-arm64-msvc'
77 silly reify ]
78 verbose reify failed optional dependency D:\baixar\TESTE\erp-crm-engenharia\node_modules\@tailwindcss\oxide-linux-x64-musl
79 silly reify mark deleted [
79 silly reify   'D:\\baixar\\TESTE\\erp-crm-engenharia\\node_modules\\@tailwindcss\\oxide-linux-x64-musl'
79 silly reify ]
80 verbose reify failed optional dependency D:\baixar\TESTE\erp-crm-engenharia\node_modules\@tailwindcss\oxide-linux-x64-gnu
81 silly reify mark deleted [
81 silly reify   'D:\\baixar\\TESTE\\erp-crm-engenharia\\node_modules\\@tailwindcss\\oxide-linux-x64-gnu'
81 silly reify ]
82 verbose reify failed optional dependency D:\baixar\TESTE\erp-crm-engenharia\node_modules\@tailwindcss\oxide-linux-arm64-musl
83 silly reify mark deleted [
83 silly reify   'D:\\baixar\\TESTE\\erp-crm-engenharia\\node_modules\\@tailwindcss\\oxide-linux-arm64-musl'
83 silly reify ]
84 verbose reify failed optional dependency D:\baixar\TESTE\erp-crm-engenharia\node_modules\@tailwindcss\oxide-linux-arm64-gnu
85 silly reify mark deleted [
85 silly reify   'D:\\baixar\\TESTE\\erp-crm-engenharia\\node_modules\\@tailwindcss\\oxide-linux-arm64-gnu'
85 silly reify ]
86 verbose reify failed optional dependency D:\baixar\TESTE\erp-crm-engenharia\node_modules\@tailwindcss\oxide-linux-arm-gnueabihf
87 silly reify mark deleted [
87 silly reify   'D:\\baixar\\TESTE\\erp-crm-engenharia\\node_modules\\@tailwindcss\\oxide-linux-arm-gnueabihf'
87 silly reify ]
88 verbose reify failed optional dependency D:\baixar\TESTE\erp-crm-engenharia\node_modules\@tailwindcss\oxide-freebsd-x64
89 silly reify mark deleted [
89 silly reify   'D:\\baixar\\TESTE\\erp-crm-engenharia\\node_modules\\@tailwindcss\\oxide-freebsd-x64'
89 silly reify ]
90 verbose reify failed optional dependency D:\baixar\TESTE\erp-crm-engenharia\node_modules\@tailwindcss\oxide-darwin-x64
91 silly reify mark deleted [
91 silly reify   'D:\\baixar\\TESTE\\erp-crm-engenharia\\node_modules\\@tailwindcss\\oxide-darwin-x64'
91 silly reify ]
92 verbose reify failed optional dependency D:\baixar\TESTE\erp-crm-engenharia\node_modules\@tailwindcss\oxide-darwin-arm64
93 silly reify mark deleted [
93 silly reify   'D:\\baixar\\TESTE\\erp-crm-engenharia\\node_modules\\@tailwindcss\\oxide-darwin-arm64'
93 silly reify ]
94 verbose reify failed optional dependency D:\baixar\TESTE\erp-crm-engenharia\node_modules\@tailwindcss\oxide-android-arm64
95 silly reify mark deleted [
95 silly reify   'D:\\baixar\\TESTE\\erp-crm-engenharia\\node_modules\\@tailwindcss\\oxide-android-arm64'
95 silly reify ]
96 verbose reify failed optional dependency D:\baixar\TESTE\erp-crm-engenharia\node_modules\@next\swc-win32-arm64-msvc
97 silly reify mark deleted [
97 silly reify   'D:\\baixar\\TESTE\\erp-crm-engenharia\\node_modules\\@next\\swc-win32-arm64-msvc'
97 silly reify ]
98 verbose reify failed optional dependency D:\baixar\TESTE\erp-crm-engenharia\node_modules\@next\swc-linux-x64-musl
99 silly reify mark deleted [
99 silly reify   'D:\\baixar\\TESTE\\erp-crm-engenharia\\node_modules\\@next\\swc-linux-x64-musl'
99 silly reify ]
100 verbose reify failed optional dependency D:\baixar\TESTE\erp-crm-engenharia\node_modules\@next\swc-linux-x64-gnu
101 silly reify mark deleted [
101 silly reify   'D:\\baixar\\TESTE\\erp-crm-engenharia\\node_modules\\@next\\swc-linux-x64-gnu'
101 silly reify ]
102 verbose reify failed optional dependency D:\baixar\TESTE\erp-crm-engenharia\node_modules\@next\swc-linux-arm64-musl
103 silly reify mark deleted [
103 silly reify   'D:\\baixar\\TESTE\\erp-crm-engenharia\\node_modules\\@next\\swc-linux-arm64-musl'
103 silly reify ]
104 verbose reify failed optional dependency D:\baixar\TESTE\erp-crm-engenharia\node_modules\@next\swc-linux-arm64-gnu
105 silly reify mark deleted [
105 silly reify   'D:\\baixar\\TESTE\\erp-crm-engenharia\\node_modules\\@next\\swc-linux-arm64-gnu'
105 silly reify ]
106 verbose reify failed optional dependency D:\baixar\TESTE\erp-crm-engenharia\node_modules\@next\swc-darwin-x64
107 silly reify mark deleted [
107 silly reify   'D:\\baixar\\TESTE\\erp-crm-engenharia\\node_modules\\@next\\swc-darwin-x64'
107 silly reify ]
108 verbose reify failed optional dependency D:\baixar\TESTE\erp-crm-engenharia\node_modules\@next\swc-darwin-arm64
109 silly reify mark deleted [
109 silly reify   'D:\\baixar\\TESTE\\erp-crm-engenharia\\node_modules\\@next\\swc-darwin-arm64'
109 silly reify ]
110 verbose reify failed optional dependency D:\baixar\TESTE\erp-crm-engenharia\node_modules\@img\sharp-win32-ia32
111 silly reify mark deleted [
111 silly reify   'D:\\baixar\\TESTE\\erp-crm-engenharia\\node_modules\\@img\\sharp-win32-ia32'
111 silly reify ]
112 verbose reify failed optional dependency D:\baixar\TESTE\erp-crm-engenharia\node_modules\@img\sharp-wasm32
113 silly reify mark deleted [
113 silly reify   'D:\\baixar\\TESTE\\erp-crm-engenharia\\node_modules\\@img\\sharp-wasm32'
113 silly reify ]
114 verbose reify failed optional dependency D:\baixar\TESTE\erp-crm-engenharia\node_modules\@img\sharp-linuxmusl-x64
115 silly reify mark deleted [
115 silly reify   'D:\\baixar\\TESTE\\erp-crm-engenharia\\node_modules\\@img\\sharp-linuxmusl-x64'
115 silly reify ]
116 verbose reify failed optional dependency D:\baixar\TESTE\erp-crm-engenharia\node_modules\@img\sharp-linuxmusl-arm64
117 silly reify mark deleted [
117 silly reify   'D:\\baixar\\TESTE\\erp-crm-engenharia\\node_modules\\@img\\sharp-linuxmusl-arm64'
117 silly reify ]
118 verbose reify failed optional dependency D:\baixar\TESTE\erp-crm-engenharia\node_modules\@img\sharp-linux-x64
119 silly reify mark deleted [
119 silly reify   'D:\\baixar\\TESTE\\erp-crm-engenharia\\node_modules\\@img\\sharp-linux-x64'
119 silly reify ]
120 verbose reify failed optional dependency D:\baixar\TESTE\erp-crm-engenharia\node_modules\@img\sharp-linux-s390x
121 silly reify mark deleted [
121 silly reify   'D:\\baixar\\TESTE\\erp-crm-engenharia\\node_modules\\@img\\sharp-linux-s390x'
121 silly reify ]
122 verbose reify failed optional dependency D:\baixar\TESTE\erp-crm-engenharia\node_modules\@img\sharp-linux-arm64
123 silly reify mark deleted [
123 silly reify   'D:\\baixar\\TESTE\\erp-crm-engenharia\\node_modules\\@img\\sharp-linux-arm64'
123 silly reify ]
124 verbose reify failed optional dependency D:\baixar\TESTE\erp-crm-engenharia\node_modules\@img\sharp-linux-arm
125 silly reify mark deleted [
125 silly reify   'D:\\baixar\\TESTE\\erp-crm-engenharia\\node_modules\\@img\\sharp-linux-arm'
125 silly reify ]
126 verbose reify failed optional dependency D:\baixar\TESTE\erp-crm-engenharia\node_modules\@img\sharp-libvips-linuxmusl-x64
127 silly reify mark deleted [
127 silly reify   'D:\\baixar\\TESTE\\erp-crm-engenharia\\node_modules\\@img\\sharp-libvips-linuxmusl-x64'
127 silly reify ]
128 verbose reify failed optional dependency D:\baixar\TESTE\erp-crm-engenharia\node_modules\@img\sharp-libvips-linuxmusl-arm64
129 silly reify mark deleted [
129 silly reify   'D:\\baixar\\TESTE\\erp-crm-engenharia\\node_modules\\@img\\sharp-libvips-linuxmusl-arm64'
129 silly reify ]
130 verbose reify failed optional dependency D:\baixar\TESTE\erp-crm-engenharia\node_modules\@img\sharp-libvips-linux-x64
131 silly reify mark deleted [
131 silly reify   'D:\\baixar\\TESTE\\erp-crm-engenharia\\node_modules\\@img\\sharp-libvips-linux-x64'
131 silly reify ]
132 verbose reify failed optional dependency D:\baixar\TESTE\erp-crm-engenharia\node_modules\@img\sharp-libvips-linux-s390x
133 silly reify mark deleted [
133 silly reify   'D:\\baixar\\TESTE\\erp-crm-engenharia\\node_modules\\@img\\sharp-libvips-linux-s390x'
133 silly reify ]
134 verbose reify failed optional dependency D:\baixar\TESTE\erp-crm-engenharia\node_modules\@img\sharp-libvips-linux-arm64
135 silly reify mark deleted [
135 silly reify   'D:\\baixar\\TESTE\\erp-crm-engenharia\\node_modules\\@img\\sharp-libvips-linux-arm64'
135 silly reify ]
136 verbose reify failed optional dependency D:\baixar\TESTE\erp-crm-engenharia\node_modules\@img\sharp-libvips-linux-arm
137 silly reify mark deleted [
137 silly reify   'D:\\baixar\\TESTE\\erp-crm-engenharia\\node_modules\\@img\\sharp-libvips-linux-arm'
137 silly reify ]
138 verbose reify failed optional dependency D:\baixar\TESTE\erp-crm-engenharia\node_modules\@img\sharp-libvips-darwin-x64
139 silly reify mark deleted [
139 silly reify   'D:\\baixar\\TESTE\\erp-crm-engenharia\\node_modules\\@img\\sharp-libvips-darwin-x64'
139 silly reify ]
140 verbose reify failed optional dependency D:\baixar\TESTE\erp-crm-engenharia\node_modules\@img\sharp-libvips-darwin-arm64
141 silly reify mark deleted [
141 silly reify   'D:\\baixar\\TESTE\\erp-crm-engenharia\\node_modules\\@img\\sharp-libvips-darwin-arm64'
141 silly reify ]
142 verbose reify failed optional dependency D:\baixar\TESTE\erp-crm-engenharia\node_modules\@img\sharp-darwin-x64
143 silly reify mark deleted [
143 silly reify   'D:\\baixar\\TESTE\\erp-crm-engenharia\\node_modules\\@img\\sharp-darwin-x64'
143 silly reify ]
144 verbose reify failed optional dependency D:\baixar\TESTE\erp-crm-engenharia\node_modules\@img\sharp-darwin-arm64
145 silly reify mark deleted [
145 silly reify   'D:\\baixar\\TESTE\\erp-crm-engenharia\\node_modules\\@img\\sharp-darwin-arm64'
145 silly reify ]
146 http cache wide-align@https://registry.npmjs.org/wide-align/-/wide-align-1.1.5.tgz 1ms (cache hit)
147 http cache net@https://registry.npmjs.org/net/-/net-1.0.2.tgz 0ms (cache hit)
148 http cache signal-exit@https://registry.npmjs.org/signal-exit/-/signal-exit-3.0.7.tgz 0ms (cache hit)
149 http cache simple-get@https://registry.npmjs.org/simple-get/-/simple-get-3.1.1.tgz 0ms (cache hit)
150 http cache tar@https://registry.npmjs.org/tar/-/tar-6.2.1.tgz 0ms (cache hit)
151 http cache path-is-absolute@https://registry.npmjs.org/path-is-absolute/-/path-is-absolute-1.0.1.tgz 0ms (cache hit)
152 http cache set-blocking@https://registry.npmjs.org/set-blocking/-/set-blocking-2.0.0.tgz 0ms (cache hit)
153 http cache nan@https://registry.npmjs.org/nan/-/nan-2.22.2.tgz 0ms (cache hit)
154 http cache rimraf@https://registry.npmjs.org/rimraf/-/rimraf-3.0.2.tgz 0ms (cache hit)
155 http cache npmlog@https://registry.npmjs.org/npmlog/-/npmlog-5.0.1.tgz 0ms (cache hit)
156 http cache mkdirp@https://registry.npmjs.org/mkdirp/-/mkdirp-1.0.4.tgz 0ms (cache hit)
157 http cache nopt@https://registry.npmjs.org/nopt/-/nopt-5.0.0.tgz 0ms (cache hit)
158 http cache minizlib@https://registry.npmjs.org/minizlib/-/minizlib-2.1.2.tgz 0ms (cache hit)
159 http cache mimic-response@https://registry.npmjs.org/mimic-response/-/mimic-response-2.1.0.tgz 0ms (cache hit)
160 http cache make-dir@https://registry.npmjs.org/make-dir/-/make-dir-3.1.0.tgz 0ms (cache hit)
161 http cache has-unicode@https://registry.npmjs.org/has-unicode/-/has-unicode-2.0.1.tgz 0ms (cache hit)
162 http cache inflight@https://registry.npmjs.org/inflight/-/inflight-1.0.6.tgz 1ms (cache hit)
163 http cache minipass@https://registry.npmjs.org/minipass/-/minipass-5.0.0.tgz 0ms (cache hit)
164 http cache glob@https://registry.npmjs.org/glob/-/glob-7.2.3.tgz 0ms (cache hit)
165 http cache gauge@https://registry.npmjs.org/gauge/-/gauge-3.0.2.tgz 0ms (cache hit)
166 http cache fs.realpath@https://registry.npmjs.org/fs.realpath/-/fs.realpath-1.0.0.tgz 0ms (cache hit)
167 http cache decompress-response@https://registry.npmjs.org/decompress-response/-/decompress-response-4.2.1.tgz 0ms (cache hit)
168 http cache fs-minipass@https://registry.npmjs.org/fs-minipass/-/fs-minipass-2.1.0.tgz 0ms (cache hit)
169 http cache console-control-strings@https://registry.npmjs.org/console-control-strings/-/console-control-strings-1.1.0.tgz 0ms (cache hit)
170 http cache chownr@https://registry.npmjs.org/chownr/-/chownr-2.0.0.tgz 0ms (cache hit)
171 http cache color-support@https://registry.npmjs.org/color-support/-/color-support-1.1.3.tgz 0ms (cache hit)
172 http cache delegates@https://registry.npmjs.org/delegates/-/delegates-1.0.0.tgz 0ms (cache hit)
173 http cache canvas@https://registry.npmjs.org/canvas/-/canvas-2.11.2.tgz 0ms (cache hit)
174 http cache are-we-there-yet@https://registry.npmjs.org/are-we-there-yet/-/are-we-there-yet-2.0.0.tgz 0ms (cache hit)
175 http cache aproba@https://registry.npmjs.org/aproba/-/aproba-2.0.0.tgz 0ms (cache hit)
176 http cache abbrev@https://registry.npmjs.org/abbrev/-/abbrev-1.1.1.tgz 0ms (cache hit)
177 http cache @tybys/wasm-util@https://registry.npmjs.org/@tybys/wasm-util/-/wasm-util-0.9.0.tgz 0ms (cache hit)
178 http cache @napi-rs/wasm-runtime@https://registry.npmjs.org/@napi-rs/wasm-runtime/-/wasm-runtime-0.2.8.tgz 0ms (cache hit)
179 http cache @emnapi/wasi-threads@https://registry.npmjs.org/@emnapi/wasi-threads/-/wasi-threads-1.0.1.tgz 0ms (cache hit)
180 http cache @mapbox/node-pre-gyp@https://registry.npmjs.org/@mapbox/node-pre-gyp/-/node-pre-gyp-1.0.11.tgz 0ms (cache hit)
181 http cache @emnapi/core@https://registry.npmjs.org/@emnapi/core/-/core-1.4.0.tgz 0ms (cache hit)
182 http cache minipass@https://registry.npmjs.org/minipass/-/minipass-3.3.6.tgz 0ms (cache hit)
183 http cache semver@https://registry.npmjs.org/semver/-/semver-6.3.1.tgz 0ms (cache hit)
184 http cache minipass@https://registry.npmjs.org/minipass/-/minipass-3.3.6.tgz 0ms (cache hit)
185 silly tarball no local data for net@https://registry.npmjs.org/net/-/net-1.0.2.tgz. Extracting by manifest.
186 warn deprecated inflight@1.0.6: This module is not supported, and leaks memory. Do not use it. Check out lru-cache if you want a good and tested way to coalesce async requests by a key value, which is much more comprehensive and powerful.
187 warn deprecated npmlog@5.0.1: This package is no longer supported.
188 http fetch POST 200 https://registry.npmjs.org/-/npm/v1/security/advisories/bulk 304ms
189 silly audit report {
189 silly audit report   'pdfjs-dist': [
189 silly audit report     {
189 silly audit report       id: 1101853,
189 silly audit report       url: 'https://github.com/advisories/GHSA-wgrm-67xf-hhpq',
189 silly audit report       title: 'PDF.js vulnerable to arbitrary JavaScript execution upon opening a malicious PDF',
189 silly audit report       severity: 'high',
189 silly audit report       vulnerable_versions: '<=4.1.392',
189 silly audit report       cwe: [],
189 silly audit report       cvss: [Object]
189 silly audit report     }
189 silly audit report   ]
189 silly audit report }
190 silly packumentCache corgi:https://registry.npmjs.org/pdfjs-dist cache-miss
191 warn deprecated rimraf@3.0.2: Rimraf versions prior to v4 are no longer supported
192 warn deprecated glob@7.2.3: Glob versions prior to v9 are no longer supported
193 warn deprecated are-we-there-yet@2.0.0: This package is no longer supported.
194 warn deprecated gauge@3.0.2: This package is no longer supported.
195 http fetch GET 200 https://registry.npmjs.org/net/-/net-1.0.2.tgz 404ms (cache miss)
196 http fetch GET 200 https://registry.npmjs.org/pdfjs-dist 217ms (cache updated)
197 silly packumentCache corgi:https://registry.npmjs.org/pdfjs-dist set size:undefined disposed:false
198 silly packumentCache corgi:https://registry.npmjs.org/@react-pdf-viewer%2fcore cache-miss
199 info run canvas@2.11.2 install node_modules/canvas node-pre-gyp install --fallback-to-build --update-binary
200 http fetch GET 200 https://registry.npmjs.org/@react-pdf-viewer%2fcore 248ms (cache updated)
201 silly packumentCache corgi:https://registry.npmjs.org/@react-pdf-viewer%2fcore set size:undefined disposed:false
202 silly packumentCache corgi:https://registry.npmjs.org/@react-pdf-viewer%2fattachment cache-miss
203 silly packumentCache corgi:https://registry.npmjs.org/@react-pdf-viewer%2fbookmark cache-miss
204 silly packumentCache corgi:https://registry.npmjs.org/@react-pdf-viewer%2fdefault-layout cache-miss
205 silly packumentCache corgi:https://registry.npmjs.org/@react-pdf-viewer%2ffull-screen cache-miss
206 silly packumentCache corgi:https://registry.npmjs.org/@react-pdf-viewer%2fget-file cache-miss
207 silly packumentCache corgi:https://registry.npmjs.org/@react-pdf-viewer%2fopen cache-miss
208 silly packumentCache corgi:https://registry.npmjs.org/@react-pdf-viewer%2fpage-navigation cache-miss
209 silly packumentCache corgi:https://registry.npmjs.org/@react-pdf-viewer%2fprint cache-miss
210 silly packumentCache corgi:https://registry.npmjs.org/@react-pdf-viewer%2fproperties cache-miss
211 silly packumentCache corgi:https://registry.npmjs.org/@react-pdf-viewer%2frotate cache-miss
212 silly packumentCache corgi:https://registry.npmjs.org/@react-pdf-viewer%2fscroll-mode cache-miss
213 silly packumentCache corgi:https://registry.npmjs.org/@react-pdf-viewer%2fsearch cache-miss
214 silly packumentCache corgi:https://registry.npmjs.org/@react-pdf-viewer%2fselection-mode cache-miss
215 silly packumentCache corgi:https://registry.npmjs.org/@react-pdf-viewer%2ftheme cache-miss
216 silly packumentCache corgi:https://registry.npmjs.org/@react-pdf-viewer%2fthumbnail cache-miss
217 silly packumentCache corgi:https://registry.npmjs.org/@react-pdf-viewer%2ftoolbar cache-miss
218 silly packumentCache corgi:https://registry.npmjs.org/@react-pdf-viewer%2fzoom cache-miss
219 http fetch GET 200 https://registry.npmjs.org/@react-pdf-viewer%2fget-file 302ms (cache updated)
220 silly packumentCache corgi:https://registry.npmjs.org/@react-pdf-viewer%2fget-file set size:undefined disposed:false
221 http fetch GET 200 https://registry.npmjs.org/@react-pdf-viewer%2fbookmark 350ms (cache updated)
222 silly packumentCache corgi:https://registry.npmjs.org/@react-pdf-viewer%2fbookmark set size:undefined disposed:false
223 http fetch GET 200 https://registry.npmjs.org/@react-pdf-viewer%2fprint 348ms (cache updated)
224 silly packumentCache corgi:https://registry.npmjs.org/@react-pdf-viewer%2fprint set size:undefined disposed:false
225 http fetch GET 200 https://registry.npmjs.org/@react-pdf-viewer%2fdefault-layout 352ms (cache updated)
226 silly packumentCache corgi:https://registry.npmjs.org/@react-pdf-viewer%2fdefault-layout set size:undefined disposed:false
227 http fetch GET 200 https://registry.npmjs.org/@react-pdf-viewer%2ffull-screen 366ms (cache updated)
228 silly packumentCache corgi:https://registry.npmjs.org/@react-pdf-viewer%2ffull-screen set size:undefined disposed:false
229 http fetch GET 200 https://registry.npmjs.org/@react-pdf-viewer%2fattachment 369ms (cache updated)
230 silly packumentCache corgi:https://registry.npmjs.org/@react-pdf-viewer%2fattachment set size:undefined disposed:false
231 http fetch GET 200 https://registry.npmjs.org/@react-pdf-viewer%2fopen 382ms (cache updated)
232 silly packumentCache corgi:https://registry.npmjs.org/@react-pdf-viewer%2fopen set size:undefined disposed:false
233 http fetch GET 200 https://registry.npmjs.org/@react-pdf-viewer%2fselection-mode 493ms (cache updated)
234 silly packumentCache corgi:https://registry.npmjs.org/@react-pdf-viewer%2fselection-mode set size:undefined disposed:false
235 http fetch GET 200 https://registry.npmjs.org/@react-pdf-viewer%2ftheme 510ms (cache updated)
236 silly packumentCache corgi:https://registry.npmjs.org/@react-pdf-viewer%2ftheme set size:undefined disposed:false
237 http fetch GET 200 https://registry.npmjs.org/@react-pdf-viewer%2fpage-navigation 520ms (cache updated)
238 silly packumentCache corgi:https://registry.npmjs.org/@react-pdf-viewer%2fpage-navigation set size:undefined disposed:false
239 http fetch GET 200 https://registry.npmjs.org/@react-pdf-viewer%2fproperties 520ms (cache updated)
240 silly packumentCache corgi:https://registry.npmjs.org/@react-pdf-viewer%2fproperties set size:undefined disposed:false
241 http fetch GET 200 https://registry.npmjs.org/@react-pdf-viewer%2fsearch 519ms (cache updated)
242 silly packumentCache corgi:https://registry.npmjs.org/@react-pdf-viewer%2fsearch set size:undefined disposed:false
243 http fetch GET 200 https://registry.npmjs.org/@react-pdf-viewer%2fscroll-mode 529ms (cache updated)
244 silly packumentCache corgi:https://registry.npmjs.org/@react-pdf-viewer%2fscroll-mode set size:undefined disposed:false
245 http fetch GET 200 https://registry.npmjs.org/@react-pdf-viewer%2frotate 536ms (cache updated)
246 silly packumentCache corgi:https://registry.npmjs.org/@react-pdf-viewer%2frotate set size:undefined disposed:false
247 http fetch GET 200 https://registry.npmjs.org/@react-pdf-viewer%2fthumbnail 534ms (cache updated)
248 silly packumentCache corgi:https://registry.npmjs.org/@react-pdf-viewer%2fthumbnail set size:undefined disposed:false
249 http fetch GET 200 https://registry.npmjs.org/@react-pdf-viewer%2ftoolbar 539ms (cache updated)
250 silly packumentCache corgi:https://registry.npmjs.org/@react-pdf-viewer%2ftoolbar set size:undefined disposed:false
251 http fetch GET 200 https://registry.npmjs.org/@react-pdf-viewer%2fzoom 559ms (cache updated)
252 silly packumentCache corgi:https://registry.npmjs.org/@react-pdf-viewer%2fzoom set size:undefined disposed:false
253 info run canvas@2.11.2 install { code: 1, signal: null }
254 verbose reify failed optional dependency D:\baixar\TESTE\erp-crm-engenharia\node_modules\canvas
255 silly reify mark deleted [ 'D:\\baixar\\TESTE\\erp-crm-engenharia\\node_modules\\canvas' ]
256 verbose reify failed optional dependency D:\baixar\TESTE\erp-crm-engenharia\node_modules\@mapbox\node-pre-gyp
257 silly reify mark deleted [
257 silly reify   'D:\\baixar\\TESTE\\erp-crm-engenharia\\node_modules\\@mapbox\\node-pre-gyp',
257 silly reify   'D:\\baixar\\TESTE\\erp-crm-engenharia\\node_modules\\.bin\\node-pre-gyp',
257 silly reify   'D:\\baixar\\TESTE\\erp-crm-engenharia\\node_modules\\.bin\\node-pre-gyp.cmd',
257 silly reify   'D:\\baixar\\TESTE\\erp-crm-engenharia\\node_modules\\.bin\\node-pre-gyp.ps1'
257 silly reify ]
258 verbose reify failed optional dependency D:\baixar\TESTE\erp-crm-engenharia\node_modules\nan
259 silly reify mark deleted [ 'D:\\baixar\\TESTE\\erp-crm-engenharia\\node_modules\\nan' ]
260 verbose reify failed optional dependency D:\baixar\TESTE\erp-crm-engenharia\node_modules\simple-get
261 silly reify mark deleted [ 'D:\\baixar\\TESTE\\erp-crm-engenharia\\node_modules\\simple-get' ]
262 verbose reify failed optional dependency D:\baixar\TESTE\erp-crm-engenharia\node_modules\make-dir
263 silly reify mark deleted [ 'D:\\baixar\\TESTE\\erp-crm-engenharia\\node_modules\\make-dir' ]
264 verbose reify failed optional dependency D:\baixar\TESTE\erp-crm-engenharia\node_modules\nopt
265 silly reify mark deleted [
265 silly reify   'D:\\baixar\\TESTE\\erp-crm-engenharia\\node_modules\\nopt',
265 silly reify   'D:\\baixar\\TESTE\\erp-crm-engenharia\\node_modules\\.bin\\nopt',
265 silly reify   'D:\\baixar\\TESTE\\erp-crm-engenharia\\node_modules\\.bin\\nopt.cmd',
265 silly reify   'D:\\baixar\\TESTE\\erp-crm-engenharia\\node_modules\\.bin\\nopt.ps1'
265 silly reify ]
266 verbose reify failed optional dependency D:\baixar\TESTE\erp-crm-engenharia\node_modules\npmlog
267 silly reify mark deleted [ 'D:\\baixar\\TESTE\\erp-crm-engenharia\\node_modules\\npmlog' ]
268 verbose reify failed optional dependency D:\baixar\TESTE\erp-crm-engenharia\node_modules\rimraf
269 silly reify mark deleted [
269 silly reify   'D:\\baixar\\TESTE\\erp-crm-engenharia\\node_modules\\rimraf',
269 silly reify   'D:\\baixar\\TESTE\\erp-crm-engenharia\\node_modules\\.bin\\rimraf',
269 silly reify   'D:\\baixar\\TESTE\\erp-crm-engenharia\\node_modules\\.bin\\rimraf.cmd',
269 silly reify   'D:\\baixar\\TESTE\\erp-crm-engenharia\\node_modules\\.bin\\rimraf.ps1'
269 silly reify ]
270 verbose reify failed optional dependency D:\baixar\TESTE\erp-crm-engenharia\node_modules\tar
271 silly reify mark deleted [ 'D:\\baixar\\TESTE\\erp-crm-engenharia\\node_modules\\tar' ]
272 verbose reify failed optional dependency D:\baixar\TESTE\erp-crm-engenharia\node_modules\decompress-response
273 silly reify mark deleted [
273 silly reify   'D:\\baixar\\TESTE\\erp-crm-engenharia\\node_modules\\decompress-response'
273 silly reify ]
274 verbose reify failed optional dependency D:\baixar\TESTE\erp-crm-engenharia\node_modules\make-dir\node_modules\semver
275 silly reify mark deleted [
275 silly reify   'D:\\baixar\\TESTE\\erp-crm-engenharia\\node_modules\\make-dir\\node_modules\\semver',
275 silly reify   'D:\\baixar\\TESTE\\erp-crm-engenharia\\node_modules\\make-dir\\node_modules\\.bin\\semver',
275 silly reify   'D:\\baixar\\TESTE\\erp-crm-engenharia\\node_modules\\make-dir\\node_modules\\.bin\\semver.cmd',
275 silly reify   'D:\\baixar\\TESTE\\erp-crm-engenharia\\node_modules\\make-dir\\node_modules\\.bin\\semver.ps1'
275 silly reify ]
276 verbose reify failed optional dependency D:\baixar\TESTE\erp-crm-engenharia\node_modules\abbrev
277 silly reify mark deleted [ 'D:\\baixar\\TESTE\\erp-crm-engenharia\\node_modules\\abbrev' ]
278 verbose reify failed optional dependency D:\baixar\TESTE\erp-crm-engenharia\node_modules\are-we-there-yet
279 silly reify mark deleted [
279 silly reify   'D:\\baixar\\TESTE\\erp-crm-engenharia\\node_modules\\are-we-there-yet'
279 silly reify ]
280 verbose reify failed optional dependency D:\baixar\TESTE\erp-crm-engenharia\node_modules\console-control-strings
281 silly reify mark deleted [
281 silly reify   'D:\\baixar\\TESTE\\erp-crm-engenharia\\node_modules\\console-control-strings'
281 silly reify ]
282 verbose reify failed optional dependency D:\baixar\TESTE\erp-crm-engenharia\node_modules\gauge
283 silly reify mark deleted [ 'D:\\baixar\\TESTE\\erp-crm-engenharia\\node_modules\\gauge' ]
284 verbose reify failed optional dependency D:\baixar\TESTE\erp-crm-engenharia\node_modules\set-blocking
285 silly reify mark deleted [ 'D:\\baixar\\TESTE\\erp-crm-engenharia\\node_modules\\set-blocking' ]
286 verbose reify failed optional dependency D:\baixar\TESTE\erp-crm-engenharia\node_modules\glob
287 silly reify mark deleted [ 'D:\\baixar\\TESTE\\erp-crm-engenharia\\node_modules\\glob' ]
288 verbose reify failed optional dependency D:\baixar\TESTE\erp-crm-engenharia\node_modules\chownr
289 silly reify mark deleted [ 'D:\\baixar\\TESTE\\erp-crm-engenharia\\node_modules\\chownr' ]
290 verbose reify failed optional dependency D:\baixar\TESTE\erp-crm-engenharia\node_modules\fs-minipass
291 silly reify mark deleted [ 'D:\\baixar\\TESTE\\erp-crm-engenharia\\node_modules\\fs-minipass' ]
292 verbose reify failed optional dependency D:\baixar\TESTE\erp-crm-engenharia\node_modules\minipass
293 silly reify mark deleted [ 'D:\\baixar\\TESTE\\erp-crm-engenharia\\node_modules\\minipass' ]
294 verbose reify failed optional dependency D:\baixar\TESTE\erp-crm-engenharia\node_modules\minizlib
295 silly reify mark deleted [ 'D:\\baixar\\TESTE\\erp-crm-engenharia\\node_modules\\minizlib' ]
296 verbose reify failed optional dependency D:\baixar\TESTE\erp-crm-engenharia\node_modules\mkdirp
297 silly reify mark deleted [
297 silly reify   'D:\\baixar\\TESTE\\erp-crm-engenharia\\node_modules\\mkdirp',
297 silly reify   'D:\\baixar\\TESTE\\erp-crm-engenharia\\node_modules\\.bin\\mkdirp',
297 silly reify   'D:\\baixar\\TESTE\\erp-crm-engenharia\\node_modules\\.bin\\mkdirp.cmd',
297 silly reify   'D:\\baixar\\TESTE\\erp-crm-engenharia\\node_modules\\.bin\\mkdirp.ps1'
297 silly reify ]
298 verbose reify failed optional dependency D:\baixar\TESTE\erp-crm-engenharia\node_modules\mimic-response
299 silly reify mark deleted [
299 silly reify   'D:\\baixar\\TESTE\\erp-crm-engenharia\\node_modules\\mimic-response'
299 silly reify ]
300 verbose reify failed optional dependency D:\baixar\TESTE\erp-crm-engenharia\node_modules\delegates
301 silly reify mark deleted [ 'D:\\baixar\\TESTE\\erp-crm-engenharia\\node_modules\\delegates' ]
302 verbose reify failed optional dependency D:\baixar\TESTE\erp-crm-engenharia\node_modules\aproba
303 silly reify mark deleted [ 'D:\\baixar\\TESTE\\erp-crm-engenharia\\node_modules\\aproba' ]
304 verbose reify failed optional dependency D:\baixar\TESTE\erp-crm-engenharia\node_modules\color-support
305 silly reify mark deleted [
305 silly reify   'D:\\baixar\\TESTE\\erp-crm-engenharia\\node_modules\\color-support',
305 silly reify   'D:\\baixar\\TESTE\\erp-crm-engenharia\\node_modules\\.bin\\color-support',
305 silly reify   'D:\\baixar\\TESTE\\erp-crm-engenharia\\node_modules\\.bin\\color-support.cmd',
305 silly reify   'D:\\baixar\\TESTE\\erp-crm-engenharia\\node_modules\\.bin\\color-support.ps1'
305 silly reify ]
306 verbose reify failed optional dependency D:\baixar\TESTE\erp-crm-engenharia\node_modules\has-unicode
307 silly reify mark deleted [ 'D:\\baixar\\TESTE\\erp-crm-engenharia\\node_modules\\has-unicode' ]
308 verbose reify failed optional dependency D:\baixar\TESTE\erp-crm-engenharia\node_modules\signal-exit
309 silly reify mark deleted [ 'D:\\baixar\\TESTE\\erp-crm-engenharia\\node_modules\\signal-exit' ]
310 verbose reify failed optional dependency D:\baixar\TESTE\erp-crm-engenharia\node_modules\wide-align
311 silly reify mark deleted [ 'D:\\baixar\\TESTE\\erp-crm-engenharia\\node_modules\\wide-align' ]
312 verbose reify failed optional dependency D:\baixar\TESTE\erp-crm-engenharia\node_modules\fs.realpath
313 silly reify mark deleted [ 'D:\\baixar\\TESTE\\erp-crm-engenharia\\node_modules\\fs.realpath' ]
314 verbose reify failed optional dependency D:\baixar\TESTE\erp-crm-engenharia\node_modules\inflight
315 silly reify mark deleted [ 'D:\\baixar\\TESTE\\erp-crm-engenharia\\node_modules\\inflight' ]
316 verbose reify failed optional dependency D:\baixar\TESTE\erp-crm-engenharia\node_modules\path-is-absolute
317 silly reify mark deleted [
317 silly reify   'D:\\baixar\\TESTE\\erp-crm-engenharia\\node_modules\\path-is-absolute'
317 silly reify ]
318 verbose reify failed optional dependency D:\baixar\TESTE\erp-crm-engenharia\node_modules\fs-minipass\node_modules\minipass
319 silly reify mark deleted [
319 silly reify   'D:\\baixar\\TESTE\\erp-crm-engenharia\\node_modules\\fs-minipass\\node_modules\\minipass'
319 silly reify ]
320 verbose reify failed optional dependency D:\baixar\TESTE\erp-crm-engenharia\node_modules\minizlib\node_modules\minipass
321 silly reify mark deleted [
321 silly reify   'D:\\baixar\\TESTE\\erp-crm-engenharia\\node_modules\\minizlib\\node_modules\\minipass'
321 silly reify ]
322 silly ADD node_modules/net
323 silly ADD
324 silly ADD
325 silly ADD
326 silly ADD
327 silly ADD
328 silly ADD
329 silly ADD
330 silly ADD
331 silly ADD
332 silly ADD
333 silly ADD
334 silly ADD
335 silly ADD node_modules/minipass
336 silly ADD
337 silly ADD
338 silly ADD
339 silly ADD node_modules/semver
340 silly ADD
341 silly ADD
342 silly ADD
343 silly ADD
344 silly ADD
345 silly ADD
346 silly ADD
347 silly ADD
348 silly ADD
349 silly ADD
350 silly ADD
351 silly ADD
352 silly ADD
353 silly ADD
354 silly ADD
355 silly ADD node_modules/minipass
356 silly ADD
357 silly ADD
358 silly ADD
359 silly ADD
360 silly ADD
361 silly ADD
362 silly ADD
363 silly ADD
364 silly ADD
365 silly ADD
366 silly ADD
367 silly ADD
368 silly ADD
369 silly ADD
370 silly ADD
371 silly ADD
372 silly ADD
373 silly ADD
374 silly ADD
375 silly ADD
376 silly ADD
377 silly ADD
378 silly ADD
379 silly ADD
380 silly ADD
381 silly ADD
382 silly ADD
383 silly ADD
384 silly ADD
385 silly ADD
386 silly ADD
387 silly ADD
388 silly ADD
389 silly ADD
390 silly ADD
391 silly ADD
392 silly ADD
393 silly ADD
394 silly ADD
395 silly ADD
396 silly ADD
397 silly ADD
398 silly ADD
399 silly ADD
400 silly ADD
401 silly ADD
402 silly ADD
403 silly ADD
404 silly ADD
405 silly ADD
406 silly ADD
407 silly ADD
408 silly ADD
409 silly ADD
410 silly ADD
411 silly ADD
412 silly ADD
413 silly ADD
414 silly ADD
415 silly ADD
416 silly ADD
417 silly ADD
418 silly ADD
419 verbose cwd D:\baixar\TESTE\erp-crm-engenharia
420 verbose os Windows_NT 10.0.22631
421 verbose node v22.11.0
422 verbose npm  v11.1.0
423 verbose exit 0
424 info ok
