0 verbose cli C:\Program Files\nodejs\node.exe C:\Users\kawhe\AppData\Roaming\npm\node_modules\npm\bin\npm-cli.js
1 info using npm@11.1.0
2 info using node@v22.11.0
3 silly config load:file:C:\Users\kawhe\AppData\Roaming\npm\node_modules\npm\npmrc
4 silly config load:file:D:\baixar\TESTE\erp-crm-engenharia\.npmrc
5 silly config load:file:C:\Users\kawhe\.npmrc
6 silly config load:file:C:\Users\kawhe\AppData\Roaming\npm\etc\npmrc
7 verbose title npm i react-select
8 verbose argv "i" "--save" "react-select"
9 verbose logfile logs-max:10 dir:D:\baixar\TESTE\erp-crm-engenharia\clean\_logs\2025-04-08T21_43_54_969Z-
10 verbose logfile D:\baixar\TESTE\erp-crm-engenharia\clean\_logs\2025-04-08T21_43_54_969Z-debug-0.log
11 silly logfile done cleaning log files
12 silly packumentCache heap:4345298944 maxSize:1086324736 maxEntrySize:543162368
13 silly idealTree buildDeps
14 silly fetch manifest react-select@*
15 silly packumentCache full:https://registry.npmjs.org/react-select cache-miss
16 http fetch GET 200 https://registry.npmjs.org/react-select 391ms (cache miss)
17 silly packumentCache full:https://registry.npmjs.org/react-select set size:undefined disposed:false
18 silly fetch manifest react@^19.0.0
19 silly packumentCache full:https://registry.npmjs.org/react cache-miss
20 http fetch GET 200 https://registry.npmjs.org/react 369ms (cache updated)
21 silly packumentCache full:https://registry.npmjs.org/react set size:undefined disposed:false
22 silly fetch manifest react-dom@^19.0.0
23 silly packumentCache full:https://registry.npmjs.org/react-dom cache-miss
24 http fetch GET 200 https://registry.npmjs.org/react-dom 265ms (cache updated)
25 silly packumentCache full:https://registry.npmjs.org/react-dom set size:undefined disposed:false
26 silly placeDep ROOT react-select@5.10.1 OK for: erp-crm-engenharia@0.1.0 want: *
27 silly fetch manifest @babel/runtime@^7.12.0
28 silly packumentCache full:https://registry.npmjs.org/@babel%2fruntime cache-miss
29 silly fetch manifest @emotion/cache@^11.4.0
30 silly packumentCache full:https://registry.npmjs.org/@emotion%2fcache cache-miss
31 silly fetch manifest @emotion/react@^11.8.1
32 silly packumentCache full:https://registry.npmjs.org/@emotion%2freact cache-miss
33 silly fetch manifest @floating-ui/dom@^1.0.1
34 silly packumentCache full:https://registry.npmjs.org/@floating-ui%2fdom cache-miss
35 silly fetch manifest @types/react-transition-group@^4.4.0
36 silly packumentCache full:https://registry.npmjs.org/@types%2freact-transition-group cache-miss
37 silly fetch manifest memoize-one@^6.0.0
38 silly packumentCache full:https://registry.npmjs.org/memoize-one cache-miss
39 silly fetch manifest react-transition-group@^4.3.0
40 silly packumentCache full:https://registry.npmjs.org/react-transition-group cache-miss
41 http fetch GET 200 https://registry.npmjs.org/@babel%2fruntime 210ms (cache miss)
42 silly packumentCache full:https://registry.npmjs.org/@babel%2fruntime set size:undefined disposed:false
43 silly fetch manifest use-isomorphic-layout-effect@^1.2.0
44 silly packumentCache full:https://registry.npmjs.org/use-isomorphic-layout-effect cache-miss
45 http fetch GET 200 https://registry.npmjs.org/@types%2freact-transition-group 259ms (cache miss)
46 silly packumentCache full:https://registry.npmjs.org/@types%2freact-transition-group set size:undefined disposed:false
47 http fetch GET 200 https://registry.npmjs.org/@floating-ui%2fdom 291ms (cache miss)
48 silly packumentCache full:https://registry.npmjs.org/@floating-ui%2fdom set size:undefined disposed:false
49 http fetch GET 200 https://registry.npmjs.org/memoize-one 300ms (cache miss)
50 silly packumentCache full:https://registry.npmjs.org/memoize-one set size:undefined disposed:false
51 http fetch GET 200 https://registry.npmjs.org/react-transition-group 302ms (cache miss)
52 silly packumentCache full:https://registry.npmjs.org/react-transition-group set size:undefined disposed:false
53 http fetch GET 200 https://registry.npmjs.org/use-isomorphic-layout-effect 83ms (cache miss)
54 silly packumentCache full:https://registry.npmjs.org/use-isomorphic-layout-effect set size:undefined disposed:false
55 http fetch GET 200 https://registry.npmjs.org/@emotion%2fcache 314ms (cache miss)
56 silly packumentCache full:https://registry.npmjs.org/@emotion%2fcache set size:undefined disposed:false
57 http fetch GET 200 https://registry.npmjs.org/@emotion%2freact 433ms (cache miss)
58 silly packumentCache full:https://registry.npmjs.org/@emotion%2freact set size:undefined disposed:false
59 silly fetch manifest react@^16.8.0 || ^17.0.0 || ^18.0.0 || ^19.0.0
60 silly packumentCache full:https://registry.npmjs.org/react cache-miss
61 http cache https://registry.npmjs.org/react 49ms (cache hit)
62 silly packumentCache full:https://registry.npmjs.org/react set size:5586408 disposed:false
63 silly fetch manifest @types/react@*
64 silly packumentCache full:https://registry.npmjs.org/@types%2freact cache-miss
65 http fetch GET 200 https://registry.npmjs.org/@types%2freact 197ms (cache updated)
66 silly packumentCache full:https://registry.npmjs.org/@types%2freact set size:undefined disposed:false
67 silly fetch manifest react-dom@^16.8.0 || ^17.0.0 || ^18.0.0 || ^19.0.0
68 silly packumentCache full:https://registry.npmjs.org/react-dom cache-miss
69 http cache https://registry.npmjs.org/react-dom 71ms (cache hit)
70 silly packumentCache full:https://registry.npmjs.org/react-dom set size:7046412 disposed:false
71 silly placeDep ROOT @babel/runtime@7.27.0 OK for: react-select@5.10.1 want: ^7.12.0
72 silly placeDep ROOT @emotion/cache@11.14.0 OK for: react-select@5.10.1 want: ^11.4.0
73 silly placeDep ROOT @emotion/react@11.14.0 OK for: react-select@5.10.1 want: ^11.8.1
74 silly placeDep ROOT @floating-ui/dom@1.6.13 OK for: react-select@5.10.1 want: ^1.0.1
75 silly placeDep ROOT @types/react-transition-group@4.4.12 OK for: react-select@5.10.1 want: ^4.4.0
76 silly placeDep ROOT @types/react@19.1.0 OK for: @types/react-transition-group@4.4.12 want: *
77 silly placeDep ROOT memoize-one@6.0.0 OK for: react-select@5.10.1 want: ^6.0.0
78 silly placeDep ROOT react-transition-group@4.4.5 OK for: react-select@5.10.1 want: ^4.3.0
79 silly placeDep ROOT use-isomorphic-layout-effect@1.2.0 OK for: react-select@5.10.1 want: ^1.2.0
80 silly fetch manifest regenerator-runtime@^0.14.0
81 silly packumentCache full:https://registry.npmjs.org/regenerator-runtime cache-miss
82 silly fetch manifest @emotion/memoize@^0.9.0
83 silly packumentCache full:https://registry.npmjs.org/@emotion%2fmemoize cache-miss
84 silly fetch manifest @emotion/sheet@^1.4.0
85 silly packumentCache full:https://registry.npmjs.org/@emotion%2fsheet cache-miss
86 silly fetch manifest @emotion/utils@^1.4.2
87 silly packumentCache full:https://registry.npmjs.org/@emotion%2futils cache-miss
88 silly fetch manifest @emotion/weak-memoize@^0.4.0
89 silly packumentCache full:https://registry.npmjs.org/@emotion%2fweak-memoize cache-miss
90 silly fetch manifest stylis@4.2.0
91 silly packumentCache full:https://registry.npmjs.org/stylis cache-miss
92 silly fetch manifest @emotion/babel-plugin@^11.13.5
93 silly packumentCache full:https://registry.npmjs.org/@emotion%2fbabel-plugin cache-miss
94 http fetch GET 200 https://registry.npmjs.org/regenerator-runtime 82ms (cache miss)
95 silly packumentCache full:https://registry.npmjs.org/regenerator-runtime set size:undefined disposed:false
96 silly fetch manifest @emotion/serialize@^1.3.3
97 silly packumentCache full:https://registry.npmjs.org/@emotion%2fserialize cache-miss
98 http fetch GET 200 https://registry.npmjs.org/stylis 83ms (cache miss)
99 silly packumentCache full:https://registry.npmjs.org/stylis set size:undefined disposed:false
100 silly fetch manifest @emotion/use-insertion-effect-with-fallbacks@^1.2.0
101 silly packumentCache full:https://registry.npmjs.org/@emotion%2fuse-insertion-effect-with-fallbacks cache-miss
102 http fetch GET 200 https://registry.npmjs.org/@emotion%2fweak-memoize 97ms (cache miss)
103 silly packumentCache full:https://registry.npmjs.org/@emotion%2fweak-memoize set size:undefined disposed:false
104 silly fetch manifest @emotion/utils@^1.4.2
105 silly packumentCache full:https://registry.npmjs.org/@emotion%2futils cache-miss
106 http fetch GET 200 https://registry.npmjs.org/@emotion%2fbabel-plugin 102ms (cache miss)
107 silly packumentCache full:https://registry.npmjs.org/@emotion%2fbabel-plugin set size:undefined disposed:false
108 silly fetch manifest hoist-non-react-statics@^3.3.1
109 silly packumentCache full:https://registry.npmjs.org/hoist-non-react-statics cache-miss
110 http fetch GET 200 https://registry.npmjs.org/@emotion%2fmemoize 106ms (cache miss)
111 silly packumentCache full:https://registry.npmjs.org/@emotion%2fmemoize set size:undefined disposed:false
112 silly fetch manifest @floating-ui/core@^1.6.0
113 silly packumentCache full:https://registry.npmjs.org/@floating-ui%2fcore cache-miss
114 http fetch GET 200 https://registry.npmjs.org/@emotion%2futils 110ms (cache miss)
115 silly packumentCache full:https://registry.npmjs.org/@emotion%2futils set size:undefined disposed:false
116 silly fetch manifest @floating-ui/utils@^0.2.9
117 silly packumentCache full:https://registry.npmjs.org/@floating-ui%2futils cache-miss
118 http fetch GET 200 https://registry.npmjs.org/@emotion%2fsheet 114ms (cache miss)
119 silly packumentCache full:https://registry.npmjs.org/@emotion%2fsheet set size:undefined disposed:false
120 silly fetch manifest csstype@^3.0.2
121 silly packumentCache full:https://registry.npmjs.org/csstype cache-miss
122 http fetch GET 200 https://registry.npmjs.org/hoist-non-react-statics 137ms (cache miss)
123 silly packumentCache full:https://registry.npmjs.org/hoist-non-react-statics set size:undefined disposed:false
124 silly fetch manifest dom-helpers@^5.0.1
125 silly packumentCache full:https://registry.npmjs.org/dom-helpers cache-miss
126 http fetch GET 200 https://registry.npmjs.org/@emotion%2futils 160ms (cache miss)
127 silly packumentCache full:https://registry.npmjs.org/@emotion%2futils set size:undefined disposed:false
128 http fetch GET 200 https://registry.npmjs.org/@floating-ui%2futils 154ms (cache miss)
129 silly packumentCache full:https://registry.npmjs.org/@floating-ui%2futils set size:undefined disposed:false
130 http fetch GET 200 https://registry.npmjs.org/@floating-ui%2fcore 162ms (cache miss)
131 silly packumentCache full:https://registry.npmjs.org/@floating-ui%2fcore set size:undefined disposed:false
132 http fetch GET 200 https://registry.npmjs.org/@emotion%2fserialize 190ms (cache miss)
133 silly packumentCache full:https://registry.npmjs.org/@emotion%2fserialize set size:undefined disposed:false
134 http fetch GET 200 https://registry.npmjs.org/csstype 161ms (cache miss)
135 silly packumentCache full:https://registry.npmjs.org/csstype set size:undefined disposed:false
136 http fetch GET 200 https://registry.npmjs.org/@emotion%2fuse-insertion-effect-with-fallbacks 226ms (cache miss)
137 silly packumentCache full:https://registry.npmjs.org/@emotion%2fuse-insertion-effect-with-fallbacks set size:undefined disposed:false
138 http fetch GET 200 https://registry.npmjs.org/dom-helpers 91ms (cache miss)
139 silly packumentCache full:https://registry.npmjs.org/dom-helpers set size:undefined disposed:false
140 silly placeDep ROOT regenerator-runtime@0.14.1 OK for: @babel/runtime@7.27.0 want: ^0.14.0
141 silly placeDep ROOT @emotion/memoize@0.9.0 OK for: @emotion/cache@11.14.0 want: ^0.9.0
142 silly placeDep ROOT @emotion/sheet@1.4.0 OK for: @emotion/cache@11.14.0 want: ^1.4.0
143 silly placeDep ROOT @emotion/utils@1.4.2 OK for: @emotion/cache@11.14.0 want: ^1.4.2
144 silly placeDep ROOT @emotion/weak-memoize@0.4.0 OK for: @emotion/cache@11.14.0 want: ^0.4.0
145 silly placeDep ROOT stylis@4.2.0 OK for: @emotion/cache@11.14.0 want: 4.2.0
146 silly fetch manifest react@>=16.8.0
147 silly packumentCache full:https://registry.npmjs.org/react cache-miss
148 http cache https://registry.npmjs.org/react 33ms (cache hit)
149 silly packumentCache full:https://registry.npmjs.org/react set size:5586408 disposed:false
150 silly placeDep ROOT @emotion/babel-plugin@11.13.5 OK for: @emotion/react@11.14.0 want: ^11.13.5
151 silly placeDep ROOT @emotion/serialize@1.3.3 OK for: @emotion/react@11.14.0 want: ^1.3.3
152 silly placeDep ROOT @emotion/use-insertion-effect-with-fallbacks@1.2.0 OK for: @emotion/react@11.14.0 want: ^1.2.0
153 silly placeDep ROOT hoist-non-react-statics@3.3.2 OK for: @emotion/react@11.14.0 want: ^3.3.1
154 silly fetch manifest @babel/helper-module-imports@^7.16.7
155 silly packumentCache full:https://registry.npmjs.org/@babel%2fhelper-module-imports cache-miss
156 silly fetch manifest @emotion/hash@^0.9.2
157 silly packumentCache full:https://registry.npmjs.org/@emotion%2fhash cache-miss
158 silly fetch manifest babel-plugin-macros@^3.1.0
159 silly packumentCache full:https://registry.npmjs.org/babel-plugin-macros cache-miss
160 silly fetch manifest convert-source-map@^1.5.0
161 silly packumentCache full:https://registry.npmjs.org/convert-source-map cache-miss
162 silly fetch manifest find-root@^1.1.0
163 silly packumentCache full:https://registry.npmjs.org/find-root cache-miss
164 silly fetch manifest source-map@^0.5.7
165 silly packumentCache full:https://registry.npmjs.org/source-map cache-miss
166 silly fetch manifest @emotion/hash@^0.9.2
167 silly packumentCache full:https://registry.npmjs.org/@emotion%2fhash cache-miss
168 http fetch GET 200 https://registry.npmjs.org/source-map 92ms (cache miss)
169 silly packumentCache full:https://registry.npmjs.org/source-map set size:undefined disposed:false
170 silly fetch manifest @emotion/unitless@^0.10.0
171 silly packumentCache full:https://registry.npmjs.org/@emotion%2funitless cache-miss
172 http fetch GET 200 https://registry.npmjs.org/find-root 133ms (cache miss)
173 silly packumentCache full:https://registry.npmjs.org/find-root set size:undefined disposed:false
174 http fetch GET 200 https://registry.npmjs.org/@emotion%2fhash 133ms (cache miss)
175 silly packumentCache full:https://registry.npmjs.org/@emotion%2fhash set size:undefined disposed:false
176 http fetch GET 200 https://registry.npmjs.org/babel-plugin-macros 139ms (cache miss)
177 silly packumentCache full:https://registry.npmjs.org/babel-plugin-macros set size:undefined disposed:false
178 http fetch GET 200 https://registry.npmjs.org/@babel%2fhelper-module-imports 145ms (cache miss)
179 silly packumentCache full:https://registry.npmjs.org/@babel%2fhelper-module-imports set size:undefined disposed:false
180 http fetch GET 200 https://registry.npmjs.org/convert-source-map 146ms (cache miss)
181 silly packumentCache full:https://registry.npmjs.org/convert-source-map set size:undefined disposed:false
182 http fetch GET 200 https://registry.npmjs.org/@emotion%2fhash 175ms (cache miss)
183 silly packumentCache full:https://registry.npmjs.org/@emotion%2fhash set size:undefined disposed:false
184 http fetch GET 200 https://registry.npmjs.org/@emotion%2funitless 98ms (cache miss)
185 silly packumentCache full:https://registry.npmjs.org/@emotion%2funitless set size:undefined disposed:false
186 silly placeDep ROOT @babel/helper-module-imports@7.25.9 OK for: @emotion/babel-plugin@11.13.5 want: ^7.16.7
187 silly placeDep ROOT @emotion/hash@0.9.2 OK for: @emotion/babel-plugin@11.13.5 want: ^0.9.2
188 silly placeDep ROOT babel-plugin-macros@3.1.0 OK for: @emotion/babel-plugin@11.13.5 want: ^3.1.0
189 silly placeDep ROOT convert-source-map@1.9.0 OK for: @emotion/babel-plugin@11.13.5 want: ^1.5.0
190 silly placeDep ROOT find-root@1.1.0 OK for: @emotion/babel-plugin@11.13.5 want: ^1.1.0
191 silly placeDep ROOT source-map@0.5.7 OK for: @emotion/babel-plugin@11.13.5 want: ^0.5.7
192 silly fetch manifest @babel/types@^7.25.9
193 silly packumentCache full:https://registry.npmjs.org/@babel%2ftypes cache-miss
194 silly fetch manifest @babel/traverse@^7.25.9
195 silly packumentCache full:https://registry.npmjs.org/@babel%2ftraverse cache-miss
196 silly fetch manifest cosmiconfig@^7.0.0
197 silly packumentCache full:https://registry.npmjs.org/cosmiconfig cache-miss
198 http fetch GET 200 https://registry.npmjs.org/cosmiconfig 80ms (cache miss)
199 silly packumentCache full:https://registry.npmjs.org/cosmiconfig set size:undefined disposed:false
200 http fetch GET 200 https://registry.npmjs.org/@babel%2ftypes 108ms (cache miss)
201 silly packumentCache full:https://registry.npmjs.org/@babel%2ftypes set size:undefined disposed:false
202 http fetch GET 200 https://registry.npmjs.org/@babel%2ftraverse 125ms (cache miss)
203 silly packumentCache full:https://registry.npmjs.org/@babel%2ftraverse set size:undefined disposed:false
204 silly placeDep ROOT @babel/traverse@7.27.0 OK for: @babel/helper-module-imports@7.25.9 want: ^7.25.9
205 silly placeDep ROOT @babel/types@7.27.0 OK for: @babel/helper-module-imports@7.25.9 want: ^7.25.9
206 silly fetch manifest @babel/code-frame@^7.26.2
207 silly packumentCache full:https://registry.npmjs.org/@babel%2fcode-frame cache-miss
208 silly fetch manifest @babel/generator@^7.27.0
209 silly packumentCache full:https://registry.npmjs.org/@babel%2fgenerator cache-miss
210 silly fetch manifest @babel/parser@^7.27.0
211 silly packumentCache full:https://registry.npmjs.org/@babel%2fparser cache-miss
212 silly fetch manifest @babel/template@^7.27.0
213 silly packumentCache full:https://registry.npmjs.org/@babel%2ftemplate cache-miss
214 silly fetch manifest @babel/types@^7.27.0
215 silly packumentCache full:https://registry.npmjs.org/@babel%2ftypes cache-miss
216 silly fetch manifest globals@^11.1.0
217 silly packumentCache full:https://registry.npmjs.org/globals cache-miss
218 silly fetch manifest @babel/helper-string-parser@^7.25.9
219 silly packumentCache full:https://registry.npmjs.org/@babel%2fhelper-string-parser cache-miss
220 http cache https://registry.npmjs.org/@babel%2ftypes 23ms (cache hit)
221 silly packumentCache full:https://registry.npmjs.org/@babel%2ftypes set size:450606 disposed:false
222 silly fetch manifest @babel/helper-validator-identifier@^7.25.9
223 silly packumentCache full:https://registry.npmjs.org/@babel%2fhelper-validator-identifier cache-miss
224 http fetch GET 200 https://registry.npmjs.org/@babel%2fhelper-string-parser 96ms (cache miss)
225 silly packumentCache full:https://registry.npmjs.org/@babel%2fhelper-string-parser set size:undefined disposed:false
226 http fetch GET 200 https://registry.npmjs.org/@babel%2fcode-frame 106ms (cache miss)
227 silly packumentCache full:https://registry.npmjs.org/@babel%2fcode-frame set size:undefined disposed:false
228 http fetch GET 200 https://registry.npmjs.org/globals 112ms (cache miss)
229 silly packumentCache full:https://registry.npmjs.org/globals set size:undefined disposed:false
230 http fetch GET 200 https://registry.npmjs.org/@babel%2fgenerator 136ms (cache miss)
231 silly packumentCache full:https://registry.npmjs.org/@babel%2fgenerator set size:undefined disposed:false
232 http fetch GET 200 https://registry.npmjs.org/@babel%2ftemplate 140ms (cache miss)
233 silly packumentCache full:https://registry.npmjs.org/@babel%2ftemplate set size:undefined disposed:false
234 http fetch GET 200 https://registry.npmjs.org/@babel%2fhelper-validator-identifier 114ms (cache miss)
235 silly packumentCache full:https://registry.npmjs.org/@babel%2fhelper-validator-identifier set size:undefined disposed:false
236 http fetch GET 200 https://registry.npmjs.org/@babel%2fparser 155ms (cache miss)
237 silly packumentCache full:https://registry.npmjs.org/@babel%2fparser set size:undefined disposed:false
238 silly placeDep ROOT @babel/code-frame@7.26.2 OK for: @babel/traverse@7.27.0 want: ^7.26.2
239 silly placeDep ROOT @babel/generator@7.27.0 OK for: @babel/traverse@7.27.0 want: ^7.27.0
240 silly placeDep ROOT @babel/parser@7.27.0 OK for: @babel/traverse@7.27.0 want: ^7.27.0
241 silly placeDep ROOT @babel/template@7.27.0 OK for: @babel/traverse@7.27.0 want: ^7.27.0
242 silly placeDep node_modules/@babel/traverse globals@11.12.0 OK for: @babel/traverse@7.27.0 want: ^11.1.0
243 silly fetch manifest @jridgewell/gen-mapping@^0.3.5
244 silly packumentCache full:https://registry.npmjs.org/@jridgewell%2fgen-mapping cache-miss
245 silly fetch manifest @jridgewell/trace-mapping@^0.3.25
246 silly packumentCache full:https://registry.npmjs.org/@jridgewell%2ftrace-mapping cache-miss
247 silly fetch manifest jsesc@^3.0.2
248 silly packumentCache full:https://registry.npmjs.org/jsesc cache-miss
249 http fetch GET 200 https://registry.npmjs.org/jsesc 109ms (cache miss)
250 silly packumentCache full:https://registry.npmjs.org/jsesc set size:undefined disposed:false
251 http fetch GET 200 https://registry.npmjs.org/@jridgewell%2ftrace-mapping 111ms (cache miss)
252 silly packumentCache full:https://registry.npmjs.org/@jridgewell%2ftrace-mapping set size:undefined disposed:false
253 http fetch GET 200 https://registry.npmjs.org/@jridgewell%2fgen-mapping 115ms (cache miss)
254 silly packumentCache full:https://registry.npmjs.org/@jridgewell%2fgen-mapping set size:undefined disposed:false
255 silly placeDep ROOT @babel/helper-validator-identifier@7.25.9 OK for: @babel/code-frame@7.26.2 want: ^7.25.9
256 silly placeDep ROOT @jridgewell/gen-mapping@0.3.8 OK for: @babel/generator@7.27.0 want: ^0.3.5
257 silly placeDep ROOT @jridgewell/trace-mapping@0.3.25 OK for: @babel/generator@7.27.0 want: ^0.3.25
258 silly placeDep ROOT jsesc@3.1.0 OK for: @babel/generator@7.27.0 want: ^3.0.2
259 silly fetch manifest @jridgewell/set-array@^1.2.1
260 silly packumentCache full:https://registry.npmjs.org/@jridgewell%2fset-array cache-miss
261 silly fetch manifest @jridgewell/sourcemap-codec@^1.4.10
262 silly packumentCache full:https://registry.npmjs.org/@jridgewell%2fsourcemap-codec cache-miss
263 silly fetch manifest @jridgewell/trace-mapping@^0.3.24
264 silly packumentCache full:https://registry.npmjs.org/@jridgewell%2ftrace-mapping cache-miss
265 silly fetch manifest @jridgewell/resolve-uri@^3.1.0
266 silly packumentCache full:https://registry.npmjs.org/@jridgewell%2fresolve-uri cache-miss
267 silly fetch manifest @jridgewell/sourcemap-codec@^1.4.14
268 silly packumentCache full:https://registry.npmjs.org/@jridgewell%2fsourcemap-codec cache-miss
269 http cache https://registry.npmjs.org/@jridgewell%2ftrace-mapping 8ms (cache hit)
270 silly packumentCache full:https://registry.npmjs.org/@jridgewell%2ftrace-mapping set size:146917 disposed:false
271 http fetch GET 200 https://registry.npmjs.org/@jridgewell%2fsourcemap-codec 95ms (cache miss)
272 silly packumentCache full:https://registry.npmjs.org/@jridgewell%2fsourcemap-codec set size:undefined disposed:false
273 http fetch GET 200 https://registry.npmjs.org/@jridgewell%2fsourcemap-codec 98ms (cache miss)
274 silly packumentCache full:https://registry.npmjs.org/@jridgewell%2fsourcemap-codec set size:undefined disposed:false
275 http fetch GET 200 https://registry.npmjs.org/@jridgewell%2fset-array 106ms (cache miss)
276 silly packumentCache full:https://registry.npmjs.org/@jridgewell%2fset-array set size:undefined disposed:false
277 http fetch GET 200 https://registry.npmjs.org/@jridgewell%2fresolve-uri 106ms (cache miss)
278 silly packumentCache full:https://registry.npmjs.org/@jridgewell%2fresolve-uri set size:undefined disposed:false
279 silly placeDep ROOT @babel/helper-string-parser@7.25.9 OK for: @babel/types@7.27.0 want: ^7.25.9
280 silly placeDep ROOT @emotion/unitless@0.10.0 OK for: @emotion/serialize@1.3.3 want: ^0.10.0
281 silly placeDep ROOT csstype@3.1.3 OK for: @emotion/serialize@1.3.3 want: ^3.0.2
282 silly placeDep ROOT @floating-ui/core@1.6.9 OK for: @floating-ui/dom@1.6.13 want: ^1.6.0
283 silly placeDep ROOT @floating-ui/utils@0.2.9 OK for: @floating-ui/dom@1.6.13 want: ^0.2.9
284 silly placeDep ROOT @jridgewell/set-array@1.2.1 OK for: @jridgewell/gen-mapping@0.3.8 want: ^1.2.1
285 silly placeDep ROOT @jridgewell/sourcemap-codec@1.5.0 OK for: @jridgewell/gen-mapping@0.3.8 want: ^1.4.10
286 silly placeDep ROOT @jridgewell/resolve-uri@3.1.2 OK for: @jridgewell/trace-mapping@0.3.25 want: ^3.1.0
287 silly placeDep ROOT cosmiconfig@7.1.0 OK for: babel-plugin-macros@3.1.0 want: ^7.0.0
288 silly fetch manifest @types/parse-json@^4.0.0
289 silly packumentCache full:https://registry.npmjs.org/@types%2fparse-json cache-miss
290 silly fetch manifest parse-json@^5.0.0
291 silly packumentCache full:https://registry.npmjs.org/parse-json cache-miss
292 silly fetch manifest path-type@^4.0.0
293 silly packumentCache full:https://registry.npmjs.org/path-type cache-miss
294 silly fetch manifest yaml@^1.10.0
295 silly packumentCache full:https://registry.npmjs.org/yaml cache-miss
296 http fetch GET 200 https://registry.npmjs.org/yaml 93ms (cache miss)
297 silly packumentCache full:https://registry.npmjs.org/yaml set size:undefined disposed:false
298 http fetch GET 200 https://registry.npmjs.org/path-type 104ms (cache miss)
299 silly packumentCache full:https://registry.npmjs.org/path-type set size:undefined disposed:false
300 http fetch GET 200 https://registry.npmjs.org/@types%2fparse-json 109ms (cache miss)
301 silly packumentCache full:https://registry.npmjs.org/@types%2fparse-json set size:undefined disposed:false
302 http fetch GET 200 https://registry.npmjs.org/parse-json 112ms (cache miss)
303 silly packumentCache full:https://registry.npmjs.org/parse-json set size:undefined disposed:false
304 silly placeDep ROOT @types/parse-json@4.0.2 OK for: cosmiconfig@7.1.0 want: ^4.0.0
305 silly placeDep ROOT parse-json@5.2.0 OK for: cosmiconfig@7.1.0 want: ^5.0.0
306 silly placeDep ROOT path-type@4.0.0 OK for: cosmiconfig@7.1.0 want: ^4.0.0
307 silly placeDep ROOT yaml@1.10.2 OK for: cosmiconfig@7.1.0 want: ^1.10.0
308 silly fetch manifest error-ex@^1.3.1
309 silly packumentCache full:https://registry.npmjs.org/error-ex cache-miss
310 silly fetch manifest lines-and-columns@^1.1.6
311 silly packumentCache full:https://registry.npmjs.org/lines-and-columns cache-miss
312 silly fetch manifest json-parse-even-better-errors@^2.3.0
313 silly packumentCache full:https://registry.npmjs.org/json-parse-even-better-errors cache-miss
314 http fetch GET 200 https://registry.npmjs.org/error-ex 63ms (cache miss)
315 silly packumentCache full:https://registry.npmjs.org/error-ex set size:undefined disposed:false
316 http fetch GET 200 https://registry.npmjs.org/json-parse-even-better-errors 79ms (cache miss)
317 silly packumentCache full:https://registry.npmjs.org/json-parse-even-better-errors set size:undefined disposed:false
318 http fetch GET 200 https://registry.npmjs.org/lines-and-columns 102ms (cache miss)
319 silly packumentCache full:https://registry.npmjs.org/lines-and-columns set size:undefined disposed:false
320 silly placeDep ROOT error-ex@1.3.2 OK for: parse-json@5.2.0 want: ^1.3.1
321 silly placeDep ROOT json-parse-even-better-errors@2.3.1 OK for: parse-json@5.2.0 want: ^2.3.0
322 silly placeDep ROOT lines-and-columns@1.2.4 OK for: parse-json@5.2.0 want: ^1.1.6
323 silly fetch manifest is-arrayish@^0.2.1
324 silly packumentCache full:https://registry.npmjs.org/is-arrayish cache-miss
325 http fetch GET 200 https://registry.npmjs.org/is-arrayish 85ms (cache miss)
326 silly packumentCache full:https://registry.npmjs.org/is-arrayish set size:undefined disposed:false
327 silly placeDep node_modules/error-ex is-arrayish@0.2.1 OK for: error-ex@1.3.2 want: ^0.2.1
328 silly placeDep ROOT dom-helpers@5.2.1 OK for: react-transition-group@4.4.5 want: ^5.0.1
329 silly reify moves {}
330 silly audit bulk request {
330 silly audit   '@alloc/quick-lru': [ '5.2.0' ],
330 silly audit   '@emnapi/core': [ '1.4.0' ],
330 silly audit   '@emnapi/runtime': [ '1.4.0' ],
330 silly audit   '@emnapi/wasi-threads': [ '1.0.1' ],
330 silly audit   '@eslint-community/eslint-utils': [ '4.5.1' ],
330 silly audit   'eslint-visitor-keys': [ '3.4.3', '4.2.0' ],
330 silly audit   '@eslint-community/regexpp': [ '4.12.1' ],
330 silly audit   '@eslint/config-array': [ '0.20.0' ],
330 silly audit   '@eslint/config-helpers': [ '0.2.1' ],
330 silly audit   '@eslint/core': [ '0.12.0', '0.13.0' ],
330 silly audit   '@eslint/eslintrc': [ '3.3.1' ],
330 silly audit   '@eslint/js': [ '9.24.0' ],
330 silly audit   '@eslint/object-schema': [ '2.1.6' ],
330 silly audit   '@eslint/plugin-kit': [ '0.2.8' ],
330 silly audit   '@firebase/analytics': [ '0.10.12' ],
330 silly audit   '@firebase/analytics-compat': [ '0.2.18' ],
330 silly audit   '@firebase/analytics-types': [ '0.8.3' ],
330 silly audit   '@firebase/app': [ '0.11.4' ],
330 silly audit   '@firebase/app-check': [ '0.8.13' ],
330 silly audit   '@firebase/app-check-compat': [ '0.3.20' ],
330 silly audit   '@firebase/app-check-interop-types': [ '0.3.3' ],
330 silly audit   '@firebase/app-check-types': [ '0.5.3' ],
330 silly audit   '@firebase/app-compat': [ '0.2.53' ],
330 silly audit   '@firebase/app-types': [ '0.9.3' ],
330 silly audit   '@firebase/auth': [ '1.10.0' ],
330 silly audit   '@firebase/auth-compat': [ '0.5.20' ],
330 silly audit   '@firebase/auth-interop-types': [ '0.2.4' ],
330 silly audit   '@firebase/auth-types': [ '0.13.0' ],
330 silly audit   '@firebase/component': [ '0.6.13' ],
330 silly audit   '@firebase/data-connect': [ '0.3.3' ],
330 silly audit   '@firebase/database': [ '1.0.14' ],
330 silly audit   '@firebase/database-compat': [ '2.0.5' ],
330 silly audit   '@firebase/database-types': [ '1.0.10' ],
330 silly audit   '@firebase/firestore': [ '4.7.10' ],
330 silly audit   '@firebase/firestore-compat': [ '0.3.45' ],
330 silly audit   '@firebase/firestore-types': [ '3.0.3' ],
330 silly audit   '@firebase/functions': [ '0.12.3' ],
330 silly audit   '@firebase/functions-compat': [ '0.3.20' ],
330 silly audit   '@firebase/functions-types': [ '0.6.3' ],
330 silly audit   '@firebase/installations': [ '0.6.13' ],
330 silly audit   '@firebase/installations-compat': [ '0.2.13' ],
330 silly audit   '@firebase/installations-types': [ '0.5.3' ],
330 silly audit   '@firebase/logger': [ '0.4.4' ],
330 silly audit   '@firebase/messaging': [ '0.12.17' ],
330 silly audit   '@firebase/messaging-compat': [ '0.2.17' ],
330 silly audit   '@firebase/messaging-interop-types': [ '0.2.3' ],
330 silly audit   '@firebase/performance': [ '0.7.2' ],
330 silly audit   '@firebase/performance-compat': [ '0.2.15' ],
330 silly audit   '@firebase/performance-types': [ '0.2.3' ],
330 silly audit   '@firebase/remote-config': [ '0.6.0' ],
330 silly audit   '@firebase/remote-config-compat': [ '0.2.13' ],
330 silly audit   '@firebase/remote-config-types': [ '0.4.0' ],
330 silly audit   '@firebase/storage': [ '0.13.7' ],
330 silly audit   '@firebase/storage-compat': [ '0.3.17' ],
330 silly audit   '@firebase/storage-types': [ '0.8.3' ],
330 silly audit   '@firebase/util': [ '1.11.0' ],
330 silly audit   '@firebase/vertexai': [ '1.2.1' ],
330 silly audit   '@firebase/webchannel-wrapper': [ '1.0.3' ],
330 silly audit   '@grpc/grpc-js': [ '1.9.15' ],
330 silly audit   '@grpc/proto-loader': [ '0.7.13' ],
330 silly audit   '@humanfs/core': [ '0.19.1' ],
330 silly audit   '@humanfs/node': [ '0.16.6' ],
330 silly audit   '@humanwhocodes/retry': [ '0.3.1', '0.4.2' ],
330 silly audit   '@humanwhocodes/module-importer': [ '1.0.1' ],
330 silly audit   '@img/sharp-darwin-arm64': [ '0.33.5' ],
330 silly audit   '@img/sharp-darwin-x64': [ '0.33.5' ],
330 silly audit   '@img/sharp-libvips-darwin-arm64': [ '1.0.4' ],
330 silly audit   '@img/sharp-libvips-darwin-x64': [ '1.0.4' ],
330 silly audit   '@img/sharp-libvips-linux-arm': [ '1.0.5' ],
330 silly audit   '@img/sharp-libvips-linux-arm64': [ '1.0.4' ],
330 silly audit   '@img/sharp-libvips-linux-s390x': [ '1.0.4' ],
330 silly audit   '@img/sharp-libvips-linux-x64': [ '1.0.4' ],
330 silly audit   '@img/sharp-libvips-linuxmusl-arm64': [ '1.0.4' ],
330 silly audit   '@img/sharp-libvips-linuxmusl-x64': [ '1.0.4' ],
330 silly audit   '@img/sharp-linux-arm': [ '0.33.5' ],
330 silly audit   '@img/sharp-linux-arm64': [ '0.33.5' ],
330 silly audit   '@img/sharp-linux-s390x': [ '0.33.5' ],
330 silly audit   '@img/sharp-linux-x64': [ '0.33.5' ],
330 silly audit   '@img/sharp-linuxmusl-arm64': [ '0.33.5' ],
330 silly audit   '@img/sharp-linuxmusl-x64': [ '0.33.5' ],
330 silly audit   '@img/sharp-wasm32': [ '0.33.5' ],
330 silly audit   '@img/sharp-win32-ia32': [ '0.33.5' ],
330 silly audit   '@img/sharp-win32-x64': [ '0.33.5' ],
330 silly audit   '@napi-rs/wasm-runtime': [ '0.2.8' ],
330 silly audit   '@next/env': [ '15.2.4' ],
330 silly audit   '@next/eslint-plugin-next': [ '15.2.4' ],
330 silly audit   '@next/swc-darwin-arm64': [ '15.2.4' ],
330 silly audit   '@next/swc-darwin-x64': [ '15.2.4' ],
330 silly audit   '@next/swc-linux-arm64-gnu': [ '15.2.4' ],
330 silly audit   '@next/swc-linux-arm64-musl': [ '15.2.4' ],
330 silly audit   '@next/swc-linux-x64-gnu': [ '15.2.4' ],
330 silly audit   '@next/swc-linux-x64-musl': [ '15.2.4' ],
330 silly audit   '@next/swc-win32-arm64-msvc': [ '15.2.4' ],
330 silly audit   '@next/swc-win32-x64-msvc': [ '15.2.4' ],
330 silly audit   '@nodelib/fs.scandir': [ '2.1.5' ],
330 silly audit   '@nodelib/fs.stat': [ '2.0.5' ],
330 silly audit   '@nodelib/fs.walk': [ '1.2.8' ],
330 silly audit   '@nolyfill/is-core-module': [ '1.0.39' ],
330 silly audit   '@protobufjs/aspromise': [ '1.1.2' ],
330 silly audit   '@protobufjs/base64': [ '1.1.2' ],
330 silly audit   '@protobufjs/codegen': [ '2.0.4' ],
330 silly audit   '@protobufjs/eventemitter': [ '1.1.0' ],
330 silly audit   '@protobufjs/fetch': [ '1.1.0' ],
330 silly audit   '@protobufjs/float': [ '1.0.2' ],
330 silly audit   '@protobufjs/inquire': [ '1.1.0' ],
330 silly audit   '@protobufjs/path': [ '1.1.2' ],
330 silly audit   '@protobufjs/pool': [ '1.1.0' ],
330 silly audit   '@protobufjs/utf8': [ '1.1.0' ],
330 silly audit   '@rtsao/scc': [ '1.1.0' ],
330 silly audit   '@rushstack/eslint-patch': [ '1.11.0' ],
330 silly audit   '@swc/counter': [ '0.1.3' ],
330 silly audit   '@swc/helpers': [ '0.5.15' ],
330 silly audit   '@tailwindcss/node': [ '4.1.3' ],
330 silly audit   '@tailwindcss/oxide': [ '4.1.3' ],
330 silly audit   '@tailwindcss/oxide-android-arm64': [ '4.1.3' ],
330 silly audit   '@tailwindcss/oxide-darwin-arm64': [ '4.1.3' ],
330 silly audit   '@tailwindcss/oxide-darwin-x64': [ '4.1.3' ],
330 silly audit   '@tailwindcss/oxide-freebsd-x64': [ '4.1.3' ],
330 silly audit   '@tailwindcss/oxide-linux-arm-gnueabihf': [ '4.1.3' ],
330 silly audit   '@tailwindcss/oxide-linux-arm64-gnu': [ '4.1.3' ],
330 silly audit   '@tailwindcss/oxide-linux-arm64-musl': [ '4.1.3' ],
330 silly audit   '@tailwindcss/oxide-linux-x64-gnu': [ '4.1.3' ],
330 silly audit   '@tailwindcss/oxide-linux-x64-musl': [ '4.1.3' ],
330 silly audit   '@tailwindcss/oxide-win32-arm64-msvc': [ '4.1.3' ],
330 silly audit   '@tailwindcss/oxide-win32-x64-msvc': [ '4.1.3' ],
330 silly audit   '@tailwindcss/postcss': [ '4.1.3' ],
330 silly audit   '@tybys/wasm-util': [ '0.9.0' ],
330 silly audit   '@types/estree': [ '1.0.7' ],
330 silly audit   '@types/json-schema': [ '7.0.15' ],
330 silly audit   '@types/json5': [ '0.0.29' ],
330 silly audit   '@types/node': [ '22.14.0' ],
330 silly audit   '@types/prismjs': [ '1.26.5' ],
330 silly audit   '@typescript-eslint/eslint-plugin': [ '8.29.1' ],
330 silly audit   '@typescript-eslint/parser': [ '8.29.1' ],
330 silly audit   '@typescript-eslint/scope-manager': [ '8.29.1' ],
330 silly audit   '@typescript-eslint/type-utils': [ '8.29.1' ],
330 silly audit   '@typescript-eslint/types': [ '8.29.1' ],
330 silly audit   '@typescript-eslint/typescript-estree': [ '8.29.1' ],
330 silly audit   'brace-expansion': [ '2.0.1', '1.1.11' ],
330 silly audit   'fast-glob': [ '3.3.3', '3.3.1' ],
330 silly audit   'glob-parent': [ '5.1.2', '6.0.2' ],
330 silly audit   minimatch: [ '9.0.5', '3.1.2' ],
330 silly audit   '@typescript-eslint/utils': [ '8.29.1' ],
330 silly audit   '@typescript-eslint/visitor-keys': [ '8.29.1' ],
330 silly audit   '@unrs/resolver-binding-darwin-arm64': [ '1.4.1' ],
330 silly audit   '@unrs/resolver-binding-darwin-x64': [ '1.4.1' ],
330 silly audit   '@unrs/resolver-binding-freebsd-x64': [ '1.4.1' ],
330 silly audit   '@unrs/resolver-binding-linux-arm-gnueabihf': [ '1.4.1' ],
330 silly audit   '@unrs/resolver-binding-linux-arm-musleabihf': [ '1.4.1' ],
330 silly audit   '@unrs/resolver-binding-linux-arm64-gnu': [ '1.4.1' ],
330 silly audit   '@unrs/resolver-binding-linux-arm64-musl': [ '1.4.1' ],
330 silly audit   '@unrs/resolver-binding-linux-ppc64-gnu': [ '1.4.1' ],
330 silly audit   '@unrs/resolver-binding-linux-s390x-gnu': [ '1.4.1' ],
330 silly audit   '@unrs/resolver-binding-linux-x64-gnu': [ '1.4.1' ],
330 silly audit   '@unrs/resolver-binding-linux-x64-musl': [ '1.4.1' ],
330 silly audit   '@unrs/resolver-binding-wasm32-wasi': [ '1.4.1' ],
330 silly audit   '@unrs/resolver-binding-win32-arm64-msvc': [ '1.4.1' ],
330 silly audit   '@unrs/resolver-binding-win32-ia32-msvc': [ '1.4.1' ],
330 silly audit   '@unrs/resolver-binding-win32-x64-msvc': [ '1.4.1' ],
330 silly audit   acorn: [ '8.14.1' ],
330 silly audit   'acorn-jsx': [ '5.3.2' ],
330 silly audit   ajv: [ '6.12.6' ],
330 silly audit   'ansi-regex': [ '5.0.1' ],
330 silly audit   'ansi-styles': [ '4.3.0' ],
330 silly audit   argparse: [ '2.0.1' ],
330 silly audit   'aria-query': [ '5.3.2' ],
330 silly audit   'array-buffer-byte-length': [ '1.0.2' ],
330 silly audit   'array-includes': [ '3.1.8' ],
330 silly audit   'array.prototype.findlast': [ '1.2.5' ],
330 silly audit   'array.prototype.findlastindex': [ '1.2.6' ],
330 silly audit   'array.prototype.flat': [ '1.3.3' ],
330 silly audit   'array.prototype.flatmap': [ '1.3.3' ],
330 silly audit   'array.prototype.tosorted': [ '1.1.4' ],
330 silly audit   'arraybuffer.prototype.slice': [ '1.0.4' ],
330 silly audit   'ast-types-flow': [ '0.0.8' ],
330 silly audit   'async-function': [ '1.0.0' ],
330 silly audit   'available-typed-arrays': [ '1.0.7' ],
330 silly audit   'axe-core': [ '4.10.3' ],
330 silly audit   'axobject-query': [ '4.1.0' ],
330 silly audit   'balanced-match': [ '1.0.2' ],
330 silly audit   braces: [ '3.0.3' ],
330 silly audit   busboy: [ '1.6.0' ],
330 silly audit   'call-bind': [ '1.0.8' ],
330 silly audit   'call-bind-apply-helpers': [ '1.0.2' ],
330 silly audit   'call-bound': [ '1.0.4' ],
330 silly audit   callsites: [ '3.1.0' ],
330 silly audit   'caniuse-lite': [ '1.0.30001712' ],
330 silly audit   chalk: [ '4.1.2' ],
330 silly audit   'client-only': [ '0.0.1' ],
330 silly audit   cliui: [ '8.0.1' ],
330 silly audit   clsx: [ '2.1.1' ],
330 silly audit   color: [ '4.2.3' ],
330 silly audit   'color-convert': [ '2.0.1' ],
330 silly audit   'color-name': [ '1.1.4' ],
330 silly audit   'color-string': [ '1.9.1' ],
330 silly audit   'concat-map': [ '0.0.1' ],
330 silly audit   'cross-spawn': [ '7.0.6' ],
330 silly audit   'damerau-levenshtein': [ '1.0.8' ],
330 silly audit   'data-view-buffer': [ '1.0.2' ],
330 silly audit   'data-view-byte-length': [ '1.0.2' ],
330 silly audit   'data-view-byte-offset': [ '1.0.1' ],
330 silly audit   debug: [ '4.4.0', '3.2.7' ],
330 silly audit   'deep-is': [ '0.1.4' ],
330 silly audit   'define-data-property': [ '1.1.4' ],
330 silly audit   'define-properties': [ '1.2.1' ],
330 silly audit   'detect-libc': [ '2.0.3' ],
330 silly audit   doctrine: [ '2.1.0' ],
330 silly audit   'dunder-proto': [ '1.0.1' ],
330 silly audit   'emoji-regex': [ '9.2.2', '8.0.0' ],
330 silly audit   'enhanced-resolve': [ '5.18.1' ],
330 silly audit   'es-abstract': [ '1.23.9' ],
330 silly audit   'es-define-property': [ '1.0.1' ],
330 silly audit   'es-errors': [ '1.3.0' ],
330 silly audit   'es-iterator-helpers': [ '1.2.1' ],
330 silly audit   'es-object-atoms': [ '1.1.1' ],
330 silly audit   'es-set-tostringtag': [ '2.1.0' ],
330 silly audit   'es-shim-unscopables': [ '1.1.0' ],
330 silly audit   'es-to-primitive': [ '1.3.0' ],
330 silly audit   escalade: [ '3.2.0' ],
330 silly audit   'escape-string-regexp': [ '4.0.0' ],
330 silly audit   eslint: [ '9.24.0' ],
330 silly audit   'eslint-config-next': [ '15.2.4' ],
330 silly audit   'eslint-import-resolver-node': [ '0.3.9' ],
330 silly audit   'eslint-import-resolver-typescript': [ '3.10.0' ],
330 silly audit   'eslint-module-utils': [ '2.12.0' ],
330 silly audit   'eslint-plugin-import': [ '2.31.0' ],
330 silly audit   semver: [ '6.3.1', '7.7.1' ],
330 silly audit   'eslint-plugin-jsx-a11y': [ '6.10.2' ],
330 silly audit   'eslint-plugin-react': [ '7.37.5' ],
330 silly audit   'eslint-plugin-react-hooks': [ '5.2.0' ],
330 silly audit   resolve: [ '2.0.0-next.5', '1.22.10' ],
330 silly audit   'eslint-scope': [ '8.3.0' ],
330 silly audit   espree: [ '10.3.0' ],
330 silly audit   esquery: [ '1.6.0' ],
330 silly audit   esrecurse: [ '4.3.0' ],
330 silly audit   estraverse: [ '5.3.0' ],
330 silly audit   esutils: [ '2.0.3' ],
330 silly audit   'fast-deep-equal': [ '3.1.3' ],
330 silly audit   'fast-json-stable-stringify': [ '2.1.0' ],
330 silly audit   'fast-levenshtein': [ '2.0.6' ],
330 silly audit   fastq: [ '1.19.1' ],
330 silly audit   'faye-websocket': [ '0.11.4' ],
330 silly audit   'file-entry-cache': [ '8.0.0' ],
330 silly audit   'fill-range': [ '7.1.1' ],
330 silly audit   'find-up': [ '5.0.0' ],
330 silly audit   firebase: [ '11.6.0' ],
330 silly audit   'flat-cache': [ '4.0.1' ],
330 silly audit   flatted: [ '3.3.3' ],
330 silly audit   'for-each': [ '0.3.5' ],
330 silly audit   'function-bind': [ '1.1.2' ],
330 silly audit   'function.prototype.name': [ '1.1.8' ],
330 silly audit   'functions-have-names': [ '1.2.3' ],
330 silly audit   'get-caller-file': [ '2.0.5' ],
330 silly audit   'get-intrinsic': [ '1.3.0' ],
330 silly audit   'get-proto': [ '1.0.1' ],
330 silly audit   'get-symbol-description': [ '1.1.0' ],
330 silly audit   'get-tsconfig': [ '4.10.0' ],
330 silly audit   globals: [ '14.0.0', '11.12.0' ],
330 silly audit   globalthis: [ '1.0.4' ],
330 silly audit   gopd: [ '1.2.0' ],
330 silly audit   'graceful-fs': [ '4.2.11' ],
330 silly audit   graphemer: [ '1.4.0' ],
330 silly audit   'has-bigints': [ '1.1.0' ],
330 silly audit   'has-flag': [ '4.0.0' ],
330 silly audit   'has-property-descriptors': [ '1.0.2' ],
330 silly audit   'has-proto': [ '1.2.0' ],
330 silly audit   'has-symbols': [ '1.1.0' ],
330 silly audit   'has-tostringtag': [ '1.0.2' ],
330 silly audit   hasown: [ '2.0.2' ],
330 silly audit   'http-parser-js': [ '0.5.9' ],
330 silly audit   idb: [ '7.1.1' ],
330 silly audit   ignore: [ '5.3.2' ],
330 silly audit   'import-fresh': [ '3.3.1' ],
330 silly audit   imurmurhash: [ '0.1.4' ],
330 silly audit   'internal-slot': [ '1.1.0' ],
330 silly audit   'is-array-buffer': [ '3.0.5' ],
330 silly audit   'is-arrayish': [ '0.3.2', '0.2.1' ],
330 silly audit   'is-async-function': [ '2.1.1' ],
330 silly audit   'is-bigint': [ '1.1.0' ],
330 silly audit   'is-boolean-object': [ '1.2.2' ],
330 silly audit   'is-bun-module': [ '2.0.0' ],
330 silly audit   'is-callable': [ '1.2.7' ],
330 silly audit   'is-core-module': [ '2.16.1' ],
330 silly audit   'is-data-view': [ '1.0.2' ],
330 silly audit   'is-date-object': [ '1.1.0' ],
330 silly audit   'is-extglob': [ '2.1.1' ],
330 silly audit   'is-finalizationregistry': [ '1.1.1' ],
330 silly audit   'is-fullwidth-code-point': [ '3.0.0' ],
330 silly audit   'is-generator-function': [ '1.1.0' ],
330 silly audit   'is-glob': [ '4.0.3' ],
330 silly audit   'is-map': [ '2.0.3' ],
330 silly audit   'is-number': [ '7.0.0' ],
330 silly audit   'is-number-object': [ '1.1.1' ],
330 silly audit   'is-regex': [ '1.2.1' ],
330 silly audit   'is-set': [ '2.0.3' ],
330 silly audit   'is-shared-array-buffer': [ '1.0.4' ],
330 silly audit   'is-string': [ '1.1.1' ],
330 silly audit   'is-symbol': [ '1.1.1' ],
330 silly audit   'is-typed-array': [ '1.1.15' ],
330 silly audit   'is-weakmap': [ '2.0.2' ],
330 silly audit   'is-weakref': [ '1.1.1' ],
330 silly audit   'is-weakset': [ '2.0.4' ],
330 silly audit   isarray: [ '2.0.5' ],
330 silly audit   isexe: [ '2.0.0' ],
330 silly audit   'iterator.prototype': [ '1.1.5' ],
330 silly audit   jiti: [ '2.4.2' ],
330 silly audit   'js-tokens': [ '4.0.0' ],
330 silly audit   'js-yaml': [ '4.1.0' ],
330 silly audit   'json-buffer': [ '3.0.1' ],
330 silly audit   'json-schema-traverse': [ '0.4.1' ],
330 silly audit   'json-stable-stringify-without-jsonify': [ '1.0.1' ],
330 silly audit   json5: [ '1.0.2' ],
330 silly audit   'jsx-ast-utils': [ '3.3.5' ],
330 silly audit   keyv: [ '4.5.4' ],
330 silly audit   'language-subtag-registry': [ '0.3.23' ],
330 silly audit   'language-tags': [ '1.0.9' ],
330 silly audit   levn: [ '0.4.1' ],
330 silly audit   lightningcss: [ '1.29.2' ],
330 silly audit   'lightningcss-darwin-arm64': [ '1.29.2' ],
330 silly audit   'lightningcss-darwin-x64': [ '1.29.2' ],
330 silly audit   'lightningcss-freebsd-x64': [ '1.29.2' ],
330 silly audit   'lightningcss-linux-arm-gnueabihf': [ '1.29.2' ],
330 silly audit   'lightningcss-linux-arm64-gnu': [ '1.29.2' ],
330 silly audit   'lightningcss-linux-arm64-musl': [ '1.29.2' ],
330 silly audit   'lightningcss-linux-x64-gnu': [ '1.29.2' ],
330 silly audit   'lightningcss-linux-x64-musl': [ '1.29.2' ],
330 silly audit   'lightningcss-win32-arm64-msvc': [ '1.29.2' ],
330 silly audit   'lightningcss-win32-x64-msvc': [ '1.29.2' ],
330 silly audit   'locate-path': [ '6.0.0' ],
330 silly audit   'lodash.camelcase': [ '4.3.0' ],
330 silly audit   'lodash.merge': [ '4.6.2' ],
330 silly audit   long: [ '5.3.1' ],
330 silly audit   'loose-envify': [ '1.4.0' ],
330 silly audit   'math-intrinsics': [ '1.1.0' ],
330 silly audit   merge2: [ '1.4.1' ],
330 silly audit   micromatch: [ '4.0.8' ],
330 silly audit   minimist: [ '1.2.8' ],
330 silly audit   ms: [ '2.1.3' ],
330 silly audit   nanoid: [ '3.3.11' ],
330 silly audit   'natural-compare': [ '1.4.0' ],
330 silly audit   next: [ '15.2.4' ],
330 silly audit   postcss: [ '8.4.31', '8.5.3' ],
330 silly audit   'object-assign': [ '4.1.1' ],
330 silly audit   'object-inspect': [ '1.13.4' ],
330 silly audit   'object-keys': [ '1.1.1' ],
330 silly audit   'object.assign': [ '4.1.7' ],
330 silly audit   'object.entries': [ '1.1.9' ],
330 silly audit   'object.fromentries': [ '2.0.8' ],
330 silly audit   'object.groupby': [ '1.0.3' ],
330 silly audit   'object.values': [ '1.2.1' ],
330 silly audit   optionator: [ '0.9.4' ],
330 silly audit   'own-keys': [ '1.0.1' ],
330 silly audit   'p-limit': [ '3.1.0' ],
330 silly audit   'p-locate': [ '5.0.0' ],
330 silly audit   'parent-module': [ '1.0.1' ],
330 silly audit   'path-exists': [ '4.0.0' ],
330 silly audit   'path-key': [ '3.1.1' ],
330 silly audit   'path-parse': [ '1.0.7' ],
330 silly audit   picocolors: [ '1.1.1' ],
330 silly audit   picomatch: [ '2.3.1', '4.0.2' ],
330 silly audit   'possible-typed-array-names': [ '1.1.0' ],
330 silly audit   'prelude-ls': [ '1.2.1' ],
330 silly audit   'prism-react-renderer': [ '2.4.1' ],
330 silly audit   'prop-types': [ '15.8.1' ],
330 silly audit   protobufjs: [ '7.4.0' ],
330 silly audit   punycode: [ '2.3.1' ],
330 silly audit   'queue-microtask': [ '1.2.3' ],
330 silly audit   react: [ '19.1.0' ],
330 silly audit   'react-dom': [ '19.1.0' ],
330 silly audit   'react-is': [ '16.13.1' ],
330 silly audit   'react-toastify': [ '11.0.5' ],
330 silly audit   'reflect.getprototypeof': [ '1.0.10' ],
330 silly audit   'regexp.prototype.flags': [ '1.5.4' ],
330 silly audit   'require-directory': [ '2.1.1' ],
330 silly audit   'resolve-from': [ '4.0.0' ],
330 silly audit   'resolve-pkg-maps': [ '1.0.0' ],
330 silly audit   reusify: [ '1.1.0' ],
330 silly audit   'run-parallel': [ '1.2.0' ],
330 silly audit   'safe-array-concat': [ '1.1.3' ],
330 silly audit   'safe-buffer': [ '5.2.1' ],
330 silly audit   'safe-push-apply': [ '1.0.0' ],
330 silly audit   'safe-regex-test': [ '1.1.0' ],
330 silly audit   scheduler: [ '0.26.0' ],
330 silly audit   'set-function-length': [ '1.2.2' ],
330 silly audit   'set-function-name': [ '2.0.2' ],
330 silly audit   'set-proto': [ '1.0.0' ],
330 silly audit   sharp: [ '0.33.5' ],
330 silly audit   'shebang-command': [ '2.0.0' ],
330 silly audit   'shebang-regex': [ '3.0.0' ],
330 silly audit   'side-channel': [ '1.1.0' ],
330 silly audit   'side-channel-list': [ '1.0.0' ],
330 silly audit   'side-channel-map': [ '1.0.1' ],
330 silly audit   'side-channel-weakmap': [ '1.0.2' ],
330 silly audit   'simple-swizzle': [ '0.2.2' ],
330 silly audit   'source-map-js': [ '1.2.1' ],
330 silly audit   'stable-hash': [ '0.0.5' ],
330 silly audit   streamsearch: [ '1.1.0' ],
330 silly audit   'string-width': [ '4.2.3' ],
330 silly audit   'string.prototype.includes': [ '2.0.1' ],
330 silly audit   'string.prototype.matchall': [ '4.0.12' ],
330 silly audit   'string.prototype.repeat': [ '1.0.0' ],
330 silly audit   'string.prototype.trim': [ '1.2.10' ],
330 silly audit   'string.prototype.trimend': [ '1.0.9' ],
330 silly audit   'string.prototype.trimstart': [ '1.0.8' ],
330 silly audit   'strip-ansi': [ '6.0.1' ],
330 silly audit   'strip-bom': [ '3.0.0' ],
330 silly audit   'strip-json-comments': [ '3.1.1' ],
330 silly audit   'styled-jsx': [ '5.1.6' ],
330 silly audit   'supports-color': [ '7.2.0' ],
330 silly audit   'supports-preserve-symlinks-flag': [ '1.0.0' ],
330 silly audit   'tailwind-scrollbar': [ '4.0.2' ],
330 silly audit   tailwindcss: [ '4.1.3' ],
330 silly audit   tapable: [ '2.2.1' ],
330 silly audit   tinyglobby: [ '0.2.12' ],
330 silly audit   fdir: [ '6.4.3' ],
330 silly audit   'to-regex-range': [ '5.0.1' ],
330 silly audit   'ts-api-utils': [ '2.1.0' ],
330 silly audit   'tsconfig-paths': [ '3.15.0' ],
330 silly audit   tslib: [ '2.8.1' ],
330 silly audit   'type-check': [ '0.4.0' ],
330 silly audit   'typed-array-buffer': [ '1.0.3' ],
330 silly audit   'typed-array-byte-length': [ '1.0.3' ],
330 silly audit   'typed-array-byte-offset': [ '1.0.4' ],
330 silly audit   'typed-array-length': [ '1.0.7' ],
330 silly audit   typescript: [ '5.8.3' ],
330 silly audit   'unbox-primitive': [ '1.1.0' ],
330 silly audit   'undici-types': [ '6.21.0' ],
330 silly audit   'unrs-resolver': [ '1.4.1' ],
330 silly audit   'uri-js': [ '4.4.1' ],
330 silly audit   'web-vitals': [ '4.2.4' ],
330 silly audit   'websocket-driver': [ '0.7.4' ],
330 silly audit   'websocket-extensions': [ '0.1.4' ],
330 silly audit   which: [ '2.0.2' ],
330 silly audit   'which-boxed-primitive': [ '1.1.1' ],
330 silly audit   'which-builtin-type': [ '1.2.1' ],
330 silly audit   'which-collection': [ '1.0.2' ],
330 silly audit   'which-typed-array': [ '1.1.19' ],
330 silly audit   'word-wrap': [ '1.2.5' ],
330 silly audit   'wrap-ansi': [ '7.0.0' ],
330 silly audit   y18n: [ '5.0.8' ],
330 silly audit   yargs: [ '17.7.2' ],
330 silly audit   'yargs-parser': [ '21.1.1' ],
330 silly audit   'yocto-queue': [ '0.1.0' ],
330 silly audit   'react-select': [ '5.10.1' ],
330 silly audit   '@babel/runtime': [ '7.27.0' ],
330 silly audit   '@emotion/cache': [ '11.14.0' ],
330 silly audit   '@emotion/react': [ '11.14.0' ],
330 silly audit   '@floating-ui/dom': [ '1.6.13' ],
330 silly audit   '@types/react-transition-group': [ '4.4.12' ],
330 silly audit   '@types/react': [ '19.1.0' ],
330 silly audit   'memoize-one': [ '6.0.0' ],
330 silly audit   'react-transition-group': [ '4.4.5' ],
330 silly audit   'use-isomorphic-layout-effect': [ '1.2.0' ],
330 silly audit   'regenerator-runtime': [ '0.14.1' ],
330 silly audit   '@emotion/memoize': [ '0.9.0' ],
330 silly audit   '@emotion/sheet': [ '1.4.0' ],
330 silly audit   '@emotion/utils': [ '1.4.2' ],
330 silly audit   '@emotion/weak-memoize': [ '0.4.0' ],
330 silly audit   stylis: [ '4.2.0' ],
330 silly audit   '@emotion/babel-plugin': [ '11.13.5' ],
330 silly audit   '@emotion/serialize': [ '1.3.3' ],
330 silly audit   '@emotion/use-insertion-effect-with-fallbacks': [ '1.2.0' ],
330 silly audit   'hoist-non-react-statics': [ '3.3.2' ],
330 silly audit   '@babel/helper-module-imports': [ '7.25.9' ],
330 silly audit   '@emotion/hash': [ '0.9.2' ],
330 silly audit   'babel-plugin-macros': [ '3.1.0' ],
330 silly audit   'convert-source-map': [ '1.9.0' ],
330 silly audit   'find-root': [ '1.1.0' ],
330 silly audit   'source-map': [ '0.5.7' ],
330 silly audit   '@babel/traverse': [ '7.27.0' ],
330 silly audit   '@babel/types': [ '7.27.0' ],
330 silly audit   '@babel/code-frame': [ '7.26.2' ],
330 silly audit   '@babel/generator': [ '7.27.0' ],
330 silly audit   '@babel/parser': [ '7.27.0' ],
330 silly audit   '@babel/template': [ '7.27.0' ],
330 silly audit   '@babel/helper-validator-identifier': [ '7.25.9' ],
330 silly audit   '@jridgewell/gen-mapping': [ '0.3.8' ],
330 silly audit   '@jridgewell/trace-mapping': [ '0.3.25' ],
330 silly audit   jsesc: [ '3.1.0' ],
330 silly audit   '@babel/helper-string-parser': [ '7.25.9' ],
330 silly audit   '@emotion/unitless': [ '0.10.0' ],
330 silly audit   csstype: [ '3.1.3' ],
330 silly audit   '@floating-ui/core': [ '1.6.9' ],
330 silly audit   '@floating-ui/utils': [ '0.2.9' ],
330 silly audit   '@jridgewell/set-array': [ '1.2.1' ],
330 silly audit   '@jridgewell/sourcemap-codec': [ '1.5.0' ],
330 silly audit   '@jridgewell/resolve-uri': [ '3.1.2' ],
330 silly audit   cosmiconfig: [ '7.1.0' ],
330 silly audit   '@types/parse-json': [ '4.0.2' ],
330 silly audit   'parse-json': [ '5.2.0' ],
330 silly audit   'path-type': [ '4.0.0' ],
330 silly audit   yaml: [ '1.10.2' ],
330 silly audit   'error-ex': [ '1.3.2' ],
330 silly audit   'json-parse-even-better-errors': [ '2.3.1' ],
330 silly audit   'lines-and-columns': [ '1.2.4' ],
330 silly audit   'dom-helpers': [ '5.2.1' ]
330 silly audit }
331 verbose reify failed optional dependency D:\baixar\TESTE\erp-crm-engenharia\node_modules\lightningcss-win32-arm64-msvc
332 silly reify mark deleted [
332 silly reify   'D:\\baixar\\TESTE\\erp-crm-engenharia\\node_modules\\lightningcss-win32-arm64-msvc'
332 silly reify ]
333 verbose reify failed optional dependency D:\baixar\TESTE\erp-crm-engenharia\node_modules\lightningcss-linux-x64-musl
334 silly reify mark deleted [
334 silly reify   'D:\\baixar\\TESTE\\erp-crm-engenharia\\node_modules\\lightningcss-linux-x64-musl'
334 silly reify ]
335 verbose reify failed optional dependency D:\baixar\TESTE\erp-crm-engenharia\node_modules\lightningcss-linux-x64-gnu
336 silly reify mark deleted [
336 silly reify   'D:\\baixar\\TESTE\\erp-crm-engenharia\\node_modules\\lightningcss-linux-x64-gnu'
336 silly reify ]
337 verbose reify failed optional dependency D:\baixar\TESTE\erp-crm-engenharia\node_modules\lightningcss-linux-arm64-musl
338 silly reify mark deleted [
338 silly reify   'D:\\baixar\\TESTE\\erp-crm-engenharia\\node_modules\\lightningcss-linux-arm64-musl'
338 silly reify ]
339 verbose reify failed optional dependency D:\baixar\TESTE\erp-crm-engenharia\node_modules\lightningcss-linux-arm64-gnu
340 silly reify mark deleted [
340 silly reify   'D:\\baixar\\TESTE\\erp-crm-engenharia\\node_modules\\lightningcss-linux-arm64-gnu'
340 silly reify ]
341 verbose reify failed optional dependency D:\baixar\TESTE\erp-crm-engenharia\node_modules\lightningcss-linux-arm-gnueabihf
342 silly reify mark deleted [
342 silly reify   'D:\\baixar\\TESTE\\erp-crm-engenharia\\node_modules\\lightningcss-linux-arm-gnueabihf'
342 silly reify ]
343 verbose reify failed optional dependency D:\baixar\TESTE\erp-crm-engenharia\node_modules\lightningcss-freebsd-x64
344 silly reify mark deleted [
344 silly reify   'D:\\baixar\\TESTE\\erp-crm-engenharia\\node_modules\\lightningcss-freebsd-x64'
344 silly reify ]
345 verbose reify failed optional dependency D:\baixar\TESTE\erp-crm-engenharia\node_modules\lightningcss-darwin-x64
346 silly reify mark deleted [
346 silly reify   'D:\\baixar\\TESTE\\erp-crm-engenharia\\node_modules\\lightningcss-darwin-x64'
346 silly reify ]
347 verbose reify failed optional dependency D:\baixar\TESTE\erp-crm-engenharia\node_modules\lightningcss-darwin-arm64
348 silly reify mark deleted [
348 silly reify   'D:\\baixar\\TESTE\\erp-crm-engenharia\\node_modules\\lightningcss-darwin-arm64'
348 silly reify ]
349 verbose reify failed optional dependency D:\baixar\TESTE\erp-crm-engenharia\node_modules\@unrs\resolver-binding-win32-ia32-msvc
350 silly reify mark deleted [
350 silly reify   'D:\\baixar\\TESTE\\erp-crm-engenharia\\node_modules\\@unrs\\resolver-binding-win32-ia32-msvc'
350 silly reify ]
351 verbose reify failed optional dependency D:\baixar\TESTE\erp-crm-engenharia\node_modules\@unrs\resolver-binding-win32-arm64-msvc
352 silly reify mark deleted [
352 silly reify   'D:\\baixar\\TESTE\\erp-crm-engenharia\\node_modules\\@unrs\\resolver-binding-win32-arm64-msvc'
352 silly reify ]
353 verbose reify failed optional dependency D:\baixar\TESTE\erp-crm-engenharia\node_modules\@unrs\resolver-binding-wasm32-wasi
354 silly reify mark deleted [
354 silly reify   'D:\\baixar\\TESTE\\erp-crm-engenharia\\node_modules\\@unrs\\resolver-binding-wasm32-wasi'
354 silly reify ]
355 verbose reify failed optional dependency D:\baixar\TESTE\erp-crm-engenharia\node_modules\@napi-rs\wasm-runtime
356 silly reify mark deleted [
356 silly reify   'D:\\baixar\\TESTE\\erp-crm-engenharia\\node_modules\\@napi-rs\\wasm-runtime'
356 silly reify ]
357 verbose reify failed optional dependency D:\baixar\TESTE\erp-crm-engenharia\node_modules\@emnapi\core
358 silly reify mark deleted [
358 silly reify   'D:\\baixar\\TESTE\\erp-crm-engenharia\\node_modules\\@emnapi\\core'
358 silly reify ]
359 verbose reify failed optional dependency D:\baixar\TESTE\erp-crm-engenharia\node_modules\@tybys\wasm-util
360 silly reify mark deleted [
360 silly reify   'D:\\baixar\\TESTE\\erp-crm-engenharia\\node_modules\\@tybys\\wasm-util'
360 silly reify ]
361 verbose reify failed optional dependency D:\baixar\TESTE\erp-crm-engenharia\node_modules\@emnapi\wasi-threads
362 silly reify mark deleted [
362 silly reify   'D:\\baixar\\TESTE\\erp-crm-engenharia\\node_modules\\@emnapi\\wasi-threads'
362 silly reify ]
363 verbose reify failed optional dependency D:\baixar\TESTE\erp-crm-engenharia\node_modules\@unrs\resolver-binding-linux-x64-musl
364 silly reify mark deleted [
364 silly reify   'D:\\baixar\\TESTE\\erp-crm-engenharia\\node_modules\\@unrs\\resolver-binding-linux-x64-musl'
364 silly reify ]
365 verbose reify failed optional dependency D:\baixar\TESTE\erp-crm-engenharia\node_modules\@unrs\resolver-binding-linux-x64-gnu
366 silly reify mark deleted [
366 silly reify   'D:\\baixar\\TESTE\\erp-crm-engenharia\\node_modules\\@unrs\\resolver-binding-linux-x64-gnu'
366 silly reify ]
367 verbose reify failed optional dependency D:\baixar\TESTE\erp-crm-engenharia\node_modules\@unrs\resolver-binding-linux-s390x-gnu
368 silly reify mark deleted [
368 silly reify   'D:\\baixar\\TESTE\\erp-crm-engenharia\\node_modules\\@unrs\\resolver-binding-linux-s390x-gnu'
368 silly reify ]
369 verbose reify failed optional dependency D:\baixar\TESTE\erp-crm-engenharia\node_modules\@unrs\resolver-binding-linux-ppc64-gnu
370 silly reify mark deleted [
370 silly reify   'D:\\baixar\\TESTE\\erp-crm-engenharia\\node_modules\\@unrs\\resolver-binding-linux-ppc64-gnu'
370 silly reify ]
371 verbose reify failed optional dependency D:\baixar\TESTE\erp-crm-engenharia\node_modules\@unrs\resolver-binding-linux-arm64-musl
372 silly reify mark deleted [
372 silly reify   'D:\\baixar\\TESTE\\erp-crm-engenharia\\node_modules\\@unrs\\resolver-binding-linux-arm64-musl'
372 silly reify ]
373 verbose reify failed optional dependency D:\baixar\TESTE\erp-crm-engenharia\node_modules\@unrs\resolver-binding-linux-arm64-gnu
374 silly reify mark deleted [
374 silly reify   'D:\\baixar\\TESTE\\erp-crm-engenharia\\node_modules\\@unrs\\resolver-binding-linux-arm64-gnu'
374 silly reify ]
375 verbose reify failed optional dependency D:\baixar\TESTE\erp-crm-engenharia\node_modules\@unrs\resolver-binding-linux-arm-musleabihf
376 silly reify mark deleted [
376 silly reify   'D:\\baixar\\TESTE\\erp-crm-engenharia\\node_modules\\@unrs\\resolver-binding-linux-arm-musleabihf'
376 silly reify ]
377 verbose reify failed optional dependency D:\baixar\TESTE\erp-crm-engenharia\node_modules\@unrs\resolver-binding-linux-arm-gnueabihf
378 silly reify mark deleted [
378 silly reify   'D:\\baixar\\TESTE\\erp-crm-engenharia\\node_modules\\@unrs\\resolver-binding-linux-arm-gnueabihf'
378 silly reify ]
379 verbose reify failed optional dependency D:\baixar\TESTE\erp-crm-engenharia\node_modules\@unrs\resolver-binding-freebsd-x64
380 silly reify mark deleted [
380 silly reify   'D:\\baixar\\TESTE\\erp-crm-engenharia\\node_modules\\@unrs\\resolver-binding-freebsd-x64'
380 silly reify ]
381 verbose reify failed optional dependency D:\baixar\TESTE\erp-crm-engenharia\node_modules\@unrs\resolver-binding-darwin-x64
382 silly reify mark deleted [
382 silly reify   'D:\\baixar\\TESTE\\erp-crm-engenharia\\node_modules\\@unrs\\resolver-binding-darwin-x64'
382 silly reify ]
383 verbose reify failed optional dependency D:\baixar\TESTE\erp-crm-engenharia\node_modules\@unrs\resolver-binding-darwin-arm64
384 silly reify mark deleted [
384 silly reify   'D:\\baixar\\TESTE\\erp-crm-engenharia\\node_modules\\@unrs\\resolver-binding-darwin-arm64'
384 silly reify ]
385 verbose reify failed optional dependency D:\baixar\TESTE\erp-crm-engenharia\node_modules\@tailwindcss\oxide-win32-arm64-msvc
386 silly reify mark deleted [
386 silly reify   'D:\\baixar\\TESTE\\erp-crm-engenharia\\node_modules\\@tailwindcss\\oxide-win32-arm64-msvc'
386 silly reify ]
387 verbose reify failed optional dependency D:\baixar\TESTE\erp-crm-engenharia\node_modules\@tailwindcss\oxide-linux-x64-musl
388 silly reify mark deleted [
388 silly reify   'D:\\baixar\\TESTE\\erp-crm-engenharia\\node_modules\\@tailwindcss\\oxide-linux-x64-musl'
388 silly reify ]
389 verbose reify failed optional dependency D:\baixar\TESTE\erp-crm-engenharia\node_modules\@tailwindcss\oxide-linux-x64-gnu
390 silly reify mark deleted [
390 silly reify   'D:\\baixar\\TESTE\\erp-crm-engenharia\\node_modules\\@tailwindcss\\oxide-linux-x64-gnu'
390 silly reify ]
391 verbose reify failed optional dependency D:\baixar\TESTE\erp-crm-engenharia\node_modules\@tailwindcss\oxide-linux-arm64-musl
392 silly reify mark deleted [
392 silly reify   'D:\\baixar\\TESTE\\erp-crm-engenharia\\node_modules\\@tailwindcss\\oxide-linux-arm64-musl'
392 silly reify ]
393 verbose reify failed optional dependency D:\baixar\TESTE\erp-crm-engenharia\node_modules\@tailwindcss\oxide-linux-arm64-gnu
394 silly reify mark deleted [
394 silly reify   'D:\\baixar\\TESTE\\erp-crm-engenharia\\node_modules\\@tailwindcss\\oxide-linux-arm64-gnu'
394 silly reify ]
395 verbose reify failed optional dependency D:\baixar\TESTE\erp-crm-engenharia\node_modules\@tailwindcss\oxide-linux-arm-gnueabihf
396 silly reify mark deleted [
396 silly reify   'D:\\baixar\\TESTE\\erp-crm-engenharia\\node_modules\\@tailwindcss\\oxide-linux-arm-gnueabihf'
396 silly reify ]
397 verbose reify failed optional dependency D:\baixar\TESTE\erp-crm-engenharia\node_modules\@tailwindcss\oxide-freebsd-x64
398 silly reify mark deleted [
398 silly reify   'D:\\baixar\\TESTE\\erp-crm-engenharia\\node_modules\\@tailwindcss\\oxide-freebsd-x64'
398 silly reify ]
399 verbose reify failed optional dependency D:\baixar\TESTE\erp-crm-engenharia\node_modules\@tailwindcss\oxide-darwin-x64
400 silly reify mark deleted [
400 silly reify   'D:\\baixar\\TESTE\\erp-crm-engenharia\\node_modules\\@tailwindcss\\oxide-darwin-x64'
400 silly reify ]
401 verbose reify failed optional dependency D:\baixar\TESTE\erp-crm-engenharia\node_modules\@tailwindcss\oxide-darwin-arm64
402 silly reify mark deleted [
402 silly reify   'D:\\baixar\\TESTE\\erp-crm-engenharia\\node_modules\\@tailwindcss\\oxide-darwin-arm64'
402 silly reify ]
403 verbose reify failed optional dependency D:\baixar\TESTE\erp-crm-engenharia\node_modules\@tailwindcss\oxide-android-arm64
404 silly reify mark deleted [
404 silly reify   'D:\\baixar\\TESTE\\erp-crm-engenharia\\node_modules\\@tailwindcss\\oxide-android-arm64'
404 silly reify ]
405 verbose reify failed optional dependency D:\baixar\TESTE\erp-crm-engenharia\node_modules\@next\swc-win32-arm64-msvc
406 silly reify mark deleted [
406 silly reify   'D:\\baixar\\TESTE\\erp-crm-engenharia\\node_modules\\@next\\swc-win32-arm64-msvc'
406 silly reify ]
407 verbose reify failed optional dependency D:\baixar\TESTE\erp-crm-engenharia\node_modules\@next\swc-linux-x64-musl
408 silly reify mark deleted [
408 silly reify   'D:\\baixar\\TESTE\\erp-crm-engenharia\\node_modules\\@next\\swc-linux-x64-musl'
408 silly reify ]
409 verbose reify failed optional dependency D:\baixar\TESTE\erp-crm-engenharia\node_modules\@next\swc-linux-x64-gnu
410 silly reify mark deleted [
410 silly reify   'D:\\baixar\\TESTE\\erp-crm-engenharia\\node_modules\\@next\\swc-linux-x64-gnu'
410 silly reify ]
411 verbose reify failed optional dependency D:\baixar\TESTE\erp-crm-engenharia\node_modules\@next\swc-linux-arm64-musl
412 silly reify mark deleted [
412 silly reify   'D:\\baixar\\TESTE\\erp-crm-engenharia\\node_modules\\@next\\swc-linux-arm64-musl'
412 silly reify ]
413 verbose reify failed optional dependency D:\baixar\TESTE\erp-crm-engenharia\node_modules\@next\swc-linux-arm64-gnu
414 silly reify mark deleted [
414 silly reify   'D:\\baixar\\TESTE\\erp-crm-engenharia\\node_modules\\@next\\swc-linux-arm64-gnu'
414 silly reify ]
415 verbose reify failed optional dependency D:\baixar\TESTE\erp-crm-engenharia\node_modules\@next\swc-darwin-x64
416 silly reify mark deleted [
416 silly reify   'D:\\baixar\\TESTE\\erp-crm-engenharia\\node_modules\\@next\\swc-darwin-x64'
416 silly reify ]
417 verbose reify failed optional dependency D:\baixar\TESTE\erp-crm-engenharia\node_modules\@next\swc-darwin-arm64
418 silly reify mark deleted [
418 silly reify   'D:\\baixar\\TESTE\\erp-crm-engenharia\\node_modules\\@next\\swc-darwin-arm64'
418 silly reify ]
419 verbose reify failed optional dependency D:\baixar\TESTE\erp-crm-engenharia\node_modules\@img\sharp-win32-ia32
420 silly reify mark deleted [
420 silly reify   'D:\\baixar\\TESTE\\erp-crm-engenharia\\node_modules\\@img\\sharp-win32-ia32'
420 silly reify ]
421 verbose reify failed optional dependency D:\baixar\TESTE\erp-crm-engenharia\node_modules\@img\sharp-wasm32
422 silly reify mark deleted [
422 silly reify   'D:\\baixar\\TESTE\\erp-crm-engenharia\\node_modules\\@img\\sharp-wasm32'
422 silly reify ]
423 verbose reify failed optional dependency D:\baixar\TESTE\erp-crm-engenharia\node_modules\@img\sharp-linuxmusl-x64
424 silly reify mark deleted [
424 silly reify   'D:\\baixar\\TESTE\\erp-crm-engenharia\\node_modules\\@img\\sharp-linuxmusl-x64'
424 silly reify ]
425 verbose reify failed optional dependency D:\baixar\TESTE\erp-crm-engenharia\node_modules\@img\sharp-linuxmusl-arm64
426 silly reify mark deleted [
426 silly reify   'D:\\baixar\\TESTE\\erp-crm-engenharia\\node_modules\\@img\\sharp-linuxmusl-arm64'
426 silly reify ]
427 verbose reify failed optional dependency D:\baixar\TESTE\erp-crm-engenharia\node_modules\@img\sharp-linux-x64
428 silly reify mark deleted [
428 silly reify   'D:\\baixar\\TESTE\\erp-crm-engenharia\\node_modules\\@img\\sharp-linux-x64'
428 silly reify ]
429 verbose reify failed optional dependency D:\baixar\TESTE\erp-crm-engenharia\node_modules\@img\sharp-linux-s390x
430 silly reify mark deleted [
430 silly reify   'D:\\baixar\\TESTE\\erp-crm-engenharia\\node_modules\\@img\\sharp-linux-s390x'
430 silly reify ]
431 verbose reify failed optional dependency D:\baixar\TESTE\erp-crm-engenharia\node_modules\@img\sharp-linux-arm64
432 silly reify mark deleted [
432 silly reify   'D:\\baixar\\TESTE\\erp-crm-engenharia\\node_modules\\@img\\sharp-linux-arm64'
432 silly reify ]
433 verbose reify failed optional dependency D:\baixar\TESTE\erp-crm-engenharia\node_modules\@img\sharp-linux-arm
434 silly reify mark deleted [
434 silly reify   'D:\\baixar\\TESTE\\erp-crm-engenharia\\node_modules\\@img\\sharp-linux-arm'
434 silly reify ]
435 verbose reify failed optional dependency D:\baixar\TESTE\erp-crm-engenharia\node_modules\@img\sharp-libvips-linuxmusl-x64
436 silly reify mark deleted [
436 silly reify   'D:\\baixar\\TESTE\\erp-crm-engenharia\\node_modules\\@img\\sharp-libvips-linuxmusl-x64'
436 silly reify ]
437 verbose reify failed optional dependency D:\baixar\TESTE\erp-crm-engenharia\node_modules\@img\sharp-libvips-linuxmusl-arm64
438 silly reify mark deleted [
438 silly reify   'D:\\baixar\\TESTE\\erp-crm-engenharia\\node_modules\\@img\\sharp-libvips-linuxmusl-arm64'
438 silly reify ]
439 verbose reify failed optional dependency D:\baixar\TESTE\erp-crm-engenharia\node_modules\@img\sharp-libvips-linux-x64
440 silly reify mark deleted [
440 silly reify   'D:\\baixar\\TESTE\\erp-crm-engenharia\\node_modules\\@img\\sharp-libvips-linux-x64'
440 silly reify ]
441 verbose reify failed optional dependency D:\baixar\TESTE\erp-crm-engenharia\node_modules\@img\sharp-libvips-linux-s390x
442 silly reify mark deleted [
442 silly reify   'D:\\baixar\\TESTE\\erp-crm-engenharia\\node_modules\\@img\\sharp-libvips-linux-s390x'
442 silly reify ]
443 verbose reify failed optional dependency D:\baixar\TESTE\erp-crm-engenharia\node_modules\@img\sharp-libvips-linux-arm64
444 silly reify mark deleted [
444 silly reify   'D:\\baixar\\TESTE\\erp-crm-engenharia\\node_modules\\@img\\sharp-libvips-linux-arm64'
444 silly reify ]
445 verbose reify failed optional dependency D:\baixar\TESTE\erp-crm-engenharia\node_modules\@img\sharp-libvips-linux-arm
446 silly reify mark deleted [
446 silly reify   'D:\\baixar\\TESTE\\erp-crm-engenharia\\node_modules\\@img\\sharp-libvips-linux-arm'
446 silly reify ]
447 verbose reify failed optional dependency D:\baixar\TESTE\erp-crm-engenharia\node_modules\@img\sharp-libvips-darwin-x64
448 silly reify mark deleted [
448 silly reify   'D:\\baixar\\TESTE\\erp-crm-engenharia\\node_modules\\@img\\sharp-libvips-darwin-x64'
448 silly reify ]
449 verbose reify failed optional dependency D:\baixar\TESTE\erp-crm-engenharia\node_modules\@img\sharp-libvips-darwin-arm64
450 silly reify mark deleted [
450 silly reify   'D:\\baixar\\TESTE\\erp-crm-engenharia\\node_modules\\@img\\sharp-libvips-darwin-arm64'
450 silly reify ]
451 verbose reify failed optional dependency D:\baixar\TESTE\erp-crm-engenharia\node_modules\@img\sharp-darwin-x64
452 silly reify mark deleted [
452 silly reify   'D:\\baixar\\TESTE\\erp-crm-engenharia\\node_modules\\@img\\sharp-darwin-x64'
452 silly reify ]
453 verbose reify failed optional dependency D:\baixar\TESTE\erp-crm-engenharia\node_modules\@img\sharp-darwin-arm64
454 silly reify mark deleted [
454 silly reify   'D:\\baixar\\TESTE\\erp-crm-engenharia\\node_modules\\@img\\sharp-darwin-arm64'
454 silly reify ]
455 http cache dom-helpers@https://registry.npmjs.org/dom-helpers/-/dom-helpers-5.2.1.tgz 0ms (cache hit)
456 http cache lines-and-columns@https://registry.npmjs.org/lines-and-columns/-/lines-and-columns-1.2.4.tgz 0ms (cache hit)
457 http cache json-parse-even-better-errors@https://registry.npmjs.org/json-parse-even-better-errors/-/json-parse-even-better-errors-2.3.1.tgz 0ms (cache hit)
458 http cache error-ex@https://registry.npmjs.org/error-ex/-/error-ex-1.3.2.tgz 0ms (cache hit)
459 http cache path-type@https://registry.npmjs.org/path-type/-/path-type-4.0.0.tgz 0ms (cache hit)
460 http cache yaml@https://registry.npmjs.org/yaml/-/yaml-1.10.2.tgz 1ms (cache hit)
461 http cache cosmiconfig@https://registry.npmjs.org/cosmiconfig/-/cosmiconfig-7.1.0.tgz 0ms (cache hit)
462 http cache @types/parse-json@https://registry.npmjs.org/@types/parse-json/-/parse-json-4.0.2.tgz 0ms (cache hit)
463 http cache parse-json@https://registry.npmjs.org/parse-json/-/parse-json-5.2.0.tgz 0ms (cache hit)
464 http cache @jridgewell/resolve-uri@https://registry.npmjs.org/@jridgewell/resolve-uri/-/resolve-uri-3.1.2.tgz 0ms (cache hit)
465 http cache @jridgewell/set-array@https://registry.npmjs.org/@jridgewell/set-array/-/set-array-1.2.1.tgz 0ms (cache hit)
466 http cache @jridgewell/sourcemap-codec@https://registry.npmjs.org/@jridgewell/sourcemap-codec/-/sourcemap-codec-1.5.0.tgz 0ms (cache hit)
467 http cache @floating-ui/utils@https://registry.npmjs.org/@floating-ui/utils/-/utils-0.2.9.tgz 0ms (cache hit)
468 http cache csstype@https://registry.npmjs.org/csstype/-/csstype-3.1.3.tgz 0ms (cache hit)
469 http cache @emotion/unitless@https://registry.npmjs.org/@emotion/unitless/-/unitless-0.10.0.tgz 0ms (cache hit)
470 http cache @floating-ui/core@https://registry.npmjs.org/@floating-ui/core/-/core-1.6.9.tgz 0ms (cache hit)
471 http cache @babel/helper-string-parser@https://registry.npmjs.org/@babel/helper-string-parser/-/helper-string-parser-7.25.9.tgz 0ms (cache hit)
472 http cache @jridgewell/trace-mapping@https://registry.npmjs.org/@jridgewell/trace-mapping/-/trace-mapping-0.3.25.tgz 0ms (cache hit)
473 http cache jsesc@https://registry.npmjs.org/jsesc/-/jsesc-3.1.0.tgz 0ms (cache hit)
474 http cache @jridgewell/gen-mapping@https://registry.npmjs.org/@jridgewell/gen-mapping/-/gen-mapping-0.3.8.tgz 0ms (cache hit)
475 http cache @babel/helper-validator-identifier@https://registry.npmjs.org/@babel/helper-validator-identifier/-/helper-validator-identifier-7.25.9.tgz 0ms (cache hit)
476 http cache @babel/template@https://registry.npmjs.org/@babel/template/-/template-7.27.0.tgz 0ms (cache hit)
477 http cache @babel/parser@https://registry.npmjs.org/@babel/parser/-/parser-7.27.0.tgz 0ms (cache hit)
478 http cache @babel/code-frame@https://registry.npmjs.org/@babel/code-frame/-/code-frame-7.26.2.tgz 0ms (cache hit)
479 http cache @babel/generator@https://registry.npmjs.org/@babel/generator/-/generator-7.27.0.tgz 0ms (cache hit)
480 http cache @babel/types@https://registry.npmjs.org/@babel/types/-/types-7.27.0.tgz 0ms (cache hit)
481 http cache @babel/traverse@https://registry.npmjs.org/@babel/traverse/-/traverse-7.27.0.tgz 0ms (cache hit)
482 http cache convert-source-map@https://registry.npmjs.org/convert-source-map/-/convert-source-map-1.9.0.tgz 0ms (cache hit)
483 http cache source-map@https://registry.npmjs.org/source-map/-/source-map-0.5.7.tgz 0ms (cache hit)
484 http cache find-root@https://registry.npmjs.org/find-root/-/find-root-1.1.0.tgz 0ms (cache hit)
485 http cache babel-plugin-macros@https://registry.npmjs.org/babel-plugin-macros/-/babel-plugin-macros-3.1.0.tgz 0ms (cache hit)
486 http cache @emotion/hash@https://registry.npmjs.org/@emotion/hash/-/hash-0.9.2.tgz 0ms (cache hit)
487 http cache @babel/helper-module-imports@https://registry.npmjs.org/@babel/helper-module-imports/-/helper-module-imports-7.25.9.tgz 0ms (cache hit)
488 http cache hoist-non-react-statics@https://registry.npmjs.org/hoist-non-react-statics/-/hoist-non-react-statics-3.3.2.tgz 0ms (cache hit)
489 http cache @emotion/use-insertion-effect-with-fallbacks@https://registry.npmjs.org/@emotion/use-insertion-effect-with-fallbacks/-/use-insertion-effect-with-fallbacks-1.2.0.tgz 0ms (cache hit)
490 http cache @emotion/babel-plugin@https://registry.npmjs.org/@emotion/babel-plugin/-/babel-plugin-11.13.5.tgz 0ms (cache hit)
491 http cache @emotion/weak-memoize@https://registry.npmjs.org/@emotion/weak-memoize/-/weak-memoize-0.4.0.tgz 0ms (cache hit)
492 http cache @emotion/utils@https://registry.npmjs.org/@emotion/utils/-/utils-1.4.2.tgz 0ms (cache hit)
493 http cache stylis@https://registry.npmjs.org/stylis/-/stylis-4.2.0.tgz 0ms (cache hit)
494 http cache @emotion/serialize@https://registry.npmjs.org/@emotion/serialize/-/serialize-1.3.3.tgz 0ms (cache hit)
495 http cache @emotion/memoize@https://registry.npmjs.org/@emotion/memoize/-/memoize-0.9.0.tgz 0ms (cache hit)
496 http cache @emotion/sheet@https://registry.npmjs.org/@emotion/sheet/-/sheet-1.4.0.tgz 0ms (cache hit)
497 http cache regenerator-runtime@https://registry.npmjs.org/regenerator-runtime/-/regenerator-runtime-0.14.1.tgz 0ms (cache hit)
498 http cache memoize-one@https://registry.npmjs.org/memoize-one/-/memoize-one-6.0.0.tgz 0ms (cache hit)
499 http cache use-isomorphic-layout-effect@https://registry.npmjs.org/use-isomorphic-layout-effect/-/use-isomorphic-layout-effect-1.2.0.tgz 0ms (cache hit)
500 http cache react-transition-group@https://registry.npmjs.org/react-transition-group/-/react-transition-group-4.4.5.tgz 0ms (cache hit)
501 http cache @types/react-transition-group@https://registry.npmjs.org/@types/react-transition-group/-/react-transition-group-4.4.12.tgz 0ms (cache hit)
502 http cache @emotion/react@https://registry.npmjs.org/@emotion/react/-/react-11.14.0.tgz 0ms (cache hit)
503 http cache @types/react@https://registry.npmjs.org/@types/react/-/react-19.1.0.tgz 0ms (cache hit)
504 http cache @floating-ui/dom@https://registry.npmjs.org/@floating-ui/dom/-/dom-1.6.13.tgz 0ms (cache hit)
505 http cache @emotion/cache@https://registry.npmjs.org/@emotion/cache/-/cache-11.14.0.tgz 0ms (cache hit)
506 http cache @babel/runtime@https://registry.npmjs.org/@babel/runtime/-/runtime-7.27.0.tgz 0ms (cache hit)
507 http cache react-select@https://registry.npmjs.org/react-select/-/react-select-5.10.1.tgz 0ms (cache hit)
508 http cache @napi-rs/wasm-runtime@https://registry.npmjs.org/@napi-rs/wasm-runtime/-/wasm-runtime-0.2.8.tgz 0ms (cache hit)
509 http cache @emnapi/wasi-threads@https://registry.npmjs.org/@emnapi/wasi-threads/-/wasi-threads-1.0.1.tgz 0ms (cache hit)
510 http cache @tybys/wasm-util@https://registry.npmjs.org/@tybys/wasm-util/-/wasm-util-0.9.0.tgz 0ms (cache hit)
511 http cache globals@https://registry.npmjs.org/globals/-/globals-11.12.0.tgz 0ms (cache hit)
512 http cache is-arrayish@https://registry.npmjs.org/is-arrayish/-/is-arrayish-0.2.1.tgz 0ms (cache hit)
513 http cache @emnapi/core@https://registry.npmjs.org/@emnapi/core/-/core-1.4.0.tgz 0ms (cache hit)
514 silly tarball no local data for dom-helpers@https://registry.npmjs.org/dom-helpers/-/dom-helpers-5.2.1.tgz. Extracting by manifest.
515 silly tarball no local data for lines-and-columns@https://registry.npmjs.org/lines-and-columns/-/lines-and-columns-1.2.4.tgz. Extracting by manifest.
516 silly tarball no local data for json-parse-even-better-errors@https://registry.npmjs.org/json-parse-even-better-errors/-/json-parse-even-better-errors-2.3.1.tgz. Extracting by manifest.
517 silly tarball no local data for error-ex@https://registry.npmjs.org/error-ex/-/error-ex-1.3.2.tgz. Extracting by manifest.
518 silly tarball no local data for path-type@https://registry.npmjs.org/path-type/-/path-type-4.0.0.tgz. Extracting by manifest.
519 silly tarball no local data for yaml@https://registry.npmjs.org/yaml/-/yaml-1.10.2.tgz. Extracting by manifest.
520 silly tarball no local data for cosmiconfig@https://registry.npmjs.org/cosmiconfig/-/cosmiconfig-7.1.0.tgz. Extracting by manifest.
521 silly tarball no local data for @types/parse-json@https://registry.npmjs.org/@types/parse-json/-/parse-json-4.0.2.tgz. Extracting by manifest.
522 silly tarball no local data for parse-json@https://registry.npmjs.org/parse-json/-/parse-json-5.2.0.tgz. Extracting by manifest.
523 silly tarball no local data for @jridgewell/resolve-uri@https://registry.npmjs.org/@jridgewell/resolve-uri/-/resolve-uri-3.1.2.tgz. Extracting by manifest.
524 silly tarball no local data for @jridgewell/set-array@https://registry.npmjs.org/@jridgewell/set-array/-/set-array-1.2.1.tgz. Extracting by manifest.
525 silly tarball no local data for @jridgewell/sourcemap-codec@https://registry.npmjs.org/@jridgewell/sourcemap-codec/-/sourcemap-codec-1.5.0.tgz. Extracting by manifest.
526 silly tarball no local data for @floating-ui/utils@https://registry.npmjs.org/@floating-ui/utils/-/utils-0.2.9.tgz. Extracting by manifest.
527 silly tarball no local data for csstype@https://registry.npmjs.org/csstype/-/csstype-3.1.3.tgz. Extracting by manifest.
528 silly tarball no local data for @emotion/unitless@https://registry.npmjs.org/@emotion/unitless/-/unitless-0.10.0.tgz. Extracting by manifest.
529 silly tarball no local data for @floating-ui/core@https://registry.npmjs.org/@floating-ui/core/-/core-1.6.9.tgz. Extracting by manifest.
530 silly tarball no local data for @babel/helper-string-parser@https://registry.npmjs.org/@babel/helper-string-parser/-/helper-string-parser-7.25.9.tgz. Extracting by manifest.
531 silly tarball no local data for @jridgewell/trace-mapping@https://registry.npmjs.org/@jridgewell/trace-mapping/-/trace-mapping-0.3.25.tgz. Extracting by manifest.
532 silly tarball no local data for jsesc@https://registry.npmjs.org/jsesc/-/jsesc-3.1.0.tgz. Extracting by manifest.
533 silly tarball no local data for @jridgewell/gen-mapping@https://registry.npmjs.org/@jridgewell/gen-mapping/-/gen-mapping-0.3.8.tgz. Extracting by manifest.
534 silly tarball no local data for @babel/helper-validator-identifier@https://registry.npmjs.org/@babel/helper-validator-identifier/-/helper-validator-identifier-7.25.9.tgz. Extracting by manifest.
535 silly tarball no local data for @babel/template@https://registry.npmjs.org/@babel/template/-/template-7.27.0.tgz. Extracting by manifest.
536 silly tarball no local data for @babel/parser@https://registry.npmjs.org/@babel/parser/-/parser-7.27.0.tgz. Extracting by manifest.
537 silly tarball no local data for @babel/code-frame@https://registry.npmjs.org/@babel/code-frame/-/code-frame-7.26.2.tgz. Extracting by manifest.
538 silly tarball no local data for @babel/generator@https://registry.npmjs.org/@babel/generator/-/generator-7.27.0.tgz. Extracting by manifest.
539 silly tarball no local data for @babel/types@https://registry.npmjs.org/@babel/types/-/types-7.27.0.tgz. Extracting by manifest.
540 silly tarball no local data for @babel/traverse@https://registry.npmjs.org/@babel/traverse/-/traverse-7.27.0.tgz. Extracting by manifest.
541 silly tarball no local data for convert-source-map@https://registry.npmjs.org/convert-source-map/-/convert-source-map-1.9.0.tgz. Extracting by manifest.
542 silly tarball no local data for source-map@https://registry.npmjs.org/source-map/-/source-map-0.5.7.tgz. Extracting by manifest.
543 silly tarball no local data for find-root@https://registry.npmjs.org/find-root/-/find-root-1.1.0.tgz. Extracting by manifest.
544 silly tarball no local data for babel-plugin-macros@https://registry.npmjs.org/babel-plugin-macros/-/babel-plugin-macros-3.1.0.tgz. Extracting by manifest.
545 silly tarball no local data for @emotion/hash@https://registry.npmjs.org/@emotion/hash/-/hash-0.9.2.tgz. Extracting by manifest.
546 silly tarball no local data for @babel/helper-module-imports@https://registry.npmjs.org/@babel/helper-module-imports/-/helper-module-imports-7.25.9.tgz. Extracting by manifest.
547 silly tarball no local data for hoist-non-react-statics@https://registry.npmjs.org/hoist-non-react-statics/-/hoist-non-react-statics-3.3.2.tgz. Extracting by manifest.
548 silly tarball no local data for @emotion/use-insertion-effect-with-fallbacks@https://registry.npmjs.org/@emotion/use-insertion-effect-with-fallbacks/-/use-insertion-effect-with-fallbacks-1.2.0.tgz. Extracting by manifest.
549 silly tarball no local data for @emotion/babel-plugin@https://registry.npmjs.org/@emotion/babel-plugin/-/babel-plugin-11.13.5.tgz. Extracting by manifest.
550 silly tarball no local data for @emotion/weak-memoize@https://registry.npmjs.org/@emotion/weak-memoize/-/weak-memoize-0.4.0.tgz. Extracting by manifest.
551 silly tarball no local data for @emotion/utils@https://registry.npmjs.org/@emotion/utils/-/utils-1.4.2.tgz. Extracting by manifest.
552 silly tarball no local data for stylis@https://registry.npmjs.org/stylis/-/stylis-4.2.0.tgz. Extracting by manifest.
553 silly tarball no local data for @emotion/serialize@https://registry.npmjs.org/@emotion/serialize/-/serialize-1.3.3.tgz. Extracting by manifest.
554 silly tarball no local data for @emotion/memoize@https://registry.npmjs.org/@emotion/memoize/-/memoize-0.9.0.tgz. Extracting by manifest.
555 silly tarball no local data for @emotion/sheet@https://registry.npmjs.org/@emotion/sheet/-/sheet-1.4.0.tgz. Extracting by manifest.
556 silly tarball no local data for regenerator-runtime@https://registry.npmjs.org/regenerator-runtime/-/regenerator-runtime-0.14.1.tgz. Extracting by manifest.
557 silly tarball no local data for memoize-one@https://registry.npmjs.org/memoize-one/-/memoize-one-6.0.0.tgz. Extracting by manifest.
558 silly tarball no local data for use-isomorphic-layout-effect@https://registry.npmjs.org/use-isomorphic-layout-effect/-/use-isomorphic-layout-effect-1.2.0.tgz. Extracting by manifest.
559 silly tarball no local data for react-transition-group@https://registry.npmjs.org/react-transition-group/-/react-transition-group-4.4.5.tgz. Extracting by manifest.
560 silly tarball no local data for @types/react-transition-group@https://registry.npmjs.org/@types/react-transition-group/-/react-transition-group-4.4.12.tgz. Extracting by manifest.
561 silly tarball no local data for @emotion/react@https://registry.npmjs.org/@emotion/react/-/react-11.14.0.tgz. Extracting by manifest.
562 silly tarball no local data for @types/react@https://registry.npmjs.org/@types/react/-/react-19.1.0.tgz. Extracting by manifest.
563 silly tarball no local data for @floating-ui/dom@https://registry.npmjs.org/@floating-ui/dom/-/dom-1.6.13.tgz. Extracting by manifest.
564 silly tarball no local data for @emotion/cache@https://registry.npmjs.org/@emotion/cache/-/cache-11.14.0.tgz. Extracting by manifest.
565 silly tarball no local data for @babel/runtime@https://registry.npmjs.org/@babel/runtime/-/runtime-7.27.0.tgz. Extracting by manifest.
566 silly tarball no local data for react-select@https://registry.npmjs.org/react-select/-/react-select-5.10.1.tgz. Extracting by manifest.
567 silly tarball no local data for globals@https://registry.npmjs.org/globals/-/globals-11.12.0.tgz. Extracting by manifest.
568 silly tarball no local data for is-arrayish@https://registry.npmjs.org/is-arrayish/-/is-arrayish-0.2.1.tgz. Extracting by manifest.
569 http fetch GET 200 https://registry.npmjs.org/path-type/-/path-type-4.0.0.tgz 146ms (cache miss)
570 http fetch GET 200 https://registry.npmjs.org/lines-and-columns/-/lines-and-columns-1.2.4.tgz 154ms (cache miss)
571 http fetch GET 200 https://registry.npmjs.org/error-ex/-/error-ex-1.3.2.tgz 154ms (cache miss)
572 http fetch GET 200 https://registry.npmjs.org/json-parse-even-better-errors/-/json-parse-even-better-errors-2.3.1.tgz 156ms (cache miss)
573 http fetch GET 200 https://registry.npmjs.org/jsesc/-/jsesc-3.1.0.tgz 196ms (cache miss)
574 http fetch GET 200 https://registry.npmjs.org/@babel/helper-string-parser/-/helper-string-parser-7.25.9.tgz 236ms (cache miss)
575 http fetch GET 200 https://registry.npmjs.org/@emotion/unitless/-/unitless-0.10.0.tgz 238ms (cache miss)
576 http fetch GET 200 https://registry.npmjs.org/@jridgewell/gen-mapping/-/gen-mapping-0.3.8.tgz 242ms (cache miss)
577 http fetch POST 200 https://registry.npmjs.org/-/npm/v1/security/advisories/bulk 283ms
578 silly audit report {}
579 http fetch GET 200 https://registry.npmjs.org/@babel/helper-validator-identifier/-/helper-validator-identifier-7.25.9.tgz 280ms (cache miss)
580 http fetch GET 200 https://registry.npmjs.org/@floating-ui/core/-/core-1.6.9.tgz 290ms (cache miss)
581 http fetch GET 200 https://registry.npmjs.org/@jridgewell/trace-mapping/-/trace-mapping-0.3.25.tgz 307ms (cache miss)
582 http fetch GET 200 https://registry.npmjs.org/@babel/code-frame/-/code-frame-7.26.2.tgz 314ms (cache miss)
583 http fetch GET 200 https://registry.npmjs.org/@babel/template/-/template-7.27.0.tgz 347ms (cache miss)
584 http fetch GET 200 https://registry.npmjs.org/@types/parse-json/-/parse-json-4.0.2.tgz 455ms (cache miss)
585 http fetch GET 200 https://registry.npmjs.org/convert-source-map/-/convert-source-map-1.9.0.tgz 451ms (cache miss)
586 http fetch GET 200 https://registry.npmjs.org/parse-json/-/parse-json-5.2.0.tgz 471ms (cache miss)
587 http fetch GET 200 https://registry.npmjs.org/find-root/-/find-root-1.1.0.tgz 478ms (cache miss)
588 http fetch GET 200 https://registry.npmjs.org/babel-plugin-macros/-/babel-plugin-macros-3.1.0.tgz 488ms (cache miss)
589 http fetch GET 200 https://registry.npmjs.org/@jridgewell/set-array/-/set-array-1.2.1.tgz 599ms (cache miss)
590 http fetch GET 200 https://registry.npmjs.org/@jridgewell/resolve-uri/-/resolve-uri-3.1.2.tgz 631ms (cache miss)
591 http fetch GET 200 https://registry.npmjs.org/@emotion/memoize/-/memoize-0.9.0.tgz 630ms (cache miss)
592 http fetch GET 200 https://registry.npmjs.org/@emotion/utils/-/utils-1.4.2.tgz 631ms (cache miss)
593 http fetch GET 200 https://registry.npmjs.org/@emotion/use-insertion-effect-with-fallbacks/-/use-insertion-effect-with-fallbacks-1.2.0.tgz 633ms (cache miss)
594 http fetch GET 200 https://registry.npmjs.org/@emotion/sheet/-/sheet-1.4.0.tgz 634ms (cache miss)
595 http fetch GET 200 https://registry.npmjs.org/regenerator-runtime/-/regenerator-runtime-0.14.1.tgz 670ms (cache miss)
596 http fetch GET 200 https://registry.npmjs.org/use-isomorphic-layout-effect/-/use-isomorphic-layout-effect-1.2.0.tgz 690ms (cache miss)
597 http fetch GET 200 https://registry.npmjs.org/@jridgewell/sourcemap-codec/-/sourcemap-codec-1.5.0.tgz 733ms (cache miss)
598 http fetch GET 200 https://registry.npmjs.org/hoist-non-react-statics/-/hoist-non-react-statics-3.3.2.tgz 748ms (cache miss)
599 http fetch GET 200 https://registry.npmjs.org/@types/react-transition-group/-/react-transition-group-4.4.12.tgz 779ms (cache miss)
600 http fetch GET 200 https://registry.npmjs.org/is-arrayish/-/is-arrayish-0.2.1.tgz 783ms (cache miss)
601 http fetch GET 200 https://registry.npmjs.org/globals/-/globals-11.12.0.tgz 803ms (cache miss)
602 http fetch GET 200 https://registry.npmjs.org/@babel/helper-module-imports/-/helper-module-imports-7.25.9.tgz 811ms (cache miss)
603 http fetch GET 200 https://registry.npmjs.org/@floating-ui/utils/-/utils-0.2.9.tgz 827ms (cache miss)
604 http fetch GET 200 https://registry.npmjs.org/yaml/-/yaml-1.10.2.tgz 844ms (cache miss)
605 http fetch GET 200 https://registry.npmjs.org/memoize-one/-/memoize-one-6.0.0.tgz 836ms (cache miss)
606 http fetch GET 200 https://registry.npmjs.org/@emotion/hash/-/hash-0.9.2.tgz 847ms (cache miss)
607 http fetch GET 200 https://registry.npmjs.org/@emotion/weak-memoize/-/weak-memoize-0.4.0.tgz 848ms (cache miss)
608 http fetch GET 200 https://registry.npmjs.org/@emotion/serialize/-/serialize-1.3.3.tgz 859ms (cache miss)
609 http fetch GET 200 https://registry.npmjs.org/@floating-ui/dom/-/dom-1.6.13.tgz 866ms (cache miss)
610 http fetch GET 200 https://registry.npmjs.org/@babel/parser/-/parser-7.27.0.tgz 912ms (cache miss)
611 http fetch GET 200 https://registry.npmjs.org/stylis/-/stylis-4.2.0.tgz 916ms (cache miss)
612 http fetch GET 200 https://registry.npmjs.org/csstype/-/csstype-3.1.3.tgz 936ms (cache miss)
613 http fetch GET 200 https://registry.npmjs.org/source-map/-/source-map-0.5.7.tgz 936ms (cache miss)
614 http fetch GET 200 https://registry.npmjs.org/@babel/generator/-/generator-7.27.0.tgz 960ms (cache miss)
615 http fetch GET 200 https://registry.npmjs.org/@emotion/babel-plugin/-/babel-plugin-11.13.5.tgz 994ms (cache miss)
616 http fetch GET 200 https://registry.npmjs.org/cosmiconfig/-/cosmiconfig-7.1.0.tgz 1004ms (cache miss)
617 http fetch GET 200 https://registry.npmjs.org/@types/react/-/react-19.1.0.tgz 1005ms (cache miss)
618 http fetch GET 200 https://registry.npmjs.org/@emotion/cache/-/cache-11.14.0.tgz 1028ms (cache miss)
619 http fetch GET 200 https://registry.npmjs.org/react-transition-group/-/react-transition-group-4.4.5.tgz 1030ms (cache miss)
620 http fetch GET 200 https://registry.npmjs.org/@babel/traverse/-/traverse-7.27.0.tgz 1074ms (cache miss)
621 http fetch GET 200 https://registry.npmjs.org/react-select/-/react-select-5.10.1.tgz 1251ms (cache miss)
622 http fetch GET 200 https://registry.npmjs.org/@emotion/react/-/react-11.14.0.tgz 1263ms (cache miss)
623 http fetch GET 200 https://registry.npmjs.org/@babel/types/-/types-7.27.0.tgz 1327ms (cache miss)
624 http fetch GET 200 https://registry.npmjs.org/dom-helpers/-/dom-helpers-5.2.1.tgz 1349ms (cache miss)
625 http fetch GET 200 https://registry.npmjs.org/@babel/runtime/-/runtime-7.27.0.tgz 1334ms (cache miss)
626 silly ADD node_modules/dom-helpers
627 silly ADD node_modules/lines-and-columns
628 silly ADD node_modules/json-parse-even-better-errors
629 silly ADD node_modules/error-ex
630 silly ADD node_modules/error-ex/node_modules/is-arrayish
631 silly ADD node_modules/yaml
632 silly ADD node_modules/path-type
633 silly ADD node_modules/parse-json
634 silly ADD node_modules/@types/parse-json
635 silly ADD node_modules/cosmiconfig
636 silly ADD node_modules/@jridgewell/resolve-uri
637 silly ADD node_modules/@jridgewell/sourcemap-codec
638 silly ADD node_modules/@jridgewell/set-array
639 silly ADD node_modules/@floating-ui/utils
640 silly ADD node_modules/@floating-ui/core
641 silly ADD node_modules/csstype
642 silly ADD node_modules/@emotion/unitless
643 silly ADD node_modules/@babel/helper-string-parser
644 silly ADD node_modules/jsesc
645 silly ADD node_modules/@jridgewell/trace-mapping
646 silly ADD node_modules/@jridgewell/gen-mapping
647 silly ADD node_modules/@babel/helper-validator-identifier
648 silly ADD node_modules/@babel/template
649 silly ADD node_modules/@babel/parser
650 silly ADD node_modules/@babel/generator
651 silly ADD node_modules/@babel/code-frame
652 silly ADD node_modules/@babel/types
653 silly ADD node_modules/@babel/traverse
654 silly ADD node_modules/@babel/traverse/node_modules/globals
655 silly ADD node_modules/source-map
656 silly ADD node_modules/find-root
657 silly ADD node_modules/convert-source-map
658 silly ADD node_modules/babel-plugin-macros
659 silly ADD node_modules/@emotion/hash
660 silly ADD node_modules/@babel/helper-module-imports
661 silly ADD node_modules/hoist-non-react-statics
662 silly ADD node_modules/@emotion/use-insertion-effect-with-fallbacks
663 silly ADD node_modules/@emotion/serialize
664 silly ADD node_modules/@emotion/babel-plugin
665 silly ADD node_modules/stylis
666 silly ADD node_modules/@emotion/weak-memoize
667 silly ADD node_modules/@emotion/utils
668 silly ADD node_modules/@emotion/sheet
669 silly ADD node_modules/@emotion/memoize
670 silly ADD node_modules/regenerator-runtime
671 silly ADD node_modules/use-isomorphic-layout-effect
672 silly ADD node_modules/react-transition-group
673 silly ADD node_modules/memoize-one
674 silly ADD node_modules/@types/react
675 silly ADD node_modules/@types/react-transition-group
676 silly ADD node_modules/@floating-ui/dom
677 silly ADD node_modules/@emotion/react
678 silly ADD node_modules/@emotion/cache
679 silly ADD node_modules/@babel/runtime
680 silly ADD node_modules/react-select
681 silly ADD
682 silly ADD
683 silly ADD
684 silly ADD
685 silly ADD
686 silly ADD
687 silly ADD
688 silly ADD
689 silly ADD
690 silly ADD
691 silly ADD
692 silly ADD
693 silly ADD
694 silly ADD
695 silly ADD
696 silly ADD
697 silly ADD
698 silly ADD
699 silly ADD
700 silly ADD
701 silly ADD
702 silly ADD
703 silly ADD
704 silly ADD
705 silly ADD
706 silly ADD
707 silly ADD
708 silly ADD
709 silly ADD
710 silly ADD
711 silly ADD
712 silly ADD
713 silly ADD
714 silly ADD
715 silly ADD
716 silly ADD
717 silly ADD
718 silly ADD
719 silly ADD
720 silly ADD
721 silly ADD
722 silly ADD
723 silly ADD
724 silly ADD
725 silly ADD
726 silly ADD
727 silly ADD
728 silly ADD
729 silly ADD
730 silly ADD
731 silly ADD
732 silly ADD
733 silly ADD
734 silly ADD
735 silly ADD
736 silly ADD
737 silly ADD
738 silly ADD
739 silly ADD
740 silly ADD
741 silly ADD
742 silly ADD
743 verbose cwd D:\baixar\TESTE\erp-crm-engenharia
744 verbose os Windows_NT 10.0.22631
745 verbose node v22.11.0
746 verbose npm  v11.1.0
747 verbose exit 0
748 info ok
