0 verbose cli C:\Program Files\nodejs\node.exe C:\Users\kawhe\AppData\Roaming\npm\node_modules\npm\bin\npm-cli.js
1 info using npm@11.1.0
2 info using node@v22.11.0
3 silly config load:file:C:\Users\kawhe\AppData\Roaming\npm\node_modules\npm\npmrc
4 silly config load:file:D:\baixar\TESTE\erp-crm-engenharia\.npmrc
5 silly config load:file:C:\Users\kawhe\.npmrc
6 silly config load:file:C:\Users\kawhe\AppData\Roaming\npm\etc\npmrc
7 verbose title npm install forge-viewer
8 verbose argv "install" "forge-viewer"
9 verbose logfile logs-max:10 dir:D:\baixar\TESTE\erp-crm-engenharia\clean\_logs\2025-04-11T12_30_29_910Z-
10 verbose logfile D:\baixar\TESTE\erp-crm-engenharia\clean\_logs\2025-04-11T12_30_29_910Z-debug-0.log
11 silly logfile start cleaning logs, removing 1 files
12 silly packumentCache heap:4345298944 maxSize:1086324736 maxEntrySize:543162368
13 silly logfile done cleaning log files
14 silly idealTree buildDeps
15 silly fetch manifest forge-viewer@*
16 silly packumentCache full:https://registry.npmjs.org/forge-viewer cache-miss
17 http fetch GET 200 https://registry.npmjs.org/forge-viewer 954ms (cache miss)
18 silly packumentCache full:https://registry.npmjs.org/forge-viewer set size:269 disposed:false
19 silly placeDep ROOT forge-viewer@ OK for: erp-crm-engenharia@0.1.0 want: *
20 verbose type range
21 verbose stack forge-viewer: No versions available for forge-viewer
21 verbose stack     at pickManifest (C:\Users\kawhe\AppData\Roaming\npm\node_modules\npm\node_modules\npm-pick-manifest\lib\index.js:146:25)
21 verbose stack     at module.exports (C:\Users\kawhe\AppData\Roaming\npm\node_modules\npm\node_modules\npm-pick-manifest\lib\index.js:193:16)
21 verbose stack     at RegistryFetcher.manifest (C:\Users\kawhe\AppData\Roaming\npm\node_modules\npm\node_modules\pacote\lib\registry.js:130:54)
21 verbose stack     at async #fetchManifest (C:\Users\kawhe\AppData\Roaming\npm\node_modules\npm\node_modules\@npmcli\arborist\lib\arborist\build-ideal-tree.js:1202:20)
21 verbose stack     at async #nodeFromEdge (C:\Users\kawhe\AppData\Roaming\npm\node_modules\npm\node_modules\@npmcli\arborist\lib\arborist\build-ideal-tree.js:1040:19)
21 verbose stack     at async #buildDepStep (C:\Users\kawhe\AppData\Roaming\npm\node_modules\npm\node_modules\@npmcli\arborist\lib\arborist\build-ideal-tree.js:904:11)
21 verbose stack     at async Arborist.buildIdealTree (C:\Users\kawhe\AppData\Roaming\npm\node_modules\npm\node_modules\@npmcli\arborist\lib\arborist\build-ideal-tree.js:181:7)
21 verbose stack     at async Promise.all (index 1)
21 verbose stack     at async Arborist.reify (C:\Users\kawhe\AppData\Roaming\npm\node_modules\npm\node_modules\@npmcli\arborist\lib\arborist\reify.js:131:5)
21 verbose stack     at async Install.exec (C:\Users\kawhe\AppData\Roaming\npm\node_modules\npm\lib\commands\install.js:149:5)
22 error code ENOVERSIONS
23 error No versions available for forge-viewer
24 silly unfinished npm timer reify 1744374630448
25 silly unfinished npm timer reify:loadTrees 1744374630448
26 verbose cwd D:\baixar\TESTE\erp-crm-engenharia
27 verbose os Windows_NT 10.0.22631
28 verbose node v22.11.0
29 verbose npm  v11.1.0
30 verbose exit 1
31 verbose code 1
32 error A complete log of this run can be found in: D:\baixar\TESTE\erp-crm-engenharia\clean\_logs\2025-04-11T12_30_29_910Z-debug-0.log
