0 verbose cli C:\Program Files\nodejs\node.exe C:\Users\kawhe\AppData\Roaming\npm\node_modules\npm\bin\npm-cli.js
1 info using npm@11.1.0
2 info using node@v22.11.0
3 silly config load:file:C:\Users\kawhe\AppData\Roaming\npm\node_modules\npm\npmrc
4 silly config load:file:D:\baixar\TESTE\erp-crm-engenharia\.npmrc
5 silly config load:file:C:\Users\kawhe\.npmrc
6 silly config load:file:C:\Users\kawhe\AppData\Roaming\npm\etc\npmrc
7 verbose title npm install cloudconvert
8 verbose argv "install" "cloudconvert"
9 verbose logfile logs-max:10 dir:D:\baixar\TESTE\erp-crm-engenharia\clean\_logs\2025-04-15T21_03_42_848Z-
10 verbose logfile D:\baixar\TESTE\erp-crm-engenharia\clean\_logs\2025-04-15T21_03_42_848Z-debug-0.log
11 silly logfile start cleaning logs, removing 1 files
12 silly packumentCache heap:4345298944 maxSize:1086324736 maxEntrySize:543162368
13 silly logfile done cleaning log files
14 silly idealTree buildDeps
15 silly fetch manifest cloudconvert@*
16 silly packumentCache full:https://registry.npmjs.org/cloudconvert cache-miss
17 http fetch GET 200 https://registry.npmjs.org/cloudconvert 1184ms (cache miss)
18 silly packumentCache full:https://registry.npmjs.org/cloudconvert set size:undefined disposed:false
19 silly placeDep ROOT cloudconvert@2.3.7 OK for: erp-crm-engenharia@0.1.0 want: *
20 silly fetch manifest axios@^0.28.1
21 silly packumentCache full:https://registry.npmjs.org/axios cache-miss
22 silly fetch manifest socket.io-client@^4.6.1
23 silly packumentCache full:https://registry.npmjs.org/socket.io-client cache-miss
24 http fetch GET 200 https://registry.npmjs.org/axios 85ms (cache miss)
25 silly packumentCache full:https://registry.npmjs.org/axios set size:undefined disposed:false
26 http fetch GET 200 https://registry.npmjs.org/socket.io-client 246ms (cache miss)
27 silly packumentCache full:https://registry.npmjs.org/socket.io-client set size:undefined disposed:false
28 silly placeDep node_modules/cloudconvert axios@0.28.1 OK for: cloudconvert@2.3.7 want: ^0.28.1
29 silly placeDep ROOT socket.io-client@4.8.1 OK for: cloudconvert@2.3.7 want: ^4.6.1
30 silly fetch manifest @socket.io/component-emitter@~3.1.0
31 silly packumentCache full:https://registry.npmjs.org/@socket.io%2fcomponent-emitter cache-miss
32 silly fetch manifest debug@~4.3.2
33 silly packumentCache full:https://registry.npmjs.org/debug cache-miss
34 silly fetch manifest engine.io-client@~6.6.1
35 silly packumentCache full:https://registry.npmjs.org/engine.io-client cache-miss
36 silly fetch manifest socket.io-parser@~4.2.4
37 silly packumentCache full:https://registry.npmjs.org/socket.io-parser cache-miss
38 http fetch GET 200 https://registry.npmjs.org/debug 73ms (cache miss)
39 silly packumentCache full:https://registry.npmjs.org/debug set size:undefined disposed:false
40 http fetch GET 200 https://registry.npmjs.org/@socket.io%2fcomponent-emitter 116ms (cache miss)
41 silly packumentCache full:https://registry.npmjs.org/@socket.io%2fcomponent-emitter set size:undefined disposed:false
42 http fetch GET 200 https://registry.npmjs.org/engine.io-client 227ms (cache miss)
43 silly packumentCache full:https://registry.npmjs.org/engine.io-client set size:undefined disposed:false
44 http fetch GET 200 https://registry.npmjs.org/socket.io-parser 243ms (cache miss)
45 silly packumentCache full:https://registry.npmjs.org/socket.io-parser set size:undefined disposed:false
46 silly placeDep ROOT @socket.io/component-emitter@3.1.2 OK for: socket.io-client@4.8.1 want: ~3.1.0
47 silly placeDep node_modules/socket.io-client debug@4.3.7 OK for: socket.io-client@4.8.1 want: ~4.3.2
48 silly placeDep ROOT engine.io-client@6.6.3 OK for: socket.io-client@4.8.1 want: ~6.6.1
49 silly placeDep ROOT socket.io-parser@4.2.4 OK for: socket.io-client@4.8.1 want: ~4.2.4
50 silly fetch manifest debug@~4.3.1
51 silly packumentCache full:https://registry.npmjs.org/debug cache-miss
52 silly fetch manifest engine.io-parser@~5.2.1
53 silly packumentCache full:https://registry.npmjs.org/engine.io-parser cache-miss
54 silly fetch manifest ws@~8.17.1
55 silly packumentCache full:https://registry.npmjs.org/ws cache-miss
56 silly fetch manifest xmlhttprequest-ssl@~2.1.1
57 silly packumentCache full:https://registry.npmjs.org/xmlhttprequest-ssl cache-miss
58 silly fetch manifest debug@~4.3.1
59 silly packumentCache full:https://registry.npmjs.org/debug cache-miss
60 http cache https://registry.npmjs.org/debug 33ms (cache hit)
61 silly packumentCache full:https://registry.npmjs.org/debug set size:191237 disposed:false
62 http cache https://registry.npmjs.org/debug 36ms (cache hit)
63 silly packumentCache full:https://registry.npmjs.org/debug set size:191237 disposed:false
64 silly packumentCache full:https://registry.npmjs.org/debug dispose
65 http fetch GET 200 https://registry.npmjs.org/engine.io-parser 120ms (cache miss)
66 silly packumentCache full:https://registry.npmjs.org/engine.io-parser set size:undefined disposed:false
67 http fetch GET 200 https://registry.npmjs.org/xmlhttprequest-ssl 120ms (cache miss)
68 silly packumentCache full:https://registry.npmjs.org/xmlhttprequest-ssl set size:undefined disposed:false
69 http fetch GET 200 https://registry.npmjs.org/ws 186ms (cache miss)
70 silly packumentCache full:https://registry.npmjs.org/ws set size:undefined disposed:false
71 silly fetch manifest bufferutil@^4.0.1
72 silly packumentCache full:https://registry.npmjs.org/bufferutil cache-miss
73 http fetch GET 200 https://registry.npmjs.org/bufferutil 81ms (cache miss)
74 silly packumentCache full:https://registry.npmjs.org/bufferutil set size:undefined disposed:false
75 silly fetch manifest utf-8-validate@>=5.0.2
76 silly packumentCache full:https://registry.npmjs.org/utf-8-validate cache-miss
77 http fetch GET 200 https://registry.npmjs.org/utf-8-validate 82ms (cache miss)
78 silly packumentCache full:https://registry.npmjs.org/utf-8-validate set size:undefined disposed:false
79 silly placeDep node_modules/engine.io-client debug@4.3.7 OK for: engine.io-client@6.6.3 want: ~4.3.1
80 silly placeDep ROOT engine.io-parser@5.2.3 OK for: engine.io-client@6.6.3 want: ~5.2.1
81 silly placeDep ROOT ws@8.17.1 OK for: engine.io-client@6.6.3 want: ~8.17.1
82 silly placeDep ROOT xmlhttprequest-ssl@2.1.2 OK for: engine.io-client@6.6.3 want: ~2.1.1
83 silly placeDep node_modules/socket.io-parser debug@4.3.7 OK for: socket.io-parser@4.2.4 want: ~4.3.1
84 silly fetch manifest three@^0.149.0
85 silly packumentCache full:https://registry.npmjs.org/three cache-miss
86 http fetch GET 200 https://registry.npmjs.org/three 134ms (cache updated)
87 silly packumentCache full:https://registry.npmjs.org/three set size:undefined disposed:false
88 warn ERESOLVE overriding peer dependency {
88 warn ERESOLVE   code: 'ERESOLVE',
88 warn ERESOLVE   edge: {
88 warn ERESOLVE     type: 'peer',
88 warn ERESOLVE     name: 'three',
88 warn ERESOLVE     spec: '^0.149.0',
88 warn ERESOLVE     error: 'INVALID',
88 warn ERESOLVE     from: {
88 warn ERESOLVE       name: 'web-ifc-three',
88 warn ERESOLVE       version: '0.0.125',
88 warn ERESOLVE       location: 'node_modules/web-ifc-three',
88 warn ERESOLVE       isWorkspace: false,
88 warn ERESOLVE       dependents: [Array]
88 warn ERESOLVE     }
88 warn ERESOLVE   },
88 warn ERESOLVE   dep: {
88 warn ERESOLVE     name: 'three',
88 warn ERESOLVE     version: '0.149.0',
88 warn ERESOLVE     whileInstalling: {
88 warn ERESOLVE       name: 'web-ifc-three',
88 warn ERESOLVE       version: '0.0.125',
88 warn ERESOLVE       path: 'D:\\baixar\\TESTE\\erp-crm-engenharia\\node_modules\\web-ifc-three'
88 warn ERESOLVE     },
88 warn ERESOLVE     location: 'node_modules/three',
88 warn ERESOLVE     isWorkspace: false,
88 warn ERESOLVE     dependents: [ [Object] ]
88 warn ERESOLVE   },
88 warn ERESOLVE   force: false,
88 warn ERESOLVE   isMine: false,
88 warn ERESOLVE   strictPeerDeps: false,
88 warn ERESOLVE   current: {
88 warn ERESOLVE     name: 'three',
88 warn ERESOLVE     version: '0.135.0',
88 warn ERESOLVE     location: 'node_modules/three',
88 warn ERESOLVE     isWorkspace: false,
88 warn ERESOLVE     dependents: [ [Object], [Object], [Object], [Object], [Object] ]
88 warn ERESOLVE   },
88 warn ERESOLVE   peerConflict: {
88 warn ERESOLVE     current: {
88 warn ERESOLVE       name: 'three',
88 warn ERESOLVE       version: '0.135.0',
88 warn ERESOLVE       location: 'node_modules/three',
88 warn ERESOLVE       isWorkspace: false,
88 warn ERESOLVE       dependents: [Array]
88 warn ERESOLVE     },
88 warn ERESOLVE     peer: {
88 warn ERESOLVE       name: 'three',
88 warn ERESOLVE       version: '0.149.0',
88 warn ERESOLVE       whileInstalling: [Object],
88 warn ERESOLVE       location: 'node_modules/three',
88 warn ERESOLVE       isWorkspace: false,
88 warn ERESOLVE       dependents: [Array]
88 warn ERESOLVE     }
88 warn ERESOLVE   }
88 warn ERESOLVE }
89 silly reify moves {}
90 silly audit bulk request {
90 silly audit   '@alloc/quick-lru': [ '5.2.0' ],
90 silly audit   '@babel/code-frame': [ '7.26.2' ],
90 silly audit   '@babel/generator': [ '7.27.0' ],
90 silly audit   '@babel/helper-module-imports': [ '7.25.9' ],
90 silly audit   '@babel/helper-string-parser': [ '7.25.9' ],
90 silly audit   '@babel/helper-validator-identifier': [ '7.25.9' ],
90 silly audit   '@babel/parser': [ '7.27.0' ],
90 silly audit   '@babel/runtime': [ '7.27.0' ],
90 silly audit   '@babel/template': [ '7.27.0' ],
90 silly audit   '@babel/traverse': [ '7.27.0' ],
90 silly audit   globals: [ '11.12.0', '14.0.0' ],
90 silly audit   '@babel/types': [ '7.27.0' ],
90 silly audit   '@emotion/babel-plugin': [ '11.13.5' ],
90 silly audit   '@emotion/cache': [ '11.14.0' ],
90 silly audit   '@emotion/hash': [ '0.9.2' ],
90 silly audit   '@emotion/memoize': [ '0.9.0' ],
90 silly audit   '@emotion/react': [ '11.14.0' ],
90 silly audit   '@emotion/serialize': [ '1.3.3' ],
90 silly audit   '@emotion/sheet': [ '1.4.0' ],
90 silly audit   '@emotion/unitless': [ '0.10.0' ],
90 silly audit   '@emotion/use-insertion-effect-with-fallbacks': [ '1.2.0' ],
90 silly audit   '@emotion/utils': [ '1.4.2' ],
90 silly audit   '@emotion/weak-memoize': [ '0.4.0' ],
90 silly audit   '@eslint-community/eslint-utils': [ '4.5.1' ],
90 silly audit   'eslint-visitor-keys': [ '3.4.3', '4.2.0' ],
90 silly audit   '@eslint-community/regexpp': [ '4.12.1' ],
90 silly audit   '@eslint/config-array': [ '0.20.0' ],
90 silly audit   '@eslint/config-helpers': [ '0.2.1' ],
90 silly audit   '@eslint/core': [ '0.12.0', '0.13.0' ],
90 silly audit   '@eslint/eslintrc': [ '3.3.1' ],
90 silly audit   '@eslint/js': [ '9.24.0' ],
90 silly audit   '@eslint/object-schema': [ '2.1.6' ],
90 silly audit   '@eslint/plugin-kit': [ '0.2.8' ],
90 silly audit   '@fastify/busboy': [ '3.1.1' ],
90 silly audit   '@firebase/analytics': [ '0.10.12' ],
90 silly audit   '@firebase/analytics-compat': [ '0.2.18' ],
90 silly audit   '@firebase/analytics-types': [ '0.8.3' ],
90 silly audit   '@firebase/app': [ '0.11.4' ],
90 silly audit   '@firebase/app-check': [ '0.8.13' ],
90 silly audit   '@firebase/app-check-compat': [ '0.3.20' ],
90 silly audit   '@firebase/app-check-interop-types': [ '0.3.3' ],
90 silly audit   '@firebase/app-check-types': [ '0.5.3' ],
90 silly audit   '@firebase/app-compat': [ '0.2.53' ],
90 silly audit   '@firebase/app-types': [ '0.9.3' ],
90 silly audit   '@firebase/auth': [ '1.10.0' ],
90 silly audit   '@firebase/auth-compat': [ '0.5.20' ],
90 silly audit   '@firebase/auth-interop-types': [ '0.2.4' ],
90 silly audit   '@firebase/auth-types': [ '0.13.0' ],
90 silly audit   '@firebase/component': [ '0.6.13' ],
90 silly audit   '@firebase/data-connect': [ '0.3.3' ],
90 silly audit   '@firebase/database': [ '1.0.14' ],
90 silly audit   '@firebase/database-compat': [ '2.0.5' ],
90 silly audit   '@firebase/database-types': [ '1.0.10' ],
90 silly audit   '@firebase/firestore': [ '4.7.10' ],
90 silly audit   '@firebase/firestore-compat': [ '0.3.45' ],
90 silly audit   '@firebase/firestore-types': [ '3.0.3' ],
90 silly audit   '@firebase/functions': [ '0.12.3' ],
90 silly audit   '@firebase/functions-compat': [ '0.3.20' ],
90 silly audit   '@firebase/functions-types': [ '0.6.3' ],
90 silly audit   '@firebase/installations': [ '0.6.13' ],
90 silly audit   '@firebase/installations-compat': [ '0.2.13' ],
90 silly audit   '@firebase/installations-types': [ '0.5.3' ],
90 silly audit   '@firebase/logger': [ '0.4.4' ],
90 silly audit   '@firebase/messaging': [ '0.12.17' ],
90 silly audit   '@firebase/messaging-compat': [ '0.2.17' ],
90 silly audit   '@firebase/messaging-interop-types': [ '0.2.3' ],
90 silly audit   '@firebase/performance': [ '0.7.2' ],
90 silly audit   '@firebase/performance-compat': [ '0.2.15' ],
90 silly audit   '@firebase/performance-types': [ '0.2.3' ],
90 silly audit   '@firebase/remote-config': [ '0.6.0' ],
90 silly audit   '@firebase/remote-config-compat': [ '0.2.13' ],
90 silly audit   '@firebase/remote-config-types': [ '0.4.0' ],
90 silly audit   '@firebase/storage': [ '0.13.7' ],
90 silly audit   '@firebase/storage-compat': [ '0.3.17' ],
90 silly audit   '@firebase/storage-types': [ '0.8.3' ],
90 silly audit   '@firebase/util': [ '1.11.0' ],
90 silly audit   '@firebase/vertexai': [ '1.2.1' ],
90 silly audit   '@firebase/webchannel-wrapper': [ '1.0.3' ],
90 silly audit   '@floating-ui/core': [ '1.6.9' ],
90 silly audit   '@floating-ui/dom': [ '1.6.13' ],
90 silly audit   '@floating-ui/react': [ '0.26.28' ],
90 silly audit   '@floating-ui/react-dom': [ '2.1.2' ],
90 silly audit   '@floating-ui/utils': [ '0.2.9' ],
90 silly audit   '@google-cloud/firestore': [ '7.11.0' ],
90 silly audit   '@google-cloud/paginator': [ '5.0.2' ],
90 silly audit   '@google-cloud/projectify': [ '4.0.0' ],
90 silly audit   '@google-cloud/promisify': [ '4.0.0' ],
90 silly audit   '@google-cloud/storage': [ '7.16.0' ],
90 silly audit   uuid: [ '8.3.2', '9.0.1', '11.1.0' ],
90 silly audit   '@grpc/grpc-js': [ '1.9.15', '1.13.3' ],
90 silly audit   '@grpc/proto-loader': [ '0.7.13' ],
90 silly audit   '@headlessui/react': [ '2.2.1' ],
90 silly audit   '@humanfs/core': [ '0.19.1' ],
90 silly audit   '@humanfs/node': [ '0.16.6' ],
90 silly audit   '@humanwhocodes/retry': [ '0.3.1', '0.4.2' ],
90 silly audit   '@humanwhocodes/module-importer': [ '1.0.1' ],
90 silly audit   '@img/sharp-win32-x64': [ '0.33.5' ],
90 silly audit   '@jridgewell/gen-mapping': [ '0.3.8' ],
90 silly audit   '@jridgewell/resolve-uri': [ '3.1.2' ],
90 silly audit   '@jridgewell/set-array': [ '1.2.1' ],
90 silly audit   '@jridgewell/sourcemap-codec': [ '1.5.0' ],
90 silly audit   '@jridgewell/trace-mapping': [ '0.3.25' ],
90 silly audit   '@js-sdsl/ordered-map': [ '4.4.2' ],
90 silly audit   '@next/env': [ '15.2.4' ],
90 silly audit   '@next/eslint-plugin-next': [ '15.2.4' ],
90 silly audit   '@next/swc-darwin-arm64': [ '15.2.4' ],
90 silly audit   '@next/swc-darwin-x64': [ '15.2.4' ],
90 silly audit   '@next/swc-linux-arm64-gnu': [ '15.2.4' ],
90 silly audit   '@next/swc-linux-arm64-musl': [ '15.2.4' ],
90 silly audit   '@next/swc-linux-x64-gnu': [ '15.2.4' ],
90 silly audit   '@next/swc-linux-x64-musl': [ '15.2.4' ],
90 silly audit   '@next/swc-win32-arm64-msvc': [ '15.2.4' ],
90 silly audit   '@next/swc-win32-x64-msvc': [ '15.2.4' ],
90 silly audit   '@nodelib/fs.scandir': [ '2.1.5' ],
90 silly audit   '@nodelib/fs.stat': [ '2.0.5' ],
90 silly audit   '@nodelib/fs.walk': [ '1.2.8' ],
90 silly audit   '@nolyfill/is-core-module': [ '1.0.39' ],
90 silly audit   '@opentelemetry/api': [ '1.9.0' ],
90 silly audit   '@protobufjs/aspromise': [ '1.1.2' ],
90 silly audit   '@protobufjs/base64': [ '1.1.2' ],
90 silly audit   '@protobufjs/codegen': [ '2.0.4' ],
90 silly audit   '@protobufjs/eventemitter': [ '1.1.0' ],
90 silly audit   '@protobufjs/fetch': [ '1.1.0' ],
90 silly audit   '@protobufjs/float': [ '1.0.2' ],
90 silly audit   '@protobufjs/inquire': [ '1.1.0' ],
90 silly audit   '@protobufjs/path': [ '1.1.2' ],
90 silly audit   '@protobufjs/pool': [ '1.1.0' ],
90 silly audit   '@protobufjs/utf8': [ '1.1.0' ],
90 silly audit   '@react-aria/focus': [ '3.20.1' ],
90 silly audit   '@react-aria/interactions': [ '3.24.1' ],
90 silly audit   '@react-aria/ssr': [ '3.9.7' ],
90 silly audit   '@react-aria/utils': [ '3.28.1' ],
90 silly audit   '@react-pdf-viewer/attachment': [ '3.12.0' ],
90 silly audit   '@react-pdf-viewer/bookmark': [ '3.12.0' ],
90 silly audit   '@react-pdf-viewer/core': [ '3.12.0' ],
90 silly audit   '@react-pdf-viewer/default-layout': [ '3.12.0' ],
90 silly audit   '@react-pdf-viewer/full-screen': [ '3.12.0' ],
90 silly audit   '@react-pdf-viewer/get-file': [ '3.12.0' ],
90 silly audit   '@react-pdf-viewer/open': [ '3.12.0' ],
90 silly audit   '@react-pdf-viewer/page-navigation': [ '3.12.0' ],
90 silly audit   '@react-pdf-viewer/print': [ '3.12.0' ],
90 silly audit   '@react-pdf-viewer/properties': [ '3.12.0' ],
90 silly audit   '@react-pdf-viewer/rotate': [ '3.12.0' ],
90 silly audit   '@react-pdf-viewer/scroll-mode': [ '3.12.0' ],
90 silly audit   '@react-pdf-viewer/search': [ '3.12.0' ],
90 silly audit   '@react-pdf-viewer/selection-mode': [ '3.12.0' ],
90 silly audit   '@react-pdf-viewer/theme': [ '3.12.0' ],
90 silly audit   '@react-pdf-viewer/thumbnail': [ '3.12.0' ],
90 silly audit   '@react-pdf-viewer/toolbar': [ '3.12.0' ],
90 silly audit   '@react-pdf-viewer/zoom': [ '3.12.0' ],
90 silly audit   '@react-stately/flags': [ '3.1.0' ],
90 silly audit   '@react-stately/utils': [ '3.10.5' ],
90 silly audit   '@react-types/shared': [ '3.28.0' ],
90 silly audit   '@rtsao/scc': [ '1.1.0' ],
90 silly audit   '@rushstack/eslint-patch': [ '1.11.0' ],
90 silly audit   '@swc/counter': [ '0.1.3' ],
90 silly audit   '@swc/helpers': [ '0.5.15' ],
90 silly audit   '@tailwindcss/node': [ '4.1.3' ],
90 silly audit   '@tailwindcss/oxide': [ '4.1.3' ],
90 silly audit   '@tailwindcss/oxide-win32-x64-msvc': [ '4.1.3' ],
90 silly audit   '@tailwindcss/postcss': [ '4.1.3' ],
90 silly audit   '@tanstack/react-virtual': [ '3.13.6' ],
90 silly audit   '@tanstack/virtual-core': [ '3.13.6' ],
90 silly audit   '@tootallnate/once': [ '2.0.0' ],
90 silly audit   '@types/body-parser': [ '1.19.5' ],
90 silly audit   '@types/caseless': [ '0.12.5' ],
90 silly audit   '@types/connect': [ '3.4.38' ],
90 silly audit   '@types/estree': [ '1.0.7' ],
90 silly audit   '@types/express': [ '4.17.21' ],
90 silly audit   '@types/express-serve-static-core': [ '4.19.6' ],
90 silly audit   '@types/forge-viewer': [ '7.89.1' ],
90 silly audit   '@types/hast': [ '2.3.10' ],
90 silly audit   '@types/http-errors': [ '2.0.4' ],
90 silly audit   '@types/json-schema': [ '7.0.15' ],
90 silly audit   '@types/json5': [ '0.0.29' ],
90 silly audit   '@types/jsonwebtoken': [ '9.0.9' ],
90 silly audit   '@types/long': [ '4.0.2' ],
90 silly audit   '@types/mime': [ '1.3.5' ],
90 silly audit   '@types/ms': [ '2.1.0' ],
90 silly audit   '@types/node': [ '22.14.0' ],
90 silly audit   '@types/parse-json': [ '4.0.2' ],
90 silly audit   '@types/prismjs': [ '1.26.5' ],
90 silly audit   '@types/qs': [ '6.9.18' ],
90 silly audit   '@types/range-parser': [ '1.2.7' ],
90 silly audit   '@types/react': [ '19.1.0' ],
90 silly audit   '@types/react-transition-group': [ '4.4.12' ],
90 silly audit   '@types/request': [ '2.48.12' ],
90 silly audit   'form-data': [ '2.5.3', '4.0.2' ],
90 silly audit   '@types/send': [ '0.17.4' ],
90 silly audit   '@types/serve-static': [ '1.15.7' ],
90 silly audit   '@types/tough-cookie': [ '4.0.5' ],
90 silly audit   '@types/unist': [ '2.0.11' ],
90 silly audit   '@typescript-eslint/eslint-plugin': [ '8.29.1' ],
90 silly audit   '@typescript-eslint/parser': [ '8.29.1' ],
90 silly audit   '@typescript-eslint/scope-manager': [ '8.29.1' ],
90 silly audit   '@typescript-eslint/type-utils': [ '8.29.1' ],
90 silly audit   '@typescript-eslint/types': [ '8.29.1' ],
90 silly audit   '@typescript-eslint/typescript-estree': [ '8.29.1' ],
90 silly audit   'brace-expansion': [ '2.0.1', '1.1.11' ],
90 silly audit   'fast-glob': [ '3.3.3', '3.3.1' ],
90 silly audit   'glob-parent': [ '5.1.2', '6.0.2' ],
90 silly audit   minimatch: [ '9.0.5', '3.1.2' ],
90 silly audit   '@typescript-eslint/utils': [ '8.29.1' ],
90 silly audit   '@typescript-eslint/visitor-keys': [ '8.29.1' ],
90 silly audit   '@unrs/resolver-binding-win32-x64-msvc': [ '1.4.1' ],
90 silly audit   'abort-controller': [ '3.0.0' ],
90 silly audit   acorn: [ '8.14.1' ],
90 silly audit   'acorn-jsx': [ '5.3.2' ],
90 silly audit   'adler-32': [ '1.3.1' ],
90 silly audit   'agent-base': [ '6.0.2', '7.1.3' ],
90 silly audit   ajv: [ '6.12.6' ],
90 silly audit   'ansi-regex': [ '5.0.1' ],
90 silly audit   'ansi-styles': [ '4.3.0' ],
90 silly audit   argparse: [ '2.0.1' ],
90 silly audit   'aria-query': [ '5.3.2' ],
90 silly audit   'array-buffer-byte-length': [ '1.0.2' ],
90 silly audit   'array-includes': [ '3.1.8' ],
90 silly audit   'array.prototype.findlast': [ '1.2.5' ],
90 silly audit   'array.prototype.findlastindex': [ '1.2.6' ],
90 silly audit   'array.prototype.flat': [ '1.3.3' ],
90 silly audit   'array.prototype.flatmap': [ '1.3.3' ],
90 silly audit   'array.prototype.tosorted': [ '1.1.4' ],
90 silly audit   'arraybuffer.prototype.slice': [ '1.0.4' ],
90 silly audit   arrify: [ '2.0.1' ],
90 silly audit   'ast-types-flow': [ '0.0.8' ],
90 silly audit   'async-function': [ '1.0.0' ],
90 silly audit   'async-retry': [ '1.3.3' ],
90 silly audit   asynckit: [ '0.4.0' ],
90 silly audit   'available-typed-arrays': [ '1.0.7' ],
90 silly audit   'axe-core': [ '4.10.3' ],
90 silly audit   axios: [ '1.8.4', '0.28.1' ],
90 silly audit   'axobject-query': [ '4.1.0' ],
90 silly audit   'babel-plugin-macros': [ '3.1.0' ],
90 silly audit   'balanced-match': [ '1.0.2' ],
90 silly audit   'base64-js': [ '1.5.1' ],
90 silly audit   'bignumber.js': [ '9.2.1' ],
90 silly audit   bl: [ '4.1.0' ],
90 silly audit   braces: [ '3.0.3' ],
90 silly audit   buffer: [ '5.7.1' ],
90 silly audit   'buffer-equal-constant-time': [ '1.0.1' ],
90 silly audit   busboy: [ '1.6.0' ],
90 silly audit   'call-bind': [ '1.0.8' ],
90 silly audit   'call-bind-apply-helpers': [ '1.0.2' ],
90 silly audit   'call-bound': [ '1.0.4' ],
90 silly audit   callsites: [ '3.1.0' ],
90 silly audit   'camera-controls': [ '1.38.2' ],
90 silly audit   'caniuse-lite': [ '1.0.30001712' ],
90 silly audit   cfb: [ '1.2.2' ],
90 silly audit   chalk: [ '4.1.2' ],
90 silly audit   'character-entities': [ '1.2.4' ],
90 silly audit   'character-entities-legacy': [ '1.1.4' ],
90 silly audit   'character-reference-invalid': [ '1.1.4' ],
90 silly audit   'client-only': [ '0.0.1' ],
90 silly audit   cliui: [ '8.0.1' ],
90 silly audit   clsx: [ '2.1.1' ],
90 silly audit   codepage: [ '1.15.0' ],
90 silly audit   color: [ '4.2.3' ],
90 silly audit   'color-convert': [ '2.0.1' ],
90 silly audit   'color-name': [ '1.1.4' ],
90 silly audit   'color-string': [ '1.9.1' ],
90 silly audit   'combined-stream': [ '1.0.8' ],
90 silly audit   'comma-separated-tokens': [ '1.0.8' ],
90 silly audit   'concat-map': [ '0.0.1' ],
90 silly audit   'convert-source-map': [ '1.9.0' ],
90 silly audit   cosmiconfig: [ '7.1.0' ],
90 silly audit   'crc-32': [ '1.2.2' ],
90 silly audit   'cross-spawn': [ '7.0.6' ],
90 silly audit   csstype: [ '3.1.3' ],
90 silly audit   'damerau-levenshtein': [ '1.0.8' ],
90 silly audit   'dat.gui': [ '0.7.9' ],
90 silly audit   'data-view-buffer': [ '1.0.2' ],
90 silly audit   'data-view-byte-length': [ '1.0.2' ],
90 silly audit   'data-view-byte-offset': [ '1.0.1' ],
90 silly audit   debug: [ '4.4.0', '3.2.7', '4.3.7' ],
90 silly audit   'deep-extend': [ '0.6.0' ],
90 silly audit   'deep-is': [ '0.1.4' ],
90 silly audit   'define-data-property': [ '1.1.4' ],
90 silly audit   'define-properties': [ '1.2.1' ],
90 silly audit   'delayed-stream': [ '1.0.0' ],
90 silly audit   dequal: [ '2.0.3' ],
90 silly audit   'detect-libc': [ '2.0.3' ],
90 silly audit   doctrine: [ '2.1.0' ],
90 silly audit   'dom-helpers': [ '5.2.1' ],
90 silly audit   'dunder-proto': [ '1.0.1' ],
90 silly audit   duplexify: [ '4.1.3' ],
90 silly audit   'ecdsa-sig-formatter': [ '1.0.11' ],
90 silly audit   'emoji-regex': [ '9.2.2', '8.0.0' ],
90 silly audit   'end-of-stream': [ '1.4.4' ],
90 silly audit   'enhanced-resolve': [ '5.18.1' ],
90 silly audit   'error-ex': [ '1.3.2' ],
90 silly audit   'is-arrayish': [ '0.2.1', '0.3.2' ],
90 silly audit   'es-abstract': [ '1.23.9' ],
90 silly audit   'es-define-property': [ '1.0.1' ],
90 silly audit   'es-errors': [ '1.3.0' ],
90 silly audit   'es-iterator-helpers': [ '1.2.1' ],
90 silly audit   'es-object-atoms': [ '1.1.1' ],
90 silly audit   'es-set-tostringtag': [ '2.1.0' ],
90 silly audit   'es-shim-unscopables': [ '1.1.0' ],
90 silly audit   'es-to-primitive': [ '1.3.0' ],
90 silly audit   escalade: [ '3.2.0' ],
90 silly audit   'escape-string-regexp': [ '4.0.0' ],
90 silly audit   eslint: [ '9.24.0' ],
90 silly audit   'eslint-config-next': [ '15.2.4' ],
90 silly audit   'eslint-import-resolver-node': [ '0.3.9' ],
90 silly audit   'eslint-import-resolver-typescript': [ '3.10.0' ],
90 silly audit   'eslint-module-utils': [ '2.12.0' ],
90 silly audit   'eslint-plugin-import': [ '2.31.0' ],
90 silly audit   semver: [ '6.3.1', '7.7.1' ],
90 silly audit   'eslint-plugin-jsx-a11y': [ '6.10.2' ],
90 silly audit   'eslint-plugin-react': [ '7.37.5' ],
90 silly audit   'eslint-plugin-react-hooks': [ '5.2.0' ],
90 silly audit   resolve: [ '2.0.0-next.5', '1.22.10' ],
90 silly audit   'eslint-scope': [ '8.3.0' ],
90 silly audit   espree: [ '10.3.0' ],
90 silly audit   esquery: [ '1.6.0' ],
90 silly audit   esrecurse: [ '4.3.0' ],
90 silly audit   estraverse: [ '5.3.0' ],
90 silly audit   esutils: [ '2.0.3' ],
90 silly audit   'event-target-shim': [ '5.0.1' ],
90 silly audit   'expand-template': [ '2.0.3' ],
90 silly audit   extend: [ '3.0.2' ],
90 silly audit   'farmhash-modern': [ '1.1.0' ],
90 silly audit   'fast-deep-equal': [ '3.1.3' ],
90 silly audit   'fast-json-stable-stringify': [ '2.1.0' ],
90 silly audit   'fast-levenshtein': [ '2.0.6' ],
90 silly audit   'fast-xml-parser': [ '4.5.3' ],
90 silly audit   fastq: [ '1.19.1' ],
90 silly audit   fault: [ '1.0.4' ],
90 silly audit   'faye-websocket': [ '0.11.4' ],
90 silly audit   'file-entry-cache': [ '8.0.0' ],
90 silly audit   'fill-range': [ '7.1.1' ],
90 silly audit   'find-root': [ '1.1.0' ],
90 silly audit   'find-up': [ '5.0.0' ],
90 silly audit   firebase: [ '11.6.0' ],
90 silly audit   'firebase-admin': [ '13.2.0' ],
90 silly audit   'flat-cache': [ '4.0.1' ],
90 silly audit   flatted: [ '3.3.3' ],
90 silly audit   'follow-redirects': [ '1.15.9' ],
90 silly audit   'for-each': [ '0.3.5' ],
90 silly audit   format: [ '0.2.2' ],
90 silly audit   frac: [ '1.1.2' ],
90 silly audit   fs: [ '0.0.1-security' ],
90 silly audit   'fs-constants': [ '1.0.0' ],
90 silly audit   'function-bind': [ '1.1.2' ],
90 silly audit   'function.prototype.name': [ '1.1.8' ],
90 silly audit   'functional-red-black-tree': [ '1.0.1' ],
90 silly audit   'functions-have-names': [ '1.2.3' ],
90 silly audit   gaxios: [ '6.7.1' ],
90 silly audit   'https-proxy-agent': [ '7.0.6', '5.0.1' ],
90 silly audit   'gcp-metadata': [ '6.1.1' ],
90 silly audit   'get-caller-file': [ '2.0.5' ],
90 silly audit   'get-intrinsic': [ '1.3.0' ],
90 silly audit   'get-proto': [ '1.0.1' ],
90 silly audit   'get-symbol-description': [ '1.1.0' ],
90 silly audit   'get-tsconfig': [ '4.10.0' ],
90 silly audit   'github-from-package': [ '0.0.0' ],
90 silly audit   globalthis: [ '1.0.4' ],
90 silly audit   'google-auth-library': [ '9.15.1' ],
90 silly audit   'google-gax': [ '4.4.1' ],
90 silly audit   'google-logging-utils': [ '0.0.2' ],
90 silly audit   gopd: [ '1.2.0' ],
90 silly audit   'graceful-fs': [ '4.2.11' ],
90 silly audit   graphemer: [ '1.4.0' ],
90 silly audit   gsap: [ '3.12.7' ],
90 silly audit   gtoken: [ '7.1.0' ],
90 silly audit   'has-bigints': [ '1.1.0' ],
90 silly audit   'has-flag': [ '4.0.0' ],
90 silly audit   'has-property-descriptors': [ '1.0.2' ],
90 silly audit   'has-proto': [ '1.2.0' ],
90 silly audit   'has-symbols': [ '1.1.0' ],
90 silly audit   'has-tostringtag': [ '1.0.2' ],
90 silly audit   hasown: [ '2.0.2' ],
90 silly audit   'hast-util-parse-selector': [ '2.2.5' ],
90 silly audit   hastscript: [ '6.0.0' ],
90 silly audit   'highlight.js': [ '10.7.3' ],
90 silly audit   'highlightjs-vue': [ '1.0.0' ],
90 silly audit   'hoist-non-react-statics': [ '3.3.2' ],
90 silly audit   'html-entities': [ '2.6.0' ],
90 silly audit   'http-parser-js': [ '0.5.9' ],
90 silly audit   'http-proxy-agent': [ '5.0.0' ],
90 silly audit   idb: [ '7.1.1' ],
90 silly audit   ieee754: [ '1.2.1' ],
90 silly audit   ignore: [ '5.3.2' ],
90 silly audit   'import-fresh': [ '3.3.1' ],
90 silly audit   imurmurhash: [ '0.1.4' ],
90 silly audit   inherits: [ '2.0.4' ],
90 silly audit   ini: [ '1.3.8' ],
90 silly audit   'internal-slot': [ '1.1.0' ],
90 silly audit   'is-alphabetical': [ '1.0.4' ],
90 silly audit   'is-alphanumerical': [ '1.0.4' ],
90 silly audit   'is-array-buffer': [ '3.0.5' ],
90 silly audit   'is-async-function': [ '2.1.1' ],
90 silly audit   'is-bigint': [ '1.1.0' ],
90 silly audit   'is-boolean-object': [ '1.2.2' ],
90 silly audit   'is-bun-module': [ '2.0.0' ],
90 silly audit   'is-callable': [ '1.2.7' ],
90 silly audit   'is-core-module': [ '2.16.1' ],
90 silly audit   'is-data-view': [ '1.0.2' ],
90 silly audit   'is-date-object': [ '1.1.0' ],
90 silly audit   'is-decimal': [ '1.0.4' ],
90 silly audit   'is-extglob': [ '2.1.1' ],
90 silly audit   'is-finalizationregistry': [ '1.1.1' ],
90 silly audit   'is-fullwidth-code-point': [ '3.0.0' ],
90 silly audit   'is-generator-function': [ '1.1.0' ],
90 silly audit   'is-glob': [ '4.0.3' ],
90 silly audit   'is-hexadecimal': [ '1.0.4' ],
90 silly audit   'is-map': [ '2.0.3' ],
90 silly audit   'is-number': [ '7.0.0' ],
90 silly audit   'is-number-object': [ '1.1.1' ],
90 silly audit   'is-regex': [ '1.2.1' ],
90 silly audit   'is-set': [ '2.0.3' ],
90 silly audit   'is-shared-array-buffer': [ '1.0.4' ],
90 silly audit   'is-stream': [ '2.0.1' ],
90 silly audit   'is-string': [ '1.1.1' ],
90 silly audit   'is-symbol': [ '1.1.1' ],
90 silly audit   'is-typed-array': [ '1.1.15' ],
90 silly audit   'is-weakmap': [ '2.0.2' ],
90 silly audit   'is-weakref': [ '1.1.1' ],
90 silly audit   'is-weakset': [ '2.0.4' ],
90 silly audit   isarray: [ '2.0.5' ],
90 silly audit   isexe: [ '2.0.0' ],
90 silly audit   'iterator.prototype': [ '1.1.5' ],
90 silly audit   jiti: [ '2.4.2' ],
90 silly audit   jose: [ '4.15.9' ],
90 silly audit   'js-tokens': [ '4.0.0' ],
90 silly audit   'js-yaml': [ '4.1.0' ],
90 silly audit   jsesc: [ '3.1.0' ],
90 silly audit   'json-bigint': [ '1.0.0' ],
90 silly audit   'json-buffer': [ '3.0.1' ],
90 silly audit   'json-parse-even-better-errors': [ '2.3.1' ],
90 silly audit   'json-schema-traverse': [ '0.4.1' ],
90 silly audit   'json-stable-stringify-without-jsonify': [ '1.0.1' ],
90 silly audit   json5: [ '1.0.2' ],
90 silly audit   jsonwebtoken: [ '9.0.2' ],
90 silly audit   jwa: [ '1.4.1', '2.0.0' ],
90 silly audit   jws: [ '3.2.2', '4.0.0' ],
90 silly audit   'jsx-ast-utils': [ '3.3.5' ],
90 silly audit   'jwks-rsa': [ '3.2.0' ],
90 silly audit   keyv: [ '4.5.4' ],
90 silly audit   'language-subtag-registry': [ '0.3.23' ],
90 silly audit   'language-tags': [ '1.0.9' ],
90 silly audit   levn: [ '0.4.1' ],
90 silly audit   lightningcss: [ '1.29.2' ],
90 silly audit   'lightningcss-win32-x64-msvc': [ '1.29.2' ],
90 silly audit   limiter: [ '1.1.5' ],
90 silly audit   'lines-and-columns': [ '1.2.4' ],
90 silly audit   'locate-path': [ '6.0.0' ],
90 silly audit   'lodash.camelcase': [ '4.3.0' ],
90 silly audit   'lodash.clonedeep': [ '4.5.0' ],
90 silly audit   'lodash.includes': [ '4.3.0' ],
90 silly audit   'lodash.isboolean': [ '3.0.3' ],
90 silly audit   'lodash.isinteger': [ '4.0.4' ],
90 silly audit   'lodash.isnumber': [ '3.0.3' ],
90 silly audit   'lodash.isplainobject': [ '4.0.6' ],
90 silly audit   'lodash.isstring': [ '4.0.1' ],
90 silly audit   'lodash.merge': [ '4.6.2' ],
90 silly audit   'lodash.once': [ '4.1.1' ],
90 silly audit   long: [ '5.3.1' ],
90 silly audit   'loose-envify': [ '1.4.0' ],
90 silly audit   lowlight: [ '1.20.0' ],
90 silly audit   'lru-cache': [ '6.0.0' ],
90 silly audit   'lru-memoizer': [ '2.3.0' ],
90 silly audit   'make-cancellable-promise': [ '1.3.2' ],
90 silly audit   'make-event-props': [ '1.6.2' ],
90 silly audit   'math-intrinsics': [ '1.1.0' ],
90 silly audit   'memoize-one': [ '6.0.0' ],
90 silly audit   'merge-refs': [ '1.3.0' ],
90 silly audit   merge2: [ '1.4.1' ],
90 silly audit   micromatch: [ '4.0.8' ],
90 silly audit   mime: [ '3.0.0' ],
90 silly audit   'mime-db': [ '1.52.0' ],
90 silly audit   'mime-types': [ '2.1.35' ],
90 silly audit   minimist: [ '1.2.8' ],
90 silly audit   'mkdirp-classic': [ '0.5.3' ],
90 silly audit   ms: [ '2.1.3' ],
90 silly audit   nanoid: [ '3.3.11' ],
90 silly audit   'napi-build-utils': [ '2.0.0' ],
90 silly audit   'natural-compare': [ '1.4.0' ],
90 silly audit   net: [ '1.0.2' ],
90 silly audit   next: [ '15.2.4' ],
90 silly audit   postcss: [ '8.4.31', '8.5.3' ],
90 silly audit   'node-abi': [ '3.74.0' ],
90 silly audit   'node-addon-api': [ '7.1.1' ],
90 silly audit   'node-fetch': [ '2.7.0' ],
90 silly audit   'node-forge': [ '1.3.1' ],
90 silly audit   'object-assign': [ '4.1.1' ],
90 silly audit   'object-hash': [ '3.0.0' ],
90 silly audit   'object-inspect': [ '1.13.4' ],
90 silly audit   'object-keys': [ '1.1.1' ],
90 silly audit   'object.assign': [ '4.1.7' ],
90 silly audit   'object.entries': [ '1.1.9' ],
90 silly audit   'object.fromentries': [ '2.0.8' ],
90 silly audit   'object.groupby': [ '1.0.3' ],
90 silly audit   'object.values': [ '1.2.1' ],
90 silly audit   once: [ '1.4.0' ],
90 silly audit   optionator: [ '0.9.4' ],
90 silly audit   'own-keys': [ '1.0.1' ],
90 silly audit   'p-limit': [ '3.1.0' ],
90 silly audit   'p-locate': [ '5.0.0' ],
90 silly audit   'parent-module': [ '1.0.1' ],
90 silly audit   'parse-entities': [ '2.0.0' ],
90 silly audit   'parse-json': [ '5.2.0' ],
90 silly audit   'path-exists': [ '4.0.0' ],
90 silly audit   'path-key': [ '3.1.1' ],
90 silly audit   'path-parse': [ '1.0.7' ],
90 silly audit   'path-type': [ '4.0.0' ],
90 silly audit   path2d: [ '0.2.2' ],
90 silly audit   'path2d-polyfill': [ '2.0.1' ],
90 silly audit   'pdfjs-dist': [ '3.11.174', '4.8.69' ],
90 silly audit   picocolors: [ '1.1.1' ],
90 silly audit   picomatch: [ '2.3.1', '4.0.2' ],
90 silly audit   'possible-typed-array-names': [ '1.1.0' ],
90 silly audit   'prebuild-install': [ '7.1.3' ],
90 silly audit   'decompress-response': [ '6.0.0' ],
90 silly audit   'mimic-response': [ '3.1.0' ],
90 silly audit   'simple-get': [ '4.0.1' ],
90 silly audit   'prelude-ls': [ '1.2.1' ],
90 silly audit   'prism-react-renderer': [ '2.4.1' ],
90 silly audit   prismjs: [ '1.30.0', '1.27.0' ],
90 silly audit   'prop-types': [ '15.8.1' ],
90 silly audit   'property-information': [ '5.6.0' ],
90 silly audit   'proto3-json-serializer': [ '2.0.2' ],
90 silly audit   protobufjs: [ '7.4.0' ],
90 silly audit   'proxy-from-env': [ '1.1.0' ],
90 silly audit   pump: [ '3.0.2' ],
90 silly audit   punycode: [ '2.3.1' ],
90 silly audit   'queue-microtask': [ '1.2.3' ],
90 silly audit   rc: [ '1.2.8' ],
90 silly audit   'strip-json-comments': [ '2.0.1', '3.1.1' ],
90 silly audit   react: [ '19.1.0' ],
90 silly audit   'react-dom': [ '19.1.0' ],
90 silly audit   'react-is': [ '16.13.1' ],
90 silly audit   'react-medium-image-zoom': [ '5.2.14' ],
90 silly audit   'react-pdf': [ '9.2.1' ],
90 silly audit   canvas: [ '3.1.0' ],
90 silly audit   'react-select': [ '5.10.1' ],
90 silly audit   'react-syntax-highlighter': [ '15.6.1' ],
90 silly audit   'react-toastify': [ '11.0.5' ],
90 silly audit   'react-transition-group': [ '4.4.5' ],
90 silly audit   'readable-stream': [ '3.6.2' ],
90 silly audit   'reflect.getprototypeof': [ '1.0.10' ],
90 silly audit   refractor: [ '3.6.0' ],
90 silly audit   'regenerator-runtime': [ '0.14.1' ],
90 silly audit   'regexp.prototype.flags': [ '1.5.4' ],
90 silly audit   'require-directory': [ '2.1.1' ],
90 silly audit   'resolve-from': [ '4.0.0' ],
90 silly audit   'resolve-pkg-maps': [ '1.0.0' ],
90 silly audit   retry: [ '0.13.1' ],
90 silly audit   'retry-request': [ '7.0.2' ],
90 silly audit   reusify: [ '1.1.0' ],
90 silly audit   'run-parallel': [ '1.2.0' ],
90 silly audit   'safe-array-concat': [ '1.1.3' ],
90 silly audit   'safe-buffer': [ '5.2.1' ],
90 silly audit   'safe-push-apply': [ '1.0.0' ],
90 silly audit   'safe-regex-test': [ '1.1.0' ],
90 silly audit   scheduler: [ '0.26.0' ],
90 silly audit   'set-function-length': [ '1.2.2' ],
90 silly audit   'set-function-name': [ '2.0.2' ],
90 silly audit   'set-proto': [ '1.0.0' ],
90 silly audit   sharp: [ '0.33.5' ],
90 silly audit   'shebang-command': [ '2.0.0' ],
90 silly audit   'shebang-regex': [ '3.0.0' ],
90 silly audit   'side-channel': [ '1.1.0' ],
90 silly audit   'side-channel-list': [ '1.0.0' ],
90 silly audit   'side-channel-map': [ '1.0.1' ],
90 silly audit   'side-channel-weakmap': [ '1.0.2' ],
90 silly audit   'simple-concat': [ '1.0.1' ],
90 silly audit   'simple-swizzle': [ '0.2.2' ],
90 silly audit   'source-map': [ '0.5.7' ],
90 silly audit   'source-map-js': [ '1.2.1' ],
90 silly audit   'space-separated-tokens': [ '1.1.5' ],
90 silly audit   ssf: [ '0.11.2' ],
90 silly audit   'stable-hash': [ '0.0.5' ],
90 silly audit   'stream-events': [ '1.0.5' ],
90 silly audit   'stream-shift': [ '1.0.3' ],
90 silly audit   streamsearch: [ '1.1.0' ],
90 silly audit   string_decoder: [ '1.3.0' ],
90 silly audit   'string-width': [ '4.2.3' ],
90 silly audit   'string.prototype.includes': [ '2.0.1' ],
90 silly audit   'string.prototype.matchall': [ '4.0.12' ],
90 silly audit   'string.prototype.repeat': [ '1.0.0' ],
90 silly audit   'string.prototype.trim': [ '1.2.10' ],
90 silly audit   'string.prototype.trimend': [ '1.0.9' ],
90 silly audit   'string.prototype.trimstart': [ '1.0.8' ],
90 silly audit   'strip-ansi': [ '6.0.1' ],
90 silly audit   'strip-bom': [ '3.0.0' ],
90 silly audit   strnum: [ '1.1.2' ],
90 silly audit   stubs: [ '3.0.0' ],
90 silly audit   'styled-jsx': [ '5.1.6' ],
90 silly audit   stylis: [ '4.2.0' ],
90 silly audit   'supports-color': [ '7.2.0' ],
90 silly audit   'supports-preserve-symlinks-flag': [ '1.0.0' ],
90 silly audit   tabbable: [ '6.2.0' ],
90 silly audit   'tailwind-scrollbar': [ '4.0.2' ],
90 silly audit   tailwindcss: [ '4.1.3' ],
90 silly audit   tapable: [ '2.2.1' ],
90 silly audit   'tar-fs': [ '2.1.2' ],
90 silly audit   chownr: [ '1.1.4' ],
90 silly audit   'tar-stream': [ '2.2.0' ],
90 silly audit   'teeny-request': [ '9.0.0' ],
90 silly audit   three: [ '0.135.0' ],
90 silly audit   'three-mesh-bvh': [ '0.5.24', '0.5.21' ],
90 silly audit   'tiny-invariant': [ '1.3.3' ],
90 silly audit   tinyglobby: [ '0.2.12' ],
90 silly audit   fdir: [ '6.4.3' ],
90 silly audit   tls: [ '0.0.1' ],
90 silly audit   'to-regex-range': [ '5.0.1' ],
90 silly audit   tr46: [ '0.0.3' ],
90 silly audit   'ts-api-utils': [ '2.1.0' ],
90 silly audit   'tsconfig-paths': [ '3.15.0' ],
90 silly audit   tslib: [ '2.8.1' ],
90 silly audit   'tunnel-agent': [ '0.6.0' ],
90 silly audit   'type-check': [ '0.4.0' ],
90 silly audit   'typed-array-buffer': [ '1.0.3' ],
90 silly audit   'typed-array-byte-length': [ '1.0.3' ],
90 silly audit   'typed-array-byte-offset': [ '1.0.4' ],
90 silly audit   'typed-array-length': [ '1.0.7' ],
90 silly audit   typescript: [ '5.8.3' ],
90 silly audit   'unbox-primitive': [ '1.1.0' ],
90 silly audit   'undici-types': [ '6.21.0' ],
90 silly audit   'unrs-resolver': [ '1.4.1' ],
90 silly audit   'uri-js': [ '4.4.1' ],
90 silly audit   'use-isomorphic-layout-effect': [ '1.2.0' ],
90 silly audit   'util-deprecate': [ '1.0.2' ],
90 silly audit   warning: [ '4.0.3' ],
90 silly audit   'web-ifc': [ '0.0.39' ],
90 silly audit   'web-ifc-three': [ '0.0.125' ],
90 silly audit   'web-ifc-viewer': [ '1.0.218' ],
90 silly audit   'web-vitals': [ '4.2.4' ],
90 silly audit   'webidl-conversions': [ '3.0.1' ],
90 silly audit   'websocket-driver': [ '0.7.4' ],
90 silly audit   'websocket-extensions': [ '0.1.4' ],
90 silly audit   'whatwg-url': [ '5.0.0' ],
90 silly audit   which: [ '2.0.2' ],
90 silly audit   'which-boxed-primitive': [ '1.1.1' ],
90 silly audit   'which-builtin-type': [ '1.2.1' ],
90 silly audit   'which-collection': [ '1.0.2' ],
90 silly audit   'which-typed-array': [ '1.1.19' ],
90 silly audit   wmf: [ '1.0.2' ],
90 silly audit   word: [ '0.3.0' ],
90 silly audit   'word-wrap': [ '1.2.5' ],
90 silly audit   'wrap-ansi': [ '7.0.0' ],
90 silly audit   wrappy: [ '1.0.2' ],
90 silly audit   xlsx: [ '0.18.5' ],
90 silly audit   xtend: [ '4.0.2' ],
90 silly audit   y18n: [ '5.0.8' ],
90 silly audit   yallist: [ '4.0.0' ],
90 silly audit   yaml: [ '1.10.2' ],
90 silly audit   yargs: [ '17.7.2' ],
90 silly audit   'yargs-parser': [ '21.1.1' ],
90 silly audit   'yocto-queue': [ '0.1.0' ],
90 silly audit   cloudconvert: [ '2.3.7' ],
90 silly audit   'socket.io-client': [ '4.8.1' ],
90 silly audit   '@socket.io/component-emitter': [ '3.1.2' ],
90 silly audit   'engine.io-client': [ '6.6.3' ],
90 silly audit   'socket.io-parser': [ '4.2.4' ],
90 silly audit   'engine.io-parser': [ '5.2.3' ],
90 silly audit   ws: [ '8.17.1' ],
90 silly audit   'xmlhttprequest-ssl': [ '2.1.2' ]
90 silly audit }
91 verbose reify failed optional dependency D:\baixar\TESTE\erp-crm-engenharia\node_modules\@next\swc-win32-arm64-msvc
92 silly reify mark deleted [
92 silly reify   'D:\\baixar\\TESTE\\erp-crm-engenharia\\node_modules\\@next\\swc-win32-arm64-msvc'
92 silly reify ]
93 verbose reify failed optional dependency D:\baixar\TESTE\erp-crm-engenharia\node_modules\@next\swc-linux-x64-musl
94 silly reify mark deleted [
94 silly reify   'D:\\baixar\\TESTE\\erp-crm-engenharia\\node_modules\\@next\\swc-linux-x64-musl'
94 silly reify ]
95 verbose reify failed optional dependency D:\baixar\TESTE\erp-crm-engenharia\node_modules\@next\swc-linux-x64-gnu
96 silly reify mark deleted [
96 silly reify   'D:\\baixar\\TESTE\\erp-crm-engenharia\\node_modules\\@next\\swc-linux-x64-gnu'
96 silly reify ]
97 verbose reify failed optional dependency D:\baixar\TESTE\erp-crm-engenharia\node_modules\@next\swc-linux-arm64-musl
98 silly reify mark deleted [
98 silly reify   'D:\\baixar\\TESTE\\erp-crm-engenharia\\node_modules\\@next\\swc-linux-arm64-musl'
98 silly reify ]
99 verbose reify failed optional dependency D:\baixar\TESTE\erp-crm-engenharia\node_modules\@next\swc-linux-arm64-gnu
100 silly reify mark deleted [
100 silly reify   'D:\\baixar\\TESTE\\erp-crm-engenharia\\node_modules\\@next\\swc-linux-arm64-gnu'
100 silly reify ]
101 verbose reify failed optional dependency D:\baixar\TESTE\erp-crm-engenharia\node_modules\@next\swc-darwin-x64
102 silly reify mark deleted [
102 silly reify   'D:\\baixar\\TESTE\\erp-crm-engenharia\\node_modules\\@next\\swc-darwin-x64'
102 silly reify ]
103 verbose reify failed optional dependency D:\baixar\TESTE\erp-crm-engenharia\node_modules\@next\swc-darwin-arm64
104 silly reify mark deleted [
104 silly reify   'D:\\baixar\\TESTE\\erp-crm-engenharia\\node_modules\\@next\\swc-darwin-arm64'
104 silly reify ]
105 http cache ws@https://registry.npmjs.org/ws/-/ws-8.17.1.tgz 0ms (cache hit)
106 http cache xmlhttprequest-ssl@https://registry.npmjs.org/xmlhttprequest-ssl/-/xmlhttprequest-ssl-2.1.2.tgz 0ms (cache hit)
107 http cache engine.io-parser@https://registry.npmjs.org/engine.io-parser/-/engine.io-parser-5.2.3.tgz 0ms (cache hit)
108 http cache socket.io-parser@https://registry.npmjs.org/socket.io-parser/-/socket.io-parser-4.2.4.tgz 0ms (cache hit)
109 http cache engine.io-client@https://registry.npmjs.org/engine.io-client/-/engine.io-client-6.6.3.tgz 0ms (cache hit)
110 http cache socket.io-client@https://registry.npmjs.org/socket.io-client/-/socket.io-client-4.8.1.tgz 0ms (cache hit)
111 http cache @socket.io/component-emitter@https://registry.npmjs.org/@socket.io/component-emitter/-/component-emitter-3.1.2.tgz 0ms (cache hit)
112 http cache cloudconvert@https://registry.npmjs.org/cloudconvert/-/cloudconvert-2.3.7.tgz 0ms (cache hit)
113 http cache debug@https://registry.npmjs.org/debug/-/debug-4.3.7.tgz 0ms (cache hit)
114 http cache debug@https://registry.npmjs.org/debug/-/debug-4.3.7.tgz 0ms (cache hit)
115 http cache debug@https://registry.npmjs.org/debug/-/debug-4.3.7.tgz 0ms (cache hit)
116 http cache axios@https://registry.npmjs.org/axios/-/axios-0.28.1.tgz 0ms (cache hit)
117 silly tarball no local data for ws@https://registry.npmjs.org/ws/-/ws-8.17.1.tgz. Extracting by manifest.
118 silly tarball no local data for xmlhttprequest-ssl@https://registry.npmjs.org/xmlhttprequest-ssl/-/xmlhttprequest-ssl-2.1.2.tgz. Extracting by manifest.
119 silly tarball no local data for engine.io-parser@https://registry.npmjs.org/engine.io-parser/-/engine.io-parser-5.2.3.tgz. Extracting by manifest.
120 silly tarball no local data for socket.io-parser@https://registry.npmjs.org/socket.io-parser/-/socket.io-parser-4.2.4.tgz. Extracting by manifest.
121 silly tarball no local data for engine.io-client@https://registry.npmjs.org/engine.io-client/-/engine.io-client-6.6.3.tgz. Extracting by manifest.
122 silly tarball no local data for socket.io-client@https://registry.npmjs.org/socket.io-client/-/socket.io-client-4.8.1.tgz. Extracting by manifest.
123 silly tarball no local data for @socket.io/component-emitter@https://registry.npmjs.org/@socket.io/component-emitter/-/component-emitter-3.1.2.tgz. Extracting by manifest.
124 silly tarball no local data for cloudconvert@https://registry.npmjs.org/cloudconvert/-/cloudconvert-2.3.7.tgz. Extracting by manifest.
125 silly tarball no local data for debug@https://registry.npmjs.org/debug/-/debug-4.3.7.tgz. Extracting by manifest.
126 silly tarball no local data for debug@https://registry.npmjs.org/debug/-/debug-4.3.7.tgz. Extracting by manifest.
127 silly tarball no local data for debug@https://registry.npmjs.org/debug/-/debug-4.3.7.tgz. Extracting by manifest.
128 silly tarball no local data for axios@https://registry.npmjs.org/axios/-/axios-0.28.1.tgz. Extracting by manifest.
129 http fetch GET 200 https://registry.npmjs.org/xmlhttprequest-ssl/-/xmlhttprequest-ssl-2.1.2.tgz 103ms (cache miss)
130 http fetch GET 200 https://registry.npmjs.org/engine.io-parser/-/engine.io-parser-5.2.3.tgz 103ms (cache miss)
131 http fetch GET 200 https://registry.npmjs.org/ws/-/ws-8.17.1.tgz 183ms (cache miss)
132 http fetch POST 200 https://registry.npmjs.org/-/npm/v1/security/advisories/bulk 334ms
133 silly audit report {
133 silly audit report   axios: [
133 silly audit report     {
133 silly audit report       id: 1103617,
133 silly audit report       url: 'https://github.com/advisories/GHSA-jr5f-v2jv-69x6',
133 silly audit report       title: 'axios Requests Vulnerable To Possible SSRF and Credential Leakage via Absolute URL',
133 silly audit report       severity: 'high',
133 silly audit report       vulnerable_versions: '<0.30.0',
133 silly audit report       cwe: [Array],
133 silly audit report       cvss: [Object]
133 silly audit report     }
133 silly audit report   ],
133 silly audit report   'pdfjs-dist': [
133 silly audit report     {
133 silly audit report       id: 1101853,
133 silly audit report       url: 'https://github.com/advisories/GHSA-wgrm-67xf-hhpq',
133 silly audit report       title: 'PDF.js vulnerable to arbitrary JavaScript execution upon opening a malicious PDF',
133 silly audit report       severity: 'high',
133 silly audit report       vulnerable_versions: '<=4.1.392',
133 silly audit report       cwe: [],
133 silly audit report       cvss: [Object]
133 silly audit report     }
133 silly audit report   ],
133 silly audit report   prismjs: [
133 silly audit report     {
133 silly audit report       id: 1102459,
133 silly audit report       url: 'https://github.com/advisories/GHSA-x7hr-w5r2-h6wg',
133 silly audit report       title: 'PrismJS DOM Clobbering vulnerability',
133 silly audit report       severity: 'moderate',
133 silly audit report       vulnerable_versions: '<1.30.0',
133 silly audit report       cwe: [Array],
133 silly audit report       cvss: [Object]
133 silly audit report     }
133 silly audit report   ],
133 silly audit report   xlsx: [
133 silly audit report     {
133 silly audit report       id: 1094599,
133 silly audit report       url: 'https://github.com/advisories/GHSA-4r6h-8v6p-xvw6',
133 silly audit report       title: 'Prototype Pollution in sheetJS',
133 silly audit report       severity: 'high',
133 silly audit report       vulnerable_versions: '<0.19.3',
133 silly audit report       cwe: [Array],
133 silly audit report       cvss: [Object]
133 silly audit report     },
133 silly audit report     {
133 silly audit report       id: 1096911,
133 silly audit report       url: 'https://github.com/advisories/GHSA-5pgg-2g8v-p4x9',
133 silly audit report       title: 'SheetJS Regular Expression Denial of Service (ReDoS)',
133 silly audit report       severity: 'high',
133 silly audit report       vulnerable_versions: '<0.20.2',
133 silly audit report       cwe: [Array],
133 silly audit report       cvss: [Object]
133 silly audit report     }
133 silly audit report   ]
133 silly audit report }
134 silly packumentCache corgi:https://registry.npmjs.org/axios cache-miss
135 silly packumentCache corgi:https://registry.npmjs.org/pdfjs-dist cache-miss
136 silly packumentCache corgi:https://registry.npmjs.org/prismjs cache-miss
137 silly packumentCache corgi:https://registry.npmjs.org/xlsx cache-miss
138 http fetch GET 200 https://registry.npmjs.org/debug/-/debug-4.3.7.tgz 363ms (cache miss)
139 http fetch GET 200 https://registry.npmjs.org/debug/-/debug-4.3.7.tgz 370ms (cache miss)
140 http fetch GET 200 https://registry.npmjs.org/debug/-/debug-4.3.7.tgz 387ms (cache miss)
141 http fetch GET 200 https://registry.npmjs.org/@socket.io/component-emitter/-/component-emitter-3.1.2.tgz 388ms (cache miss)
142 http fetch GET 200 https://registry.npmjs.org/socket.io-parser/-/socket.io-parser-4.2.4.tgz 418ms (cache miss)
143 http fetch GET 200 https://registry.npmjs.org/cloudconvert/-/cloudconvert-2.3.7.tgz 474ms (cache miss)
144 http fetch GET 200 https://registry.npmjs.org/axios 159ms (cache miss)
145 silly packumentCache corgi:https://registry.npmjs.org/axios set size:undefined disposed:false
146 http fetch GET 200 https://registry.npmjs.org/prismjs 346ms (cache updated)
147 silly packumentCache corgi:https://registry.npmjs.org/prismjs set size:undefined disposed:false
148 http fetch GET 200 https://registry.npmjs.org/xlsx 405ms (cache updated)
149 silly packumentCache corgi:https://registry.npmjs.org/xlsx set size:undefined disposed:false
150 http fetch GET 200 https://registry.npmjs.org/pdfjs-dist 446ms (cache updated)
151 silly packumentCache corgi:https://registry.npmjs.org/pdfjs-dist set size:undefined disposed:false
152 silly packumentCache corgi:https://registry.npmjs.org/cloudconvert cache-miss
153 http fetch GET 200 https://registry.npmjs.org/socket.io-client/-/socket.io-client-4.8.1.tgz 851ms (cache miss)
154 http fetch GET 200 https://registry.npmjs.org/axios/-/axios-0.28.1.tgz 894ms (cache miss)
155 http fetch GET 200 https://registry.npmjs.org/engine.io-client/-/engine.io-client-6.6.3.tgz 951ms (cache miss)
156 http fetch GET 200 https://registry.npmjs.org/cloudconvert 864ms (cache miss)
157 silly packumentCache corgi:https://registry.npmjs.org/cloudconvert set size:undefined disposed:false
158 silly packumentCache corgi:https://registry.npmjs.org/@react-pdf-viewer%2fcore cache-miss
159 http fetch GET 200 https://registry.npmjs.org/@react-pdf-viewer%2fcore 313ms (cache updated)
160 silly packumentCache corgi:https://registry.npmjs.org/@react-pdf-viewer%2fcore set size:undefined disposed:false
161 silly packumentCache corgi:https://registry.npmjs.org/refractor cache-miss
162 http fetch GET 200 https://registry.npmjs.org/refractor 83ms (cache updated)
163 silly packumentCache corgi:https://registry.npmjs.org/refractor set size:undefined disposed:false
164 silly packumentCache corgi:https://registry.npmjs.org/@react-pdf-viewer%2fattachment cache-miss
165 silly packumentCache corgi:https://registry.npmjs.org/@react-pdf-viewer%2fbookmark cache-miss
166 silly packumentCache corgi:https://registry.npmjs.org/@react-pdf-viewer%2fdefault-layout cache-miss
167 silly packumentCache corgi:https://registry.npmjs.org/@react-pdf-viewer%2ffull-screen cache-miss
168 silly packumentCache corgi:https://registry.npmjs.org/@react-pdf-viewer%2fget-file cache-miss
169 silly packumentCache corgi:https://registry.npmjs.org/@react-pdf-viewer%2fopen cache-miss
170 silly packumentCache corgi:https://registry.npmjs.org/@react-pdf-viewer%2fpage-navigation cache-miss
171 silly packumentCache corgi:https://registry.npmjs.org/@react-pdf-viewer%2fprint cache-miss
172 silly packumentCache corgi:https://registry.npmjs.org/@react-pdf-viewer%2fproperties cache-miss
173 silly packumentCache corgi:https://registry.npmjs.org/@react-pdf-viewer%2frotate cache-miss
174 silly packumentCache corgi:https://registry.npmjs.org/@react-pdf-viewer%2fscroll-mode cache-miss
175 silly packumentCache corgi:https://registry.npmjs.org/@react-pdf-viewer%2fsearch cache-miss
176 silly packumentCache corgi:https://registry.npmjs.org/@react-pdf-viewer%2fselection-mode cache-miss
177 silly packumentCache corgi:https://registry.npmjs.org/@react-pdf-viewer%2ftheme cache-miss
178 silly packumentCache corgi:https://registry.npmjs.org/@react-pdf-viewer%2fthumbnail cache-miss
179 silly packumentCache corgi:https://registry.npmjs.org/@react-pdf-viewer%2ftoolbar cache-miss
180 silly packumentCache corgi:https://registry.npmjs.org/@react-pdf-viewer%2fzoom cache-miss
181 http fetch GET 200 https://registry.npmjs.org/@react-pdf-viewer%2fopen 276ms (cache updated)
182 silly packumentCache corgi:https://registry.npmjs.org/@react-pdf-viewer%2fopen set size:undefined disposed:false
183 http fetch GET 200 https://registry.npmjs.org/@react-pdf-viewer%2fprint 311ms (cache updated)
184 silly packumentCache corgi:https://registry.npmjs.org/@react-pdf-viewer%2fprint set size:undefined disposed:false
185 http fetch GET 200 https://registry.npmjs.org/@react-pdf-viewer%2fsearch 312ms (cache updated)
186 silly packumentCache corgi:https://registry.npmjs.org/@react-pdf-viewer%2fsearch set size:undefined disposed:false
187 http fetch GET 200 https://registry.npmjs.org/@react-pdf-viewer%2fproperties 332ms (cache updated)
188 silly packumentCache corgi:https://registry.npmjs.org/@react-pdf-viewer%2fproperties set size:undefined disposed:false
189 http fetch GET 200 https://registry.npmjs.org/@react-pdf-viewer%2fscroll-mode 338ms (cache updated)
190 silly packumentCache corgi:https://registry.npmjs.org/@react-pdf-viewer%2fscroll-mode set size:undefined disposed:false
191 http fetch GET 200 https://registry.npmjs.org/@react-pdf-viewer%2fthumbnail 341ms (cache updated)
192 silly packumentCache corgi:https://registry.npmjs.org/@react-pdf-viewer%2fthumbnail set size:undefined disposed:false
193 http fetch GET 200 https://registry.npmjs.org/@react-pdf-viewer%2frotate 348ms (cache updated)
194 silly packumentCache corgi:https://registry.npmjs.org/@react-pdf-viewer%2frotate set size:undefined disposed:false
195 http fetch GET 200 https://registry.npmjs.org/@react-pdf-viewer%2fselection-mode 350ms (cache updated)
196 silly packumentCache corgi:https://registry.npmjs.org/@react-pdf-viewer%2fselection-mode set size:undefined disposed:false
197 http fetch GET 200 https://registry.npmjs.org/@react-pdf-viewer%2fpage-navigation 356ms (cache updated)
198 silly packumentCache corgi:https://registry.npmjs.org/@react-pdf-viewer%2fpage-navigation set size:undefined disposed:false
199 http fetch GET 200 https://registry.npmjs.org/@react-pdf-viewer%2fbookmark 360ms (cache updated)
200 silly packumentCache corgi:https://registry.npmjs.org/@react-pdf-viewer%2fbookmark set size:undefined disposed:false
201 http fetch GET 200 https://registry.npmjs.org/@react-pdf-viewer%2ffull-screen 360ms (cache updated)
202 silly packumentCache corgi:https://registry.npmjs.org/@react-pdf-viewer%2ffull-screen set size:undefined disposed:false
203 http fetch GET 200 https://registry.npmjs.org/@react-pdf-viewer%2fdefault-layout 363ms (cache updated)
204 silly packumentCache corgi:https://registry.npmjs.org/@react-pdf-viewer%2fdefault-layout set size:undefined disposed:false
205 http fetch GET 200 https://registry.npmjs.org/@react-pdf-viewer%2fattachment 367ms (cache updated)
206 silly packumentCache corgi:https://registry.npmjs.org/@react-pdf-viewer%2fattachment set size:undefined disposed:false
207 http fetch GET 200 https://registry.npmjs.org/@react-pdf-viewer%2fget-file 380ms (cache updated)
208 silly packumentCache corgi:https://registry.npmjs.org/@react-pdf-viewer%2fget-file set size:undefined disposed:false
209 http fetch GET 200 https://registry.npmjs.org/@react-pdf-viewer%2ftheme 415ms (cache updated)
210 silly packumentCache corgi:https://registry.npmjs.org/@react-pdf-viewer%2ftheme set size:undefined disposed:false
211 http fetch GET 200 https://registry.npmjs.org/@react-pdf-viewer%2fzoom 446ms (cache updated)
212 silly packumentCache corgi:https://registry.npmjs.org/@react-pdf-viewer%2fzoom set size:undefined disposed:false
213 http fetch GET 200 https://registry.npmjs.org/@react-pdf-viewer%2ftoolbar 529ms (cache updated)
214 silly packumentCache corgi:https://registry.npmjs.org/@react-pdf-viewer%2ftoolbar set size:undefined disposed:false
215 silly packumentCache corgi:https://registry.npmjs.org/react-syntax-highlighter cache-miss
216 http fetch GET 200 https://registry.npmjs.org/react-syntax-highlighter 128ms (cache updated)
217 silly packumentCache corgi:https://registry.npmjs.org/react-syntax-highlighter set size:undefined disposed:false
218 silly ADD node_modules/xmlhttprequest-ssl
219 silly ADD node_modules/ws
220 silly ADD node_modules/engine.io-parser
221 silly ADD node_modules/socket.io-parser
222 silly ADD node_modules/socket.io-parser/node_modules/debug
223 silly ADD node_modules/engine.io-client
224 silly ADD node_modules/engine.io-client/node_modules/debug
225 silly ADD node_modules/@socket.io/component-emitter
226 silly ADD node_modules/socket.io-client
227 silly ADD node_modules/socket.io-client/node_modules/debug
228 silly ADD node_modules/cloudconvert
229 silly ADD node_modules/cloudconvert/node_modules/axios
230 silly ADD
231 silly ADD
232 silly ADD
233 silly ADD
234 silly ADD
235 silly ADD
236 silly ADD
237 verbose cwd D:\baixar\TESTE\erp-crm-engenharia
238 verbose os Windows_NT 10.0.22631
239 verbose node v22.11.0
240 verbose npm  v11.1.0
241 verbose exit 0
242 info ok
