0 verbose cli C:\Program Files\nodejs\node.exe C:\Users\kawhe\AppData\Roaming\npm\node_modules\npm\bin\npm-cli.js
1 info using npm@11.1.0
2 info using node@v22.11.0
3 silly config load:file:C:\Users\kawhe\AppData\Roaming\npm\node_modules\npm\npmrc
4 silly config load:file:D:\baixar\TESTE\erp-crm-engenharia\.npmrc
5 silly config load:file:C:\Users\kawhe\.npmrc
6 silly config load:file:C:\Users\kawhe\AppData\Roaming\npm\etc\npmrc
7 verbose title npm install react-toastify
8 verbose argv "install" "--save" "react-toastify"
9 verbose logfile logs-max:10 dir:D:\baixar\TESTE\erp-crm-engenharia\clean\_logs\2025-04-08T18_41_52_956Z-
10 verbose logfile D:\baixar\TESTE\erp-crm-engenharia\clean\_logs\2025-04-08T18_41_52_956Z-debug-0.log
11 silly logfile done cleaning log files
12 silly packumentCache heap:4345298944 maxSize:1086324736 maxEntrySize:543162368
13 silly idealTree buildDeps
14 silly fetch manifest react-toastify@*
15 silly packumentCache full:https://registry.npmjs.org/react-toastify cache-miss
16 http fetch GET 200 https://registry.npmjs.org/react-toastify 367ms (cache miss)
17 silly packumentCache full:https://registry.npmjs.org/react-toastify set size:undefined disposed:false
18 silly fetch manifest react@^19.0.0
19 silly packumentCache full:https://registry.npmjs.org/react cache-miss
20 http fetch GET 200 https://registry.npmjs.org/react 420ms (cache updated)
21 silly packumentCache full:https://registry.npmjs.org/react set size:undefined disposed:false
22 silly fetch manifest react-dom@^19.0.0
23 silly packumentCache full:https://registry.npmjs.org/react-dom cache-miss
24 http fetch GET 200 https://registry.npmjs.org/react-dom 243ms (cache miss)
25 silly packumentCache full:https://registry.npmjs.org/react-dom set size:undefined disposed:false
26 silly placeDep ROOT react-toastify@11.0.5 OK for: erp-crm-engenharia@0.1.0 want: *
27 silly fetch manifest clsx@^2.1.1
28 silly packumentCache full:https://registry.npmjs.org/clsx cache-miss
29 http fetch GET 200 https://registry.npmjs.org/clsx 72ms (cache miss)
30 silly packumentCache full:https://registry.npmjs.org/clsx set size:undefined disposed:false
31 silly placeDep ROOT clsx@2.1.1 OK for: react-toastify@11.0.5 want: ^2.1.1
32 silly reify moves {}
33 silly audit bulk request {
33 silly audit   '@alloc/quick-lru': [ '5.2.0' ],
33 silly audit   '@emnapi/core': [ '1.4.0' ],
33 silly audit   '@emnapi/runtime': [ '1.4.0' ],
33 silly audit   '@emnapi/wasi-threads': [ '1.0.1' ],
33 silly audit   '@eslint-community/eslint-utils': [ '4.5.1' ],
33 silly audit   'eslint-visitor-keys': [ '3.4.3', '4.2.0' ],
33 silly audit   '@eslint-community/regexpp': [ '4.12.1' ],
33 silly audit   '@eslint/config-array': [ '0.20.0' ],
33 silly audit   '@eslint/config-helpers': [ '0.2.1' ],
33 silly audit   '@eslint/core': [ '0.12.0', '0.13.0' ],
33 silly audit   '@eslint/eslintrc': [ '3.3.1' ],
33 silly audit   '@eslint/js': [ '9.24.0' ],
33 silly audit   '@eslint/object-schema': [ '2.1.6' ],
33 silly audit   '@eslint/plugin-kit': [ '0.2.8' ],
33 silly audit   '@firebase/analytics': [ '0.10.12' ],
33 silly audit   '@firebase/analytics-compat': [ '0.2.18' ],
33 silly audit   '@firebase/analytics-types': [ '0.8.3' ],
33 silly audit   '@firebase/app': [ '0.11.4' ],
33 silly audit   '@firebase/app-check': [ '0.8.13' ],
33 silly audit   '@firebase/app-check-compat': [ '0.3.20' ],
33 silly audit   '@firebase/app-check-interop-types': [ '0.3.3' ],
33 silly audit   '@firebase/app-check-types': [ '0.5.3' ],
33 silly audit   '@firebase/app-compat': [ '0.2.53' ],
33 silly audit   '@firebase/app-types': [ '0.9.3' ],
33 silly audit   '@firebase/auth': [ '1.10.0' ],
33 silly audit   '@firebase/auth-compat': [ '0.5.20' ],
33 silly audit   '@firebase/auth-interop-types': [ '0.2.4' ],
33 silly audit   '@firebase/auth-types': [ '0.13.0' ],
33 silly audit   '@firebase/component': [ '0.6.13' ],
33 silly audit   '@firebase/data-connect': [ '0.3.3' ],
33 silly audit   '@firebase/database': [ '1.0.14' ],
33 silly audit   '@firebase/database-compat': [ '2.0.5' ],
33 silly audit   '@firebase/database-types': [ '1.0.10' ],
33 silly audit   '@firebase/firestore': [ '4.7.10' ],
33 silly audit   '@firebase/firestore-compat': [ '0.3.45' ],
33 silly audit   '@firebase/firestore-types': [ '3.0.3' ],
33 silly audit   '@firebase/functions': [ '0.12.3' ],
33 silly audit   '@firebase/functions-compat': [ '0.3.20' ],
33 silly audit   '@firebase/functions-types': [ '0.6.3' ],
33 silly audit   '@firebase/installations': [ '0.6.13' ],
33 silly audit   '@firebase/installations-compat': [ '0.2.13' ],
33 silly audit   '@firebase/installations-types': [ '0.5.3' ],
33 silly audit   '@firebase/logger': [ '0.4.4' ],
33 silly audit   '@firebase/messaging': [ '0.12.17' ],
33 silly audit   '@firebase/messaging-compat': [ '0.2.17' ],
33 silly audit   '@firebase/messaging-interop-types': [ '0.2.3' ],
33 silly audit   '@firebase/performance': [ '0.7.2' ],
33 silly audit   '@firebase/performance-compat': [ '0.2.15' ],
33 silly audit   '@firebase/performance-types': [ '0.2.3' ],
33 silly audit   '@firebase/remote-config': [ '0.6.0' ],
33 silly audit   '@firebase/remote-config-compat': [ '0.2.13' ],
33 silly audit   '@firebase/remote-config-types': [ '0.4.0' ],
33 silly audit   '@firebase/storage': [ '0.13.7' ],
33 silly audit   '@firebase/storage-compat': [ '0.3.17' ],
33 silly audit   '@firebase/storage-types': [ '0.8.3' ],
33 silly audit   '@firebase/util': [ '1.11.0' ],
33 silly audit   '@firebase/vertexai': [ '1.2.1' ],
33 silly audit   '@firebase/webchannel-wrapper': [ '1.0.3' ],
33 silly audit   '@grpc/grpc-js': [ '1.9.15' ],
33 silly audit   '@grpc/proto-loader': [ '0.7.13' ],
33 silly audit   '@humanfs/core': [ '0.19.1' ],
33 silly audit   '@humanfs/node': [ '0.16.6' ],
33 silly audit   '@humanwhocodes/retry': [ '0.3.1', '0.4.2' ],
33 silly audit   '@humanwhocodes/module-importer': [ '1.0.1' ],
33 silly audit   '@img/sharp-darwin-arm64': [ '0.33.5' ],
33 silly audit   '@img/sharp-darwin-x64': [ '0.33.5' ],
33 silly audit   '@img/sharp-libvips-darwin-arm64': [ '1.0.4' ],
33 silly audit   '@img/sharp-libvips-darwin-x64': [ '1.0.4' ],
33 silly audit   '@img/sharp-libvips-linux-arm': [ '1.0.5' ],
33 silly audit   '@img/sharp-libvips-linux-arm64': [ '1.0.4' ],
33 silly audit   '@img/sharp-libvips-linux-s390x': [ '1.0.4' ],
33 silly audit   '@img/sharp-libvips-linux-x64': [ '1.0.4' ],
33 silly audit   '@img/sharp-libvips-linuxmusl-arm64': [ '1.0.4' ],
33 silly audit   '@img/sharp-libvips-linuxmusl-x64': [ '1.0.4' ],
33 silly audit   '@img/sharp-linux-arm': [ '0.33.5' ],
33 silly audit   '@img/sharp-linux-arm64': [ '0.33.5' ],
33 silly audit   '@img/sharp-linux-s390x': [ '0.33.5' ],
33 silly audit   '@img/sharp-linux-x64': [ '0.33.5' ],
33 silly audit   '@img/sharp-linuxmusl-arm64': [ '0.33.5' ],
33 silly audit   '@img/sharp-linuxmusl-x64': [ '0.33.5' ],
33 silly audit   '@img/sharp-wasm32': [ '0.33.5' ],
33 silly audit   '@img/sharp-win32-ia32': [ '0.33.5' ],
33 silly audit   '@img/sharp-win32-x64': [ '0.33.5' ],
33 silly audit   '@napi-rs/wasm-runtime': [ '0.2.8' ],
33 silly audit   '@next/env': [ '15.2.4' ],
33 silly audit   '@next/eslint-plugin-next': [ '15.2.4' ],
33 silly audit   '@next/swc-darwin-arm64': [ '15.2.4' ],
33 silly audit   '@next/swc-darwin-x64': [ '15.2.4' ],
33 silly audit   '@next/swc-linux-arm64-gnu': [ '15.2.4' ],
33 silly audit   '@next/swc-linux-arm64-musl': [ '15.2.4' ],
33 silly audit   '@next/swc-linux-x64-gnu': [ '15.2.4' ],
33 silly audit   '@next/swc-linux-x64-musl': [ '15.2.4' ],
33 silly audit   '@next/swc-win32-arm64-msvc': [ '15.2.4' ],
33 silly audit   '@next/swc-win32-x64-msvc': [ '15.2.4' ],
33 silly audit   '@nodelib/fs.scandir': [ '2.1.5' ],
33 silly audit   '@nodelib/fs.stat': [ '2.0.5' ],
33 silly audit   '@nodelib/fs.walk': [ '1.2.8' ],
33 silly audit   '@nolyfill/is-core-module': [ '1.0.39' ],
33 silly audit   '@protobufjs/aspromise': [ '1.1.2' ],
33 silly audit   '@protobufjs/base64': [ '1.1.2' ],
33 silly audit   '@protobufjs/codegen': [ '2.0.4' ],
33 silly audit   '@protobufjs/eventemitter': [ '1.1.0' ],
33 silly audit   '@protobufjs/fetch': [ '1.1.0' ],
33 silly audit   '@protobufjs/float': [ '1.0.2' ],
33 silly audit   '@protobufjs/inquire': [ '1.1.0' ],
33 silly audit   '@protobufjs/path': [ '1.1.2' ],
33 silly audit   '@protobufjs/pool': [ '1.1.0' ],
33 silly audit   '@protobufjs/utf8': [ '1.1.0' ],
33 silly audit   '@rtsao/scc': [ '1.1.0' ],
33 silly audit   '@rushstack/eslint-patch': [ '1.11.0' ],
33 silly audit   '@swc/counter': [ '0.1.3' ],
33 silly audit   '@swc/helpers': [ '0.5.15' ],
33 silly audit   '@tailwindcss/node': [ '4.1.3' ],
33 silly audit   '@tailwindcss/oxide': [ '4.1.3' ],
33 silly audit   '@tailwindcss/oxide-android-arm64': [ '4.1.3' ],
33 silly audit   '@tailwindcss/oxide-darwin-arm64': [ '4.1.3' ],
33 silly audit   '@tailwindcss/oxide-darwin-x64': [ '4.1.3' ],
33 silly audit   '@tailwindcss/oxide-freebsd-x64': [ '4.1.3' ],
33 silly audit   '@tailwindcss/oxide-linux-arm-gnueabihf': [ '4.1.3' ],
33 silly audit   '@tailwindcss/oxide-linux-arm64-gnu': [ '4.1.3' ],
33 silly audit   '@tailwindcss/oxide-linux-arm64-musl': [ '4.1.3' ],
33 silly audit   '@tailwindcss/oxide-linux-x64-gnu': [ '4.1.3' ],
33 silly audit   '@tailwindcss/oxide-linux-x64-musl': [ '4.1.3' ],
33 silly audit   '@tailwindcss/oxide-win32-arm64-msvc': [ '4.1.3' ],
33 silly audit   '@tailwindcss/oxide-win32-x64-msvc': [ '4.1.3' ],
33 silly audit   '@tailwindcss/postcss': [ '4.1.3' ],
33 silly audit   '@tybys/wasm-util': [ '0.9.0' ],
33 silly audit   '@types/estree': [ '1.0.7' ],
33 silly audit   '@types/json-schema': [ '7.0.15' ],
33 silly audit   '@types/json5': [ '0.0.29' ],
33 silly audit   '@types/node': [ '22.14.0' ],
33 silly audit   '@typescript-eslint/eslint-plugin': [ '8.29.1' ],
33 silly audit   '@typescript-eslint/parser': [ '8.29.1' ],
33 silly audit   '@typescript-eslint/scope-manager': [ '8.29.1' ],
33 silly audit   '@typescript-eslint/type-utils': [ '8.29.1' ],
33 silly audit   '@typescript-eslint/types': [ '8.29.1' ],
33 silly audit   '@typescript-eslint/typescript-estree': [ '8.29.1' ],
33 silly audit   'brace-expansion': [ '2.0.1', '1.1.11' ],
33 silly audit   'fast-glob': [ '3.3.3', '3.3.1' ],
33 silly audit   'glob-parent': [ '5.1.2', '6.0.2' ],
33 silly audit   minimatch: [ '9.0.5', '3.1.2' ],
33 silly audit   '@typescript-eslint/utils': [ '8.29.1' ],
33 silly audit   '@typescript-eslint/visitor-keys': [ '8.29.1' ],
33 silly audit   '@unrs/resolver-binding-darwin-arm64': [ '1.4.1' ],
33 silly audit   '@unrs/resolver-binding-darwin-x64': [ '1.4.1' ],
33 silly audit   '@unrs/resolver-binding-freebsd-x64': [ '1.4.1' ],
33 silly audit   '@unrs/resolver-binding-linux-arm-gnueabihf': [ '1.4.1' ],
33 silly audit   '@unrs/resolver-binding-linux-arm-musleabihf': [ '1.4.1' ],
33 silly audit   '@unrs/resolver-binding-linux-arm64-gnu': [ '1.4.1' ],
33 silly audit   '@unrs/resolver-binding-linux-arm64-musl': [ '1.4.1' ],
33 silly audit   '@unrs/resolver-binding-linux-ppc64-gnu': [ '1.4.1' ],
33 silly audit   '@unrs/resolver-binding-linux-s390x-gnu': [ '1.4.1' ],
33 silly audit   '@unrs/resolver-binding-linux-x64-gnu': [ '1.4.1' ],
33 silly audit   '@unrs/resolver-binding-linux-x64-musl': [ '1.4.1' ],
33 silly audit   '@unrs/resolver-binding-wasm32-wasi': [ '1.4.1' ],
33 silly audit   '@unrs/resolver-binding-win32-arm64-msvc': [ '1.4.1' ],
33 silly audit   '@unrs/resolver-binding-win32-ia32-msvc': [ '1.4.1' ],
33 silly audit   '@unrs/resolver-binding-win32-x64-msvc': [ '1.4.1' ],
33 silly audit   acorn: [ '8.14.1' ],
33 silly audit   'acorn-jsx': [ '5.3.2' ],
33 silly audit   ajv: [ '6.12.6' ],
33 silly audit   'ansi-regex': [ '5.0.1' ],
33 silly audit   'ansi-styles': [ '4.3.0' ],
33 silly audit   argparse: [ '2.0.1' ],
33 silly audit   'aria-query': [ '5.3.2' ],
33 silly audit   'array-buffer-byte-length': [ '1.0.2' ],
33 silly audit   'array-includes': [ '3.1.8' ],
33 silly audit   'array.prototype.findlast': [ '1.2.5' ],
33 silly audit   'array.prototype.findlastindex': [ '1.2.6' ],
33 silly audit   'array.prototype.flat': [ '1.3.3' ],
33 silly audit   'array.prototype.flatmap': [ '1.3.3' ],
33 silly audit   'array.prototype.tosorted': [ '1.1.4' ],
33 silly audit   'arraybuffer.prototype.slice': [ '1.0.4' ],
33 silly audit   'ast-types-flow': [ '0.0.8' ],
33 silly audit   'async-function': [ '1.0.0' ],
33 silly audit   'available-typed-arrays': [ '1.0.7' ],
33 silly audit   'axe-core': [ '4.10.3' ],
33 silly audit   'axobject-query': [ '4.1.0' ],
33 silly audit   'balanced-match': [ '1.0.2' ],
33 silly audit   braces: [ '3.0.3' ],
33 silly audit   busboy: [ '1.6.0' ],
33 silly audit   'call-bind': [ '1.0.8' ],
33 silly audit   'call-bind-apply-helpers': [ '1.0.2' ],
33 silly audit   'call-bound': [ '1.0.4' ],
33 silly audit   callsites: [ '3.1.0' ],
33 silly audit   'caniuse-lite': [ '1.0.30001712' ],
33 silly audit   chalk: [ '4.1.2' ],
33 silly audit   'client-only': [ '0.0.1' ],
33 silly audit   cliui: [ '8.0.1' ],
33 silly audit   color: [ '4.2.3' ],
33 silly audit   'color-convert': [ '2.0.1' ],
33 silly audit   'color-name': [ '1.1.4' ],
33 silly audit   'color-string': [ '1.9.1' ],
33 silly audit   'concat-map': [ '0.0.1' ],
33 silly audit   'cross-spawn': [ '7.0.6' ],
33 silly audit   'damerau-levenshtein': [ '1.0.8' ],
33 silly audit   'data-view-buffer': [ '1.0.2' ],
33 silly audit   'data-view-byte-length': [ '1.0.2' ],
33 silly audit   'data-view-byte-offset': [ '1.0.1' ],
33 silly audit   debug: [ '4.4.0', '3.2.7' ],
33 silly audit   'deep-is': [ '0.1.4' ],
33 silly audit   'define-data-property': [ '1.1.4' ],
33 silly audit   'define-properties': [ '1.2.1' ],
33 silly audit   'detect-libc': [ '2.0.3' ],
33 silly audit   doctrine: [ '2.1.0' ],
33 silly audit   'dunder-proto': [ '1.0.1' ],
33 silly audit   'emoji-regex': [ '9.2.2', '8.0.0' ],
33 silly audit   'enhanced-resolve': [ '5.18.1' ],
33 silly audit   'es-abstract': [ '1.23.9' ],
33 silly audit   'es-define-property': [ '1.0.1' ],
33 silly audit   'es-errors': [ '1.3.0' ],
33 silly audit   'es-iterator-helpers': [ '1.2.1' ],
33 silly audit   'es-object-atoms': [ '1.1.1' ],
33 silly audit   'es-set-tostringtag': [ '2.1.0' ],
33 silly audit   'es-shim-unscopables': [ '1.1.0' ],
33 silly audit   'es-to-primitive': [ '1.3.0' ],
33 silly audit   escalade: [ '3.2.0' ],
33 silly audit   'escape-string-regexp': [ '4.0.0' ],
33 silly audit   eslint: [ '9.24.0' ],
33 silly audit   'eslint-config-next': [ '15.2.4' ],
33 silly audit   'eslint-import-resolver-node': [ '0.3.9' ],
33 silly audit   'eslint-import-resolver-typescript': [ '3.10.0' ],
33 silly audit   'eslint-module-utils': [ '2.12.0' ],
33 silly audit   'eslint-plugin-import': [ '2.31.0' ],
33 silly audit   semver: [ '6.3.1', '7.7.1' ],
33 silly audit   'eslint-plugin-jsx-a11y': [ '6.10.2' ],
33 silly audit   'eslint-plugin-react': [ '7.37.5' ],
33 silly audit   'eslint-plugin-react-hooks': [ '5.2.0' ],
33 silly audit   resolve: [ '2.0.0-next.5', '1.22.10' ],
33 silly audit   'eslint-scope': [ '8.3.0' ],
33 silly audit   espree: [ '10.3.0' ],
33 silly audit   esquery: [ '1.6.0' ],
33 silly audit   esrecurse: [ '4.3.0' ],
33 silly audit   estraverse: [ '5.3.0' ],
33 silly audit   esutils: [ '2.0.3' ],
33 silly audit   'fast-deep-equal': [ '3.1.3' ],
33 silly audit   'fast-json-stable-stringify': [ '2.1.0' ],
33 silly audit   'fast-levenshtein': [ '2.0.6' ],
33 silly audit   fastq: [ '1.19.1' ],
33 silly audit   'faye-websocket': [ '0.11.4' ],
33 silly audit   'file-entry-cache': [ '8.0.0' ],
33 silly audit   'fill-range': [ '7.1.1' ],
33 silly audit   'find-up': [ '5.0.0' ],
33 silly audit   firebase: [ '11.6.0' ],
33 silly audit   'flat-cache': [ '4.0.1' ],
33 silly audit   flatted: [ '3.3.3' ],
33 silly audit   'for-each': [ '0.3.5' ],
33 silly audit   'function-bind': [ '1.1.2' ],
33 silly audit   'function.prototype.name': [ '1.1.8' ],
33 silly audit   'functions-have-names': [ '1.2.3' ],
33 silly audit   'get-caller-file': [ '2.0.5' ],
33 silly audit   'get-intrinsic': [ '1.3.0' ],
33 silly audit   'get-proto': [ '1.0.1' ],
33 silly audit   'get-symbol-description': [ '1.1.0' ],
33 silly audit   'get-tsconfig': [ '4.10.0' ],
33 silly audit   globals: [ '14.0.0' ],
33 silly audit   globalthis: [ '1.0.4' ],
33 silly audit   gopd: [ '1.2.0' ],
33 silly audit   'graceful-fs': [ '4.2.11' ],
33 silly audit   graphemer: [ '1.4.0' ],
33 silly audit   'has-bigints': [ '1.1.0' ],
33 silly audit   'has-flag': [ '4.0.0' ],
33 silly audit   'has-property-descriptors': [ '1.0.2' ],
33 silly audit   'has-proto': [ '1.2.0' ],
33 silly audit   'has-symbols': [ '1.1.0' ],
33 silly audit   'has-tostringtag': [ '1.0.2' ],
33 silly audit   hasown: [ '2.0.2' ],
33 silly audit   'http-parser-js': [ '0.5.9' ],
33 silly audit   idb: [ '7.1.1' ],
33 silly audit   ignore: [ '5.3.2' ],
33 silly audit   'import-fresh': [ '3.3.1' ],
33 silly audit   imurmurhash: [ '0.1.4' ],
33 silly audit   'internal-slot': [ '1.1.0' ],
33 silly audit   'is-array-buffer': [ '3.0.5' ],
33 silly audit   'is-arrayish': [ '0.3.2' ],
33 silly audit   'is-async-function': [ '2.1.1' ],
33 silly audit   'is-bigint': [ '1.1.0' ],
33 silly audit   'is-boolean-object': [ '1.2.2' ],
33 silly audit   'is-bun-module': [ '2.0.0' ],
33 silly audit   'is-callable': [ '1.2.7' ],
33 silly audit   'is-core-module': [ '2.16.1' ],
33 silly audit   'is-data-view': [ '1.0.2' ],
33 silly audit   'is-date-object': [ '1.1.0' ],
33 silly audit   'is-extglob': [ '2.1.1' ],
33 silly audit   'is-finalizationregistry': [ '1.1.1' ],
33 silly audit   'is-fullwidth-code-point': [ '3.0.0' ],
33 silly audit   'is-generator-function': [ '1.1.0' ],
33 silly audit   'is-glob': [ '4.0.3' ],
33 silly audit   'is-map': [ '2.0.3' ],
33 silly audit   'is-number': [ '7.0.0' ],
33 silly audit   'is-number-object': [ '1.1.1' ],
33 silly audit   'is-regex': [ '1.2.1' ],
33 silly audit   'is-set': [ '2.0.3' ],
33 silly audit   'is-shared-array-buffer': [ '1.0.4' ],
33 silly audit   'is-string': [ '1.1.1' ],
33 silly audit   'is-symbol': [ '1.1.1' ],
33 silly audit   'is-typed-array': [ '1.1.15' ],
33 silly audit   'is-weakmap': [ '2.0.2' ],
33 silly audit   'is-weakref': [ '1.1.1' ],
33 silly audit   'is-weakset': [ '2.0.4' ],
33 silly audit   isarray: [ '2.0.5' ],
33 silly audit   isexe: [ '2.0.0' ],
33 silly audit   'iterator.prototype': [ '1.1.5' ],
33 silly audit   jiti: [ '2.4.2' ],
33 silly audit   'js-tokens': [ '4.0.0' ],
33 silly audit   'js-yaml': [ '4.1.0' ],
33 silly audit   'json-buffer': [ '3.0.1' ],
33 silly audit   'json-schema-traverse': [ '0.4.1' ],
33 silly audit   'json-stable-stringify-without-jsonify': [ '1.0.1' ],
33 silly audit   json5: [ '1.0.2' ],
33 silly audit   'jsx-ast-utils': [ '3.3.5' ],
33 silly audit   keyv: [ '4.5.4' ],
33 silly audit   'language-subtag-registry': [ '0.3.23' ],
33 silly audit   'language-tags': [ '1.0.9' ],
33 silly audit   levn: [ '0.4.1' ],
33 silly audit   lightningcss: [ '1.29.2' ],
33 silly audit   'lightningcss-darwin-arm64': [ '1.29.2' ],
33 silly audit   'lightningcss-darwin-x64': [ '1.29.2' ],
33 silly audit   'lightningcss-freebsd-x64': [ '1.29.2' ],
33 silly audit   'lightningcss-linux-arm-gnueabihf': [ '1.29.2' ],
33 silly audit   'lightningcss-linux-arm64-gnu': [ '1.29.2' ],
33 silly audit   'lightningcss-linux-arm64-musl': [ '1.29.2' ],
33 silly audit   'lightningcss-linux-x64-gnu': [ '1.29.2' ],
33 silly audit   'lightningcss-linux-x64-musl': [ '1.29.2' ],
33 silly audit   'lightningcss-win32-arm64-msvc': [ '1.29.2' ],
33 silly audit   'lightningcss-win32-x64-msvc': [ '1.29.2' ],
33 silly audit   'locate-path': [ '6.0.0' ],
33 silly audit   'lodash.camelcase': [ '4.3.0' ],
33 silly audit   'lodash.merge': [ '4.6.2' ],
33 silly audit   long: [ '5.3.1' ],
33 silly audit   'loose-envify': [ '1.4.0' ],
33 silly audit   'math-intrinsics': [ '1.1.0' ],
33 silly audit   merge2: [ '1.4.1' ],
33 silly audit   micromatch: [ '4.0.8' ],
33 silly audit   minimist: [ '1.2.8' ],
33 silly audit   ms: [ '2.1.3' ],
33 silly audit   nanoid: [ '3.3.11' ],
33 silly audit   'natural-compare': [ '1.4.0' ],
33 silly audit   next: [ '15.2.4' ],
33 silly audit   postcss: [ '8.4.31', '8.5.3' ],
33 silly audit   'object-assign': [ '4.1.1' ],
33 silly audit   'object-inspect': [ '1.13.4' ],
33 silly audit   'object-keys': [ '1.1.1' ],
33 silly audit   'object.assign': [ '4.1.7' ],
33 silly audit   'object.entries': [ '1.1.9' ],
33 silly audit   'object.fromentries': [ '2.0.8' ],
33 silly audit   'object.groupby': [ '1.0.3' ],
33 silly audit   'object.values': [ '1.2.1' ],
33 silly audit   optionator: [ '0.9.4' ],
33 silly audit   'own-keys': [ '1.0.1' ],
33 silly audit   'p-limit': [ '3.1.0' ],
33 silly audit   'p-locate': [ '5.0.0' ],
33 silly audit   'parent-module': [ '1.0.1' ],
33 silly audit   'path-exists': [ '4.0.0' ],
33 silly audit   'path-key': [ '3.1.1' ],
33 silly audit   'path-parse': [ '1.0.7' ],
33 silly audit   picocolors: [ '1.1.1' ],
33 silly audit   picomatch: [ '2.3.1', '4.0.2' ],
33 silly audit   'possible-typed-array-names': [ '1.1.0' ],
33 silly audit   'prelude-ls': [ '1.2.1' ],
33 silly audit   'prop-types': [ '15.8.1' ],
33 silly audit   protobufjs: [ '7.4.0' ],
33 silly audit   punycode: [ '2.3.1' ],
33 silly audit   'queue-microtask': [ '1.2.3' ],
33 silly audit   react: [ '19.1.0' ],
33 silly audit   'react-dom': [ '19.1.0' ],
33 silly audit   'react-is': [ '16.13.1' ],
33 silly audit   'reflect.getprototypeof': [ '1.0.10' ],
33 silly audit   'regexp.prototype.flags': [ '1.5.4' ],
33 silly audit   'require-directory': [ '2.1.1' ],
33 silly audit   'resolve-from': [ '4.0.0' ],
33 silly audit   'resolve-pkg-maps': [ '1.0.0' ],
33 silly audit   reusify: [ '1.1.0' ],
33 silly audit   'run-parallel': [ '1.2.0' ],
33 silly audit   'safe-array-concat': [ '1.1.3' ],
33 silly audit   'safe-buffer': [ '5.2.1' ],
33 silly audit   'safe-push-apply': [ '1.0.0' ],
33 silly audit   'safe-regex-test': [ '1.1.0' ],
33 silly audit   scheduler: [ '0.26.0' ],
33 silly audit   'set-function-length': [ '1.2.2' ],
33 silly audit   'set-function-name': [ '2.0.2' ],
33 silly audit   'set-proto': [ '1.0.0' ],
33 silly audit   sharp: [ '0.33.5' ],
33 silly audit   'shebang-command': [ '2.0.0' ],
33 silly audit   'shebang-regex': [ '3.0.0' ],
33 silly audit   'side-channel': [ '1.1.0' ],
33 silly audit   'side-channel-list': [ '1.0.0' ],
33 silly audit   'side-channel-map': [ '1.0.1' ],
33 silly audit   'side-channel-weakmap': [ '1.0.2' ],
33 silly audit   'simple-swizzle': [ '0.2.2' ],
33 silly audit   'source-map-js': [ '1.2.1' ],
33 silly audit   'stable-hash': [ '0.0.5' ],
33 silly audit   streamsearch: [ '1.1.0' ],
33 silly audit   'string-width': [ '4.2.3' ],
33 silly audit   'string.prototype.includes': [ '2.0.1' ],
33 silly audit   'string.prototype.matchall': [ '4.0.12' ],
33 silly audit   'string.prototype.repeat': [ '1.0.0' ],
33 silly audit   'string.prototype.trim': [ '1.2.10' ],
33 silly audit   'string.prototype.trimend': [ '1.0.9' ],
33 silly audit   'string.prototype.trimstart': [ '1.0.8' ],
33 silly audit   'strip-ansi': [ '6.0.1' ],
33 silly audit   'strip-bom': [ '3.0.0' ],
33 silly audit   'strip-json-comments': [ '3.1.1' ],
33 silly audit   'styled-jsx': [ '5.1.6' ],
33 silly audit   'supports-color': [ '7.2.0' ],
33 silly audit   'supports-preserve-symlinks-flag': [ '1.0.0' ],
33 silly audit   tailwindcss: [ '4.1.3' ],
33 silly audit   tapable: [ '2.2.1' ],
33 silly audit   tinyglobby: [ '0.2.12' ],
33 silly audit   fdir: [ '6.4.3' ],
33 silly audit   'to-regex-range': [ '5.0.1' ],
33 silly audit   'ts-api-utils': [ '2.1.0' ],
33 silly audit   'tsconfig-paths': [ '3.15.0' ],
33 silly audit   tslib: [ '2.8.1' ],
33 silly audit   'type-check': [ '0.4.0' ],
33 silly audit   'typed-array-buffer': [ '1.0.3' ],
33 silly audit   'typed-array-byte-length': [ '1.0.3' ],
33 silly audit   'typed-array-byte-offset': [ '1.0.4' ],
33 silly audit   'typed-array-length': [ '1.0.7' ],
33 silly audit   typescript: [ '5.8.3' ],
33 silly audit   'unbox-primitive': [ '1.1.0' ],
33 silly audit   'undici-types': [ '6.21.0' ],
33 silly audit   'unrs-resolver': [ '1.4.1' ],
33 silly audit   'uri-js': [ '4.4.1' ],
33 silly audit   'web-vitals': [ '4.2.4' ],
33 silly audit   'websocket-driver': [ '0.7.4' ],
33 silly audit   'websocket-extensions': [ '0.1.4' ],
33 silly audit   which: [ '2.0.2' ],
33 silly audit   'which-boxed-primitive': [ '1.1.1' ],
33 silly audit   'which-builtin-type': [ '1.2.1' ],
33 silly audit   'which-collection': [ '1.0.2' ],
33 silly audit   'which-typed-array': [ '1.1.19' ],
33 silly audit   'word-wrap': [ '1.2.5' ],
33 silly audit   'wrap-ansi': [ '7.0.0' ],
33 silly audit   y18n: [ '5.0.8' ],
33 silly audit   yargs: [ '17.7.2' ],
33 silly audit   'yargs-parser': [ '21.1.1' ],
33 silly audit   'yocto-queue': [ '0.1.0' ],
33 silly audit   'react-toastify': [ '11.0.5' ],
33 silly audit   clsx: [ '2.1.1' ]
33 silly audit }
34 verbose reify failed optional dependency D:\baixar\TESTE\erp-crm-engenharia\node_modules\lightningcss-win32-arm64-msvc
35 silly reify mark deleted [
35 silly reify   'D:\\baixar\\TESTE\\erp-crm-engenharia\\node_modules\\lightningcss-win32-arm64-msvc'
35 silly reify ]
36 verbose reify failed optional dependency D:\baixar\TESTE\erp-crm-engenharia\node_modules\lightningcss-linux-x64-musl
37 silly reify mark deleted [
37 silly reify   'D:\\baixar\\TESTE\\erp-crm-engenharia\\node_modules\\lightningcss-linux-x64-musl'
37 silly reify ]
38 verbose reify failed optional dependency D:\baixar\TESTE\erp-crm-engenharia\node_modules\lightningcss-linux-x64-gnu
39 silly reify mark deleted [
39 silly reify   'D:\\baixar\\TESTE\\erp-crm-engenharia\\node_modules\\lightningcss-linux-x64-gnu'
39 silly reify ]
40 verbose reify failed optional dependency D:\baixar\TESTE\erp-crm-engenharia\node_modules\lightningcss-linux-arm64-musl
41 silly reify mark deleted [
41 silly reify   'D:\\baixar\\TESTE\\erp-crm-engenharia\\node_modules\\lightningcss-linux-arm64-musl'
41 silly reify ]
42 verbose reify failed optional dependency D:\baixar\TESTE\erp-crm-engenharia\node_modules\lightningcss-linux-arm64-gnu
43 silly reify mark deleted [
43 silly reify   'D:\\baixar\\TESTE\\erp-crm-engenharia\\node_modules\\lightningcss-linux-arm64-gnu'
43 silly reify ]
44 verbose reify failed optional dependency D:\baixar\TESTE\erp-crm-engenharia\node_modules\lightningcss-linux-arm-gnueabihf
45 silly reify mark deleted [
45 silly reify   'D:\\baixar\\TESTE\\erp-crm-engenharia\\node_modules\\lightningcss-linux-arm-gnueabihf'
45 silly reify ]
46 verbose reify failed optional dependency D:\baixar\TESTE\erp-crm-engenharia\node_modules\lightningcss-freebsd-x64
47 silly reify mark deleted [
47 silly reify   'D:\\baixar\\TESTE\\erp-crm-engenharia\\node_modules\\lightningcss-freebsd-x64'
47 silly reify ]
48 verbose reify failed optional dependency D:\baixar\TESTE\erp-crm-engenharia\node_modules\lightningcss-darwin-x64
49 silly reify mark deleted [
49 silly reify   'D:\\baixar\\TESTE\\erp-crm-engenharia\\node_modules\\lightningcss-darwin-x64'
49 silly reify ]
50 verbose reify failed optional dependency D:\baixar\TESTE\erp-crm-engenharia\node_modules\lightningcss-darwin-arm64
51 silly reify mark deleted [
51 silly reify   'D:\\baixar\\TESTE\\erp-crm-engenharia\\node_modules\\lightningcss-darwin-arm64'
51 silly reify ]
52 verbose reify failed optional dependency D:\baixar\TESTE\erp-crm-engenharia\node_modules\@unrs\resolver-binding-win32-ia32-msvc
53 silly reify mark deleted [
53 silly reify   'D:\\baixar\\TESTE\\erp-crm-engenharia\\node_modules\\@unrs\\resolver-binding-win32-ia32-msvc'
53 silly reify ]
54 verbose reify failed optional dependency D:\baixar\TESTE\erp-crm-engenharia\node_modules\@unrs\resolver-binding-win32-arm64-msvc
55 silly reify mark deleted [
55 silly reify   'D:\\baixar\\TESTE\\erp-crm-engenharia\\node_modules\\@unrs\\resolver-binding-win32-arm64-msvc'
55 silly reify ]
56 verbose reify failed optional dependency D:\baixar\TESTE\erp-crm-engenharia\node_modules\@unrs\resolver-binding-wasm32-wasi
57 silly reify mark deleted [
57 silly reify   'D:\\baixar\\TESTE\\erp-crm-engenharia\\node_modules\\@unrs\\resolver-binding-wasm32-wasi'
57 silly reify ]
58 verbose reify failed optional dependency D:\baixar\TESTE\erp-crm-engenharia\node_modules\@napi-rs\wasm-runtime
59 silly reify mark deleted [
59 silly reify   'D:\\baixar\\TESTE\\erp-crm-engenharia\\node_modules\\@napi-rs\\wasm-runtime'
59 silly reify ]
60 verbose reify failed optional dependency D:\baixar\TESTE\erp-crm-engenharia\node_modules\@emnapi\core
61 silly reify mark deleted [
61 silly reify   'D:\\baixar\\TESTE\\erp-crm-engenharia\\node_modules\\@emnapi\\core'
61 silly reify ]
62 verbose reify failed optional dependency D:\baixar\TESTE\erp-crm-engenharia\node_modules\@tybys\wasm-util
63 silly reify mark deleted [
63 silly reify   'D:\\baixar\\TESTE\\erp-crm-engenharia\\node_modules\\@tybys\\wasm-util'
63 silly reify ]
64 verbose reify failed optional dependency D:\baixar\TESTE\erp-crm-engenharia\node_modules\@emnapi\wasi-threads
65 silly reify mark deleted [
65 silly reify   'D:\\baixar\\TESTE\\erp-crm-engenharia\\node_modules\\@emnapi\\wasi-threads'
65 silly reify ]
66 verbose reify failed optional dependency D:\baixar\TESTE\erp-crm-engenharia\node_modules\@unrs\resolver-binding-linux-x64-musl
67 silly reify mark deleted [
67 silly reify   'D:\\baixar\\TESTE\\erp-crm-engenharia\\node_modules\\@unrs\\resolver-binding-linux-x64-musl'
67 silly reify ]
68 verbose reify failed optional dependency D:\baixar\TESTE\erp-crm-engenharia\node_modules\@unrs\resolver-binding-linux-x64-gnu
69 silly reify mark deleted [
69 silly reify   'D:\\baixar\\TESTE\\erp-crm-engenharia\\node_modules\\@unrs\\resolver-binding-linux-x64-gnu'
69 silly reify ]
70 verbose reify failed optional dependency D:\baixar\TESTE\erp-crm-engenharia\node_modules\@unrs\resolver-binding-linux-s390x-gnu
71 silly reify mark deleted [
71 silly reify   'D:\\baixar\\TESTE\\erp-crm-engenharia\\node_modules\\@unrs\\resolver-binding-linux-s390x-gnu'
71 silly reify ]
72 verbose reify failed optional dependency D:\baixar\TESTE\erp-crm-engenharia\node_modules\@unrs\resolver-binding-linux-ppc64-gnu
73 silly reify mark deleted [
73 silly reify   'D:\\baixar\\TESTE\\erp-crm-engenharia\\node_modules\\@unrs\\resolver-binding-linux-ppc64-gnu'
73 silly reify ]
74 verbose reify failed optional dependency D:\baixar\TESTE\erp-crm-engenharia\node_modules\@unrs\resolver-binding-linux-arm64-musl
75 silly reify mark deleted [
75 silly reify   'D:\\baixar\\TESTE\\erp-crm-engenharia\\node_modules\\@unrs\\resolver-binding-linux-arm64-musl'
75 silly reify ]
76 verbose reify failed optional dependency D:\baixar\TESTE\erp-crm-engenharia\node_modules\@unrs\resolver-binding-linux-arm64-gnu
77 silly reify mark deleted [
77 silly reify   'D:\\baixar\\TESTE\\erp-crm-engenharia\\node_modules\\@unrs\\resolver-binding-linux-arm64-gnu'
77 silly reify ]
78 verbose reify failed optional dependency D:\baixar\TESTE\erp-crm-engenharia\node_modules\@unrs\resolver-binding-linux-arm-musleabihf
79 silly reify mark deleted [
79 silly reify   'D:\\baixar\\TESTE\\erp-crm-engenharia\\node_modules\\@unrs\\resolver-binding-linux-arm-musleabihf'
79 silly reify ]
80 verbose reify failed optional dependency D:\baixar\TESTE\erp-crm-engenharia\node_modules\@unrs\resolver-binding-linux-arm-gnueabihf
81 silly reify mark deleted [
81 silly reify   'D:\\baixar\\TESTE\\erp-crm-engenharia\\node_modules\\@unrs\\resolver-binding-linux-arm-gnueabihf'
81 silly reify ]
82 verbose reify failed optional dependency D:\baixar\TESTE\erp-crm-engenharia\node_modules\@unrs\resolver-binding-freebsd-x64
83 silly reify mark deleted [
83 silly reify   'D:\\baixar\\TESTE\\erp-crm-engenharia\\node_modules\\@unrs\\resolver-binding-freebsd-x64'
83 silly reify ]
84 verbose reify failed optional dependency D:\baixar\TESTE\erp-crm-engenharia\node_modules\@unrs\resolver-binding-darwin-x64
85 silly reify mark deleted [
85 silly reify   'D:\\baixar\\TESTE\\erp-crm-engenharia\\node_modules\\@unrs\\resolver-binding-darwin-x64'
85 silly reify ]
86 verbose reify failed optional dependency D:\baixar\TESTE\erp-crm-engenharia\node_modules\@unrs\resolver-binding-darwin-arm64
87 silly reify mark deleted [
87 silly reify   'D:\\baixar\\TESTE\\erp-crm-engenharia\\node_modules\\@unrs\\resolver-binding-darwin-arm64'
87 silly reify ]
88 verbose reify failed optional dependency D:\baixar\TESTE\erp-crm-engenharia\node_modules\@tailwindcss\oxide-win32-arm64-msvc
89 silly reify mark deleted [
89 silly reify   'D:\\baixar\\TESTE\\erp-crm-engenharia\\node_modules\\@tailwindcss\\oxide-win32-arm64-msvc'
89 silly reify ]
90 verbose reify failed optional dependency D:\baixar\TESTE\erp-crm-engenharia\node_modules\@tailwindcss\oxide-linux-x64-musl
91 silly reify mark deleted [
91 silly reify   'D:\\baixar\\TESTE\\erp-crm-engenharia\\node_modules\\@tailwindcss\\oxide-linux-x64-musl'
91 silly reify ]
92 verbose reify failed optional dependency D:\baixar\TESTE\erp-crm-engenharia\node_modules\@tailwindcss\oxide-linux-x64-gnu
93 silly reify mark deleted [
93 silly reify   'D:\\baixar\\TESTE\\erp-crm-engenharia\\node_modules\\@tailwindcss\\oxide-linux-x64-gnu'
93 silly reify ]
94 verbose reify failed optional dependency D:\baixar\TESTE\erp-crm-engenharia\node_modules\@tailwindcss\oxide-linux-arm64-musl
95 silly reify mark deleted [
95 silly reify   'D:\\baixar\\TESTE\\erp-crm-engenharia\\node_modules\\@tailwindcss\\oxide-linux-arm64-musl'
95 silly reify ]
96 verbose reify failed optional dependency D:\baixar\TESTE\erp-crm-engenharia\node_modules\@tailwindcss\oxide-linux-arm64-gnu
97 silly reify mark deleted [
97 silly reify   'D:\\baixar\\TESTE\\erp-crm-engenharia\\node_modules\\@tailwindcss\\oxide-linux-arm64-gnu'
97 silly reify ]
98 verbose reify failed optional dependency D:\baixar\TESTE\erp-crm-engenharia\node_modules\@tailwindcss\oxide-linux-arm-gnueabihf
99 silly reify mark deleted [
99 silly reify   'D:\\baixar\\TESTE\\erp-crm-engenharia\\node_modules\\@tailwindcss\\oxide-linux-arm-gnueabihf'
99 silly reify ]
100 verbose reify failed optional dependency D:\baixar\TESTE\erp-crm-engenharia\node_modules\@tailwindcss\oxide-freebsd-x64
101 silly reify mark deleted [
101 silly reify   'D:\\baixar\\TESTE\\erp-crm-engenharia\\node_modules\\@tailwindcss\\oxide-freebsd-x64'
101 silly reify ]
102 verbose reify failed optional dependency D:\baixar\TESTE\erp-crm-engenharia\node_modules\@tailwindcss\oxide-darwin-x64
103 silly reify mark deleted [
103 silly reify   'D:\\baixar\\TESTE\\erp-crm-engenharia\\node_modules\\@tailwindcss\\oxide-darwin-x64'
103 silly reify ]
104 verbose reify failed optional dependency D:\baixar\TESTE\erp-crm-engenharia\node_modules\@tailwindcss\oxide-darwin-arm64
105 silly reify mark deleted [
105 silly reify   'D:\\baixar\\TESTE\\erp-crm-engenharia\\node_modules\\@tailwindcss\\oxide-darwin-arm64'
105 silly reify ]
106 verbose reify failed optional dependency D:\baixar\TESTE\erp-crm-engenharia\node_modules\@tailwindcss\oxide-android-arm64
107 silly reify mark deleted [
107 silly reify   'D:\\baixar\\TESTE\\erp-crm-engenharia\\node_modules\\@tailwindcss\\oxide-android-arm64'
107 silly reify ]
108 verbose reify failed optional dependency D:\baixar\TESTE\erp-crm-engenharia\node_modules\@next\swc-win32-arm64-msvc
109 silly reify mark deleted [
109 silly reify   'D:\\baixar\\TESTE\\erp-crm-engenharia\\node_modules\\@next\\swc-win32-arm64-msvc'
109 silly reify ]
110 verbose reify failed optional dependency D:\baixar\TESTE\erp-crm-engenharia\node_modules\@next\swc-linux-x64-musl
111 silly reify mark deleted [
111 silly reify   'D:\\baixar\\TESTE\\erp-crm-engenharia\\node_modules\\@next\\swc-linux-x64-musl'
111 silly reify ]
112 verbose reify failed optional dependency D:\baixar\TESTE\erp-crm-engenharia\node_modules\@next\swc-linux-x64-gnu
113 silly reify mark deleted [
113 silly reify   'D:\\baixar\\TESTE\\erp-crm-engenharia\\node_modules\\@next\\swc-linux-x64-gnu'
113 silly reify ]
114 verbose reify failed optional dependency D:\baixar\TESTE\erp-crm-engenharia\node_modules\@next\swc-linux-arm64-musl
115 silly reify mark deleted [
115 silly reify   'D:\\baixar\\TESTE\\erp-crm-engenharia\\node_modules\\@next\\swc-linux-arm64-musl'
115 silly reify ]
116 verbose reify failed optional dependency D:\baixar\TESTE\erp-crm-engenharia\node_modules\@next\swc-linux-arm64-gnu
117 silly reify mark deleted [
117 silly reify   'D:\\baixar\\TESTE\\erp-crm-engenharia\\node_modules\\@next\\swc-linux-arm64-gnu'
117 silly reify ]
118 verbose reify failed optional dependency D:\baixar\TESTE\erp-crm-engenharia\node_modules\@next\swc-darwin-x64
119 silly reify mark deleted [
119 silly reify   'D:\\baixar\\TESTE\\erp-crm-engenharia\\node_modules\\@next\\swc-darwin-x64'
119 silly reify ]
120 verbose reify failed optional dependency D:\baixar\TESTE\erp-crm-engenharia\node_modules\@next\swc-darwin-arm64
121 silly reify mark deleted [
121 silly reify   'D:\\baixar\\TESTE\\erp-crm-engenharia\\node_modules\\@next\\swc-darwin-arm64'
121 silly reify ]
122 verbose reify failed optional dependency D:\baixar\TESTE\erp-crm-engenharia\node_modules\@img\sharp-win32-ia32
123 silly reify mark deleted [
123 silly reify   'D:\\baixar\\TESTE\\erp-crm-engenharia\\node_modules\\@img\\sharp-win32-ia32'
123 silly reify ]
124 verbose reify failed optional dependency D:\baixar\TESTE\erp-crm-engenharia\node_modules\@img\sharp-wasm32
125 silly reify mark deleted [
125 silly reify   'D:\\baixar\\TESTE\\erp-crm-engenharia\\node_modules\\@img\\sharp-wasm32'
125 silly reify ]
126 verbose reify failed optional dependency D:\baixar\TESTE\erp-crm-engenharia\node_modules\@img\sharp-linuxmusl-x64
127 silly reify mark deleted [
127 silly reify   'D:\\baixar\\TESTE\\erp-crm-engenharia\\node_modules\\@img\\sharp-linuxmusl-x64'
127 silly reify ]
128 verbose reify failed optional dependency D:\baixar\TESTE\erp-crm-engenharia\node_modules\@img\sharp-linuxmusl-arm64
129 silly reify mark deleted [
129 silly reify   'D:\\baixar\\TESTE\\erp-crm-engenharia\\node_modules\\@img\\sharp-linuxmusl-arm64'
129 silly reify ]
130 verbose reify failed optional dependency D:\baixar\TESTE\erp-crm-engenharia\node_modules\@img\sharp-linux-x64
131 silly reify mark deleted [
131 silly reify   'D:\\baixar\\TESTE\\erp-crm-engenharia\\node_modules\\@img\\sharp-linux-x64'
131 silly reify ]
132 verbose reify failed optional dependency D:\baixar\TESTE\erp-crm-engenharia\node_modules\@img\sharp-linux-s390x
133 silly reify mark deleted [
133 silly reify   'D:\\baixar\\TESTE\\erp-crm-engenharia\\node_modules\\@img\\sharp-linux-s390x'
133 silly reify ]
134 verbose reify failed optional dependency D:\baixar\TESTE\erp-crm-engenharia\node_modules\@img\sharp-linux-arm64
135 silly reify mark deleted [
135 silly reify   'D:\\baixar\\TESTE\\erp-crm-engenharia\\node_modules\\@img\\sharp-linux-arm64'
135 silly reify ]
136 verbose reify failed optional dependency D:\baixar\TESTE\erp-crm-engenharia\node_modules\@img\sharp-linux-arm
137 silly reify mark deleted [
137 silly reify   'D:\\baixar\\TESTE\\erp-crm-engenharia\\node_modules\\@img\\sharp-linux-arm'
137 silly reify ]
138 verbose reify failed optional dependency D:\baixar\TESTE\erp-crm-engenharia\node_modules\@img\sharp-libvips-linuxmusl-x64
139 silly reify mark deleted [
139 silly reify   'D:\\baixar\\TESTE\\erp-crm-engenharia\\node_modules\\@img\\sharp-libvips-linuxmusl-x64'
139 silly reify ]
140 verbose reify failed optional dependency D:\baixar\TESTE\erp-crm-engenharia\node_modules\@img\sharp-libvips-linuxmusl-arm64
141 silly reify mark deleted [
141 silly reify   'D:\\baixar\\TESTE\\erp-crm-engenharia\\node_modules\\@img\\sharp-libvips-linuxmusl-arm64'
141 silly reify ]
142 verbose reify failed optional dependency D:\baixar\TESTE\erp-crm-engenharia\node_modules\@img\sharp-libvips-linux-x64
143 silly reify mark deleted [
143 silly reify   'D:\\baixar\\TESTE\\erp-crm-engenharia\\node_modules\\@img\\sharp-libvips-linux-x64'
143 silly reify ]
144 verbose reify failed optional dependency D:\baixar\TESTE\erp-crm-engenharia\node_modules\@img\sharp-libvips-linux-s390x
145 silly reify mark deleted [
145 silly reify   'D:\\baixar\\TESTE\\erp-crm-engenharia\\node_modules\\@img\\sharp-libvips-linux-s390x'
145 silly reify ]
146 verbose reify failed optional dependency D:\baixar\TESTE\erp-crm-engenharia\node_modules\@img\sharp-libvips-linux-arm64
147 silly reify mark deleted [
147 silly reify   'D:\\baixar\\TESTE\\erp-crm-engenharia\\node_modules\\@img\\sharp-libvips-linux-arm64'
147 silly reify ]
148 verbose reify failed optional dependency D:\baixar\TESTE\erp-crm-engenharia\node_modules\@img\sharp-libvips-linux-arm
149 silly reify mark deleted [
149 silly reify   'D:\\baixar\\TESTE\\erp-crm-engenharia\\node_modules\\@img\\sharp-libvips-linux-arm'
149 silly reify ]
150 verbose reify failed optional dependency D:\baixar\TESTE\erp-crm-engenharia\node_modules\@img\sharp-libvips-darwin-x64
151 silly reify mark deleted [
151 silly reify   'D:\\baixar\\TESTE\\erp-crm-engenharia\\node_modules\\@img\\sharp-libvips-darwin-x64'
151 silly reify ]
152 verbose reify failed optional dependency D:\baixar\TESTE\erp-crm-engenharia\node_modules\@img\sharp-libvips-darwin-arm64
153 silly reify mark deleted [
153 silly reify   'D:\\baixar\\TESTE\\erp-crm-engenharia\\node_modules\\@img\\sharp-libvips-darwin-arm64'
153 silly reify ]
154 verbose reify failed optional dependency D:\baixar\TESTE\erp-crm-engenharia\node_modules\@img\sharp-darwin-x64
155 silly reify mark deleted [
155 silly reify   'D:\\baixar\\TESTE\\erp-crm-engenharia\\node_modules\\@img\\sharp-darwin-x64'
155 silly reify ]
156 verbose reify failed optional dependency D:\baixar\TESTE\erp-crm-engenharia\node_modules\@img\sharp-darwin-arm64
157 silly reify mark deleted [
157 silly reify   'D:\\baixar\\TESTE\\erp-crm-engenharia\\node_modules\\@img\\sharp-darwin-arm64'
157 silly reify ]
158 http cache @tybys/wasm-util@https://registry.npmjs.org/@tybys/wasm-util/-/wasm-util-0.9.0.tgz 0ms (cache hit)
159 http cache clsx@https://registry.npmjs.org/clsx/-/clsx-2.1.1.tgz 0ms (cache hit)
160 http cache react-toastify@https://registry.npmjs.org/react-toastify/-/react-toastify-11.0.5.tgz 0ms (cache hit)
161 http cache @napi-rs/wasm-runtime@https://registry.npmjs.org/@napi-rs/wasm-runtime/-/wasm-runtime-0.2.8.tgz 0ms (cache hit)
162 http cache @emnapi/core@https://registry.npmjs.org/@emnapi/core/-/core-1.4.0.tgz 0ms (cache hit)
163 http cache @emnapi/wasi-threads@https://registry.npmjs.org/@emnapi/wasi-threads/-/wasi-threads-1.0.1.tgz 0ms (cache hit)
164 silly tarball no local data for clsx@https://registry.npmjs.org/clsx/-/clsx-2.1.1.tgz. Extracting by manifest.
165 silly tarball no local data for react-toastify@https://registry.npmjs.org/react-toastify/-/react-toastify-11.0.5.tgz. Extracting by manifest.
166 http fetch POST 200 https://registry.npmjs.org/-/npm/v1/security/advisories/bulk 288ms
167 silly audit report {}
168 http fetch GET 200 https://registry.npmjs.org/clsx/-/clsx-2.1.1.tgz 295ms (cache miss)
169 http fetch GET 200 https://registry.npmjs.org/react-toastify/-/react-toastify-11.0.5.tgz 308ms (cache miss)
170 silly ADD node_modules/clsx
171 silly ADD node_modules/react-toastify
172 silly ADD
173 silly ADD
174 silly ADD
175 silly ADD
176 silly ADD
177 silly ADD
178 silly ADD
179 silly ADD
180 silly ADD
181 silly ADD
182 silly ADD
183 silly ADD
184 silly ADD
185 silly ADD
186 silly ADD
187 silly ADD
188 silly ADD
189 silly ADD
190 silly ADD
191 silly ADD
192 silly ADD
193 silly ADD
194 silly ADD
195 silly ADD
196 silly ADD
197 silly ADD
198 silly ADD
199 silly ADD
200 silly ADD
201 silly ADD
202 silly ADD
203 silly ADD
204 silly ADD
205 silly ADD
206 silly ADD
207 silly ADD
208 silly ADD
209 silly ADD
210 silly ADD
211 silly ADD
212 silly ADD
213 silly ADD
214 silly ADD
215 silly ADD
216 silly ADD
217 silly ADD
218 silly ADD
219 silly ADD
220 silly ADD
221 silly ADD
222 silly ADD
223 silly ADD
224 silly ADD
225 silly ADD
226 silly ADD
227 silly ADD
228 silly ADD
229 silly ADD
230 silly ADD
231 silly ADD
232 silly ADD
233 silly ADD
234 verbose cwd D:\baixar\TESTE\erp-crm-engenharia
235 verbose os Windows_NT 10.0.22631
236 verbose node v22.11.0
237 verbose npm  v11.1.0
238 verbose exit 0
239 info ok
