0 verbose cli C:\Program Files\nodejs\node.exe C:\Users\kawhe\AppData\Roaming\npm\node_modules\npm\bin\npm-cli.js
1 info using npm@11.1.0
2 info using node@v22.11.0
3 silly config load:file:C:\Users\kawhe\AppData\Roaming\npm\node_modules\npm\npmrc
4 silly config load:file:d:\baixar\TESTE\erp-crm-engenharia\.npmrc
5 silly config load:file:C:\Users\kawhe\.npmrc
6 silly config load:file:C:\Users\kawhe\AppData\Roaming\npm\etc\npmrc
7 verbose title npm view view-and-data description dist-tags.latest homepage version time
8 verbose argv "view" "--json" "--" "view-and-data" "description" "dist-tags.latest" "homepage" "version" "time"
9 verbose logfile logs-max:10 dir:d:\baixar\TESTE\erp-crm-engenharia\clean\_logs\2025-04-11T11_30_06_632Z-
10 verbose logfile d:\baixar\TESTE\erp-crm-engenharia\clean\_logs\2025-04-11T11_30_06_632Z-debug-0.log
11 silly logfile start cleaning logs, removing 1 files
12 silly logfile done cleaning log files
13 http fetch GET 200 https://registry.npmjs.org/view-and-data 299ms (cache updated)
14 verbose cwd d:\baixar\TESTE\erp-crm-engenharia
15 verbose os Windows_NT 10.0.22631
16 verbose node v22.11.0
17 verbose npm  v11.1.0
18 verbose exit 0
19 info ok
