0 verbose cli C:\Program Files\nodejs\node.exe C:\Users\kawhe\AppData\Roaming\npm\node_modules\npm\bin\npm-cli.js
1 info using npm@11.1.0
2 info using node@v22.11.0
3 silly config load:file:C:\Users\kawhe\AppData\Roaming\npm\node_modules\npm\npmrc
4 silly config load:file:D:\baixar\TESTE\erp-crm-engenharia\.npmrc
5 silly config load:file:C:\Users\kawhe\.npmrc
6 silly config load:file:C:\Users\kawhe\AppData\Roaming\npm\etc\npmrc
7 verbose title npm install @headlessui/react@latest
8 verbose argv "install" "@headlessui/react@latest"
9 verbose logfile logs-max:10 dir:D:\baixar\TESTE\erp-crm-engenharia\clean\_logs\2025-04-10T11_38_57_407Z-
10 verbose logfile D:\baixar\TESTE\erp-crm-engenharia\clean\_logs\2025-04-10T11_38_57_407Z-debug-0.log
11 silly logfile start cleaning logs, removing 1 files
12 silly packumentCache heap:4345298944 maxSize:1086324736 maxEntrySize:543162368
13 silly logfile done cleaning log files
14 silly packumentCache corgi:https://registry.npmjs.org/@headlessui%2freact cache-miss
15 http fetch GET 200 https://registry.npmjs.org/@headlessui%2freact 1742ms (cache miss)
16 silly packumentCache corgi:https://registry.npmjs.org/@headlessui%2freact set size:undefined disposed:false
17 silly idealTree buildDeps
18 silly fetch manifest @headlessui/react@2.2.1
19 silly packumentCache full:https://registry.npmjs.org/@headlessui%2freact cache-miss
20 http fetch GET 200 https://registry.npmjs.org/@headlessui%2freact 161ms (cache miss)
21 silly packumentCache full:https://registry.npmjs.org/@headlessui%2freact set size:undefined disposed:false
22 silly fetch manifest react@^19.0.0
23 silly packumentCache full:https://registry.npmjs.org/react cache-miss
24 http fetch GET 200 https://registry.npmjs.org/react 229ms (cache updated)
25 silly packumentCache full:https://registry.npmjs.org/react set size:undefined disposed:false
26 silly fetch manifest react-dom@^19.0.0
27 silly packumentCache full:https://registry.npmjs.org/react-dom cache-miss
28 http fetch GET 200 https://registry.npmjs.org/react-dom 221ms (cache updated)
29 silly packumentCache full:https://registry.npmjs.org/react-dom set size:undefined disposed:false
30 silly placeDep ROOT @headlessui/react@2.2.1 OK for: erp-crm-engenharia@0.1.0 want: 2.2.1
31 silly fetch manifest @floating-ui/react@^0.26.16
32 silly packumentCache full:https://registry.npmjs.org/@floating-ui%2freact cache-miss
33 silly fetch manifest @react-aria/focus@^3.17.1
34 silly packumentCache full:https://registry.npmjs.org/@react-aria%2ffocus cache-miss
35 silly fetch manifest @react-aria/interactions@^3.21.3
36 silly packumentCache full:https://registry.npmjs.org/@react-aria%2finteractions cache-miss
37 silly fetch manifest @tanstack/react-virtual@^3.11.1
38 silly packumentCache full:https://registry.npmjs.org/@tanstack%2freact-virtual cache-miss
39 http fetch GET 200 https://registry.npmjs.org/@floating-ui%2freact 91ms (cache miss)
40 silly packumentCache full:https://registry.npmjs.org/@floating-ui%2freact set size:undefined disposed:false
41 http fetch GET 200 https://registry.npmjs.org/@tanstack%2freact-virtual 279ms (cache miss)
42 silly packumentCache full:https://registry.npmjs.org/@tanstack%2freact-virtual set size:undefined disposed:false
43 http fetch GET 200 https://registry.npmjs.org/@react-aria%2finteractions 396ms (cache miss)
44 silly packumentCache full:https://registry.npmjs.org/@react-aria%2finteractions set size:undefined disposed:false
45 http fetch GET 200 https://registry.npmjs.org/@react-aria%2ffocus 492ms (cache miss)
46 silly packumentCache full:https://registry.npmjs.org/@react-aria%2ffocus set size:undefined disposed:false
47 silly fetch manifest react@^18 || ^19 || ^19.0.0-rc
48 silly packumentCache full:https://registry.npmjs.org/react cache-miss
49 http cache https://registry.npmjs.org/react 39ms (cache hit)
50 silly packumentCache full:https://registry.npmjs.org/react set size:5594305 disposed:false
51 silly fetch manifest react-dom@^18 || ^19 || ^19.0.0-rc
52 silly packumentCache full:https://registry.npmjs.org/react-dom cache-miss
53 http cache https://registry.npmjs.org/react-dom 75ms (cache hit)
54 silly packumentCache full:https://registry.npmjs.org/react-dom set size:7059955 disposed:false
55 silly placeDep ROOT @floating-ui/react@0.26.28 OK for: @headlessui/react@2.2.1 want: ^0.26.16
56 silly placeDep ROOT @react-aria/focus@3.20.1 OK for: @headlessui/react@2.2.1 want: ^3.17.1
57 silly placeDep ROOT @react-aria/interactions@3.24.1 OK for: @headlessui/react@2.2.1 want: ^3.21.3
58 silly placeDep ROOT @tanstack/react-virtual@3.13.6 OK for: @headlessui/react@2.2.1 want: ^3.11.1
59 silly fetch manifest tabbable@^6.0.0
60 silly packumentCache full:https://registry.npmjs.org/tabbable cache-miss
61 silly fetch manifest @floating-ui/react-dom@^2.1.2
62 silly packumentCache full:https://registry.npmjs.org/@floating-ui%2freact-dom cache-miss
63 silly fetch manifest @react-aria/utils@^3.28.1
64 silly packumentCache full:https://registry.npmjs.org/@react-aria%2futils cache-miss
65 silly fetch manifest @react-types/shared@^3.28.0
66 silly packumentCache full:https://registry.npmjs.org/@react-types%2fshared cache-miss
67 silly fetch manifest @react-aria/interactions@^3.24.1
68 silly packumentCache full:https://registry.npmjs.org/@react-aria%2finteractions cache-miss
69 silly fetch manifest @react-aria/ssr@^3.9.7
70 silly packumentCache full:https://registry.npmjs.org/@react-aria%2fssr cache-miss
71 silly fetch manifest @react-aria/utils@^3.28.1
72 silly packumentCache full:https://registry.npmjs.org/@react-aria%2futils cache-miss
73 http cache https://registry.npmjs.org/@react-aria%2finteractions 30ms (cache hit)
74 silly packumentCache full:https://registry.npmjs.org/@react-aria%2finteractions set size:2272893 disposed:false
75 silly fetch manifest @react-types/shared@^3.28.0
76 silly packumentCache full:https://registry.npmjs.org/@react-types%2fshared cache-miss
77 http fetch GET 200 https://registry.npmjs.org/tabbable 96ms (cache miss)
78 silly packumentCache full:https://registry.npmjs.org/tabbable set size:undefined disposed:false
79 silly fetch manifest @react-stately/flags@^3.1.0
80 silly packumentCache full:https://registry.npmjs.org/@react-stately%2fflags cache-miss
81 http fetch GET 200 https://registry.npmjs.org/@floating-ui%2freact-dom 143ms (cache miss)
82 silly packumentCache full:https://registry.npmjs.org/@floating-ui%2freact-dom set size:undefined disposed:false
83 silly fetch manifest @tanstack/virtual-core@3.13.6
84 silly packumentCache full:https://registry.npmjs.org/@tanstack%2fvirtual-core cache-miss
85 http fetch GET 200 https://registry.npmjs.org/@react-types%2fshared 163ms (cache miss)
86 silly packumentCache full:https://registry.npmjs.org/@react-types%2fshared set size:undefined disposed:false
87 http fetch GET 200 https://registry.npmjs.org/@tanstack%2fvirtual-core 114ms (cache miss)
88 silly packumentCache full:https://registry.npmjs.org/@tanstack%2fvirtual-core set size:undefined disposed:false
89 http fetch GET 200 https://registry.npmjs.org/@react-aria%2futils 347ms (cache miss)
90 silly packumentCache full:https://registry.npmjs.org/@react-aria%2futils set size:undefined disposed:false
91 http fetch GET 200 https://registry.npmjs.org/@react-aria%2futils 527ms (cache miss)
92 silly packumentCache full:https://registry.npmjs.org/@react-aria%2futils set size:undefined disposed:false
93 http fetch GET 200 https://registry.npmjs.org/@react-types%2fshared 542ms (cache miss)
94 silly packumentCache full:https://registry.npmjs.org/@react-types%2fshared set size:undefined disposed:false
95 http fetch GET 200 https://registry.npmjs.org/@react-aria%2fssr 604ms (cache miss)
96 silly packumentCache full:https://registry.npmjs.org/@react-aria%2fssr set size:undefined disposed:false
97 http fetch GET 200 https://registry.npmjs.org/@react-stately%2fflags 567ms (cache miss)
98 silly packumentCache full:https://registry.npmjs.org/@react-stately%2fflags set size:undefined disposed:false
99 silly fetch manifest react@>=16.8.0
100 silly packumentCache full:https://registry.npmjs.org/react cache-miss
101 http cache https://registry.npmjs.org/react 56ms (cache hit)
102 silly packumentCache full:https://registry.npmjs.org/react set size:5594305 disposed:false
103 silly fetch manifest react-dom@>=16.8.0
104 silly packumentCache full:https://registry.npmjs.org/react-dom cache-miss
105 http cache https://registry.npmjs.org/react-dom 57ms (cache hit)
106 silly packumentCache full:https://registry.npmjs.org/react-dom set size:7059955 disposed:false
107 silly placeDep ROOT @floating-ui/react-dom@2.1.2 OK for: @floating-ui/react@0.26.28 want: ^2.1.2
108 silly placeDep ROOT tabbable@6.2.0 OK for: @floating-ui/react@0.26.28 want: ^6.0.0
109 silly fetch manifest react@^16.8.0 || ^17.0.0-rc.1 || ^18.0.0 || ^19.0.0-rc.1
110 silly packumentCache full:https://registry.npmjs.org/react cache-miss
111 http cache https://registry.npmjs.org/react 36ms (cache hit)
112 silly packumentCache full:https://registry.npmjs.org/react set size:5594305 disposed:false
113 silly fetch manifest react-dom@^16.8.0 || ^17.0.0-rc.1 || ^18.0.0 || ^19.0.0-rc.1
114 silly packumentCache full:https://registry.npmjs.org/react-dom cache-miss
115 http cache https://registry.npmjs.org/react-dom 22ms (cache hit)
116 silly packumentCache full:https://registry.npmjs.org/react-dom set size:7059955 disposed:false
117 silly placeDep ROOT @react-aria/utils@3.28.1 OK for: @react-aria/focus@3.20.1 want: ^3.28.1
118 silly placeDep ROOT @react-types/shared@3.28.0 OK for: @react-aria/focus@3.20.1 want: ^3.28.0
119 silly fetch manifest @react-stately/utils@^3.10.5
120 silly packumentCache full:https://registry.npmjs.org/@react-stately%2futils cache-miss
121 http fetch GET 200 https://registry.npmjs.org/@react-stately%2futils 137ms (cache miss)
122 silly packumentCache full:https://registry.npmjs.org/@react-stately%2futils set size:undefined disposed:false
123 silly placeDep ROOT @react-aria/ssr@3.9.7 OK for: @react-aria/interactions@3.24.1 want: ^3.9.7
124 silly placeDep ROOT @react-stately/flags@3.1.0 OK for: @react-aria/interactions@3.24.1 want: ^3.1.0
125 silly placeDep ROOT @react-stately/utils@3.10.5 OK for: @react-aria/utils@3.28.1 want: ^3.10.5
126 silly placeDep ROOT @tanstack/virtual-core@3.13.6 OK for: @tanstack/react-virtual@3.13.6 want: 3.13.6
127 silly reify moves {}
128 silly audit bulk request {
128 silly audit   '@alloc/quick-lru': [ '5.2.0' ],
128 silly audit   '@babel/code-frame': [ '7.26.2' ],
128 silly audit   '@babel/generator': [ '7.27.0' ],
128 silly audit   '@babel/helper-module-imports': [ '7.25.9' ],
128 silly audit   '@babel/helper-string-parser': [ '7.25.9' ],
128 silly audit   '@babel/helper-validator-identifier': [ '7.25.9' ],
128 silly audit   '@babel/parser': [ '7.27.0' ],
128 silly audit   '@babel/runtime': [ '7.27.0' ],
128 silly audit   '@babel/template': [ '7.27.0' ],
128 silly audit   '@babel/traverse': [ '7.27.0' ],
128 silly audit   globals: [ '11.12.0', '14.0.0' ],
128 silly audit   '@babel/types': [ '7.27.0' ],
128 silly audit   '@emnapi/core': [ '1.4.0' ],
128 silly audit   '@emnapi/runtime': [ '1.4.0' ],
128 silly audit   '@emnapi/wasi-threads': [ '1.0.1' ],
128 silly audit   '@emotion/babel-plugin': [ '11.13.5' ],
128 silly audit   '@emotion/cache': [ '11.14.0' ],
128 silly audit   '@emotion/hash': [ '0.9.2' ],
128 silly audit   '@emotion/memoize': [ '0.9.0' ],
128 silly audit   '@emotion/react': [ '11.14.0' ],
128 silly audit   '@emotion/serialize': [ '1.3.3' ],
128 silly audit   '@emotion/sheet': [ '1.4.0' ],
128 silly audit   '@emotion/unitless': [ '0.10.0' ],
128 silly audit   '@emotion/use-insertion-effect-with-fallbacks': [ '1.2.0' ],
128 silly audit   '@emotion/utils': [ '1.4.2' ],
128 silly audit   '@emotion/weak-memoize': [ '0.4.0' ],
128 silly audit   '@eslint-community/eslint-utils': [ '4.5.1' ],
128 silly audit   'eslint-visitor-keys': [ '3.4.3', '4.2.0' ],
128 silly audit   '@eslint-community/regexpp': [ '4.12.1' ],
128 silly audit   '@eslint/config-array': [ '0.20.0' ],
128 silly audit   '@eslint/config-helpers': [ '0.2.1' ],
128 silly audit   '@eslint/core': [ '0.12.0', '0.13.0' ],
128 silly audit   '@eslint/eslintrc': [ '3.3.1' ],
128 silly audit   '@eslint/js': [ '9.24.0' ],
128 silly audit   '@eslint/object-schema': [ '2.1.6' ],
128 silly audit   '@eslint/plugin-kit': [ '0.2.8' ],
128 silly audit   '@firebase/analytics': [ '0.10.12' ],
128 silly audit   '@firebase/analytics-compat': [ '0.2.18' ],
128 silly audit   '@firebase/analytics-types': [ '0.8.3' ],
128 silly audit   '@firebase/app': [ '0.11.4' ],
128 silly audit   '@firebase/app-check': [ '0.8.13' ],
128 silly audit   '@firebase/app-check-compat': [ '0.3.20' ],
128 silly audit   '@firebase/app-check-interop-types': [ '0.3.3' ],
128 silly audit   '@firebase/app-check-types': [ '0.5.3' ],
128 silly audit   '@firebase/app-compat': [ '0.2.53' ],
128 silly audit   '@firebase/app-types': [ '0.9.3' ],
128 silly audit   '@firebase/auth': [ '1.10.0' ],
128 silly audit   '@firebase/auth-compat': [ '0.5.20' ],
128 silly audit   '@firebase/auth-interop-types': [ '0.2.4' ],
128 silly audit   '@firebase/auth-types': [ '0.13.0' ],
128 silly audit   '@firebase/component': [ '0.6.13' ],
128 silly audit   '@firebase/data-connect': [ '0.3.3' ],
128 silly audit   '@firebase/database': [ '1.0.14' ],
128 silly audit   '@firebase/database-compat': [ '2.0.5' ],
128 silly audit   '@firebase/database-types': [ '1.0.10' ],
128 silly audit   '@firebase/firestore': [ '4.7.10' ],
128 silly audit   '@firebase/firestore-compat': [ '0.3.45' ],
128 silly audit   '@firebase/firestore-types': [ '3.0.3' ],
128 silly audit   '@firebase/functions': [ '0.12.3' ],
128 silly audit   '@firebase/functions-compat': [ '0.3.20' ],
128 silly audit   '@firebase/functions-types': [ '0.6.3' ],
128 silly audit   '@firebase/installations': [ '0.6.13' ],
128 silly audit   '@firebase/installations-compat': [ '0.2.13' ],
128 silly audit   '@firebase/installations-types': [ '0.5.3' ],
128 silly audit   '@firebase/logger': [ '0.4.4' ],
128 silly audit   '@firebase/messaging': [ '0.12.17' ],
128 silly audit   '@firebase/messaging-compat': [ '0.2.17' ],
128 silly audit   '@firebase/messaging-interop-types': [ '0.2.3' ],
128 silly audit   '@firebase/performance': [ '0.7.2' ],
128 silly audit   '@firebase/performance-compat': [ '0.2.15' ],
128 silly audit   '@firebase/performance-types': [ '0.2.3' ],
128 silly audit   '@firebase/remote-config': [ '0.6.0' ],
128 silly audit   '@firebase/remote-config-compat': [ '0.2.13' ],
128 silly audit   '@firebase/remote-config-types': [ '0.4.0' ],
128 silly audit   '@firebase/storage': [ '0.13.7' ],
128 silly audit   '@firebase/storage-compat': [ '0.3.17' ],
128 silly audit   '@firebase/storage-types': [ '0.8.3' ],
128 silly audit   '@firebase/util': [ '1.11.0' ],
128 silly audit   '@firebase/vertexai': [ '1.2.1' ],
128 silly audit   '@firebase/webchannel-wrapper': [ '1.0.3' ],
128 silly audit   '@floating-ui/core': [ '1.6.9' ],
128 silly audit   '@floating-ui/dom': [ '1.6.13' ],
128 silly audit   '@floating-ui/utils': [ '0.2.9' ],
128 silly audit   '@grpc/grpc-js': [ '1.9.15' ],
128 silly audit   '@grpc/proto-loader': [ '0.7.13' ],
128 silly audit   '@humanfs/core': [ '0.19.1' ],
128 silly audit   '@humanfs/node': [ '0.16.6' ],
128 silly audit   '@humanwhocodes/retry': [ '0.3.1', '0.4.2' ],
128 silly audit   '@humanwhocodes/module-importer': [ '1.0.1' ],
128 silly audit   '@img/sharp-darwin-arm64': [ '0.33.5' ],
128 silly audit   '@img/sharp-darwin-x64': [ '0.33.5' ],
128 silly audit   '@img/sharp-libvips-darwin-arm64': [ '1.0.4' ],
128 silly audit   '@img/sharp-libvips-darwin-x64': [ '1.0.4' ],
128 silly audit   '@img/sharp-libvips-linux-arm': [ '1.0.5' ],
128 silly audit   '@img/sharp-libvips-linux-arm64': [ '1.0.4' ],
128 silly audit   '@img/sharp-libvips-linux-s390x': [ '1.0.4' ],
128 silly audit   '@img/sharp-libvips-linux-x64': [ '1.0.4' ],
128 silly audit   '@img/sharp-libvips-linuxmusl-arm64': [ '1.0.4' ],
128 silly audit   '@img/sharp-libvips-linuxmusl-x64': [ '1.0.4' ],
128 silly audit   '@img/sharp-linux-arm': [ '0.33.5' ],
128 silly audit   '@img/sharp-linux-arm64': [ '0.33.5' ],
128 silly audit   '@img/sharp-linux-s390x': [ '0.33.5' ],
128 silly audit   '@img/sharp-linux-x64': [ '0.33.5' ],
128 silly audit   '@img/sharp-linuxmusl-arm64': [ '0.33.5' ],
128 silly audit   '@img/sharp-linuxmusl-x64': [ '0.33.5' ],
128 silly audit   '@img/sharp-wasm32': [ '0.33.5' ],
128 silly audit   '@img/sharp-win32-ia32': [ '0.33.5' ],
128 silly audit   '@img/sharp-win32-x64': [ '0.33.5' ],
128 silly audit   '@jridgewell/gen-mapping': [ '0.3.8' ],
128 silly audit   '@jridgewell/resolve-uri': [ '3.1.2' ],
128 silly audit   '@jridgewell/set-array': [ '1.2.1' ],
128 silly audit   '@jridgewell/sourcemap-codec': [ '1.5.0' ],
128 silly audit   '@jridgewell/trace-mapping': [ '0.3.25' ],
128 silly audit   '@napi-rs/wasm-runtime': [ '0.2.8' ],
128 silly audit   '@next/env': [ '15.2.4' ],
128 silly audit   '@next/eslint-plugin-next': [ '15.2.4' ],
128 silly audit   '@next/swc-darwin-arm64': [ '15.2.4' ],
128 silly audit   '@next/swc-darwin-x64': [ '15.2.4' ],
128 silly audit   '@next/swc-linux-arm64-gnu': [ '15.2.4' ],
128 silly audit   '@next/swc-linux-arm64-musl': [ '15.2.4' ],
128 silly audit   '@next/swc-linux-x64-gnu': [ '15.2.4' ],
128 silly audit   '@next/swc-linux-x64-musl': [ '15.2.4' ],
128 silly audit   '@next/swc-win32-arm64-msvc': [ '15.2.4' ],
128 silly audit   '@next/swc-win32-x64-msvc': [ '15.2.4' ],
128 silly audit   '@nodelib/fs.scandir': [ '2.1.5' ],
128 silly audit   '@nodelib/fs.stat': [ '2.0.5' ],
128 silly audit   '@nodelib/fs.walk': [ '1.2.8' ],
128 silly audit   '@nolyfill/is-core-module': [ '1.0.39' ],
128 silly audit   '@protobufjs/aspromise': [ '1.1.2' ],
128 silly audit   '@protobufjs/base64': [ '1.1.2' ],
128 silly audit   '@protobufjs/codegen': [ '2.0.4' ],
128 silly audit   '@protobufjs/eventemitter': [ '1.1.0' ],
128 silly audit   '@protobufjs/fetch': [ '1.1.0' ],
128 silly audit   '@protobufjs/float': [ '1.0.2' ],
128 silly audit   '@protobufjs/inquire': [ '1.1.0' ],
128 silly audit   '@protobufjs/path': [ '1.1.2' ],
128 silly audit   '@protobufjs/pool': [ '1.1.0' ],
128 silly audit   '@protobufjs/utf8': [ '1.1.0' ],
128 silly audit   '@rtsao/scc': [ '1.1.0' ],
128 silly audit   '@rushstack/eslint-patch': [ '1.11.0' ],
128 silly audit   '@swc/counter': [ '0.1.3' ],
128 silly audit   '@swc/helpers': [ '0.5.15' ],
128 silly audit   '@tailwindcss/node': [ '4.1.3' ],
128 silly audit   '@tailwindcss/oxide': [ '4.1.3' ],
128 silly audit   '@tailwindcss/oxide-android-arm64': [ '4.1.3' ],
128 silly audit   '@tailwindcss/oxide-darwin-arm64': [ '4.1.3' ],
128 silly audit   '@tailwindcss/oxide-darwin-x64': [ '4.1.3' ],
128 silly audit   '@tailwindcss/oxide-freebsd-x64': [ '4.1.3' ],
128 silly audit   '@tailwindcss/oxide-linux-arm-gnueabihf': [ '4.1.3' ],
128 silly audit   '@tailwindcss/oxide-linux-arm64-gnu': [ '4.1.3' ],
128 silly audit   '@tailwindcss/oxide-linux-arm64-musl': [ '4.1.3' ],
128 silly audit   '@tailwindcss/oxide-linux-x64-gnu': [ '4.1.3' ],
128 silly audit   '@tailwindcss/oxide-linux-x64-musl': [ '4.1.3' ],
128 silly audit   '@tailwindcss/oxide-win32-arm64-msvc': [ '4.1.3' ],
128 silly audit   '@tailwindcss/oxide-win32-x64-msvc': [ '4.1.3' ],
128 silly audit   '@tailwindcss/postcss': [ '4.1.3' ],
128 silly audit   '@tybys/wasm-util': [ '0.9.0' ],
128 silly audit   '@types/estree': [ '1.0.7' ],
128 silly audit   '@types/json-schema': [ '7.0.15' ],
128 silly audit   '@types/json5': [ '0.0.29' ],
128 silly audit   '@types/node': [ '22.14.0' ],
128 silly audit   '@types/parse-json': [ '4.0.2' ],
128 silly audit   '@types/prismjs': [ '1.26.5' ],
128 silly audit   '@types/react': [ '19.1.0' ],
128 silly audit   '@types/react-transition-group': [ '4.4.12' ],
128 silly audit   '@typescript-eslint/eslint-plugin': [ '8.29.1' ],
128 silly audit   '@typescript-eslint/parser': [ '8.29.1' ],
128 silly audit   '@typescript-eslint/scope-manager': [ '8.29.1' ],
128 silly audit   '@typescript-eslint/type-utils': [ '8.29.1' ],
128 silly audit   '@typescript-eslint/types': [ '8.29.1' ],
128 silly audit   '@typescript-eslint/typescript-estree': [ '8.29.1' ],
128 silly audit   'brace-expansion': [ '2.0.1', '1.1.11' ],
128 silly audit   'fast-glob': [ '3.3.3', '3.3.1' ],
128 silly audit   'glob-parent': [ '5.1.2', '6.0.2' ],
128 silly audit   minimatch: [ '9.0.5', '3.1.2' ],
128 silly audit   '@typescript-eslint/utils': [ '8.29.1' ],
128 silly audit   '@typescript-eslint/visitor-keys': [ '8.29.1' ],
128 silly audit   '@unrs/resolver-binding-darwin-arm64': [ '1.4.1' ],
128 silly audit   '@unrs/resolver-binding-darwin-x64': [ '1.4.1' ],
128 silly audit   '@unrs/resolver-binding-freebsd-x64': [ '1.4.1' ],
128 silly audit   '@unrs/resolver-binding-linux-arm-gnueabihf': [ '1.4.1' ],
128 silly audit   '@unrs/resolver-binding-linux-arm-musleabihf': [ '1.4.1' ],
128 silly audit   '@unrs/resolver-binding-linux-arm64-gnu': [ '1.4.1' ],
128 silly audit   '@unrs/resolver-binding-linux-arm64-musl': [ '1.4.1' ],
128 silly audit   '@unrs/resolver-binding-linux-ppc64-gnu': [ '1.4.1' ],
128 silly audit   '@unrs/resolver-binding-linux-s390x-gnu': [ '1.4.1' ],
128 silly audit   '@unrs/resolver-binding-linux-x64-gnu': [ '1.4.1' ],
128 silly audit   '@unrs/resolver-binding-linux-x64-musl': [ '1.4.1' ],
128 silly audit   '@unrs/resolver-binding-wasm32-wasi': [ '1.4.1' ],
128 silly audit   '@unrs/resolver-binding-win32-arm64-msvc': [ '1.4.1' ],
128 silly audit   '@unrs/resolver-binding-win32-ia32-msvc': [ '1.4.1' ],
128 silly audit   '@unrs/resolver-binding-win32-x64-msvc': [ '1.4.1' ],
128 silly audit   acorn: [ '8.14.1' ],
128 silly audit   'acorn-jsx': [ '5.3.2' ],
128 silly audit   ajv: [ '6.12.6' ],
128 silly audit   'ansi-regex': [ '5.0.1' ],
128 silly audit   'ansi-styles': [ '4.3.0' ],
128 silly audit   argparse: [ '2.0.1' ],
128 silly audit   'aria-query': [ '5.3.2' ],
128 silly audit   'array-buffer-byte-length': [ '1.0.2' ],
128 silly audit   'array-includes': [ '3.1.8' ],
128 silly audit   'array.prototype.findlast': [ '1.2.5' ],
128 silly audit   'array.prototype.findlastindex': [ '1.2.6' ],
128 silly audit   'array.prototype.flat': [ '1.3.3' ],
128 silly audit   'array.prototype.flatmap': [ '1.3.3' ],
128 silly audit   'array.prototype.tosorted': [ '1.1.4' ],
128 silly audit   'arraybuffer.prototype.slice': [ '1.0.4' ],
128 silly audit   'ast-types-flow': [ '0.0.8' ],
128 silly audit   'async-function': [ '1.0.0' ],
128 silly audit   'available-typed-arrays': [ '1.0.7' ],
128 silly audit   'axe-core': [ '4.10.3' ],
128 silly audit   'axobject-query': [ '4.1.0' ],
128 silly audit   'babel-plugin-macros': [ '3.1.0' ],
128 silly audit   'balanced-match': [ '1.0.2' ],
128 silly audit   braces: [ '3.0.3' ],
128 silly audit   busboy: [ '1.6.0' ],
128 silly audit   'call-bind': [ '1.0.8' ],
128 silly audit   'call-bind-apply-helpers': [ '1.0.2' ],
128 silly audit   'call-bound': [ '1.0.4' ],
128 silly audit   callsites: [ '3.1.0' ],
128 silly audit   'caniuse-lite': [ '1.0.30001712' ],
128 silly audit   chalk: [ '4.1.2' ],
128 silly audit   'client-only': [ '0.0.1' ],
128 silly audit   cliui: [ '8.0.1' ],
128 silly audit   clsx: [ '2.1.1' ],
128 silly audit   color: [ '4.2.3' ],
128 silly audit   'color-convert': [ '2.0.1' ],
128 silly audit   'color-name': [ '1.1.4' ],
128 silly audit   'color-string': [ '1.9.1' ],
128 silly audit   'concat-map': [ '0.0.1' ],
128 silly audit   'convert-source-map': [ '1.9.0' ],
128 silly audit   cosmiconfig: [ '7.1.0' ],
128 silly audit   'cross-spawn': [ '7.0.6' ],
128 silly audit   csstype: [ '3.1.3' ],
128 silly audit   'damerau-levenshtein': [ '1.0.8' ],
128 silly audit   'data-view-buffer': [ '1.0.2' ],
128 silly audit   'data-view-byte-length': [ '1.0.2' ],
128 silly audit   'data-view-byte-offset': [ '1.0.1' ],
128 silly audit   debug: [ '4.4.0', '3.2.7' ],
128 silly audit   'deep-is': [ '0.1.4' ],
128 silly audit   'define-data-property': [ '1.1.4' ],
128 silly audit   'define-properties': [ '1.2.1' ],
128 silly audit   'detect-libc': [ '2.0.3' ],
128 silly audit   doctrine: [ '2.1.0' ],
128 silly audit   'dom-helpers': [ '5.2.1' ],
128 silly audit   'dunder-proto': [ '1.0.1' ],
128 silly audit   'emoji-regex': [ '9.2.2', '8.0.0' ],
128 silly audit   'enhanced-resolve': [ '5.18.1' ],
128 silly audit   'error-ex': [ '1.3.2' ],
128 silly audit   'is-arrayish': [ '0.2.1', '0.3.2' ],
128 silly audit   'es-abstract': [ '1.23.9' ],
128 silly audit   'es-define-property': [ '1.0.1' ],
128 silly audit   'es-errors': [ '1.3.0' ],
128 silly audit   'es-iterator-helpers': [ '1.2.1' ],
128 silly audit   'es-object-atoms': [ '1.1.1' ],
128 silly audit   'es-set-tostringtag': [ '2.1.0' ],
128 silly audit   'es-shim-unscopables': [ '1.1.0' ],
128 silly audit   'es-to-primitive': [ '1.3.0' ],
128 silly audit   escalade: [ '3.2.0' ],
128 silly audit   'escape-string-regexp': [ '4.0.0' ],
128 silly audit   eslint: [ '9.24.0' ],
128 silly audit   'eslint-config-next': [ '15.2.4' ],
128 silly audit   'eslint-import-resolver-node': [ '0.3.9' ],
128 silly audit   'eslint-import-resolver-typescript': [ '3.10.0' ],
128 silly audit   'eslint-module-utils': [ '2.12.0' ],
128 silly audit   'eslint-plugin-import': [ '2.31.0' ],
128 silly audit   semver: [ '6.3.1', '7.7.1' ],
128 silly audit   'eslint-plugin-jsx-a11y': [ '6.10.2' ],
128 silly audit   'eslint-plugin-react': [ '7.37.5' ],
128 silly audit   'eslint-plugin-react-hooks': [ '5.2.0' ],
128 silly audit   resolve: [ '2.0.0-next.5', '1.22.10' ],
128 silly audit   'eslint-scope': [ '8.3.0' ],
128 silly audit   espree: [ '10.3.0' ],
128 silly audit   esquery: [ '1.6.0' ],
128 silly audit   esrecurse: [ '4.3.0' ],
128 silly audit   estraverse: [ '5.3.0' ],
128 silly audit   esutils: [ '2.0.3' ],
128 silly audit   'fast-deep-equal': [ '3.1.3' ],
128 silly audit   'fast-json-stable-stringify': [ '2.1.0' ],
128 silly audit   'fast-levenshtein': [ '2.0.6' ],
128 silly audit   fastq: [ '1.19.1' ],
128 silly audit   'faye-websocket': [ '0.11.4' ],
128 silly audit   'file-entry-cache': [ '8.0.0' ],
128 silly audit   'fill-range': [ '7.1.1' ],
128 silly audit   'find-root': [ '1.1.0' ],
128 silly audit   'find-up': [ '5.0.0' ],
128 silly audit   firebase: [ '11.6.0' ],
128 silly audit   'flat-cache': [ '4.0.1' ],
128 silly audit   flatted: [ '3.3.3' ],
128 silly audit   'for-each': [ '0.3.5' ],
128 silly audit   'function-bind': [ '1.1.2' ],
128 silly audit   'function.prototype.name': [ '1.1.8' ],
128 silly audit   'functions-have-names': [ '1.2.3' ],
128 silly audit   'get-caller-file': [ '2.0.5' ],
128 silly audit   'get-intrinsic': [ '1.3.0' ],
128 silly audit   'get-proto': [ '1.0.1' ],
128 silly audit   'get-symbol-description': [ '1.1.0' ],
128 silly audit   'get-tsconfig': [ '4.10.0' ],
128 silly audit   globalthis: [ '1.0.4' ],
128 silly audit   gopd: [ '1.2.0' ],
128 silly audit   'graceful-fs': [ '4.2.11' ],
128 silly audit   graphemer: [ '1.4.0' ],
128 silly audit   'has-bigints': [ '1.1.0' ],
128 silly audit   'has-flag': [ '4.0.0' ],
128 silly audit   'has-property-descriptors': [ '1.0.2' ],
128 silly audit   'has-proto': [ '1.2.0' ],
128 silly audit   'has-symbols': [ '1.1.0' ],
128 silly audit   'has-tostringtag': [ '1.0.2' ],
128 silly audit   hasown: [ '2.0.2' ],
128 silly audit   'hoist-non-react-statics': [ '3.3.2' ],
128 silly audit   'http-parser-js': [ '0.5.9' ],
128 silly audit   idb: [ '7.1.1' ],
128 silly audit   ignore: [ '5.3.2' ],
128 silly audit   'import-fresh': [ '3.3.1' ],
128 silly audit   imurmurhash: [ '0.1.4' ],
128 silly audit   'internal-slot': [ '1.1.0' ],
128 silly audit   'is-array-buffer': [ '3.0.5' ],
128 silly audit   'is-async-function': [ '2.1.1' ],
128 silly audit   'is-bigint': [ '1.1.0' ],
128 silly audit   'is-boolean-object': [ '1.2.2' ],
128 silly audit   'is-bun-module': [ '2.0.0' ],
128 silly audit   'is-callable': [ '1.2.7' ],
128 silly audit   'is-core-module': [ '2.16.1' ],
128 silly audit   'is-data-view': [ '1.0.2' ],
128 silly audit   'is-date-object': [ '1.1.0' ],
128 silly audit   'is-extglob': [ '2.1.1' ],
128 silly audit   'is-finalizationregistry': [ '1.1.1' ],
128 silly audit   'is-fullwidth-code-point': [ '3.0.0' ],
128 silly audit   'is-generator-function': [ '1.1.0' ],
128 silly audit   'is-glob': [ '4.0.3' ],
128 silly audit   'is-map': [ '2.0.3' ],
128 silly audit   'is-number': [ '7.0.0' ],
128 silly audit   'is-number-object': [ '1.1.1' ],
128 silly audit   'is-regex': [ '1.2.1' ],
128 silly audit   'is-set': [ '2.0.3' ],
128 silly audit   'is-shared-array-buffer': [ '1.0.4' ],
128 silly audit   'is-string': [ '1.1.1' ],
128 silly audit   'is-symbol': [ '1.1.1' ],
128 silly audit   'is-typed-array': [ '1.1.15' ],
128 silly audit   'is-weakmap': [ '2.0.2' ],
128 silly audit   'is-weakref': [ '1.1.1' ],
128 silly audit   'is-weakset': [ '2.0.4' ],
128 silly audit   isarray: [ '2.0.5' ],
128 silly audit   isexe: [ '2.0.0' ],
128 silly audit   'iterator.prototype': [ '1.1.5' ],
128 silly audit   jiti: [ '2.4.2' ],
128 silly audit   'js-tokens': [ '4.0.0' ],
128 silly audit   'js-yaml': [ '4.1.0' ],
128 silly audit   jsesc: [ '3.1.0' ],
128 silly audit   'json-buffer': [ '3.0.1' ],
128 silly audit   'json-parse-even-better-errors': [ '2.3.1' ],
128 silly audit   'json-schema-traverse': [ '0.4.1' ],
128 silly audit   'json-stable-stringify-without-jsonify': [ '1.0.1' ],
128 silly audit   json5: [ '1.0.2' ],
128 silly audit   'jsx-ast-utils': [ '3.3.5' ],
128 silly audit   keyv: [ '4.5.4' ],
128 silly audit   'language-subtag-registry': [ '0.3.23' ],
128 silly audit   'language-tags': [ '1.0.9' ],
128 silly audit   levn: [ '0.4.1' ],
128 silly audit   lightningcss: [ '1.29.2' ],
128 silly audit   'lightningcss-darwin-arm64': [ '1.29.2' ],
128 silly audit   'lightningcss-darwin-x64': [ '1.29.2' ],
128 silly audit   'lightningcss-freebsd-x64': [ '1.29.2' ],
128 silly audit   'lightningcss-linux-arm-gnueabihf': [ '1.29.2' ],
128 silly audit   'lightningcss-linux-arm64-gnu': [ '1.29.2' ],
128 silly audit   'lightningcss-linux-arm64-musl': [ '1.29.2' ],
128 silly audit   'lightningcss-linux-x64-gnu': [ '1.29.2' ],
128 silly audit   'lightningcss-linux-x64-musl': [ '1.29.2' ],
128 silly audit   'lightningcss-win32-arm64-msvc': [ '1.29.2' ],
128 silly audit   'lightningcss-win32-x64-msvc': [ '1.29.2' ],
128 silly audit   'lines-and-columns': [ '1.2.4' ],
128 silly audit   'locate-path': [ '6.0.0' ],
128 silly audit   'lodash.camelcase': [ '4.3.0' ],
128 silly audit   'lodash.merge': [ '4.6.2' ],
128 silly audit   long: [ '5.3.1' ],
128 silly audit   'loose-envify': [ '1.4.0' ],
128 silly audit   'math-intrinsics': [ '1.1.0' ],
128 silly audit   'memoize-one': [ '6.0.0' ],
128 silly audit   merge2: [ '1.4.1' ],
128 silly audit   micromatch: [ '4.0.8' ],
128 silly audit   minimist: [ '1.2.8' ],
128 silly audit   ms: [ '2.1.3' ],
128 silly audit   nanoid: [ '3.3.11' ],
128 silly audit   'natural-compare': [ '1.4.0' ],
128 silly audit   next: [ '15.2.4' ],
128 silly audit   postcss: [ '8.4.31', '8.5.3' ],
128 silly audit   'object-assign': [ '4.1.1' ],
128 silly audit   'object-inspect': [ '1.13.4' ],
128 silly audit   'object-keys': [ '1.1.1' ],
128 silly audit   'object.assign': [ '4.1.7' ],
128 silly audit   'object.entries': [ '1.1.9' ],
128 silly audit   'object.fromentries': [ '2.0.8' ],
128 silly audit   'object.groupby': [ '1.0.3' ],
128 silly audit   'object.values': [ '1.2.1' ],
128 silly audit   optionator: [ '0.9.4' ],
128 silly audit   'own-keys': [ '1.0.1' ],
128 silly audit   'p-limit': [ '3.1.0' ],
128 silly audit   'p-locate': [ '5.0.0' ],
128 silly audit   'parent-module': [ '1.0.1' ],
128 silly audit   'parse-json': [ '5.2.0' ],
128 silly audit   'path-exists': [ '4.0.0' ],
128 silly audit   'path-key': [ '3.1.1' ],
128 silly audit   'path-parse': [ '1.0.7' ],
128 silly audit   'path-type': [ '4.0.0' ],
128 silly audit   picocolors: [ '1.1.1' ],
128 silly audit   picomatch: [ '2.3.1', '4.0.2' ],
128 silly audit   'possible-typed-array-names': [ '1.1.0' ],
128 silly audit   'prelude-ls': [ '1.2.1' ],
128 silly audit   'prism-react-renderer': [ '2.4.1' ],
128 silly audit   'prop-types': [ '15.8.1' ],
128 silly audit   protobufjs: [ '7.4.0' ],
128 silly audit   punycode: [ '2.3.1' ],
128 silly audit   'queue-microtask': [ '1.2.3' ],
128 silly audit   react: [ '19.1.0' ],
128 silly audit   'react-dom': [ '19.1.0' ],
128 silly audit   'react-is': [ '16.13.1' ],
128 silly audit   'react-select': [ '5.10.1' ],
128 silly audit   'react-toastify': [ '11.0.5' ],
128 silly audit   'react-transition-group': [ '4.4.5' ],
128 silly audit   'reflect.getprototypeof': [ '1.0.10' ],
128 silly audit   'regenerator-runtime': [ '0.14.1' ],
128 silly audit   'regexp.prototype.flags': [ '1.5.4' ],
128 silly audit   'require-directory': [ '2.1.1' ],
128 silly audit   'resolve-from': [ '4.0.0' ],
128 silly audit   'resolve-pkg-maps': [ '1.0.0' ],
128 silly audit   reusify: [ '1.1.0' ],
128 silly audit   'run-parallel': [ '1.2.0' ],
128 silly audit   'safe-array-concat': [ '1.1.3' ],
128 silly audit   'safe-buffer': [ '5.2.1' ],
128 silly audit   'safe-push-apply': [ '1.0.0' ],
128 silly audit   'safe-regex-test': [ '1.1.0' ],
128 silly audit   scheduler: [ '0.26.0' ],
128 silly audit   'set-function-length': [ '1.2.2' ],
128 silly audit   'set-function-name': [ '2.0.2' ],
128 silly audit   'set-proto': [ '1.0.0' ],
128 silly audit   sharp: [ '0.33.5' ],
128 silly audit   'shebang-command': [ '2.0.0' ],
128 silly audit   'shebang-regex': [ '3.0.0' ],
128 silly audit   'side-channel': [ '1.1.0' ],
128 silly audit   'side-channel-list': [ '1.0.0' ],
128 silly audit   'side-channel-map': [ '1.0.1' ],
128 silly audit   'side-channel-weakmap': [ '1.0.2' ],
128 silly audit   'simple-swizzle': [ '0.2.2' ],
128 silly audit   'source-map': [ '0.5.7' ],
128 silly audit   'source-map-js': [ '1.2.1' ],
128 silly audit   'stable-hash': [ '0.0.5' ],
128 silly audit   streamsearch: [ '1.1.0' ],
128 silly audit   'string-width': [ '4.2.3' ],
128 silly audit   'string.prototype.includes': [ '2.0.1' ],
128 silly audit   'string.prototype.matchall': [ '4.0.12' ],
128 silly audit   'string.prototype.repeat': [ '1.0.0' ],
128 silly audit   'string.prototype.trim': [ '1.2.10' ],
128 silly audit   'string.prototype.trimend': [ '1.0.9' ],
128 silly audit   'string.prototype.trimstart': [ '1.0.8' ],
128 silly audit   'strip-ansi': [ '6.0.1' ],
128 silly audit   'strip-bom': [ '3.0.0' ],
128 silly audit   'strip-json-comments': [ '3.1.1' ],
128 silly audit   'styled-jsx': [ '5.1.6' ],
128 silly audit   stylis: [ '4.2.0' ],
128 silly audit   'supports-color': [ '7.2.0' ],
128 silly audit   'supports-preserve-symlinks-flag': [ '1.0.0' ],
128 silly audit   'tailwind-scrollbar': [ '4.0.2' ],
128 silly audit   tailwindcss: [ '4.1.3' ],
128 silly audit   tapable: [ '2.2.1' ],
128 silly audit   tinyglobby: [ '0.2.12' ],
128 silly audit   fdir: [ '6.4.3' ],
128 silly audit   'to-regex-range': [ '5.0.1' ],
128 silly audit   'ts-api-utils': [ '2.1.0' ],
128 silly audit   'tsconfig-paths': [ '3.15.0' ],
128 silly audit   tslib: [ '2.8.1' ],
128 silly audit   'type-check': [ '0.4.0' ],
128 silly audit   'typed-array-buffer': [ '1.0.3' ],
128 silly audit   'typed-array-byte-length': [ '1.0.3' ],
128 silly audit   'typed-array-byte-offset': [ '1.0.4' ],
128 silly audit   'typed-array-length': [ '1.0.7' ],
128 silly audit   typescript: [ '5.8.3' ],
128 silly audit   'unbox-primitive': [ '1.1.0' ],
128 silly audit   'undici-types': [ '6.21.0' ],
128 silly audit   'unrs-resolver': [ '1.4.1' ],
128 silly audit   'uri-js': [ '4.4.1' ],
128 silly audit   'use-isomorphic-layout-effect': [ '1.2.0' ],
128 silly audit   'web-vitals': [ '4.2.4' ],
128 silly audit   'websocket-driver': [ '0.7.4' ],
128 silly audit   'websocket-extensions': [ '0.1.4' ],
128 silly audit   which: [ '2.0.2' ],
128 silly audit   'which-boxed-primitive': [ '1.1.1' ],
128 silly audit   'which-builtin-type': [ '1.2.1' ],
128 silly audit   'which-collection': [ '1.0.2' ],
128 silly audit   'which-typed-array': [ '1.1.19' ],
128 silly audit   'word-wrap': [ '1.2.5' ],
128 silly audit   'wrap-ansi': [ '7.0.0' ],
128 silly audit   y18n: [ '5.0.8' ],
128 silly audit   yaml: [ '1.10.2' ],
128 silly audit   yargs: [ '17.7.2' ],
128 silly audit   'yargs-parser': [ '21.1.1' ],
128 silly audit   'yocto-queue': [ '0.1.0' ],
128 silly audit   '@headlessui/react': [ '2.2.1' ],
128 silly audit   '@floating-ui/react': [ '0.26.28' ],
128 silly audit   '@react-aria/focus': [ '3.20.1' ],
128 silly audit   '@react-aria/interactions': [ '3.24.1' ],
128 silly audit   '@tanstack/react-virtual': [ '3.13.6' ],
128 silly audit   '@floating-ui/react-dom': [ '2.1.2' ],
128 silly audit   tabbable: [ '6.2.0' ],
128 silly audit   '@react-aria/utils': [ '3.28.1' ],
128 silly audit   '@react-types/shared': [ '3.28.0' ],
128 silly audit   '@react-aria/ssr': [ '3.9.7' ],
128 silly audit   '@react-stately/flags': [ '3.1.0' ],
128 silly audit   '@react-stately/utils': [ '3.10.5' ],
128 silly audit   '@tanstack/virtual-core': [ '3.13.6' ]
128 silly audit }
129 verbose reify failed optional dependency D:\baixar\TESTE\erp-crm-engenharia\node_modules\lightningcss-win32-arm64-msvc
130 silly reify mark deleted [
130 silly reify   'D:\\baixar\\TESTE\\erp-crm-engenharia\\node_modules\\lightningcss-win32-arm64-msvc'
130 silly reify ]
131 verbose reify failed optional dependency D:\baixar\TESTE\erp-crm-engenharia\node_modules\lightningcss-linux-x64-musl
132 silly reify mark deleted [
132 silly reify   'D:\\baixar\\TESTE\\erp-crm-engenharia\\node_modules\\lightningcss-linux-x64-musl'
132 silly reify ]
133 verbose reify failed optional dependency D:\baixar\TESTE\erp-crm-engenharia\node_modules\lightningcss-linux-x64-gnu
134 silly reify mark deleted [
134 silly reify   'D:\\baixar\\TESTE\\erp-crm-engenharia\\node_modules\\lightningcss-linux-x64-gnu'
134 silly reify ]
135 verbose reify failed optional dependency D:\baixar\TESTE\erp-crm-engenharia\node_modules\lightningcss-linux-arm64-musl
136 silly reify mark deleted [
136 silly reify   'D:\\baixar\\TESTE\\erp-crm-engenharia\\node_modules\\lightningcss-linux-arm64-musl'
136 silly reify ]
137 verbose reify failed optional dependency D:\baixar\TESTE\erp-crm-engenharia\node_modules\lightningcss-linux-arm64-gnu
138 silly reify mark deleted [
138 silly reify   'D:\\baixar\\TESTE\\erp-crm-engenharia\\node_modules\\lightningcss-linux-arm64-gnu'
138 silly reify ]
139 verbose reify failed optional dependency D:\baixar\TESTE\erp-crm-engenharia\node_modules\lightningcss-linux-arm-gnueabihf
140 silly reify mark deleted [
140 silly reify   'D:\\baixar\\TESTE\\erp-crm-engenharia\\node_modules\\lightningcss-linux-arm-gnueabihf'
140 silly reify ]
141 verbose reify failed optional dependency D:\baixar\TESTE\erp-crm-engenharia\node_modules\lightningcss-freebsd-x64
142 silly reify mark deleted [
142 silly reify   'D:\\baixar\\TESTE\\erp-crm-engenharia\\node_modules\\lightningcss-freebsd-x64'
142 silly reify ]
143 verbose reify failed optional dependency D:\baixar\TESTE\erp-crm-engenharia\node_modules\lightningcss-darwin-x64
144 silly reify mark deleted [
144 silly reify   'D:\\baixar\\TESTE\\erp-crm-engenharia\\node_modules\\lightningcss-darwin-x64'
144 silly reify ]
145 verbose reify failed optional dependency D:\baixar\TESTE\erp-crm-engenharia\node_modules\lightningcss-darwin-arm64
146 silly reify mark deleted [
146 silly reify   'D:\\baixar\\TESTE\\erp-crm-engenharia\\node_modules\\lightningcss-darwin-arm64'
146 silly reify ]
147 verbose reify failed optional dependency D:\baixar\TESTE\erp-crm-engenharia\node_modules\@unrs\resolver-binding-win32-ia32-msvc
148 silly reify mark deleted [
148 silly reify   'D:\\baixar\\TESTE\\erp-crm-engenharia\\node_modules\\@unrs\\resolver-binding-win32-ia32-msvc'
148 silly reify ]
149 verbose reify failed optional dependency D:\baixar\TESTE\erp-crm-engenharia\node_modules\@unrs\resolver-binding-win32-arm64-msvc
150 silly reify mark deleted [
150 silly reify   'D:\\baixar\\TESTE\\erp-crm-engenharia\\node_modules\\@unrs\\resolver-binding-win32-arm64-msvc'
150 silly reify ]
151 verbose reify failed optional dependency D:\baixar\TESTE\erp-crm-engenharia\node_modules\@unrs\resolver-binding-wasm32-wasi
152 silly reify mark deleted [
152 silly reify   'D:\\baixar\\TESTE\\erp-crm-engenharia\\node_modules\\@unrs\\resolver-binding-wasm32-wasi'
152 silly reify ]
153 verbose reify failed optional dependency D:\baixar\TESTE\erp-crm-engenharia\node_modules\@napi-rs\wasm-runtime
154 silly reify mark deleted [
154 silly reify   'D:\\baixar\\TESTE\\erp-crm-engenharia\\node_modules\\@napi-rs\\wasm-runtime'
154 silly reify ]
155 verbose reify failed optional dependency D:\baixar\TESTE\erp-crm-engenharia\node_modules\@emnapi\core
156 silly reify mark deleted [
156 silly reify   'D:\\baixar\\TESTE\\erp-crm-engenharia\\node_modules\\@emnapi\\core'
156 silly reify ]
157 verbose reify failed optional dependency D:\baixar\TESTE\erp-crm-engenharia\node_modules\@tybys\wasm-util
158 silly reify mark deleted [
158 silly reify   'D:\\baixar\\TESTE\\erp-crm-engenharia\\node_modules\\@tybys\\wasm-util'
158 silly reify ]
159 verbose reify failed optional dependency D:\baixar\TESTE\erp-crm-engenharia\node_modules\@emnapi\wasi-threads
160 silly reify mark deleted [
160 silly reify   'D:\\baixar\\TESTE\\erp-crm-engenharia\\node_modules\\@emnapi\\wasi-threads'
160 silly reify ]
161 verbose reify failed optional dependency D:\baixar\TESTE\erp-crm-engenharia\node_modules\@unrs\resolver-binding-linux-x64-musl
162 silly reify mark deleted [
162 silly reify   'D:\\baixar\\TESTE\\erp-crm-engenharia\\node_modules\\@unrs\\resolver-binding-linux-x64-musl'
162 silly reify ]
163 verbose reify failed optional dependency D:\baixar\TESTE\erp-crm-engenharia\node_modules\@unrs\resolver-binding-linux-x64-gnu
164 silly reify mark deleted [
164 silly reify   'D:\\baixar\\TESTE\\erp-crm-engenharia\\node_modules\\@unrs\\resolver-binding-linux-x64-gnu'
164 silly reify ]
165 verbose reify failed optional dependency D:\baixar\TESTE\erp-crm-engenharia\node_modules\@unrs\resolver-binding-linux-s390x-gnu
166 silly reify mark deleted [
166 silly reify   'D:\\baixar\\TESTE\\erp-crm-engenharia\\node_modules\\@unrs\\resolver-binding-linux-s390x-gnu'
166 silly reify ]
167 verbose reify failed optional dependency D:\baixar\TESTE\erp-crm-engenharia\node_modules\@unrs\resolver-binding-linux-ppc64-gnu
168 silly reify mark deleted [
168 silly reify   'D:\\baixar\\TESTE\\erp-crm-engenharia\\node_modules\\@unrs\\resolver-binding-linux-ppc64-gnu'
168 silly reify ]
169 verbose reify failed optional dependency D:\baixar\TESTE\erp-crm-engenharia\node_modules\@unrs\resolver-binding-linux-arm64-musl
170 silly reify mark deleted [
170 silly reify   'D:\\baixar\\TESTE\\erp-crm-engenharia\\node_modules\\@unrs\\resolver-binding-linux-arm64-musl'
170 silly reify ]
171 verbose reify failed optional dependency D:\baixar\TESTE\erp-crm-engenharia\node_modules\@unrs\resolver-binding-linux-arm64-gnu
172 silly reify mark deleted [
172 silly reify   'D:\\baixar\\TESTE\\erp-crm-engenharia\\node_modules\\@unrs\\resolver-binding-linux-arm64-gnu'
172 silly reify ]
173 verbose reify failed optional dependency D:\baixar\TESTE\erp-crm-engenharia\node_modules\@unrs\resolver-binding-linux-arm-musleabihf
174 silly reify mark deleted [
174 silly reify   'D:\\baixar\\TESTE\\erp-crm-engenharia\\node_modules\\@unrs\\resolver-binding-linux-arm-musleabihf'
174 silly reify ]
175 verbose reify failed optional dependency D:\baixar\TESTE\erp-crm-engenharia\node_modules\@unrs\resolver-binding-linux-arm-gnueabihf
176 silly reify mark deleted [
176 silly reify   'D:\\baixar\\TESTE\\erp-crm-engenharia\\node_modules\\@unrs\\resolver-binding-linux-arm-gnueabihf'
176 silly reify ]
177 verbose reify failed optional dependency D:\baixar\TESTE\erp-crm-engenharia\node_modules\@unrs\resolver-binding-freebsd-x64
178 silly reify mark deleted [
178 silly reify   'D:\\baixar\\TESTE\\erp-crm-engenharia\\node_modules\\@unrs\\resolver-binding-freebsd-x64'
178 silly reify ]
179 verbose reify failed optional dependency D:\baixar\TESTE\erp-crm-engenharia\node_modules\@unrs\resolver-binding-darwin-x64
180 silly reify mark deleted [
180 silly reify   'D:\\baixar\\TESTE\\erp-crm-engenharia\\node_modules\\@unrs\\resolver-binding-darwin-x64'
180 silly reify ]
181 verbose reify failed optional dependency D:\baixar\TESTE\erp-crm-engenharia\node_modules\@unrs\resolver-binding-darwin-arm64
182 silly reify mark deleted [
182 silly reify   'D:\\baixar\\TESTE\\erp-crm-engenharia\\node_modules\\@unrs\\resolver-binding-darwin-arm64'
182 silly reify ]
183 verbose reify failed optional dependency D:\baixar\TESTE\erp-crm-engenharia\node_modules\@tailwindcss\oxide-win32-arm64-msvc
184 silly reify mark deleted [
184 silly reify   'D:\\baixar\\TESTE\\erp-crm-engenharia\\node_modules\\@tailwindcss\\oxide-win32-arm64-msvc'
184 silly reify ]
185 verbose reify failed optional dependency D:\baixar\TESTE\erp-crm-engenharia\node_modules\@tailwindcss\oxide-linux-x64-musl
186 silly reify mark deleted [
186 silly reify   'D:\\baixar\\TESTE\\erp-crm-engenharia\\node_modules\\@tailwindcss\\oxide-linux-x64-musl'
186 silly reify ]
187 verbose reify failed optional dependency D:\baixar\TESTE\erp-crm-engenharia\node_modules\@tailwindcss\oxide-linux-x64-gnu
188 silly reify mark deleted [
188 silly reify   'D:\\baixar\\TESTE\\erp-crm-engenharia\\node_modules\\@tailwindcss\\oxide-linux-x64-gnu'
188 silly reify ]
189 verbose reify failed optional dependency D:\baixar\TESTE\erp-crm-engenharia\node_modules\@tailwindcss\oxide-linux-arm64-musl
190 silly reify mark deleted [
190 silly reify   'D:\\baixar\\TESTE\\erp-crm-engenharia\\node_modules\\@tailwindcss\\oxide-linux-arm64-musl'
190 silly reify ]
191 verbose reify failed optional dependency D:\baixar\TESTE\erp-crm-engenharia\node_modules\@tailwindcss\oxide-linux-arm64-gnu
192 silly reify mark deleted [
192 silly reify   'D:\\baixar\\TESTE\\erp-crm-engenharia\\node_modules\\@tailwindcss\\oxide-linux-arm64-gnu'
192 silly reify ]
193 verbose reify failed optional dependency D:\baixar\TESTE\erp-crm-engenharia\node_modules\@tailwindcss\oxide-linux-arm-gnueabihf
194 silly reify mark deleted [
194 silly reify   'D:\\baixar\\TESTE\\erp-crm-engenharia\\node_modules\\@tailwindcss\\oxide-linux-arm-gnueabihf'
194 silly reify ]
195 verbose reify failed optional dependency D:\baixar\TESTE\erp-crm-engenharia\node_modules\@tailwindcss\oxide-freebsd-x64
196 silly reify mark deleted [
196 silly reify   'D:\\baixar\\TESTE\\erp-crm-engenharia\\node_modules\\@tailwindcss\\oxide-freebsd-x64'
196 silly reify ]
197 verbose reify failed optional dependency D:\baixar\TESTE\erp-crm-engenharia\node_modules\@tailwindcss\oxide-darwin-x64
198 silly reify mark deleted [
198 silly reify   'D:\\baixar\\TESTE\\erp-crm-engenharia\\node_modules\\@tailwindcss\\oxide-darwin-x64'
198 silly reify ]
199 verbose reify failed optional dependency D:\baixar\TESTE\erp-crm-engenharia\node_modules\@tailwindcss\oxide-darwin-arm64
200 silly reify mark deleted [
200 silly reify   'D:\\baixar\\TESTE\\erp-crm-engenharia\\node_modules\\@tailwindcss\\oxide-darwin-arm64'
200 silly reify ]
201 verbose reify failed optional dependency D:\baixar\TESTE\erp-crm-engenharia\node_modules\@tailwindcss\oxide-android-arm64
202 silly reify mark deleted [
202 silly reify   'D:\\baixar\\TESTE\\erp-crm-engenharia\\node_modules\\@tailwindcss\\oxide-android-arm64'
202 silly reify ]
203 verbose reify failed optional dependency D:\baixar\TESTE\erp-crm-engenharia\node_modules\@next\swc-win32-arm64-msvc
204 silly reify mark deleted [
204 silly reify   'D:\\baixar\\TESTE\\erp-crm-engenharia\\node_modules\\@next\\swc-win32-arm64-msvc'
204 silly reify ]
205 verbose reify failed optional dependency D:\baixar\TESTE\erp-crm-engenharia\node_modules\@next\swc-linux-x64-musl
206 silly reify mark deleted [
206 silly reify   'D:\\baixar\\TESTE\\erp-crm-engenharia\\node_modules\\@next\\swc-linux-x64-musl'
206 silly reify ]
207 verbose reify failed optional dependency D:\baixar\TESTE\erp-crm-engenharia\node_modules\@next\swc-linux-x64-gnu
208 silly reify mark deleted [
208 silly reify   'D:\\baixar\\TESTE\\erp-crm-engenharia\\node_modules\\@next\\swc-linux-x64-gnu'
208 silly reify ]
209 verbose reify failed optional dependency D:\baixar\TESTE\erp-crm-engenharia\node_modules\@next\swc-linux-arm64-musl
210 silly reify mark deleted [
210 silly reify   'D:\\baixar\\TESTE\\erp-crm-engenharia\\node_modules\\@next\\swc-linux-arm64-musl'
210 silly reify ]
211 verbose reify failed optional dependency D:\baixar\TESTE\erp-crm-engenharia\node_modules\@next\swc-linux-arm64-gnu
212 silly reify mark deleted [
212 silly reify   'D:\\baixar\\TESTE\\erp-crm-engenharia\\node_modules\\@next\\swc-linux-arm64-gnu'
212 silly reify ]
213 verbose reify failed optional dependency D:\baixar\TESTE\erp-crm-engenharia\node_modules\@next\swc-darwin-x64
214 silly reify mark deleted [
214 silly reify   'D:\\baixar\\TESTE\\erp-crm-engenharia\\node_modules\\@next\\swc-darwin-x64'
214 silly reify ]
215 verbose reify failed optional dependency D:\baixar\TESTE\erp-crm-engenharia\node_modules\@next\swc-darwin-arm64
216 silly reify mark deleted [
216 silly reify   'D:\\baixar\\TESTE\\erp-crm-engenharia\\node_modules\\@next\\swc-darwin-arm64'
216 silly reify ]
217 verbose reify failed optional dependency D:\baixar\TESTE\erp-crm-engenharia\node_modules\@img\sharp-win32-ia32
218 silly reify mark deleted [
218 silly reify   'D:\\baixar\\TESTE\\erp-crm-engenharia\\node_modules\\@img\\sharp-win32-ia32'
218 silly reify ]
219 verbose reify failed optional dependency D:\baixar\TESTE\erp-crm-engenharia\node_modules\@img\sharp-wasm32
220 silly reify mark deleted [
220 silly reify   'D:\\baixar\\TESTE\\erp-crm-engenharia\\node_modules\\@img\\sharp-wasm32'
220 silly reify ]
221 verbose reify failed optional dependency D:\baixar\TESTE\erp-crm-engenharia\node_modules\@img\sharp-linuxmusl-x64
222 silly reify mark deleted [
222 silly reify   'D:\\baixar\\TESTE\\erp-crm-engenharia\\node_modules\\@img\\sharp-linuxmusl-x64'
222 silly reify ]
223 verbose reify failed optional dependency D:\baixar\TESTE\erp-crm-engenharia\node_modules\@img\sharp-linuxmusl-arm64
224 silly reify mark deleted [
224 silly reify   'D:\\baixar\\TESTE\\erp-crm-engenharia\\node_modules\\@img\\sharp-linuxmusl-arm64'
224 silly reify ]
225 verbose reify failed optional dependency D:\baixar\TESTE\erp-crm-engenharia\node_modules\@img\sharp-linux-x64
226 silly reify mark deleted [
226 silly reify   'D:\\baixar\\TESTE\\erp-crm-engenharia\\node_modules\\@img\\sharp-linux-x64'
226 silly reify ]
227 verbose reify failed optional dependency D:\baixar\TESTE\erp-crm-engenharia\node_modules\@img\sharp-linux-s390x
228 silly reify mark deleted [
228 silly reify   'D:\\baixar\\TESTE\\erp-crm-engenharia\\node_modules\\@img\\sharp-linux-s390x'
228 silly reify ]
229 verbose reify failed optional dependency D:\baixar\TESTE\erp-crm-engenharia\node_modules\@img\sharp-linux-arm64
230 silly reify mark deleted [
230 silly reify   'D:\\baixar\\TESTE\\erp-crm-engenharia\\node_modules\\@img\\sharp-linux-arm64'
230 silly reify ]
231 verbose reify failed optional dependency D:\baixar\TESTE\erp-crm-engenharia\node_modules\@img\sharp-linux-arm
232 silly reify mark deleted [
232 silly reify   'D:\\baixar\\TESTE\\erp-crm-engenharia\\node_modules\\@img\\sharp-linux-arm'
232 silly reify ]
233 verbose reify failed optional dependency D:\baixar\TESTE\erp-crm-engenharia\node_modules\@img\sharp-libvips-linuxmusl-x64
234 silly reify mark deleted [
234 silly reify   'D:\\baixar\\TESTE\\erp-crm-engenharia\\node_modules\\@img\\sharp-libvips-linuxmusl-x64'
234 silly reify ]
235 verbose reify failed optional dependency D:\baixar\TESTE\erp-crm-engenharia\node_modules\@img\sharp-libvips-linuxmusl-arm64
236 silly reify mark deleted [
236 silly reify   'D:\\baixar\\TESTE\\erp-crm-engenharia\\node_modules\\@img\\sharp-libvips-linuxmusl-arm64'
236 silly reify ]
237 verbose reify failed optional dependency D:\baixar\TESTE\erp-crm-engenharia\node_modules\@img\sharp-libvips-linux-x64
238 silly reify mark deleted [
238 silly reify   'D:\\baixar\\TESTE\\erp-crm-engenharia\\node_modules\\@img\\sharp-libvips-linux-x64'
238 silly reify ]
239 verbose reify failed optional dependency D:\baixar\TESTE\erp-crm-engenharia\node_modules\@img\sharp-libvips-linux-s390x
240 silly reify mark deleted [
240 silly reify   'D:\\baixar\\TESTE\\erp-crm-engenharia\\node_modules\\@img\\sharp-libvips-linux-s390x'
240 silly reify ]
241 verbose reify failed optional dependency D:\baixar\TESTE\erp-crm-engenharia\node_modules\@img\sharp-libvips-linux-arm64
242 silly reify mark deleted [
242 silly reify   'D:\\baixar\\TESTE\\erp-crm-engenharia\\node_modules\\@img\\sharp-libvips-linux-arm64'
242 silly reify ]
243 verbose reify failed optional dependency D:\baixar\TESTE\erp-crm-engenharia\node_modules\@img\sharp-libvips-linux-arm
244 silly reify mark deleted [
244 silly reify   'D:\\baixar\\TESTE\\erp-crm-engenharia\\node_modules\\@img\\sharp-libvips-linux-arm'
244 silly reify ]
245 verbose reify failed optional dependency D:\baixar\TESTE\erp-crm-engenharia\node_modules\@img\sharp-libvips-darwin-x64
246 silly reify mark deleted [
246 silly reify   'D:\\baixar\\TESTE\\erp-crm-engenharia\\node_modules\\@img\\sharp-libvips-darwin-x64'
246 silly reify ]
247 verbose reify failed optional dependency D:\baixar\TESTE\erp-crm-engenharia\node_modules\@img\sharp-libvips-darwin-arm64
248 silly reify mark deleted [
248 silly reify   'D:\\baixar\\TESTE\\erp-crm-engenharia\\node_modules\\@img\\sharp-libvips-darwin-arm64'
248 silly reify ]
249 verbose reify failed optional dependency D:\baixar\TESTE\erp-crm-engenharia\node_modules\@img\sharp-darwin-x64
250 silly reify mark deleted [
250 silly reify   'D:\\baixar\\TESTE\\erp-crm-engenharia\\node_modules\\@img\\sharp-darwin-x64'
250 silly reify ]
251 verbose reify failed optional dependency D:\baixar\TESTE\erp-crm-engenharia\node_modules\@img\sharp-darwin-arm64
252 silly reify mark deleted [
252 silly reify   'D:\\baixar\\TESTE\\erp-crm-engenharia\\node_modules\\@img\\sharp-darwin-arm64'
252 silly reify ]
253 http cache @tanstack/virtual-core@https://registry.npmjs.org/@tanstack/virtual-core/-/virtual-core-3.13.6.tgz 0ms (cache hit)
254 http cache @react-stately/utils@https://registry.npmjs.org/@react-stately/utils/-/utils-3.10.5.tgz 0ms (cache hit)
255 http cache @react-stately/flags@https://registry.npmjs.org/@react-stately/flags/-/flags-3.1.0.tgz 0ms (cache hit)
256 http cache @react-types/shared@https://registry.npmjs.org/@react-types/shared/-/shared-3.28.0.tgz 0ms (cache hit)
257 http cache @react-aria/utils@https://registry.npmjs.org/@react-aria/utils/-/utils-3.28.1.tgz 0ms (cache hit)
258 http cache tabbable@https://registry.npmjs.org/tabbable/-/tabbable-6.2.0.tgz 0ms (cache hit)
259 http cache @floating-ui/react-dom@https://registry.npmjs.org/@floating-ui/react-dom/-/react-dom-2.1.2.tgz 0ms (cache hit)
260 http cache @react-aria/ssr@https://registry.npmjs.org/@react-aria/ssr/-/ssr-3.9.7.tgz 0ms (cache hit)
261 http cache @react-aria/focus@https://registry.npmjs.org/@react-aria/focus/-/focus-3.20.1.tgz 0ms (cache hit)
262 http cache @tanstack/react-virtual@https://registry.npmjs.org/@tanstack/react-virtual/-/react-virtual-3.13.6.tgz 0ms (cache hit)
263 http cache @react-aria/interactions@https://registry.npmjs.org/@react-aria/interactions/-/interactions-3.24.1.tgz 0ms (cache hit)
264 http cache @floating-ui/react@https://registry.npmjs.org/@floating-ui/react/-/react-0.26.28.tgz 0ms (cache hit)
265 http cache @headlessui/react@https://registry.npmjs.org/@headlessui/react/-/react-2.2.1.tgz 0ms (cache hit)
266 http cache @tybys/wasm-util@https://registry.npmjs.org/@tybys/wasm-util/-/wasm-util-0.9.0.tgz 0ms (cache hit)
267 http cache @emnapi/wasi-threads@https://registry.npmjs.org/@emnapi/wasi-threads/-/wasi-threads-1.0.1.tgz 0ms (cache hit)
268 http cache @napi-rs/wasm-runtime@https://registry.npmjs.org/@napi-rs/wasm-runtime/-/wasm-runtime-0.2.8.tgz 0ms (cache hit)
269 http cache @emnapi/core@https://registry.npmjs.org/@emnapi/core/-/core-1.4.0.tgz 0ms (cache hit)
270 silly tarball no local data for @tanstack/virtual-core@https://registry.npmjs.org/@tanstack/virtual-core/-/virtual-core-3.13.6.tgz. Extracting by manifest.
271 silly tarball no local data for @react-stately/utils@https://registry.npmjs.org/@react-stately/utils/-/utils-3.10.5.tgz. Extracting by manifest.
272 silly tarball no local data for @react-stately/flags@https://registry.npmjs.org/@react-stately/flags/-/flags-3.1.0.tgz. Extracting by manifest.
273 silly tarball no local data for @react-types/shared@https://registry.npmjs.org/@react-types/shared/-/shared-3.28.0.tgz. Extracting by manifest.
274 silly tarball no local data for @react-aria/utils@https://registry.npmjs.org/@react-aria/utils/-/utils-3.28.1.tgz. Extracting by manifest.
275 silly tarball no local data for tabbable@https://registry.npmjs.org/tabbable/-/tabbable-6.2.0.tgz. Extracting by manifest.
276 silly tarball no local data for @floating-ui/react-dom@https://registry.npmjs.org/@floating-ui/react-dom/-/react-dom-2.1.2.tgz. Extracting by manifest.
277 silly tarball no local data for @react-aria/ssr@https://registry.npmjs.org/@react-aria/ssr/-/ssr-3.9.7.tgz. Extracting by manifest.
278 silly tarball no local data for @react-aria/focus@https://registry.npmjs.org/@react-aria/focus/-/focus-3.20.1.tgz. Extracting by manifest.
279 silly tarball no local data for @tanstack/react-virtual@https://registry.npmjs.org/@tanstack/react-virtual/-/react-virtual-3.13.6.tgz. Extracting by manifest.
280 silly tarball no local data for @react-aria/interactions@https://registry.npmjs.org/@react-aria/interactions/-/interactions-3.24.1.tgz. Extracting by manifest.
281 silly tarball no local data for @floating-ui/react@https://registry.npmjs.org/@floating-ui/react/-/react-0.26.28.tgz. Extracting by manifest.
282 silly tarball no local data for @headlessui/react@https://registry.npmjs.org/@headlessui/react/-/react-2.2.1.tgz. Extracting by manifest.
283 http fetch GET 200 https://registry.npmjs.org/@react-stately/utils/-/utils-3.10.5.tgz 112ms (cache miss)
284 http fetch GET 200 https://registry.npmjs.org/@tanstack/virtual-core/-/virtual-core-3.13.6.tgz 260ms (cache miss)
285 http fetch GET 200 https://registry.npmjs.org/tabbable/-/tabbable-6.2.0.tgz 262ms (cache miss)
286 http fetch POST 200 https://registry.npmjs.org/-/npm/v1/security/advisories/bulk 287ms
287 silly audit report {}
288 http fetch GET 200 https://registry.npmjs.org/@floating-ui/react-dom/-/react-dom-2.1.2.tgz 321ms (cache miss)
289 http fetch GET 200 https://registry.npmjs.org/@react-aria/ssr/-/ssr-3.9.7.tgz 364ms (cache miss)
290 http fetch GET 200 https://registry.npmjs.org/@floating-ui/react/-/react-0.26.28.tgz 408ms (cache miss)
291 http fetch GET 200 https://registry.npmjs.org/@react-types/shared/-/shared-3.28.0.tgz 733ms (cache miss)
292 http fetch GET 200 https://registry.npmjs.org/@react-stately/flags/-/flags-3.1.0.tgz 746ms (cache miss)
293 http fetch GET 200 https://registry.npmjs.org/@tanstack/react-virtual/-/react-virtual-3.13.6.tgz 895ms (cache miss)
294 http fetch GET 200 https://registry.npmjs.org/@react-aria/utils/-/utils-3.28.1.tgz 948ms (cache miss)
295 http fetch GET 200 https://registry.npmjs.org/@react-aria/focus/-/focus-3.20.1.tgz 1012ms (cache miss)
296 http fetch GET 200 https://registry.npmjs.org/@react-aria/interactions/-/interactions-3.24.1.tgz 1030ms (cache miss)
297 http fetch GET 200 https://registry.npmjs.org/@headlessui/react/-/react-2.2.1.tgz 1332ms (cache miss)
298 silly ADD node_modules/@tanstack/virtual-core
299 silly ADD node_modules/@react-stately/utils
300 silly ADD node_modules/@react-stately/flags
301 silly ADD node_modules/@react-aria/ssr
302 silly ADD node_modules/@react-types/shared
303 silly ADD node_modules/@react-aria/utils
304 silly ADD node_modules/tabbable
305 silly ADD node_modules/@floating-ui/react-dom
306 silly ADD node_modules/@tanstack/react-virtual
307 silly ADD node_modules/@react-aria/interactions
308 silly ADD node_modules/@react-aria/focus
309 silly ADD node_modules/@floating-ui/react
310 silly ADD node_modules/@headlessui/react
311 silly ADD
312 silly ADD
313 silly ADD
314 silly ADD
315 silly ADD
316 silly ADD
317 silly ADD
318 silly ADD
319 silly ADD
320 silly ADD
321 silly ADD
322 silly ADD
323 silly ADD
324 silly ADD
325 silly ADD
326 silly ADD
327 silly ADD
328 silly ADD
329 silly ADD
330 silly ADD
331 silly ADD
332 silly ADD
333 silly ADD
334 silly ADD
335 silly ADD
336 silly ADD
337 silly ADD
338 silly ADD
339 silly ADD
340 silly ADD
341 silly ADD
342 silly ADD
343 silly ADD
344 silly ADD
345 silly ADD
346 silly ADD
347 silly ADD
348 silly ADD
349 silly ADD
350 silly ADD
351 silly ADD
352 silly ADD
353 silly ADD
354 silly ADD
355 silly ADD
356 silly ADD
357 silly ADD
358 silly ADD
359 silly ADD
360 silly ADD
361 silly ADD
362 silly ADD
363 silly ADD
364 silly ADD
365 silly ADD
366 silly ADD
367 silly ADD
368 silly ADD
369 silly ADD
370 silly ADD
371 silly ADD
372 silly ADD
373 verbose cwd D:\baixar\TESTE\erp-crm-engenharia
374 verbose os Windows_NT 10.0.22631
375 verbose node v22.11.0
376 verbose npm  v11.1.0
377 verbose exit 0
378 info ok
