0 verbose cli C:\Program Files\nodejs\node.exe C:\Users\kawhe\AppData\Roaming\npm\node_modules\npm\bin\npm-cli.js
1 info using npm@11.1.0
2 info using node@v22.11.0
3 silly config load:file:C:\Users\kawhe\AppData\Roaming\npm\node_modules\npm\npmrc
4 silly config load:file:D:\baixar\TESTE\erp-crm-engenharia\.npmrc
5 silly config load:file:C:\Users\kawhe\.npmrc
6 silly config load:file:C:\Users\kawhe\AppData\Roaming\npm\etc\npmrc
7 verbose title npm install react-syntax-highlighter
8 verbose argv "install" "react-syntax-highlighter"
9 verbose logfile logs-max:10 dir:D:\baixar\TESTE\erp-crm-engenharia\clean\_logs\2025-04-14T19_21_44_510Z-
10 verbose logfile D:\baixar\TESTE\erp-crm-engenharia\clean\_logs\2025-04-14T19_21_44_510Z-debug-0.log
11 silly logfile start cleaning logs, removing 1 files
12 silly packumentCache heap:4345298944 maxSize:1086324736 maxEntrySize:543162368
13 silly logfile done cleaning log files
14 silly idealTree buildDeps
15 silly fetch manifest react-syntax-highlighter@*
16 silly packumentCache full:https://registry.npmjs.org/react-syntax-highlighter cache-miss
17 http fetch GET 200 https://registry.npmjs.org/react-syntax-highlighter 620ms (cache miss)
18 silly packumentCache full:https://registry.npmjs.org/react-syntax-highlighter set size:undefined disposed:false
19 silly fetch manifest react@^19.0.0
20 silly packumentCache full:https://registry.npmjs.org/react cache-miss
21 http fetch GET 200 https://registry.npmjs.org/react 375ms (cache updated)
22 silly packumentCache full:https://registry.npmjs.org/react set size:undefined disposed:false
23 silly placeDep ROOT react-syntax-highlighter@15.6.1 OK for: erp-crm-engenharia@0.1.0 want: *
24 silly fetch manifest highlight.js@^10.4.1
25 silly packumentCache full:https://registry.npmjs.org/highlight.js cache-miss
26 silly fetch manifest highlightjs-vue@^1.0.0
27 silly packumentCache full:https://registry.npmjs.org/highlightjs-vue cache-miss
28 silly fetch manifest lowlight@^1.17.0
29 silly packumentCache full:https://registry.npmjs.org/lowlight cache-miss
30 silly fetch manifest prismjs@^1.27.0
31 silly packumentCache full:https://registry.npmjs.org/prismjs cache-miss
32 silly fetch manifest refractor@^3.6.0
33 silly packumentCache full:https://registry.npmjs.org/refractor cache-miss
34 http fetch GET 200 https://registry.npmjs.org/highlight.js 183ms (cache miss)
35 silly packumentCache full:https://registry.npmjs.org/highlight.js set size:undefined disposed:false
36 http fetch GET 200 https://registry.npmjs.org/prismjs 248ms (cache miss)
37 silly packumentCache full:https://registry.npmjs.org/prismjs set size:undefined disposed:false
38 http fetch GET 200 https://registry.npmjs.org/lowlight 281ms (cache miss)
39 silly packumentCache full:https://registry.npmjs.org/lowlight set size:undefined disposed:false
40 http fetch GET 200 https://registry.npmjs.org/refractor 289ms (cache miss)
41 silly packumentCache full:https://registry.npmjs.org/refractor set size:undefined disposed:false
42 http fetch GET 200 https://registry.npmjs.org/highlightjs-vue 298ms (cache miss)
43 silly packumentCache full:https://registry.npmjs.org/highlightjs-vue set size:undefined disposed:false
44 silly placeDep ROOT highlight.js@10.7.3 OK for: react-syntax-highlighter@15.6.1 want: ^10.4.1
45 silly placeDep ROOT highlightjs-vue@1.0.0 OK for: react-syntax-highlighter@15.6.1 want: ^1.0.0
46 silly placeDep ROOT lowlight@1.20.0 OK for: react-syntax-highlighter@15.6.1 want: ^1.17.0
47 silly placeDep ROOT prismjs@1.30.0 OK for: react-syntax-highlighter@15.6.1 want: ^1.27.0
48 silly placeDep ROOT refractor@3.6.0 OK for: react-syntax-highlighter@15.6.1 want: ^3.6.0
49 silly fetch manifest fault@^1.0.0
50 silly packumentCache full:https://registry.npmjs.org/fault cache-miss
51 silly fetch manifest prismjs@~1.27.0
52 silly packumentCache full:https://registry.npmjs.org/prismjs cache-miss
53 silly fetch manifest hastscript@^6.0.0
54 silly packumentCache full:https://registry.npmjs.org/hastscript cache-miss
55 silly fetch manifest parse-entities@^2.0.0
56 silly packumentCache full:https://registry.npmjs.org/parse-entities cache-miss
57 http cache https://registry.npmjs.org/prismjs 44ms (cache hit)
58 silly packumentCache full:https://registry.npmjs.org/prismjs set size:114071 disposed:false
59 http fetch GET 200 https://registry.npmjs.org/hastscript 105ms (cache miss)
60 silly packumentCache full:https://registry.npmjs.org/hastscript set size:undefined disposed:false
61 http fetch GET 200 https://registry.npmjs.org/parse-entities 108ms (cache miss)
62 silly packumentCache full:https://registry.npmjs.org/parse-entities set size:undefined disposed:false
63 http fetch GET 200 https://registry.npmjs.org/fault 119ms (cache miss)
64 silly packumentCache full:https://registry.npmjs.org/fault set size:undefined disposed:false
65 silly placeDep ROOT fault@1.0.4 OK for: lowlight@1.20.0 want: ^1.0.0
66 silly fetch manifest format@^0.2.0
67 silly packumentCache full:https://registry.npmjs.org/format cache-miss
68 http fetch GET 200 https://registry.npmjs.org/format 108ms (cache miss)
69 silly packumentCache full:https://registry.npmjs.org/format set size:undefined disposed:false
70 silly placeDep ROOT format@0.2.2 OK for: fault@1.0.4 want: ^0.2.0
71 silly placeDep ROOT hastscript@6.0.0 OK for: refractor@3.6.0 want: ^6.0.0
72 silly placeDep ROOT parse-entities@2.0.0 OK for: refractor@3.6.0 want: ^2.0.0
73 silly placeDep node_modules/refractor prismjs@1.27.0 OK for: refractor@3.6.0 want: ~1.27.0
74 silly fetch manifest @types/hast@^2.0.0
75 silly packumentCache full:https://registry.npmjs.org/@types%2fhast cache-miss
76 silly fetch manifest property-information@^5.0.0
77 silly packumentCache full:https://registry.npmjs.org/property-information cache-miss
78 silly fetch manifest comma-separated-tokens@^1.0.0
79 silly packumentCache full:https://registry.npmjs.org/comma-separated-tokens cache-miss
80 silly fetch manifest space-separated-tokens@^1.0.0
81 silly packumentCache full:https://registry.npmjs.org/space-separated-tokens cache-miss
82 silly fetch manifest hast-util-parse-selector@^2.0.0
83 silly packumentCache full:https://registry.npmjs.org/hast-util-parse-selector cache-miss
84 silly fetch manifest is-decimal@^1.0.0
85 silly packumentCache full:https://registry.npmjs.org/is-decimal cache-miss
86 silly fetch manifest is-hexadecimal@^1.0.0
87 silly packumentCache full:https://registry.npmjs.org/is-hexadecimal cache-miss
88 http fetch GET 200 https://registry.npmjs.org/hast-util-parse-selector 124ms (cache miss)
89 silly packumentCache full:https://registry.npmjs.org/hast-util-parse-selector set size:undefined disposed:false
90 silly fetch manifest is-alphanumerical@^1.0.0
91 silly packumentCache full:https://registry.npmjs.org/is-alphanumerical cache-miss
92 http fetch GET 200 https://registry.npmjs.org/@types%2fhast 133ms (cache miss)
93 silly packumentCache full:https://registry.npmjs.org/@types%2fhast set size:undefined disposed:false
94 silly fetch manifest character-entities@^1.0.0
95 silly packumentCache full:https://registry.npmjs.org/character-entities cache-miss
96 http fetch GET 200 https://registry.npmjs.org/comma-separated-tokens 137ms (cache miss)
97 silly packumentCache full:https://registry.npmjs.org/comma-separated-tokens set size:undefined disposed:false
98 silly fetch manifest character-entities-legacy@^1.0.0
99 silly packumentCache full:https://registry.npmjs.org/character-entities-legacy cache-miss
100 http fetch GET 200 https://registry.npmjs.org/space-separated-tokens 139ms (cache miss)
101 silly packumentCache full:https://registry.npmjs.org/space-separated-tokens set size:undefined disposed:false
102 silly fetch manifest character-reference-invalid@^1.0.0
103 silly packumentCache full:https://registry.npmjs.org/character-reference-invalid cache-miss
104 http fetch GET 200 https://registry.npmjs.org/property-information 145ms (cache miss)
105 silly packumentCache full:https://registry.npmjs.org/property-information set size:undefined disposed:false
106 http fetch GET 200 https://registry.npmjs.org/is-alphanumerical 73ms (cache miss)
107 silly packumentCache full:https://registry.npmjs.org/is-alphanumerical set size:undefined disposed:false
108 http fetch GET 200 https://registry.npmjs.org/character-entities-legacy 75ms (cache miss)
109 silly packumentCache full:https://registry.npmjs.org/character-entities-legacy set size:undefined disposed:false
110 http fetch GET 200 https://registry.npmjs.org/character-reference-invalid 90ms (cache miss)
111 silly packumentCache full:https://registry.npmjs.org/character-reference-invalid set size:undefined disposed:false
112 http fetch GET 200 https://registry.npmjs.org/character-entities 99ms (cache miss)
113 silly packumentCache full:https://registry.npmjs.org/character-entities set size:undefined disposed:false
114 http fetch GET 200 https://registry.npmjs.org/is-hexadecimal 234ms (cache miss)
115 silly packumentCache full:https://registry.npmjs.org/is-hexadecimal set size:undefined disposed:false
116 http fetch GET 200 https://registry.npmjs.org/is-decimal 247ms (cache miss)
117 silly packumentCache full:https://registry.npmjs.org/is-decimal set size:undefined disposed:false
118 silly placeDep ROOT @types/hast@2.3.10 OK for: hastscript@6.0.0 want: ^2.0.0
119 silly placeDep ROOT comma-separated-tokens@1.0.8 OK for: hastscript@6.0.0 want: ^1.0.0
120 silly placeDep ROOT hast-util-parse-selector@2.2.5 OK for: hastscript@6.0.0 want: ^2.0.0
121 silly placeDep ROOT property-information@5.6.0 OK for: hastscript@6.0.0 want: ^5.0.0
122 silly placeDep ROOT space-separated-tokens@1.1.5 OK for: hastscript@6.0.0 want: ^1.0.0
123 silly fetch manifest @types/unist@^2
124 silly packumentCache full:https://registry.npmjs.org/@types%2funist cache-miss
125 silly fetch manifest xtend@^4.0.0
126 silly packumentCache full:https://registry.npmjs.org/xtend cache-miss
127 http fetch GET 200 https://registry.npmjs.org/xtend 90ms (cache miss)
128 silly packumentCache full:https://registry.npmjs.org/xtend set size:undefined disposed:false
129 http fetch GET 200 https://registry.npmjs.org/@types%2funist 93ms (cache miss)
130 silly packumentCache full:https://registry.npmjs.org/@types%2funist set size:undefined disposed:false
131 silly placeDep ROOT @types/unist@2.0.11 OK for: @types/hast@2.3.10 want: ^2
132 silly placeDep ROOT character-entities@1.2.4 OK for: parse-entities@2.0.0 want: ^1.0.0
133 silly placeDep ROOT character-entities-legacy@1.1.4 OK for: parse-entities@2.0.0 want: ^1.0.0
134 silly placeDep ROOT character-reference-invalid@1.1.4 OK for: parse-entities@2.0.0 want: ^1.0.0
135 silly placeDep ROOT is-alphanumerical@1.0.4 OK for: parse-entities@2.0.0 want: ^1.0.0
136 silly placeDep ROOT is-decimal@1.0.4 OK for: parse-entities@2.0.0 want: ^1.0.0
137 silly placeDep ROOT is-hexadecimal@1.0.4 OK for: parse-entities@2.0.0 want: ^1.0.0
138 silly fetch manifest is-alphabetical@^1.0.0
139 silly packumentCache full:https://registry.npmjs.org/is-alphabetical cache-miss
140 http fetch GET 200 https://registry.npmjs.org/is-alphabetical 80ms (cache miss)
141 silly packumentCache full:https://registry.npmjs.org/is-alphabetical set size:undefined disposed:false
142 silly placeDep ROOT is-alphabetical@1.0.4 OK for: is-alphanumerical@1.0.4 want: ^1.0.0
143 silly placeDep ROOT xtend@4.0.2 OK for: property-information@5.6.0 want: ^4.0.0
144 silly fetch manifest three@^0.149.0
145 silly packumentCache full:https://registry.npmjs.org/three cache-miss
146 http fetch GET 200 https://registry.npmjs.org/three 133ms (cache updated)
147 silly packumentCache full:https://registry.npmjs.org/three set size:undefined disposed:false
148 warn ERESOLVE overriding peer dependency {
148 warn ERESOLVE   code: 'ERESOLVE',
148 warn ERESOLVE   edge: {
148 warn ERESOLVE     type: 'peer',
148 warn ERESOLVE     name: 'three',
148 warn ERESOLVE     spec: '^0.149.0',
148 warn ERESOLVE     error: 'INVALID',
148 warn ERESOLVE     from: {
148 warn ERESOLVE       name: 'web-ifc-three',
148 warn ERESOLVE       version: '0.0.125',
148 warn ERESOLVE       location: 'node_modules/web-ifc-three',
148 warn ERESOLVE       isWorkspace: false,
148 warn ERESOLVE       dependents: [Array]
148 warn ERESOLVE     }
148 warn ERESOLVE   },
148 warn ERESOLVE   dep: {
148 warn ERESOLVE     name: 'three',
148 warn ERESOLVE     version: '0.149.0',
148 warn ERESOLVE     whileInstalling: {
148 warn ERESOLVE       name: 'web-ifc-three',
148 warn ERESOLVE       version: '0.0.125',
148 warn ERESOLVE       path: 'D:\\baixar\\TESTE\\erp-crm-engenharia\\node_modules\\web-ifc-three'
148 warn ERESOLVE     },
148 warn ERESOLVE     location: 'node_modules/three',
148 warn ERESOLVE     isWorkspace: false,
148 warn ERESOLVE     dependents: [ [Object] ]
148 warn ERESOLVE   },
148 warn ERESOLVE   force: false,
148 warn ERESOLVE   isMine: false,
148 warn ERESOLVE   strictPeerDeps: false,
148 warn ERESOLVE   current: {
148 warn ERESOLVE     name: 'three',
148 warn ERESOLVE     version: '0.135.0',
148 warn ERESOLVE     location: 'node_modules/three',
148 warn ERESOLVE     isWorkspace: false,
148 warn ERESOLVE     dependents: [ [Object], [Object], [Object], [Object], [Object] ]
148 warn ERESOLVE   },
148 warn ERESOLVE   peerConflict: {
148 warn ERESOLVE     current: {
148 warn ERESOLVE       name: 'three',
148 warn ERESOLVE       version: '0.135.0',
148 warn ERESOLVE       location: 'node_modules/three',
148 warn ERESOLVE       isWorkspace: false,
148 warn ERESOLVE       dependents: [Array]
148 warn ERESOLVE     },
148 warn ERESOLVE     peer: {
148 warn ERESOLVE       name: 'three',
148 warn ERESOLVE       version: '0.149.0',
148 warn ERESOLVE       whileInstalling: [Object],
148 warn ERESOLVE       location: 'node_modules/three',
148 warn ERESOLVE       isWorkspace: false,
148 warn ERESOLVE       dependents: [Array]
148 warn ERESOLVE     }
148 warn ERESOLVE   }
148 warn ERESOLVE }
149 silly reify moves {}
150 silly audit bulk request {
150 silly audit   '@alloc/quick-lru': [ '5.2.0' ],
150 silly audit   '@babel/code-frame': [ '7.26.2' ],
150 silly audit   '@babel/generator': [ '7.27.0' ],
150 silly audit   '@babel/helper-module-imports': [ '7.25.9' ],
150 silly audit   '@babel/helper-string-parser': [ '7.25.9' ],
150 silly audit   '@babel/helper-validator-identifier': [ '7.25.9' ],
150 silly audit   '@babel/parser': [ '7.27.0' ],
150 silly audit   '@babel/runtime': [ '7.27.0' ],
150 silly audit   '@babel/template': [ '7.27.0' ],
150 silly audit   '@babel/traverse': [ '7.27.0' ],
150 silly audit   globals: [ '11.12.0', '14.0.0' ],
150 silly audit   '@babel/types': [ '7.27.0' ],
150 silly audit   '@emotion/babel-plugin': [ '11.13.5' ],
150 silly audit   '@emotion/cache': [ '11.14.0' ],
150 silly audit   '@emotion/hash': [ '0.9.2' ],
150 silly audit   '@emotion/memoize': [ '0.9.0' ],
150 silly audit   '@emotion/react': [ '11.14.0' ],
150 silly audit   '@emotion/serialize': [ '1.3.3' ],
150 silly audit   '@emotion/sheet': [ '1.4.0' ],
150 silly audit   '@emotion/unitless': [ '0.10.0' ],
150 silly audit   '@emotion/use-insertion-effect-with-fallbacks': [ '1.2.0' ],
150 silly audit   '@emotion/utils': [ '1.4.2' ],
150 silly audit   '@emotion/weak-memoize': [ '0.4.0' ],
150 silly audit   '@eslint-community/eslint-utils': [ '4.5.1' ],
150 silly audit   'eslint-visitor-keys': [ '3.4.3', '4.2.0' ],
150 silly audit   '@eslint-community/regexpp': [ '4.12.1' ],
150 silly audit   '@eslint/config-array': [ '0.20.0' ],
150 silly audit   '@eslint/config-helpers': [ '0.2.1' ],
150 silly audit   '@eslint/core': [ '0.12.0', '0.13.0' ],
150 silly audit   '@eslint/eslintrc': [ '3.3.1' ],
150 silly audit   '@eslint/js': [ '9.24.0' ],
150 silly audit   '@eslint/object-schema': [ '2.1.6' ],
150 silly audit   '@eslint/plugin-kit': [ '0.2.8' ],
150 silly audit   '@fastify/busboy': [ '3.1.1' ],
150 silly audit   '@firebase/analytics': [ '0.10.12' ],
150 silly audit   '@firebase/analytics-compat': [ '0.2.18' ],
150 silly audit   '@firebase/analytics-types': [ '0.8.3' ],
150 silly audit   '@firebase/app': [ '0.11.4' ],
150 silly audit   '@firebase/app-check': [ '0.8.13' ],
150 silly audit   '@firebase/app-check-compat': [ '0.3.20' ],
150 silly audit   '@firebase/app-check-interop-types': [ '0.3.3' ],
150 silly audit   '@firebase/app-check-types': [ '0.5.3' ],
150 silly audit   '@firebase/app-compat': [ '0.2.53' ],
150 silly audit   '@firebase/app-types': [ '0.9.3' ],
150 silly audit   '@firebase/auth': [ '1.10.0' ],
150 silly audit   '@firebase/auth-compat': [ '0.5.20' ],
150 silly audit   '@firebase/auth-interop-types': [ '0.2.4' ],
150 silly audit   '@firebase/auth-types': [ '0.13.0' ],
150 silly audit   '@firebase/component': [ '0.6.13' ],
150 silly audit   '@firebase/data-connect': [ '0.3.3' ],
150 silly audit   '@firebase/database': [ '1.0.14' ],
150 silly audit   '@firebase/database-compat': [ '2.0.5' ],
150 silly audit   '@firebase/database-types': [ '1.0.10' ],
150 silly audit   '@firebase/firestore': [ '4.7.10' ],
150 silly audit   '@firebase/firestore-compat': [ '0.3.45' ],
150 silly audit   '@firebase/firestore-types': [ '3.0.3' ],
150 silly audit   '@firebase/functions': [ '0.12.3' ],
150 silly audit   '@firebase/functions-compat': [ '0.3.20' ],
150 silly audit   '@firebase/functions-types': [ '0.6.3' ],
150 silly audit   '@firebase/installations': [ '0.6.13' ],
150 silly audit   '@firebase/installations-compat': [ '0.2.13' ],
150 silly audit   '@firebase/installations-types': [ '0.5.3' ],
150 silly audit   '@firebase/logger': [ '0.4.4' ],
150 silly audit   '@firebase/messaging': [ '0.12.17' ],
150 silly audit   '@firebase/messaging-compat': [ '0.2.17' ],
150 silly audit   '@firebase/messaging-interop-types': [ '0.2.3' ],
150 silly audit   '@firebase/performance': [ '0.7.2' ],
150 silly audit   '@firebase/performance-compat': [ '0.2.15' ],
150 silly audit   '@firebase/performance-types': [ '0.2.3' ],
150 silly audit   '@firebase/remote-config': [ '0.6.0' ],
150 silly audit   '@firebase/remote-config-compat': [ '0.2.13' ],
150 silly audit   '@firebase/remote-config-types': [ '0.4.0' ],
150 silly audit   '@firebase/storage': [ '0.13.7' ],
150 silly audit   '@firebase/storage-compat': [ '0.3.17' ],
150 silly audit   '@firebase/storage-types': [ '0.8.3' ],
150 silly audit   '@firebase/util': [ '1.11.0' ],
150 silly audit   '@firebase/vertexai': [ '1.2.1' ],
150 silly audit   '@firebase/webchannel-wrapper': [ '1.0.3' ],
150 silly audit   '@floating-ui/core': [ '1.6.9' ],
150 silly audit   '@floating-ui/dom': [ '1.6.13' ],
150 silly audit   '@floating-ui/react': [ '0.26.28' ],
150 silly audit   '@floating-ui/react-dom': [ '2.1.2' ],
150 silly audit   '@floating-ui/utils': [ '0.2.9' ],
150 silly audit   '@google-cloud/firestore': [ '7.11.0' ],
150 silly audit   '@google-cloud/paginator': [ '5.0.2' ],
150 silly audit   '@google-cloud/projectify': [ '4.0.0' ],
150 silly audit   '@google-cloud/promisify': [ '4.0.0' ],
150 silly audit   '@google-cloud/storage': [ '7.16.0' ],
150 silly audit   uuid: [ '8.3.2', '9.0.1', '11.1.0' ],
150 silly audit   '@grpc/grpc-js': [ '1.9.15', '1.13.3' ],
150 silly audit   '@grpc/proto-loader': [ '0.7.13' ],
150 silly audit   '@headlessui/react': [ '2.2.1' ],
150 silly audit   '@humanfs/core': [ '0.19.1' ],
150 silly audit   '@humanfs/node': [ '0.16.6' ],
150 silly audit   '@humanwhocodes/retry': [ '0.3.1', '0.4.2' ],
150 silly audit   '@humanwhocodes/module-importer': [ '1.0.1' ],
150 silly audit   '@img/sharp-win32-x64': [ '0.33.5' ],
150 silly audit   '@jridgewell/gen-mapping': [ '0.3.8' ],
150 silly audit   '@jridgewell/resolve-uri': [ '3.1.2' ],
150 silly audit   '@jridgewell/set-array': [ '1.2.1' ],
150 silly audit   '@jridgewell/sourcemap-codec': [ '1.5.0' ],
150 silly audit   '@jridgewell/trace-mapping': [ '0.3.25' ],
150 silly audit   '@js-sdsl/ordered-map': [ '4.4.2' ],
150 silly audit   '@next/env': [ '15.2.4' ],
150 silly audit   '@next/eslint-plugin-next': [ '15.2.4' ],
150 silly audit   '@next/swc-darwin-arm64': [ '15.2.4' ],
150 silly audit   '@next/swc-darwin-x64': [ '15.2.4' ],
150 silly audit   '@next/swc-linux-arm64-gnu': [ '15.2.4' ],
150 silly audit   '@next/swc-linux-arm64-musl': [ '15.2.4' ],
150 silly audit   '@next/swc-linux-x64-gnu': [ '15.2.4' ],
150 silly audit   '@next/swc-linux-x64-musl': [ '15.2.4' ],
150 silly audit   '@next/swc-win32-arm64-msvc': [ '15.2.4' ],
150 silly audit   '@next/swc-win32-x64-msvc': [ '15.2.4' ],
150 silly audit   '@nodelib/fs.scandir': [ '2.1.5' ],
150 silly audit   '@nodelib/fs.stat': [ '2.0.5' ],
150 silly audit   '@nodelib/fs.walk': [ '1.2.8' ],
150 silly audit   '@nolyfill/is-core-module': [ '1.0.39' ],
150 silly audit   '@opentelemetry/api': [ '1.9.0' ],
150 silly audit   '@protobufjs/aspromise': [ '1.1.2' ],
150 silly audit   '@protobufjs/base64': [ '1.1.2' ],
150 silly audit   '@protobufjs/codegen': [ '2.0.4' ],
150 silly audit   '@protobufjs/eventemitter': [ '1.1.0' ],
150 silly audit   '@protobufjs/fetch': [ '1.1.0' ],
150 silly audit   '@protobufjs/float': [ '1.0.2' ],
150 silly audit   '@protobufjs/inquire': [ '1.1.0' ],
150 silly audit   '@protobufjs/path': [ '1.1.2' ],
150 silly audit   '@protobufjs/pool': [ '1.1.0' ],
150 silly audit   '@protobufjs/utf8': [ '1.1.0' ],
150 silly audit   '@react-aria/focus': [ '3.20.1' ],
150 silly audit   '@react-aria/interactions': [ '3.24.1' ],
150 silly audit   '@react-aria/ssr': [ '3.9.7' ],
150 silly audit   '@react-aria/utils': [ '3.28.1' ],
150 silly audit   '@react-pdf-viewer/attachment': [ '3.12.0' ],
150 silly audit   '@react-pdf-viewer/bookmark': [ '3.12.0' ],
150 silly audit   '@react-pdf-viewer/core': [ '3.12.0' ],
150 silly audit   '@react-pdf-viewer/default-layout': [ '3.12.0' ],
150 silly audit   '@react-pdf-viewer/full-screen': [ '3.12.0' ],
150 silly audit   '@react-pdf-viewer/get-file': [ '3.12.0' ],
150 silly audit   '@react-pdf-viewer/open': [ '3.12.0' ],
150 silly audit   '@react-pdf-viewer/page-navigation': [ '3.12.0' ],
150 silly audit   '@react-pdf-viewer/print': [ '3.12.0' ],
150 silly audit   '@react-pdf-viewer/properties': [ '3.12.0' ],
150 silly audit   '@react-pdf-viewer/rotate': [ '3.12.0' ],
150 silly audit   '@react-pdf-viewer/scroll-mode': [ '3.12.0' ],
150 silly audit   '@react-pdf-viewer/search': [ '3.12.0' ],
150 silly audit   '@react-pdf-viewer/selection-mode': [ '3.12.0' ],
150 silly audit   '@react-pdf-viewer/theme': [ '3.12.0' ],
150 silly audit   '@react-pdf-viewer/thumbnail': [ '3.12.0' ],
150 silly audit   '@react-pdf-viewer/toolbar': [ '3.12.0' ],
150 silly audit   '@react-pdf-viewer/zoom': [ '3.12.0' ],
150 silly audit   '@react-stately/flags': [ '3.1.0' ],
150 silly audit   '@react-stately/utils': [ '3.10.5' ],
150 silly audit   '@react-types/shared': [ '3.28.0' ],
150 silly audit   '@rtsao/scc': [ '1.1.0' ],
150 silly audit   '@rushstack/eslint-patch': [ '1.11.0' ],
150 silly audit   '@swc/counter': [ '0.1.3' ],
150 silly audit   '@swc/helpers': [ '0.5.15' ],
150 silly audit   '@tailwindcss/node': [ '4.1.3' ],
150 silly audit   '@tailwindcss/oxide': [ '4.1.3' ],
150 silly audit   '@tailwindcss/oxide-win32-x64-msvc': [ '4.1.3' ],
150 silly audit   '@tailwindcss/postcss': [ '4.1.3' ],
150 silly audit   '@tanstack/react-virtual': [ '3.13.6' ],
150 silly audit   '@tanstack/virtual-core': [ '3.13.6' ],
150 silly audit   '@tootallnate/once': [ '2.0.0' ],
150 silly audit   '@types/body-parser': [ '1.19.5' ],
150 silly audit   '@types/caseless': [ '0.12.5' ],
150 silly audit   '@types/connect': [ '3.4.38' ],
150 silly audit   '@types/estree': [ '1.0.7' ],
150 silly audit   '@types/express': [ '4.17.21' ],
150 silly audit   '@types/express-serve-static-core': [ '4.19.6' ],
150 silly audit   '@types/forge-viewer': [ '7.89.1' ],
150 silly audit   '@types/http-errors': [ '2.0.4' ],
150 silly audit   '@types/json-schema': [ '7.0.15' ],
150 silly audit   '@types/json5': [ '0.0.29' ],
150 silly audit   '@types/jsonwebtoken': [ '9.0.9' ],
150 silly audit   '@types/long': [ '4.0.2' ],
150 silly audit   '@types/mime': [ '1.3.5' ],
150 silly audit   '@types/ms': [ '2.1.0' ],
150 silly audit   '@types/node': [ '22.14.0' ],
150 silly audit   '@types/parse-json': [ '4.0.2' ],
150 silly audit   '@types/prismjs': [ '1.26.5' ],
150 silly audit   '@types/qs': [ '6.9.18' ],
150 silly audit   '@types/range-parser': [ '1.2.7' ],
150 silly audit   '@types/react': [ '19.1.0' ],
150 silly audit   '@types/react-transition-group': [ '4.4.12' ],
150 silly audit   '@types/request': [ '2.48.12' ],
150 silly audit   'form-data': [ '2.5.3', '4.0.2' ],
150 silly audit   '@types/send': [ '0.17.4' ],
150 silly audit   '@types/serve-static': [ '1.15.7' ],
150 silly audit   '@types/tough-cookie': [ '4.0.5' ],
150 silly audit   '@typescript-eslint/eslint-plugin': [ '8.29.1' ],
150 silly audit   '@typescript-eslint/parser': [ '8.29.1' ],
150 silly audit   '@typescript-eslint/scope-manager': [ '8.29.1' ],
150 silly audit   '@typescript-eslint/type-utils': [ '8.29.1' ],
150 silly audit   '@typescript-eslint/types': [ '8.29.1' ],
150 silly audit   '@typescript-eslint/typescript-estree': [ '8.29.1' ],
150 silly audit   'brace-expansion': [ '2.0.1', '1.1.11' ],
150 silly audit   'fast-glob': [ '3.3.3', '3.3.1' ],
150 silly audit   'glob-parent': [ '5.1.2', '6.0.2' ],
150 silly audit   minimatch: [ '9.0.5', '3.1.2' ],
150 silly audit   '@typescript-eslint/utils': [ '8.29.1' ],
150 silly audit   '@typescript-eslint/visitor-keys': [ '8.29.1' ],
150 silly audit   '@unrs/resolver-binding-win32-x64-msvc': [ '1.4.1' ],
150 silly audit   'abort-controller': [ '3.0.0' ],
150 silly audit   acorn: [ '8.14.1' ],
150 silly audit   'acorn-jsx': [ '5.3.2' ],
150 silly audit   'agent-base': [ '6.0.2', '7.1.3' ],
150 silly audit   ajv: [ '6.12.6' ],
150 silly audit   'ansi-regex': [ '5.0.1' ],
150 silly audit   'ansi-styles': [ '4.3.0' ],
150 silly audit   argparse: [ '2.0.1' ],
150 silly audit   'aria-query': [ '5.3.2' ],
150 silly audit   'array-buffer-byte-length': [ '1.0.2' ],
150 silly audit   'array-includes': [ '3.1.8' ],
150 silly audit   'array.prototype.findlast': [ '1.2.5' ],
150 silly audit   'array.prototype.findlastindex': [ '1.2.6' ],
150 silly audit   'array.prototype.flat': [ '1.3.3' ],
150 silly audit   'array.prototype.flatmap': [ '1.3.3' ],
150 silly audit   'array.prototype.tosorted': [ '1.1.4' ],
150 silly audit   'arraybuffer.prototype.slice': [ '1.0.4' ],
150 silly audit   arrify: [ '2.0.1' ],
150 silly audit   'ast-types-flow': [ '0.0.8' ],
150 silly audit   'async-function': [ '1.0.0' ],
150 silly audit   'async-retry': [ '1.3.3' ],
150 silly audit   asynckit: [ '0.4.0' ],
150 silly audit   'available-typed-arrays': [ '1.0.7' ],
150 silly audit   'axe-core': [ '4.10.3' ],
150 silly audit   axios: [ '1.8.4' ],
150 silly audit   'axobject-query': [ '4.1.0' ],
150 silly audit   'babel-plugin-macros': [ '3.1.0' ],
150 silly audit   'balanced-match': [ '1.0.2' ],
150 silly audit   'base64-js': [ '1.5.1' ],
150 silly audit   'bignumber.js': [ '9.2.1' ],
150 silly audit   bl: [ '4.1.0' ],
150 silly audit   braces: [ '3.0.3' ],
150 silly audit   buffer: [ '5.7.1' ],
150 silly audit   'buffer-equal-constant-time': [ '1.0.1' ],
150 silly audit   busboy: [ '1.6.0' ],
150 silly audit   'call-bind': [ '1.0.8' ],
150 silly audit   'call-bind-apply-helpers': [ '1.0.2' ],
150 silly audit   'call-bound': [ '1.0.4' ],
150 silly audit   callsites: [ '3.1.0' ],
150 silly audit   'camera-controls': [ '1.38.2' ],
150 silly audit   'caniuse-lite': [ '1.0.30001712' ],
150 silly audit   chalk: [ '4.1.2' ],
150 silly audit   'client-only': [ '0.0.1' ],
150 silly audit   cliui: [ '8.0.1' ],
150 silly audit   clsx: [ '2.1.1' ],
150 silly audit   color: [ '4.2.3' ],
150 silly audit   'color-convert': [ '2.0.1' ],
150 silly audit   'color-name': [ '1.1.4' ],
150 silly audit   'color-string': [ '1.9.1' ],
150 silly audit   'combined-stream': [ '1.0.8' ],
150 silly audit   'concat-map': [ '0.0.1' ],
150 silly audit   'convert-source-map': [ '1.9.0' ],
150 silly audit   cosmiconfig: [ '7.1.0' ],
150 silly audit   'cross-spawn': [ '7.0.6' ],
150 silly audit   csstype: [ '3.1.3' ],
150 silly audit   'damerau-levenshtein': [ '1.0.8' ],
150 silly audit   'dat.gui': [ '0.7.9' ],
150 silly audit   'data-view-buffer': [ '1.0.2' ],
150 silly audit   'data-view-byte-length': [ '1.0.2' ],
150 silly audit   'data-view-byte-offset': [ '1.0.1' ],
150 silly audit   debug: [ '4.4.0', '3.2.7' ],
150 silly audit   'deep-extend': [ '0.6.0' ],
150 silly audit   'deep-is': [ '0.1.4' ],
150 silly audit   'define-data-property': [ '1.1.4' ],
150 silly audit   'define-properties': [ '1.2.1' ],
150 silly audit   'delayed-stream': [ '1.0.0' ],
150 silly audit   dequal: [ '2.0.3' ],
150 silly audit   'detect-libc': [ '2.0.3' ],
150 silly audit   doctrine: [ '2.1.0' ],
150 silly audit   'dom-helpers': [ '5.2.1' ],
150 silly audit   'dunder-proto': [ '1.0.1' ],
150 silly audit   duplexify: [ '4.1.3' ],
150 silly audit   'ecdsa-sig-formatter': [ '1.0.11' ],
150 silly audit   'emoji-regex': [ '9.2.2', '8.0.0' ],
150 silly audit   'end-of-stream': [ '1.4.4' ],
150 silly audit   'enhanced-resolve': [ '5.18.1' ],
150 silly audit   'error-ex': [ '1.3.2' ],
150 silly audit   'is-arrayish': [ '0.2.1', '0.3.2' ],
150 silly audit   'es-abstract': [ '1.23.9' ],
150 silly audit   'es-define-property': [ '1.0.1' ],
150 silly audit   'es-errors': [ '1.3.0' ],
150 silly audit   'es-iterator-helpers': [ '1.2.1' ],
150 silly audit   'es-object-atoms': [ '1.1.1' ],
150 silly audit   'es-set-tostringtag': [ '2.1.0' ],
150 silly audit   'es-shim-unscopables': [ '1.1.0' ],
150 silly audit   'es-to-primitive': [ '1.3.0' ],
150 silly audit   escalade: [ '3.2.0' ],
150 silly audit   'escape-string-regexp': [ '4.0.0' ],
150 silly audit   eslint: [ '9.24.0' ],
150 silly audit   'eslint-config-next': [ '15.2.4' ],
150 silly audit   'eslint-import-resolver-node': [ '0.3.9' ],
150 silly audit   'eslint-import-resolver-typescript': [ '3.10.0' ],
150 silly audit   'eslint-module-utils': [ '2.12.0' ],
150 silly audit   'eslint-plugin-import': [ '2.31.0' ],
150 silly audit   semver: [ '6.3.1', '7.7.1' ],
150 silly audit   'eslint-plugin-jsx-a11y': [ '6.10.2' ],
150 silly audit   'eslint-plugin-react': [ '7.37.5' ],
150 silly audit   'eslint-plugin-react-hooks': [ '5.2.0' ],
150 silly audit   resolve: [ '2.0.0-next.5', '1.22.10' ],
150 silly audit   'eslint-scope': [ '8.3.0' ],
150 silly audit   espree: [ '10.3.0' ],
150 silly audit   esquery: [ '1.6.0' ],
150 silly audit   esrecurse: [ '4.3.0' ],
150 silly audit   estraverse: [ '5.3.0' ],
150 silly audit   esutils: [ '2.0.3' ],
150 silly audit   'event-target-shim': [ '5.0.1' ],
150 silly audit   'expand-template': [ '2.0.3' ],
150 silly audit   extend: [ '3.0.2' ],
150 silly audit   'farmhash-modern': [ '1.1.0' ],
150 silly audit   'fast-deep-equal': [ '3.1.3' ],
150 silly audit   'fast-json-stable-stringify': [ '2.1.0' ],
150 silly audit   'fast-levenshtein': [ '2.0.6' ],
150 silly audit   'fast-xml-parser': [ '4.5.3' ],
150 silly audit   fastq: [ '1.19.1' ],
150 silly audit   'faye-websocket': [ '0.11.4' ],
150 silly audit   'file-entry-cache': [ '8.0.0' ],
150 silly audit   'fill-range': [ '7.1.1' ],
150 silly audit   'find-root': [ '1.1.0' ],
150 silly audit   'find-up': [ '5.0.0' ],
150 silly audit   firebase: [ '11.6.0' ],
150 silly audit   'firebase-admin': [ '13.2.0' ],
150 silly audit   'flat-cache': [ '4.0.1' ],
150 silly audit   flatted: [ '3.3.3' ],
150 silly audit   'follow-redirects': [ '1.15.9' ],
150 silly audit   'for-each': [ '0.3.5' ],
150 silly audit   fs: [ '0.0.1-security' ],
150 silly audit   'fs-constants': [ '1.0.0' ],
150 silly audit   'function-bind': [ '1.1.2' ],
150 silly audit   'function.prototype.name': [ '1.1.8' ],
150 silly audit   'functional-red-black-tree': [ '1.0.1' ],
150 silly audit   'functions-have-names': [ '1.2.3' ],
150 silly audit   gaxios: [ '6.7.1' ],
150 silly audit   'https-proxy-agent': [ '7.0.6', '5.0.1' ],
150 silly audit   'gcp-metadata': [ '6.1.1' ],
150 silly audit   'get-caller-file': [ '2.0.5' ],
150 silly audit   'get-intrinsic': [ '1.3.0' ],
150 silly audit   'get-proto': [ '1.0.1' ],
150 silly audit   'get-symbol-description': [ '1.1.0' ],
150 silly audit   'get-tsconfig': [ '4.10.0' ],
150 silly audit   'github-from-package': [ '0.0.0' ],
150 silly audit   globalthis: [ '1.0.4' ],
150 silly audit   'google-auth-library': [ '9.15.1' ],
150 silly audit   'google-gax': [ '4.4.1' ],
150 silly audit   'google-logging-utils': [ '0.0.2' ],
150 silly audit   gopd: [ '1.2.0' ],
150 silly audit   'graceful-fs': [ '4.2.11' ],
150 silly audit   graphemer: [ '1.4.0' ],
150 silly audit   gsap: [ '3.12.7' ],
150 silly audit   gtoken: [ '7.1.0' ],
150 silly audit   'has-bigints': [ '1.1.0' ],
150 silly audit   'has-flag': [ '4.0.0' ],
150 silly audit   'has-property-descriptors': [ '1.0.2' ],
150 silly audit   'has-proto': [ '1.2.0' ],
150 silly audit   'has-symbols': [ '1.1.0' ],
150 silly audit   'has-tostringtag': [ '1.0.2' ],
150 silly audit   hasown: [ '2.0.2' ],
150 silly audit   'hoist-non-react-statics': [ '3.3.2' ],
150 silly audit   'html-entities': [ '2.6.0' ],
150 silly audit   'http-parser-js': [ '0.5.9' ],
150 silly audit   'http-proxy-agent': [ '5.0.0' ],
150 silly audit   idb: [ '7.1.1' ],
150 silly audit   ieee754: [ '1.2.1' ],
150 silly audit   ignore: [ '5.3.2' ],
150 silly audit   'import-fresh': [ '3.3.1' ],
150 silly audit   imurmurhash: [ '0.1.4' ],
150 silly audit   inherits: [ '2.0.4' ],
150 silly audit   ini: [ '1.3.8' ],
150 silly audit   'internal-slot': [ '1.1.0' ],
150 silly audit   'is-array-buffer': [ '3.0.5' ],
150 silly audit   'is-async-function': [ '2.1.1' ],
150 silly audit   'is-bigint': [ '1.1.0' ],
150 silly audit   'is-boolean-object': [ '1.2.2' ],
150 silly audit   'is-bun-module': [ '2.0.0' ],
150 silly audit   'is-callable': [ '1.2.7' ],
150 silly audit   'is-core-module': [ '2.16.1' ],
150 silly audit   'is-data-view': [ '1.0.2' ],
150 silly audit   'is-date-object': [ '1.1.0' ],
150 silly audit   'is-extglob': [ '2.1.1' ],
150 silly audit   'is-finalizationregistry': [ '1.1.1' ],
150 silly audit   'is-fullwidth-code-point': [ '3.0.0' ],
150 silly audit   'is-generator-function': [ '1.1.0' ],
150 silly audit   'is-glob': [ '4.0.3' ],
150 silly audit   'is-map': [ '2.0.3' ],
150 silly audit   'is-number': [ '7.0.0' ],
150 silly audit   'is-number-object': [ '1.1.1' ],
150 silly audit   'is-regex': [ '1.2.1' ],
150 silly audit   'is-set': [ '2.0.3' ],
150 silly audit   'is-shared-array-buffer': [ '1.0.4' ],
150 silly audit   'is-stream': [ '2.0.1' ],
150 silly audit   'is-string': [ '1.1.1' ],
150 silly audit   'is-symbol': [ '1.1.1' ],
150 silly audit   'is-typed-array': [ '1.1.15' ],
150 silly audit   'is-weakmap': [ '2.0.2' ],
150 silly audit   'is-weakref': [ '1.1.1' ],
150 silly audit   'is-weakset': [ '2.0.4' ],
150 silly audit   isarray: [ '2.0.5' ],
150 silly audit   isexe: [ '2.0.0' ],
150 silly audit   'iterator.prototype': [ '1.1.5' ],
150 silly audit   jiti: [ '2.4.2' ],
150 silly audit   jose: [ '4.15.9' ],
150 silly audit   'js-tokens': [ '4.0.0' ],
150 silly audit   'js-yaml': [ '4.1.0' ],
150 silly audit   jsesc: [ '3.1.0' ],
150 silly audit   'json-bigint': [ '1.0.0' ],
150 silly audit   'json-buffer': [ '3.0.1' ],
150 silly audit   'json-parse-even-better-errors': [ '2.3.1' ],
150 silly audit   'json-schema-traverse': [ '0.4.1' ],
150 silly audit   'json-stable-stringify-without-jsonify': [ '1.0.1' ],
150 silly audit   json5: [ '1.0.2' ],
150 silly audit   jsonwebtoken: [ '9.0.2' ],
150 silly audit   jwa: [ '1.4.1', '2.0.0' ],
150 silly audit   jws: [ '3.2.2', '4.0.0' ],
150 silly audit   'jsx-ast-utils': [ '3.3.5' ],
150 silly audit   'jwks-rsa': [ '3.2.0' ],
150 silly audit   keyv: [ '4.5.4' ],
150 silly audit   'language-subtag-registry': [ '0.3.23' ],
150 silly audit   'language-tags': [ '1.0.9' ],
150 silly audit   levn: [ '0.4.1' ],
150 silly audit   lightningcss: [ '1.29.2' ],
150 silly audit   'lightningcss-win32-x64-msvc': [ '1.29.2' ],
150 silly audit   limiter: [ '1.1.5' ],
150 silly audit   'lines-and-columns': [ '1.2.4' ],
150 silly audit   'locate-path': [ '6.0.0' ],
150 silly audit   'lodash.camelcase': [ '4.3.0' ],
150 silly audit   'lodash.clonedeep': [ '4.5.0' ],
150 silly audit   'lodash.includes': [ '4.3.0' ],
150 silly audit   'lodash.isboolean': [ '3.0.3' ],
150 silly audit   'lodash.isinteger': [ '4.0.4' ],
150 silly audit   'lodash.isnumber': [ '3.0.3' ],
150 silly audit   'lodash.isplainobject': [ '4.0.6' ],
150 silly audit   'lodash.isstring': [ '4.0.1' ],
150 silly audit   'lodash.merge': [ '4.6.2' ],
150 silly audit   'lodash.once': [ '4.1.1' ],
150 silly audit   long: [ '5.3.1' ],
150 silly audit   'loose-envify': [ '1.4.0' ],
150 silly audit   'lru-cache': [ '6.0.0' ],
150 silly audit   'lru-memoizer': [ '2.3.0' ],
150 silly audit   'make-cancellable-promise': [ '1.3.2' ],
150 silly audit   'make-event-props': [ '1.6.2' ],
150 silly audit   'math-intrinsics': [ '1.1.0' ],
150 silly audit   'memoize-one': [ '6.0.0' ],
150 silly audit   'merge-refs': [ '1.3.0' ],
150 silly audit   merge2: [ '1.4.1' ],
150 silly audit   micromatch: [ '4.0.8' ],
150 silly audit   mime: [ '3.0.0' ],
150 silly audit   'mime-db': [ '1.52.0' ],
150 silly audit   'mime-types': [ '2.1.35' ],
150 silly audit   minimist: [ '1.2.8' ],
150 silly audit   'mkdirp-classic': [ '0.5.3' ],
150 silly audit   ms: [ '2.1.3' ],
150 silly audit   nanoid: [ '3.3.11' ],
150 silly audit   'napi-build-utils': [ '2.0.0' ],
150 silly audit   'natural-compare': [ '1.4.0' ],
150 silly audit   net: [ '1.0.2' ],
150 silly audit   next: [ '15.2.4' ],
150 silly audit   postcss: [ '8.4.31', '8.5.3' ],
150 silly audit   'node-abi': [ '3.74.0' ],
150 silly audit   'node-addon-api': [ '7.1.1' ],
150 silly audit   'node-fetch': [ '2.7.0' ],
150 silly audit   'node-forge': [ '1.3.1' ],
150 silly audit   'object-assign': [ '4.1.1' ],
150 silly audit   'object-hash': [ '3.0.0' ],
150 silly audit   'object-inspect': [ '1.13.4' ],
150 silly audit   'object-keys': [ '1.1.1' ],
150 silly audit   'object.assign': [ '4.1.7' ],
150 silly audit   'object.entries': [ '1.1.9' ],
150 silly audit   'object.fromentries': [ '2.0.8' ],
150 silly audit   'object.groupby': [ '1.0.3' ],
150 silly audit   'object.values': [ '1.2.1' ],
150 silly audit   once: [ '1.4.0' ],
150 silly audit   optionator: [ '0.9.4' ],
150 silly audit   'own-keys': [ '1.0.1' ],
150 silly audit   'p-limit': [ '3.1.0' ],
150 silly audit   'p-locate': [ '5.0.0' ],
150 silly audit   'parent-module': [ '1.0.1' ],
150 silly audit   'parse-json': [ '5.2.0' ],
150 silly audit   'path-exists': [ '4.0.0' ],
150 silly audit   'path-key': [ '3.1.1' ],
150 silly audit   'path-parse': [ '1.0.7' ],
150 silly audit   'path-type': [ '4.0.0' ],
150 silly audit   path2d: [ '0.2.2' ],
150 silly audit   'path2d-polyfill': [ '2.0.1' ],
150 silly audit   'pdfjs-dist': [ '3.11.174', '4.8.69' ],
150 silly audit   picocolors: [ '1.1.1' ],
150 silly audit   picomatch: [ '2.3.1', '4.0.2' ],
150 silly audit   'possible-typed-array-names': [ '1.1.0' ],
150 silly audit   'prebuild-install': [ '7.1.3' ],
150 silly audit   'decompress-response': [ '6.0.0' ],
150 silly audit   'mimic-response': [ '3.1.0' ],
150 silly audit   'simple-get': [ '4.0.1' ],
150 silly audit   'prelude-ls': [ '1.2.1' ],
150 silly audit   'prism-react-renderer': [ '2.4.1' ],
150 silly audit   'prop-types': [ '15.8.1' ],
150 silly audit   'proto3-json-serializer': [ '2.0.2' ],
150 silly audit   protobufjs: [ '7.4.0' ],
150 silly audit   'proxy-from-env': [ '1.1.0' ],
150 silly audit   pump: [ '3.0.2' ],
150 silly audit   punycode: [ '2.3.1' ],
150 silly audit   'queue-microtask': [ '1.2.3' ],
150 silly audit   rc: [ '1.2.8' ],
150 silly audit   'strip-json-comments': [ '2.0.1', '3.1.1' ],
150 silly audit   react: [ '19.1.0' ],
150 silly audit   'react-dom': [ '19.1.0' ],
150 silly audit   'react-is': [ '16.13.1' ],
150 silly audit   'react-medium-image-zoom': [ '5.2.14' ],
150 silly audit   'react-pdf': [ '9.2.1' ],
150 silly audit   canvas: [ '3.1.0' ],
150 silly audit   'react-select': [ '5.10.1' ],
150 silly audit   'react-toastify': [ '11.0.5' ],
150 silly audit   'react-transition-group': [ '4.4.5' ],
150 silly audit   'readable-stream': [ '3.6.2' ],
150 silly audit   'reflect.getprototypeof': [ '1.0.10' ],
150 silly audit   'regenerator-runtime': [ '0.14.1' ],
150 silly audit   'regexp.prototype.flags': [ '1.5.4' ],
150 silly audit   'require-directory': [ '2.1.1' ],
150 silly audit   'resolve-from': [ '4.0.0' ],
150 silly audit   'resolve-pkg-maps': [ '1.0.0' ],
150 silly audit   retry: [ '0.13.1' ],
150 silly audit   'retry-request': [ '7.0.2' ],
150 silly audit   reusify: [ '1.1.0' ],
150 silly audit   'run-parallel': [ '1.2.0' ],
150 silly audit   'safe-array-concat': [ '1.1.3' ],
150 silly audit   'safe-buffer': [ '5.2.1' ],
150 silly audit   'safe-push-apply': [ '1.0.0' ],
150 silly audit   'safe-regex-test': [ '1.1.0' ],
150 silly audit   scheduler: [ '0.26.0' ],
150 silly audit   'set-function-length': [ '1.2.2' ],
150 silly audit   'set-function-name': [ '2.0.2' ],
150 silly audit   'set-proto': [ '1.0.0' ],
150 silly audit   sharp: [ '0.33.5' ],
150 silly audit   'shebang-command': [ '2.0.0' ],
150 silly audit   'shebang-regex': [ '3.0.0' ],
150 silly audit   'side-channel': [ '1.1.0' ],
150 silly audit   'side-channel-list': [ '1.0.0' ],
150 silly audit   'side-channel-map': [ '1.0.1' ],
150 silly audit   'side-channel-weakmap': [ '1.0.2' ],
150 silly audit   'simple-concat': [ '1.0.1' ],
150 silly audit   'simple-swizzle': [ '0.2.2' ],
150 silly audit   'source-map': [ '0.5.7' ],
150 silly audit   'source-map-js': [ '1.2.1' ],
150 silly audit   'stable-hash': [ '0.0.5' ],
150 silly audit   'stream-events': [ '1.0.5' ],
150 silly audit   'stream-shift': [ '1.0.3' ],
150 silly audit   streamsearch: [ '1.1.0' ],
150 silly audit   string_decoder: [ '1.3.0' ],
150 silly audit   'string-width': [ '4.2.3' ],
150 silly audit   'string.prototype.includes': [ '2.0.1' ],
150 silly audit   'string.prototype.matchall': [ '4.0.12' ],
150 silly audit   'string.prototype.repeat': [ '1.0.0' ],
150 silly audit   'string.prototype.trim': [ '1.2.10' ],
150 silly audit   'string.prototype.trimend': [ '1.0.9' ],
150 silly audit   'string.prototype.trimstart': [ '1.0.8' ],
150 silly audit   'strip-ansi': [ '6.0.1' ],
150 silly audit   'strip-bom': [ '3.0.0' ],
150 silly audit   strnum: [ '1.1.2' ],
150 silly audit   stubs: [ '3.0.0' ],
150 silly audit   'styled-jsx': [ '5.1.6' ],
150 silly audit   stylis: [ '4.2.0' ],
150 silly audit   'supports-color': [ '7.2.0' ],
150 silly audit   'supports-preserve-symlinks-flag': [ '1.0.0' ],
150 silly audit   tabbable: [ '6.2.0' ],
150 silly audit   'tailwind-scrollbar': [ '4.0.2' ],
150 silly audit   tailwindcss: [ '4.1.3' ],
150 silly audit   tapable: [ '2.2.1' ],
150 silly audit   'tar-fs': [ '2.1.2' ],
150 silly audit   chownr: [ '1.1.4' ],
150 silly audit   'tar-stream': [ '2.2.0' ],
150 silly audit   'teeny-request': [ '9.0.0' ],
150 silly audit   three: [ '0.135.0' ],
150 silly audit   'three-mesh-bvh': [ '0.5.24', '0.5.21' ],
150 silly audit   'tiny-invariant': [ '1.3.3' ],
150 silly audit   tinyglobby: [ '0.2.12' ],
150 silly audit   fdir: [ '6.4.3' ],
150 silly audit   tls: [ '0.0.1' ],
150 silly audit   'to-regex-range': [ '5.0.1' ],
150 silly audit   tr46: [ '0.0.3' ],
150 silly audit   'ts-api-utils': [ '2.1.0' ],
150 silly audit   'tsconfig-paths': [ '3.15.0' ],
150 silly audit   tslib: [ '2.8.1' ],
150 silly audit   'tunnel-agent': [ '0.6.0' ],
150 silly audit   'type-check': [ '0.4.0' ],
150 silly audit   'typed-array-buffer': [ '1.0.3' ],
150 silly audit   'typed-array-byte-length': [ '1.0.3' ],
150 silly audit   'typed-array-byte-offset': [ '1.0.4' ],
150 silly audit   'typed-array-length': [ '1.0.7' ],
150 silly audit   typescript: [ '5.8.3' ],
150 silly audit   'unbox-primitive': [ '1.1.0' ],
150 silly audit   'undici-types': [ '6.21.0' ],
150 silly audit   'unrs-resolver': [ '1.4.1' ],
150 silly audit   'uri-js': [ '4.4.1' ],
150 silly audit   'use-isomorphic-layout-effect': [ '1.2.0' ],
150 silly audit   'util-deprecate': [ '1.0.2' ],
150 silly audit   warning: [ '4.0.3' ],
150 silly audit   'web-ifc': [ '0.0.39' ],
150 silly audit   'web-ifc-three': [ '0.0.125' ],
150 silly audit   'web-ifc-viewer': [ '1.0.218' ],
150 silly audit   'web-vitals': [ '4.2.4' ],
150 silly audit   'webidl-conversions': [ '3.0.1' ],
150 silly audit   'websocket-driver': [ '0.7.4' ],
150 silly audit   'websocket-extensions': [ '0.1.4' ],
150 silly audit   'whatwg-url': [ '5.0.0' ],
150 silly audit   which: [ '2.0.2' ],
150 silly audit   'which-boxed-primitive': [ '1.1.1' ],
150 silly audit   'which-builtin-type': [ '1.2.1' ],
150 silly audit   'which-collection': [ '1.0.2' ],
150 silly audit   'which-typed-array': [ '1.1.19' ],
150 silly audit   'word-wrap': [ '1.2.5' ],
150 silly audit   'wrap-ansi': [ '7.0.0' ],
150 silly audit   wrappy: [ '1.0.2' ],
150 silly audit   y18n: [ '5.0.8' ],
150 silly audit   yallist: [ '4.0.0' ],
150 silly audit   yaml: [ '1.10.2' ],
150 silly audit   yargs: [ '17.7.2' ],
150 silly audit   'yargs-parser': [ '21.1.1' ],
150 silly audit   'yocto-queue': [ '0.1.0' ],
150 silly audit   'react-syntax-highlighter': [ '15.6.1' ],
150 silly audit   'highlight.js': [ '10.7.3' ],
150 silly audit   'highlightjs-vue': [ '1.0.0' ],
150 silly audit   lowlight: [ '1.20.0' ],
150 silly audit   prismjs: [ '1.30.0', '1.27.0' ],
150 silly audit   refractor: [ '3.6.0' ],
150 silly audit   fault: [ '1.0.4' ],
150 silly audit   format: [ '0.2.2' ],
150 silly audit   hastscript: [ '6.0.0' ],
150 silly audit   'parse-entities': [ '2.0.0' ],
150 silly audit   '@types/hast': [ '2.3.10' ],
150 silly audit   'comma-separated-tokens': [ '1.0.8' ],
150 silly audit   'hast-util-parse-selector': [ '2.2.5' ],
150 silly audit   'property-information': [ '5.6.0' ],
150 silly audit   'space-separated-tokens': [ '1.1.5' ],
150 silly audit   '@types/unist': [ '2.0.11' ],
150 silly audit   'character-entities': [ '1.2.4' ],
150 silly audit   'character-entities-legacy': [ '1.1.4' ],
150 silly audit   'character-reference-invalid': [ '1.1.4' ],
150 silly audit   'is-alphanumerical': [ '1.0.4' ],
150 silly audit   'is-decimal': [ '1.0.4' ],
150 silly audit   'is-hexadecimal': [ '1.0.4' ],
150 silly audit   'is-alphabetical': [ '1.0.4' ],
150 silly audit   xtend: [ '4.0.2' ]
150 silly audit }
151 verbose reify failed optional dependency D:\baixar\TESTE\erp-crm-engenharia\node_modules\@next\swc-win32-arm64-msvc
152 silly reify mark deleted [
152 silly reify   'D:\\baixar\\TESTE\\erp-crm-engenharia\\node_modules\\@next\\swc-win32-arm64-msvc'
152 silly reify ]
153 verbose reify failed optional dependency D:\baixar\TESTE\erp-crm-engenharia\node_modules\@next\swc-linux-x64-musl
154 silly reify mark deleted [
154 silly reify   'D:\\baixar\\TESTE\\erp-crm-engenharia\\node_modules\\@next\\swc-linux-x64-musl'
154 silly reify ]
155 verbose reify failed optional dependency D:\baixar\TESTE\erp-crm-engenharia\node_modules\@next\swc-linux-x64-gnu
156 silly reify mark deleted [
156 silly reify   'D:\\baixar\\TESTE\\erp-crm-engenharia\\node_modules\\@next\\swc-linux-x64-gnu'
156 silly reify ]
157 verbose reify failed optional dependency D:\baixar\TESTE\erp-crm-engenharia\node_modules\@next\swc-linux-arm64-musl
158 silly reify mark deleted [
158 silly reify   'D:\\baixar\\TESTE\\erp-crm-engenharia\\node_modules\\@next\\swc-linux-arm64-musl'
158 silly reify ]
159 verbose reify failed optional dependency D:\baixar\TESTE\erp-crm-engenharia\node_modules\@next\swc-linux-arm64-gnu
160 silly reify mark deleted [
160 silly reify   'D:\\baixar\\TESTE\\erp-crm-engenharia\\node_modules\\@next\\swc-linux-arm64-gnu'
160 silly reify ]
161 verbose reify failed optional dependency D:\baixar\TESTE\erp-crm-engenharia\node_modules\@next\swc-darwin-x64
162 silly reify mark deleted [
162 silly reify   'D:\\baixar\\TESTE\\erp-crm-engenharia\\node_modules\\@next\\swc-darwin-x64'
162 silly reify ]
163 verbose reify failed optional dependency D:\baixar\TESTE\erp-crm-engenharia\node_modules\@next\swc-darwin-arm64
164 silly reify mark deleted [
164 silly reify   'D:\\baixar\\TESTE\\erp-crm-engenharia\\node_modules\\@next\\swc-darwin-arm64'
164 silly reify ]
165 http cache xtend@https://registry.npmjs.org/xtend/-/xtend-4.0.2.tgz 0ms (cache hit)
166 http cache is-alphabetical@https://registry.npmjs.org/is-alphabetical/-/is-alphabetical-1.0.4.tgz 0ms (cache hit)
167 http cache is-hexadecimal@https://registry.npmjs.org/is-hexadecimal/-/is-hexadecimal-1.0.4.tgz 0ms (cache hit)
168 http cache is-decimal@https://registry.npmjs.org/is-decimal/-/is-decimal-1.0.4.tgz 0ms (cache hit)
169 http cache is-alphanumerical@https://registry.npmjs.org/is-alphanumerical/-/is-alphanumerical-1.0.4.tgz 0ms (cache hit)
170 http cache character-reference-invalid@https://registry.npmjs.org/character-reference-invalid/-/character-reference-invalid-1.1.4.tgz 0ms (cache hit)
171 http cache character-entities-legacy@https://registry.npmjs.org/character-entities-legacy/-/character-entities-legacy-1.1.4.tgz 0ms (cache hit)
172 http cache character-entities@https://registry.npmjs.org/character-entities/-/character-entities-1.2.4.tgz 0ms (cache hit)
173 http cache @types/unist@https://registry.npmjs.org/@types/unist/-/unist-2.0.11.tgz 0ms (cache hit)
174 http cache space-separated-tokens@https://registry.npmjs.org/space-separated-tokens/-/space-separated-tokens-1.1.5.tgz 0ms (cache hit)
175 http cache property-information@https://registry.npmjs.org/property-information/-/property-information-5.6.0.tgz 0ms (cache hit)
176 http cache hast-util-parse-selector@https://registry.npmjs.org/hast-util-parse-selector/-/hast-util-parse-selector-2.2.5.tgz 0ms (cache hit)
177 http cache comma-separated-tokens@https://registry.npmjs.org/comma-separated-tokens/-/comma-separated-tokens-1.0.8.tgz 0ms (cache hit)
178 http cache @types/hast@https://registry.npmjs.org/@types/hast/-/hast-2.3.10.tgz 0ms (cache hit)
179 http cache parse-entities@https://registry.npmjs.org/parse-entities/-/parse-entities-2.0.0.tgz 0ms (cache hit)
180 http cache hastscript@https://registry.npmjs.org/hastscript/-/hastscript-6.0.0.tgz 0ms (cache hit)
181 http cache format@https://registry.npmjs.org/format/-/format-0.2.2.tgz 0ms (cache hit)
182 http cache refractor@https://registry.npmjs.org/refractor/-/refractor-3.6.0.tgz 0ms (cache hit)
183 http cache fault@https://registry.npmjs.org/fault/-/fault-1.0.4.tgz 0ms (cache hit)
184 http cache prismjs@https://registry.npmjs.org/prismjs/-/prismjs-1.30.0.tgz 0ms (cache hit)
185 http cache lowlight@https://registry.npmjs.org/lowlight/-/lowlight-1.20.0.tgz 0ms (cache hit)
186 http cache highlightjs-vue@https://registry.npmjs.org/highlightjs-vue/-/highlightjs-vue-1.0.0.tgz 0ms (cache hit)
187 http cache highlight.js@https://registry.npmjs.org/highlight.js/-/highlight.js-10.7.3.tgz 0ms (cache hit)
188 http cache react-syntax-highlighter@https://registry.npmjs.org/react-syntax-highlighter/-/react-syntax-highlighter-15.6.1.tgz 0ms (cache hit)
189 http cache prismjs@https://registry.npmjs.org/prismjs/-/prismjs-1.27.0.tgz 0ms (cache hit)
190 silly tarball no local data for xtend@https://registry.npmjs.org/xtend/-/xtend-4.0.2.tgz. Extracting by manifest.
191 silly tarball no local data for is-alphabetical@https://registry.npmjs.org/is-alphabetical/-/is-alphabetical-1.0.4.tgz. Extracting by manifest.
192 silly tarball no local data for is-hexadecimal@https://registry.npmjs.org/is-hexadecimal/-/is-hexadecimal-1.0.4.tgz. Extracting by manifest.
193 silly tarball no local data for is-decimal@https://registry.npmjs.org/is-decimal/-/is-decimal-1.0.4.tgz. Extracting by manifest.
194 silly tarball no local data for is-alphanumerical@https://registry.npmjs.org/is-alphanumerical/-/is-alphanumerical-1.0.4.tgz. Extracting by manifest.
195 silly tarball no local data for character-reference-invalid@https://registry.npmjs.org/character-reference-invalid/-/character-reference-invalid-1.1.4.tgz. Extracting by manifest.
196 silly tarball no local data for character-entities-legacy@https://registry.npmjs.org/character-entities-legacy/-/character-entities-legacy-1.1.4.tgz. Extracting by manifest.
197 silly tarball no local data for character-entities@https://registry.npmjs.org/character-entities/-/character-entities-1.2.4.tgz. Extracting by manifest.
198 silly tarball no local data for @types/unist@https://registry.npmjs.org/@types/unist/-/unist-2.0.11.tgz. Extracting by manifest.
199 silly tarball no local data for space-separated-tokens@https://registry.npmjs.org/space-separated-tokens/-/space-separated-tokens-1.1.5.tgz. Extracting by manifest.
200 silly tarball no local data for property-information@https://registry.npmjs.org/property-information/-/property-information-5.6.0.tgz. Extracting by manifest.
201 silly tarball no local data for hast-util-parse-selector@https://registry.npmjs.org/hast-util-parse-selector/-/hast-util-parse-selector-2.2.5.tgz. Extracting by manifest.
202 silly tarball no local data for comma-separated-tokens@https://registry.npmjs.org/comma-separated-tokens/-/comma-separated-tokens-1.0.8.tgz. Extracting by manifest.
203 silly tarball no local data for @types/hast@https://registry.npmjs.org/@types/hast/-/hast-2.3.10.tgz. Extracting by manifest.
204 silly tarball no local data for parse-entities@https://registry.npmjs.org/parse-entities/-/parse-entities-2.0.0.tgz. Extracting by manifest.
205 silly tarball no local data for hastscript@https://registry.npmjs.org/hastscript/-/hastscript-6.0.0.tgz. Extracting by manifest.
206 silly tarball no local data for format@https://registry.npmjs.org/format/-/format-0.2.2.tgz. Extracting by manifest.
207 silly tarball no local data for refractor@https://registry.npmjs.org/refractor/-/refractor-3.6.0.tgz. Extracting by manifest.
208 silly tarball no local data for fault@https://registry.npmjs.org/fault/-/fault-1.0.4.tgz. Extracting by manifest.
209 silly tarball no local data for prismjs@https://registry.npmjs.org/prismjs/-/prismjs-1.30.0.tgz. Extracting by manifest.
210 silly tarball no local data for lowlight@https://registry.npmjs.org/lowlight/-/lowlight-1.20.0.tgz. Extracting by manifest.
211 silly tarball no local data for highlightjs-vue@https://registry.npmjs.org/highlightjs-vue/-/highlightjs-vue-1.0.0.tgz. Extracting by manifest.
212 silly tarball no local data for highlight.js@https://registry.npmjs.org/highlight.js/-/highlight.js-10.7.3.tgz. Extracting by manifest.
213 silly tarball no local data for react-syntax-highlighter@https://registry.npmjs.org/react-syntax-highlighter/-/react-syntax-highlighter-15.6.1.tgz. Extracting by manifest.
214 silly tarball no local data for prismjs@https://registry.npmjs.org/prismjs/-/prismjs-1.27.0.tgz. Extracting by manifest.
215 http fetch GET 200 https://registry.npmjs.org/is-hexadecimal/-/is-hexadecimal-1.0.4.tgz 225ms (cache miss)
216 http fetch GET 200 https://registry.npmjs.org/is-decimal/-/is-decimal-1.0.4.tgz 225ms (cache miss)
217 http fetch GET 200 https://registry.npmjs.org/xtend/-/xtend-4.0.2.tgz 240ms (cache miss)
218 http fetch GET 200 https://registry.npmjs.org/is-alphanumerical/-/is-alphanumerical-1.0.4.tgz 237ms (cache miss)
219 http fetch GET 200 https://registry.npmjs.org/is-alphabetical/-/is-alphabetical-1.0.4.tgz 240ms (cache miss)
220 http fetch GET 200 https://registry.npmjs.org/character-reference-invalid/-/character-reference-invalid-1.1.4.tgz 253ms (cache miss)
221 http fetch GET 200 https://registry.npmjs.org/hastscript/-/hastscript-6.0.0.tgz 262ms (cache miss)
222 http fetch GET 200 https://registry.npmjs.org/fault/-/fault-1.0.4.tgz 279ms (cache miss)
223 http fetch POST 200 https://registry.npmjs.org/-/npm/v1/security/advisories/bulk 318ms
224 silly audit report {
224 silly audit report   'pdfjs-dist': [
224 silly audit report     {
224 silly audit report       id: 1101853,
224 silly audit report       url: 'https://github.com/advisories/GHSA-wgrm-67xf-hhpq',
224 silly audit report       title: 'PDF.js vulnerable to arbitrary JavaScript execution upon opening a malicious PDF',
224 silly audit report       severity: 'high',
224 silly audit report       vulnerable_versions: '<=4.1.392',
224 silly audit report       cwe: [],
224 silly audit report       cvss: [Object]
224 silly audit report     }
224 silly audit report   ],
224 silly audit report   prismjs: [
224 silly audit report     {
224 silly audit report       id: 1102459,
224 silly audit report       url: 'https://github.com/advisories/GHSA-x7hr-w5r2-h6wg',
224 silly audit report       title: 'PrismJS DOM Clobbering vulnerability',
224 silly audit report       severity: 'moderate',
224 silly audit report       vulnerable_versions: '<1.30.0',
224 silly audit report       cwe: [Array],
224 silly audit report       cvss: [Object]
224 silly audit report     }
224 silly audit report   ]
224 silly audit report }
225 silly packumentCache corgi:https://registry.npmjs.org/pdfjs-dist cache-miss
226 silly packumentCache corgi:https://registry.npmjs.org/prismjs cache-miss
227 http fetch GET 200 https://registry.npmjs.org/parse-entities/-/parse-entities-2.0.0.tgz 316ms (cache miss)
228 http fetch GET 200 https://registry.npmjs.org/highlightjs-vue/-/highlightjs-vue-1.0.0.tgz 334ms (cache miss)
229 http fetch GET 200 https://registry.npmjs.org/character-entities-legacy/-/character-entities-legacy-1.1.4.tgz 375ms (cache miss)
230 http fetch GET 200 https://registry.npmjs.org/format/-/format-0.2.2.tgz 385ms (cache miss)
231 http fetch GET 200 https://registry.npmjs.org/lowlight/-/lowlight-1.20.0.tgz 395ms (cache miss)
232 http fetch GET 200 https://registry.npmjs.org/character-entities/-/character-entities-1.2.4.tgz 412ms (cache miss)
233 http fetch GET 200 https://registry.npmjs.org/space-separated-tokens/-/space-separated-tokens-1.1.5.tgz 415ms (cache miss)
234 http fetch GET 200 https://registry.npmjs.org/comma-separated-tokens/-/comma-separated-tokens-1.0.8.tgz 416ms (cache miss)
235 http fetch GET 200 https://registry.npmjs.org/hast-util-parse-selector/-/hast-util-parse-selector-2.2.5.tgz 418ms (cache miss)
236 http fetch GET 200 https://registry.npmjs.org/@types/unist/-/unist-2.0.11.tgz 423ms (cache miss)
237 http fetch GET 200 https://registry.npmjs.org/property-information/-/property-information-5.6.0.tgz 500ms (cache miss)
238 http fetch GET 200 https://registry.npmjs.org/prismjs 234ms (cache miss)
239 silly packumentCache corgi:https://registry.npmjs.org/prismjs set size:undefined disposed:false
240 http fetch GET 200 https://registry.npmjs.org/pdfjs-dist 260ms (cache updated)
241 silly packumentCache corgi:https://registry.npmjs.org/pdfjs-dist set size:undefined disposed:false
242 silly packumentCache corgi:https://registry.npmjs.org/@react-pdf-viewer%2fcore cache-miss
243 http fetch GET 200 https://registry.npmjs.org/@react-pdf-viewer%2fcore 136ms (cache updated)
244 silly packumentCache corgi:https://registry.npmjs.org/@react-pdf-viewer%2fcore set size:undefined disposed:false
245 silly packumentCache corgi:https://registry.npmjs.org/refractor cache-miss
246 http fetch GET 200 https://registry.npmjs.org/refractor 114ms (cache miss)
247 silly packumentCache corgi:https://registry.npmjs.org/refractor set size:undefined disposed:false
248 silly packumentCache corgi:https://registry.npmjs.org/@react-pdf-viewer%2fattachment cache-miss
249 silly packumentCache corgi:https://registry.npmjs.org/@react-pdf-viewer%2fbookmark cache-miss
250 silly packumentCache corgi:https://registry.npmjs.org/@react-pdf-viewer%2fdefault-layout cache-miss
251 silly packumentCache corgi:https://registry.npmjs.org/@react-pdf-viewer%2ffull-screen cache-miss
252 silly packumentCache corgi:https://registry.npmjs.org/@react-pdf-viewer%2fget-file cache-miss
253 silly packumentCache corgi:https://registry.npmjs.org/@react-pdf-viewer%2fopen cache-miss
254 silly packumentCache corgi:https://registry.npmjs.org/@react-pdf-viewer%2fpage-navigation cache-miss
255 silly packumentCache corgi:https://registry.npmjs.org/@react-pdf-viewer%2fprint cache-miss
256 silly packumentCache corgi:https://registry.npmjs.org/@react-pdf-viewer%2fproperties cache-miss
257 silly packumentCache corgi:https://registry.npmjs.org/@react-pdf-viewer%2frotate cache-miss
258 silly packumentCache corgi:https://registry.npmjs.org/@react-pdf-viewer%2fscroll-mode cache-miss
259 silly packumentCache corgi:https://registry.npmjs.org/@react-pdf-viewer%2fsearch cache-miss
260 silly packumentCache corgi:https://registry.npmjs.org/@react-pdf-viewer%2fselection-mode cache-miss
261 silly packumentCache corgi:https://registry.npmjs.org/@react-pdf-viewer%2ftheme cache-miss
262 silly packumentCache corgi:https://registry.npmjs.org/@react-pdf-viewer%2fthumbnail cache-miss
263 silly packumentCache corgi:https://registry.npmjs.org/@react-pdf-viewer%2ftoolbar cache-miss
264 silly packumentCache corgi:https://registry.npmjs.org/@react-pdf-viewer%2fzoom cache-miss
265 http fetch GET 200 https://registry.npmjs.org/@types/hast/-/hast-2.3.10.tgz 996ms (cache miss)
266 http fetch GET 200 https://registry.npmjs.org/@react-pdf-viewer%2fdefault-layout 1041ms (cache updated)
267 silly packumentCache corgi:https://registry.npmjs.org/@react-pdf-viewer%2fdefault-layout set size:undefined disposed:false
268 http fetch GET 200 https://registry.npmjs.org/refractor/-/refractor-3.6.0.tgz 2079ms (cache miss)
269 http fetch GET 200 https://registry.npmjs.org/@react-pdf-viewer%2fprint 1540ms (cache updated)
270 silly packumentCache corgi:https://registry.npmjs.org/@react-pdf-viewer%2fprint set size:undefined disposed:false
271 http fetch GET 200 https://registry.npmjs.org/@react-pdf-viewer%2fselection-mode 1551ms (cache updated)
272 silly packumentCache corgi:https://registry.npmjs.org/@react-pdf-viewer%2fselection-mode set size:undefined disposed:false
273 http fetch GET 200 https://registry.npmjs.org/@react-pdf-viewer%2fscroll-mode 1561ms (cache updated)
274 silly packumentCache corgi:https://registry.npmjs.org/@react-pdf-viewer%2fscroll-mode set size:undefined disposed:false
275 http fetch GET 200 https://registry.npmjs.org/@react-pdf-viewer%2ffull-screen 1568ms (cache updated)
276 silly packumentCache corgi:https://registry.npmjs.org/@react-pdf-viewer%2ffull-screen set size:undefined disposed:false
277 http fetch GET 200 https://registry.npmjs.org/@react-pdf-viewer%2fpage-navigation 1570ms (cache updated)
278 silly packumentCache corgi:https://registry.npmjs.org/@react-pdf-viewer%2fpage-navigation set size:undefined disposed:false
279 http fetch GET 200 https://registry.npmjs.org/@react-pdf-viewer%2fproperties 1574ms (cache updated)
280 silly packumentCache corgi:https://registry.npmjs.org/@react-pdf-viewer%2fproperties set size:undefined disposed:false
281 http fetch GET 200 https://registry.npmjs.org/@react-pdf-viewer%2fattachment 1612ms (cache updated)
282 silly packumentCache corgi:https://registry.npmjs.org/@react-pdf-viewer%2fattachment set size:undefined disposed:false
283 http fetch GET 200 https://registry.npmjs.org/@react-pdf-viewer%2ftheme 1612ms (cache updated)
284 silly packumentCache corgi:https://registry.npmjs.org/@react-pdf-viewer%2ftheme set size:undefined disposed:false
285 http fetch GET 200 https://registry.npmjs.org/@react-pdf-viewer%2ftoolbar 1612ms (cache updated)
286 silly packumentCache corgi:https://registry.npmjs.org/@react-pdf-viewer%2ftoolbar set size:undefined disposed:false
287 http fetch GET 200 https://registry.npmjs.org/@react-pdf-viewer%2fbookmark 1629ms (cache updated)
288 silly packumentCache corgi:https://registry.npmjs.org/@react-pdf-viewer%2fbookmark set size:undefined disposed:false
289 http fetch GET 200 https://registry.npmjs.org/@react-pdf-viewer%2frotate 1632ms (cache updated)
290 silly packumentCache corgi:https://registry.npmjs.org/@react-pdf-viewer%2frotate set size:undefined disposed:false
291 http fetch GET 200 https://registry.npmjs.org/@react-pdf-viewer%2fthumbnail 1660ms (cache updated)
292 silly packumentCache corgi:https://registry.npmjs.org/@react-pdf-viewer%2fthumbnail set size:undefined disposed:false
293 http fetch GET 200 https://registry.npmjs.org/@react-pdf-viewer%2fget-file 1672ms (cache updated)
294 silly packumentCache corgi:https://registry.npmjs.org/@react-pdf-viewer%2fget-file set size:undefined disposed:false
295 http fetch GET 200 https://registry.npmjs.org/@react-pdf-viewer%2fopen 1787ms (cache updated)
296 silly packumentCache corgi:https://registry.npmjs.org/@react-pdf-viewer%2fopen set size:undefined disposed:false
297 http fetch GET 200 https://registry.npmjs.org/highlight.js/-/highlight.js-10.7.3.tgz 2738ms (cache miss)
298 http fetch GET 200 https://registry.npmjs.org/@react-pdf-viewer%2fzoom 2246ms (cache updated)
299 silly packumentCache corgi:https://registry.npmjs.org/@react-pdf-viewer%2fzoom set size:undefined disposed:false
300 http fetch GET 200 https://registry.npmjs.org/@react-pdf-viewer%2fsearch 2970ms (cache updated)
301 silly packumentCache corgi:https://registry.npmjs.org/@react-pdf-viewer%2fsearch set size:undefined disposed:false
302 silly packumentCache corgi:https://registry.npmjs.org/react-syntax-highlighter cache-miss
303 http fetch GET 200 https://registry.npmjs.org/react-syntax-highlighter 117ms (cache miss)
304 silly packumentCache corgi:https://registry.npmjs.org/react-syntax-highlighter set size:undefined disposed:false
305 http fetch GET 200 https://registry.npmjs.org/prismjs/-/prismjs-1.27.0.tgz 4372ms (cache miss)
306 http fetch GET 200 https://registry.npmjs.org/prismjs/-/prismjs-1.30.0.tgz 4549ms (cache miss)
307 http fetch GET 200 https://registry.npmjs.org/react-syntax-highlighter/-/react-syntax-highlighter-15.6.1.tgz 6672ms (cache miss)
308 silly ADD node_modules/xtend
309 silly ADD node_modules/is-alphabetical
310 silly ADD node_modules/is-hexadecimal
311 silly ADD node_modules/is-decimal
312 silly ADD node_modules/is-alphanumerical
313 silly ADD node_modules/character-reference-invalid
314 silly ADD node_modules/character-entities-legacy
315 silly ADD node_modules/character-entities
316 silly ADD node_modules/@types/unist
317 silly ADD node_modules/space-separated-tokens
318 silly ADD node_modules/property-information
319 silly ADD node_modules/hast-util-parse-selector
320 silly ADD node_modules/comma-separated-tokens
321 silly ADD node_modules/@types/hast
322 silly ADD node_modules/parse-entities
323 silly ADD node_modules/hastscript
324 silly ADD node_modules/format
325 silly ADD node_modules/fault
326 silly ADD node_modules/refractor
327 silly ADD node_modules/refractor/node_modules/prismjs
328 silly ADD node_modules/prismjs
329 silly ADD node_modules/lowlight
330 silly ADD node_modules/highlightjs-vue
331 silly ADD node_modules/highlight.js
332 silly ADD node_modules/react-syntax-highlighter
333 silly ADD
334 silly ADD
335 silly ADD
336 silly ADD
337 silly ADD
338 silly ADD
339 silly ADD
340 verbose cwd D:\baixar\TESTE\erp-crm-engenharia
341 verbose os Windows_NT 10.0.22631
342 verbose node v22.11.0
343 verbose npm  v11.1.0
344 verbose exit 0
345 info ok
