0 verbose cli C:\Program Files\nodejs\node.exe C:\Users\kawhe\AppData\Roaming\npm\node_modules\npm\bin\npm-cli.js
1 info using npm@11.1.0
2 info using node@v22.11.0
3 silly config load:file:C:\Users\kawhe\AppData\Roaming\npm\node_modules\npm\npmrc
4 silly config load:file:D:\baixar\TESTE\erp-crm-engenharia\.npmrc
5 silly config load:file:C:\Users\kawhe\.npmrc
6 silly config load:file:C:\Users\kawhe\AppData\Roaming\npm\etc\npmrc
7 verbose title npm install
8 verbose argv "install"
9 verbose logfile logs-max:10 dir:D:\baixar\TESTE\erp-crm-engenharia\clean\_logs\2025-04-11T19_15_46_970Z-
10 verbose logfile D:\baixar\TESTE\erp-crm-engenharia\clean\_logs\2025-04-11T19_15_46_970Z-debug-0.log
11 silly logfile start cleaning logs, removing 1 files
12 silly packumentCache heap:4345298944 maxSize:1086324736 maxEntrySize:543162368
13 silly logfile done cleaning log files
14 silly idealTree buildDeps
15 silly fetch manifest three@^0.149.0
16 silly packumentCache full:https://registry.npmjs.org/three cache-miss
17 http fetch GET 200 https://registry.npmjs.org/three 530ms (cache miss)
18 silly packumentCache full:https://registry.npmjs.org/three set size:undefined disposed:false
19 warn ERESOLVE overriding peer dependency {
19 warn ERESOLVE   code: 'ERESOLVE',
19 warn ERESOLVE   edge: {
19 warn ERESOLVE     type: 'peer',
19 warn ERESOLVE     name: 'three',
19 warn ERESOLVE     spec: '^0.149.0',
19 warn ERESOLVE     error: 'INVALID',
19 warn ERESOLVE     from: {
19 warn ERESOLVE       name: 'web-ifc-three',
19 warn ERESOLVE       version: '0.0.125',
19 warn ERESOLVE       location: 'node_modules/web-ifc-three',
19 warn ERESOLVE       isWorkspace: false,
19 warn ERESOLVE       dependents: [Array]
19 warn ERESOLVE     }
19 warn ERESOLVE   },
19 warn ERESOLVE   dep: {
19 warn ERESOLVE     name: 'three',
19 warn ERESOLVE     version: '0.149.0',
19 warn ERESOLVE     whileInstalling: {
19 warn ERESOLVE       name: 'web-ifc-three',
19 warn ERESOLVE       version: '0.0.125',
19 warn ERESOLVE       path: 'D:\\baixar\\TESTE\\erp-crm-engenharia\\node_modules\\web-ifc-three'
19 warn ERESOLVE     },
19 warn ERESOLVE     location: 'node_modules/three',
19 warn ERESOLVE     isWorkspace: false,
19 warn ERESOLVE     dependents: [ [Object] ]
19 warn ERESOLVE   },
19 warn ERESOLVE   force: false,
19 warn ERESOLVE   isMine: false,
19 warn ERESOLVE   strictPeerDeps: false,
19 warn ERESOLVE   current: {
19 warn ERESOLVE     name: 'three',
19 warn ERESOLVE     version: '0.135.0',
19 warn ERESOLVE     location: 'node_modules/three',
19 warn ERESOLVE     isWorkspace: false,
19 warn ERESOLVE     dependents: [ [Object], [Object], [Object], [Object], [Object] ]
19 warn ERESOLVE   },
19 warn ERESOLVE   peerConflict: {
19 warn ERESOLVE     current: {
19 warn ERESOLVE       name: 'three',
19 warn ERESOLVE       version: '0.135.0',
19 warn ERESOLVE       location: 'node_modules/three',
19 warn ERESOLVE       isWorkspace: false,
19 warn ERESOLVE       dependents: [Array]
19 warn ERESOLVE     },
19 warn ERESOLVE     peer: {
19 warn ERESOLVE       name: 'three',
19 warn ERESOLVE       version: '0.149.0',
19 warn ERESOLVE       whileInstalling: [Object],
19 warn ERESOLVE       location: 'node_modules/three',
19 warn ERESOLVE       isWorkspace: false,
19 warn ERESOLVE       dependents: [Array]
19 warn ERESOLVE     }
19 warn ERESOLVE   }
19 warn ERESOLVE }
20 silly reify mark retired [
20 silly reify   'D:\\baixar\\TESTE\\erp-crm-engenharia\\node_modules\\@emnapi\\runtime'
20 silly reify ]
21 silly reify moves {
21 silly reify   'D:\\baixar\\TESTE\\erp-crm-engenharia\\node_modules\\@emnapi\\runtime': 'D:\\baixar\\TESTE\\erp-crm-engenharia\\node_modules\\@emnapi\\.runtime-sgPz1tj3'
21 silly reify }
22 silly audit bulk request {
22 silly audit   '@alloc/quick-lru': [ '5.2.0' ],
22 silly audit   '@babel/code-frame': [ '7.26.2' ],
22 silly audit   '@babel/generator': [ '7.27.0' ],
22 silly audit   '@babel/helper-module-imports': [ '7.25.9' ],
22 silly audit   '@babel/helper-string-parser': [ '7.25.9' ],
22 silly audit   '@babel/helper-validator-identifier': [ '7.25.9' ],
22 silly audit   '@babel/parser': [ '7.27.0' ],
22 silly audit   '@babel/runtime': [ '7.27.0' ],
22 silly audit   '@babel/template': [ '7.27.0' ],
22 silly audit   '@babel/traverse': [ '7.27.0' ],
22 silly audit   globals: [ '11.12.0', '14.0.0' ],
22 silly audit   '@babel/types': [ '7.27.0' ],
22 silly audit   '@emotion/babel-plugin': [ '11.13.5' ],
22 silly audit   '@emotion/cache': [ '11.14.0' ],
22 silly audit   '@emotion/hash': [ '0.9.2' ],
22 silly audit   '@emotion/memoize': [ '0.9.0' ],
22 silly audit   '@emotion/react': [ '11.14.0' ],
22 silly audit   '@emotion/serialize': [ '1.3.3' ],
22 silly audit   '@emotion/sheet': [ '1.4.0' ],
22 silly audit   '@emotion/unitless': [ '0.10.0' ],
22 silly audit   '@emotion/use-insertion-effect-with-fallbacks': [ '1.2.0' ],
22 silly audit   '@emotion/utils': [ '1.4.2' ],
22 silly audit   '@emotion/weak-memoize': [ '0.4.0' ],
22 silly audit   '@eslint-community/eslint-utils': [ '4.5.1' ],
22 silly audit   'eslint-visitor-keys': [ '3.4.3', '4.2.0' ],
22 silly audit   '@eslint-community/regexpp': [ '4.12.1' ],
22 silly audit   '@eslint/config-array': [ '0.20.0' ],
22 silly audit   '@eslint/config-helpers': [ '0.2.1' ],
22 silly audit   '@eslint/core': [ '0.12.0', '0.13.0' ],
22 silly audit   '@eslint/eslintrc': [ '3.3.1' ],
22 silly audit   '@eslint/js': [ '9.24.0' ],
22 silly audit   '@eslint/object-schema': [ '2.1.6' ],
22 silly audit   '@eslint/plugin-kit': [ '0.2.8' ],
22 silly audit   '@fastify/busboy': [ '3.1.1' ],
22 silly audit   '@firebase/analytics': [ '0.10.12' ],
22 silly audit   '@firebase/analytics-compat': [ '0.2.18' ],
22 silly audit   '@firebase/analytics-types': [ '0.8.3' ],
22 silly audit   '@firebase/app': [ '0.11.4' ],
22 silly audit   '@firebase/app-check': [ '0.8.13' ],
22 silly audit   '@firebase/app-check-compat': [ '0.3.20' ],
22 silly audit   '@firebase/app-check-interop-types': [ '0.3.3' ],
22 silly audit   '@firebase/app-check-types': [ '0.5.3' ],
22 silly audit   '@firebase/app-compat': [ '0.2.53' ],
22 silly audit   '@firebase/app-types': [ '0.9.3' ],
22 silly audit   '@firebase/auth': [ '1.10.0' ],
22 silly audit   '@firebase/auth-compat': [ '0.5.20' ],
22 silly audit   '@firebase/auth-interop-types': [ '0.2.4' ],
22 silly audit   '@firebase/auth-types': [ '0.13.0' ],
22 silly audit   '@firebase/component': [ '0.6.13' ],
22 silly audit   '@firebase/data-connect': [ '0.3.3' ],
22 silly audit   '@firebase/database': [ '1.0.14' ],
22 silly audit   '@firebase/database-compat': [ '2.0.5' ],
22 silly audit   '@firebase/database-types': [ '1.0.10' ],
22 silly audit   '@firebase/firestore': [ '4.7.10' ],
22 silly audit   '@firebase/firestore-compat': [ '0.3.45' ],
22 silly audit   '@firebase/firestore-types': [ '3.0.3' ],
22 silly audit   '@firebase/functions': [ '0.12.3' ],
22 silly audit   '@firebase/functions-compat': [ '0.3.20' ],
22 silly audit   '@firebase/functions-types': [ '0.6.3' ],
22 silly audit   '@firebase/installations': [ '0.6.13' ],
22 silly audit   '@firebase/installations-compat': [ '0.2.13' ],
22 silly audit   '@firebase/installations-types': [ '0.5.3' ],
22 silly audit   '@firebase/logger': [ '0.4.4' ],
22 silly audit   '@firebase/messaging': [ '0.12.17' ],
22 silly audit   '@firebase/messaging-compat': [ '0.2.17' ],
22 silly audit   '@firebase/messaging-interop-types': [ '0.2.3' ],
22 silly audit   '@firebase/performance': [ '0.7.2' ],
22 silly audit   '@firebase/performance-compat': [ '0.2.15' ],
22 silly audit   '@firebase/performance-types': [ '0.2.3' ],
22 silly audit   '@firebase/remote-config': [ '0.6.0' ],
22 silly audit   '@firebase/remote-config-compat': [ '0.2.13' ],
22 silly audit   '@firebase/remote-config-types': [ '0.4.0' ],
22 silly audit   '@firebase/storage': [ '0.13.7' ],
22 silly audit   '@firebase/storage-compat': [ '0.3.17' ],
22 silly audit   '@firebase/storage-types': [ '0.8.3' ],
22 silly audit   '@firebase/util': [ '1.11.0' ],
22 silly audit   '@firebase/vertexai': [ '1.2.1' ],
22 silly audit   '@firebase/webchannel-wrapper': [ '1.0.3' ],
22 silly audit   '@floating-ui/core': [ '1.6.9' ],
22 silly audit   '@floating-ui/dom': [ '1.6.13' ],
22 silly audit   '@floating-ui/react': [ '0.26.28' ],
22 silly audit   '@floating-ui/react-dom': [ '2.1.2' ],
22 silly audit   '@floating-ui/utils': [ '0.2.9' ],
22 silly audit   '@google-cloud/firestore': [ '7.11.0' ],
22 silly audit   '@google-cloud/paginator': [ '5.0.2' ],
22 silly audit   '@google-cloud/projectify': [ '4.0.0' ],
22 silly audit   '@google-cloud/promisify': [ '4.0.0' ],
22 silly audit   '@google-cloud/storage': [ '7.16.0' ],
22 silly audit   uuid: [ '8.3.2', '9.0.1', '11.1.0' ],
22 silly audit   '@grpc/grpc-js': [ '1.9.15', '1.13.3' ],
22 silly audit   '@grpc/proto-loader': [ '0.7.13' ],
22 silly audit   '@headlessui/react': [ '2.2.1' ],
22 silly audit   '@humanfs/core': [ '0.19.1' ],
22 silly audit   '@humanfs/node': [ '0.16.6' ],
22 silly audit   '@humanwhocodes/retry': [ '0.3.1', '0.4.2' ],
22 silly audit   '@humanwhocodes/module-importer': [ '1.0.1' ],
22 silly audit   '@img/sharp-win32-x64': [ '0.33.5' ],
22 silly audit   '@jridgewell/gen-mapping': [ '0.3.8' ],
22 silly audit   '@jridgewell/resolve-uri': [ '3.1.2' ],
22 silly audit   '@jridgewell/set-array': [ '1.2.1' ],
22 silly audit   '@jridgewell/sourcemap-codec': [ '1.5.0' ],
22 silly audit   '@jridgewell/trace-mapping': [ '0.3.25' ],
22 silly audit   '@js-sdsl/ordered-map': [ '4.4.2' ],
22 silly audit   '@next/env': [ '15.2.4' ],
22 silly audit   '@next/eslint-plugin-next': [ '15.2.4' ],
22 silly audit   '@next/swc-win32-x64-msvc': [ '15.2.4' ],
22 silly audit   '@nodelib/fs.scandir': [ '2.1.5' ],
22 silly audit   '@nodelib/fs.stat': [ '2.0.5' ],
22 silly audit   '@nodelib/fs.walk': [ '1.2.8' ],
22 silly audit   '@nolyfill/is-core-module': [ '1.0.39' ],
22 silly audit   '@opentelemetry/api': [ '1.9.0' ],
22 silly audit   '@protobufjs/aspromise': [ '1.1.2' ],
22 silly audit   '@protobufjs/base64': [ '1.1.2' ],
22 silly audit   '@protobufjs/codegen': [ '2.0.4' ],
22 silly audit   '@protobufjs/eventemitter': [ '1.1.0' ],
22 silly audit   '@protobufjs/fetch': [ '1.1.0' ],
22 silly audit   '@protobufjs/float': [ '1.0.2' ],
22 silly audit   '@protobufjs/inquire': [ '1.1.0' ],
22 silly audit   '@protobufjs/path': [ '1.1.2' ],
22 silly audit   '@protobufjs/pool': [ '1.1.0' ],
22 silly audit   '@protobufjs/utf8': [ '1.1.0' ],
22 silly audit   '@react-aria/focus': [ '3.20.1' ],
22 silly audit   '@react-aria/interactions': [ '3.24.1' ],
22 silly audit   '@react-aria/ssr': [ '3.9.7' ],
22 silly audit   '@react-aria/utils': [ '3.28.1' ],
22 silly audit   '@react-pdf-viewer/attachment': [ '3.12.0' ],
22 silly audit   '@react-pdf-viewer/bookmark': [ '3.12.0' ],
22 silly audit   '@react-pdf-viewer/core': [ '3.12.0' ],
22 silly audit   '@react-pdf-viewer/default-layout': [ '3.12.0' ],
22 silly audit   '@react-pdf-viewer/full-screen': [ '3.12.0' ],
22 silly audit   '@react-pdf-viewer/get-file': [ '3.12.0' ],
22 silly audit   '@react-pdf-viewer/open': [ '3.12.0' ],
22 silly audit   '@react-pdf-viewer/page-navigation': [ '3.12.0' ],
22 silly audit   '@react-pdf-viewer/print': [ '3.12.0' ],
22 silly audit   '@react-pdf-viewer/properties': [ '3.12.0' ],
22 silly audit   '@react-pdf-viewer/rotate': [ '3.12.0' ],
22 silly audit   '@react-pdf-viewer/scroll-mode': [ '3.12.0' ],
22 silly audit   '@react-pdf-viewer/search': [ '3.12.0' ],
22 silly audit   '@react-pdf-viewer/selection-mode': [ '3.12.0' ],
22 silly audit   '@react-pdf-viewer/theme': [ '3.12.0' ],
22 silly audit   '@react-pdf-viewer/thumbnail': [ '3.12.0' ],
22 silly audit   '@react-pdf-viewer/toolbar': [ '3.12.0' ],
22 silly audit   '@react-pdf-viewer/zoom': [ '3.12.0' ],
22 silly audit   '@react-stately/flags': [ '3.1.0' ],
22 silly audit   '@react-stately/utils': [ '3.10.5' ],
22 silly audit   '@react-types/shared': [ '3.28.0' ],
22 silly audit   '@rtsao/scc': [ '1.1.0' ],
22 silly audit   '@rushstack/eslint-patch': [ '1.11.0' ],
22 silly audit   '@swc/counter': [ '0.1.3' ],
22 silly audit   '@swc/helpers': [ '0.5.15' ],
22 silly audit   '@tailwindcss/node': [ '4.1.3' ],
22 silly audit   '@tailwindcss/oxide': [ '4.1.3' ],
22 silly audit   '@tailwindcss/oxide-win32-x64-msvc': [ '4.1.3' ],
22 silly audit   '@tailwindcss/postcss': [ '4.1.3' ],
22 silly audit   '@tanstack/react-virtual': [ '3.13.6' ],
22 silly audit   '@tanstack/virtual-core': [ '3.13.6' ],
22 silly audit   '@tootallnate/once': [ '2.0.0' ],
22 silly audit   '@types/body-parser': [ '1.19.5' ],
22 silly audit   '@types/caseless': [ '0.12.5' ],
22 silly audit   '@types/connect': [ '3.4.38' ],
22 silly audit   '@types/estree': [ '1.0.7' ],
22 silly audit   '@types/express': [ '4.17.21' ],
22 silly audit   '@types/express-serve-static-core': [ '4.19.6' ],
22 silly audit   '@types/forge-viewer': [ '7.89.1' ],
22 silly audit   '@types/http-errors': [ '2.0.4' ],
22 silly audit   '@types/json-schema': [ '7.0.15' ],
22 silly audit   '@types/json5': [ '0.0.29' ],
22 silly audit   '@types/jsonwebtoken': [ '9.0.9' ],
22 silly audit   '@types/long': [ '4.0.2' ],
22 silly audit   '@types/mime': [ '1.3.5' ],
22 silly audit   '@types/ms': [ '2.1.0' ],
22 silly audit   '@types/node': [ '22.14.0' ],
22 silly audit   '@types/parse-json': [ '4.0.2' ],
22 silly audit   '@types/prismjs': [ '1.26.5' ],
22 silly audit   '@types/qs': [ '6.9.18' ],
22 silly audit   '@types/range-parser': [ '1.2.7' ],
22 silly audit   '@types/react': [ '19.1.0' ],
22 silly audit   '@types/react-transition-group': [ '4.4.12' ],
22 silly audit   '@types/request': [ '2.48.12' ],
22 silly audit   'form-data': [ '2.5.3', '4.0.2' ],
22 silly audit   '@types/send': [ '0.17.4' ],
22 silly audit   '@types/serve-static': [ '1.15.7' ],
22 silly audit   '@types/tough-cookie': [ '4.0.5' ],
22 silly audit   '@typescript-eslint/eslint-plugin': [ '8.29.1' ],
22 silly audit   '@typescript-eslint/parser': [ '8.29.1' ],
22 silly audit   '@typescript-eslint/scope-manager': [ '8.29.1' ],
22 silly audit   '@typescript-eslint/type-utils': [ '8.29.1' ],
22 silly audit   '@typescript-eslint/types': [ '8.29.1' ],
22 silly audit   '@typescript-eslint/typescript-estree': [ '8.29.1' ],
22 silly audit   'brace-expansion': [ '2.0.1', '1.1.11' ],
22 silly audit   'fast-glob': [ '3.3.3', '3.3.1' ],
22 silly audit   'glob-parent': [ '5.1.2', '6.0.2' ],
22 silly audit   minimatch: [ '9.0.5', '3.1.2' ],
22 silly audit   '@typescript-eslint/utils': [ '8.29.1' ],
22 silly audit   '@typescript-eslint/visitor-keys': [ '8.29.1' ],
22 silly audit   '@unrs/resolver-binding-win32-x64-msvc': [ '1.4.1' ],
22 silly audit   'abort-controller': [ '3.0.0' ],
22 silly audit   acorn: [ '8.14.1' ],
22 silly audit   'acorn-jsx': [ '5.3.2' ],
22 silly audit   'agent-base': [ '6.0.2', '7.1.3' ],
22 silly audit   ajv: [ '6.12.6' ],
22 silly audit   'ansi-regex': [ '5.0.1' ],
22 silly audit   'ansi-styles': [ '4.3.0' ],
22 silly audit   argparse: [ '2.0.1' ],
22 silly audit   'aria-query': [ '5.3.2' ],
22 silly audit   'array-buffer-byte-length': [ '1.0.2' ],
22 silly audit   'array-includes': [ '3.1.8' ],
22 silly audit   'array.prototype.findlast': [ '1.2.5' ],
22 silly audit   'array.prototype.findlastindex': [ '1.2.6' ],
22 silly audit   'array.prototype.flat': [ '1.3.3' ],
22 silly audit   'array.prototype.flatmap': [ '1.3.3' ],
22 silly audit   'array.prototype.tosorted': [ '1.1.4' ],
22 silly audit   'arraybuffer.prototype.slice': [ '1.0.4' ],
22 silly audit   arrify: [ '2.0.1' ],
22 silly audit   'ast-types-flow': [ '0.0.8' ],
22 silly audit   'async-function': [ '1.0.0' ],
22 silly audit   'async-retry': [ '1.3.3' ],
22 silly audit   asynckit: [ '0.4.0' ],
22 silly audit   'available-typed-arrays': [ '1.0.7' ],
22 silly audit   'axe-core': [ '4.10.3' ],
22 silly audit   axios: [ '1.8.4' ],
22 silly audit   'axobject-query': [ '4.1.0' ],
22 silly audit   'babel-plugin-macros': [ '3.1.0' ],
22 silly audit   'balanced-match': [ '1.0.2' ],
22 silly audit   'base64-js': [ '1.5.1' ],
22 silly audit   'bignumber.js': [ '9.2.1' ],
22 silly audit   bl: [ '4.1.0' ],
22 silly audit   braces: [ '3.0.3' ],
22 silly audit   buffer: [ '5.7.1' ],
22 silly audit   'buffer-equal-constant-time': [ '1.0.1' ],
22 silly audit   busboy: [ '1.6.0' ],
22 silly audit   'call-bind': [ '1.0.8' ],
22 silly audit   'call-bind-apply-helpers': [ '1.0.2' ],
22 silly audit   'call-bound': [ '1.0.4' ],
22 silly audit   callsites: [ '3.1.0' ],
22 silly audit   'camera-controls': [ '1.38.2' ],
22 silly audit   'caniuse-lite': [ '1.0.30001712' ],
22 silly audit   chalk: [ '4.1.2' ],
22 silly audit   'client-only': [ '0.0.1' ],
22 silly audit   cliui: [ '8.0.1' ],
22 silly audit   clsx: [ '2.1.1' ],
22 silly audit   color: [ '4.2.3' ],
22 silly audit   'color-convert': [ '2.0.1' ],
22 silly audit   'color-name': [ '1.1.4' ],
22 silly audit   'color-string': [ '1.9.1' ],
22 silly audit   'combined-stream': [ '1.0.8' ],
22 silly audit   'concat-map': [ '0.0.1' ],
22 silly audit   'convert-source-map': [ '1.9.0' ],
22 silly audit   cosmiconfig: [ '7.1.0' ],
22 silly audit   'cross-spawn': [ '7.0.6' ],
22 silly audit   csstype: [ '3.1.3' ],
22 silly audit   'damerau-levenshtein': [ '1.0.8' ],
22 silly audit   'dat.gui': [ '0.7.9' ],
22 silly audit   'data-view-buffer': [ '1.0.2' ],
22 silly audit   'data-view-byte-length': [ '1.0.2' ],
22 silly audit   'data-view-byte-offset': [ '1.0.1' ],
22 silly audit   debug: [ '4.4.0', '3.2.7' ],
22 silly audit   'deep-extend': [ '0.6.0' ],
22 silly audit   'deep-is': [ '0.1.4' ],
22 silly audit   'define-data-property': [ '1.1.4' ],
22 silly audit   'define-properties': [ '1.2.1' ],
22 silly audit   'delayed-stream': [ '1.0.0' ],
22 silly audit   dequal: [ '2.0.3' ],
22 silly audit   'detect-libc': [ '2.0.3' ],
22 silly audit   doctrine: [ '2.1.0' ],
22 silly audit   'dom-helpers': [ '5.2.1' ],
22 silly audit   'dunder-proto': [ '1.0.1' ],
22 silly audit   duplexify: [ '4.1.3' ],
22 silly audit   'ecdsa-sig-formatter': [ '1.0.11' ],
22 silly audit   'emoji-regex': [ '9.2.2', '8.0.0' ],
22 silly audit   'end-of-stream': [ '1.4.4' ],
22 silly audit   'enhanced-resolve': [ '5.18.1' ],
22 silly audit   'error-ex': [ '1.3.2' ],
22 silly audit   'is-arrayish': [ '0.2.1', '0.3.2' ],
22 silly audit   'es-abstract': [ '1.23.9' ],
22 silly audit   'es-define-property': [ '1.0.1' ],
22 silly audit   'es-errors': [ '1.3.0' ],
22 silly audit   'es-iterator-helpers': [ '1.2.1' ],
22 silly audit   'es-object-atoms': [ '1.1.1' ],
22 silly audit   'es-set-tostringtag': [ '2.1.0' ],
22 silly audit   'es-shim-unscopables': [ '1.1.0' ],
22 silly audit   'es-to-primitive': [ '1.3.0' ],
22 silly audit   escalade: [ '3.2.0' ],
22 silly audit   'escape-string-regexp': [ '4.0.0' ],
22 silly audit   eslint: [ '9.24.0' ],
22 silly audit   'eslint-config-next': [ '15.2.4' ],
22 silly audit   'eslint-import-resolver-node': [ '0.3.9' ],
22 silly audit   'eslint-import-resolver-typescript': [ '3.10.0' ],
22 silly audit   'eslint-module-utils': [ '2.12.0' ],
22 silly audit   'eslint-plugin-import': [ '2.31.0' ],
22 silly audit   semver: [ '6.3.1', '7.7.1' ],
22 silly audit   'eslint-plugin-jsx-a11y': [ '6.10.2' ],
22 silly audit   'eslint-plugin-react': [ '7.37.5' ],
22 silly audit   'eslint-plugin-react-hooks': [ '5.2.0' ],
22 silly audit   resolve: [ '2.0.0-next.5', '1.22.10' ],
22 silly audit   'eslint-scope': [ '8.3.0' ],
22 silly audit   espree: [ '10.3.0' ],
22 silly audit   esquery: [ '1.6.0' ],
22 silly audit   esrecurse: [ '4.3.0' ],
22 silly audit   estraverse: [ '5.3.0' ],
22 silly audit   esutils: [ '2.0.3' ],
22 silly audit   'event-target-shim': [ '5.0.1' ],
22 silly audit   'expand-template': [ '2.0.3' ],
22 silly audit   extend: [ '3.0.2' ],
22 silly audit   'farmhash-modern': [ '1.1.0' ],
22 silly audit   'fast-deep-equal': [ '3.1.3' ],
22 silly audit   'fast-json-stable-stringify': [ '2.1.0' ],
22 silly audit   'fast-levenshtein': [ '2.0.6' ],
22 silly audit   'fast-xml-parser': [ '4.5.3' ],
22 silly audit   fastq: [ '1.19.1' ],
22 silly audit   'faye-websocket': [ '0.11.4' ],
22 silly audit   'file-entry-cache': [ '8.0.0' ],
22 silly audit   'fill-range': [ '7.1.1' ],
22 silly audit   'find-root': [ '1.1.0' ],
22 silly audit   'find-up': [ '5.0.0' ],
22 silly audit   firebase: [ '11.6.0' ],
22 silly audit   'firebase-admin': [ '13.2.0' ],
22 silly audit   'flat-cache': [ '4.0.1' ],
22 silly audit   flatted: [ '3.3.3' ],
22 silly audit   'follow-redirects': [ '1.15.9' ],
22 silly audit   'for-each': [ '0.3.5' ],
22 silly audit   fs: [ '0.0.1-security' ],
22 silly audit   'fs-constants': [ '1.0.0' ],
22 silly audit   'function-bind': [ '1.1.2' ],
22 silly audit   'function.prototype.name': [ '1.1.8' ],
22 silly audit   'functional-red-black-tree': [ '1.0.1' ],
22 silly audit   'functions-have-names': [ '1.2.3' ],
22 silly audit   gaxios: [ '6.7.1' ],
22 silly audit   'https-proxy-agent': [ '7.0.6', '5.0.1' ],
22 silly audit   'gcp-metadata': [ '6.1.1' ],
22 silly audit   'get-caller-file': [ '2.0.5' ],
22 silly audit   'get-intrinsic': [ '1.3.0' ],
22 silly audit   'get-proto': [ '1.0.1' ],
22 silly audit   'get-symbol-description': [ '1.1.0' ],
22 silly audit   'get-tsconfig': [ '4.10.0' ],
22 silly audit   'github-from-package': [ '0.0.0' ],
22 silly audit   globalthis: [ '1.0.4' ],
22 silly audit   'google-auth-library': [ '9.15.1' ],
22 silly audit   'google-gax': [ '4.4.1' ],
22 silly audit   'google-logging-utils': [ '0.0.2' ],
22 silly audit   gopd: [ '1.2.0' ],
22 silly audit   'graceful-fs': [ '4.2.11' ],
22 silly audit   graphemer: [ '1.4.0' ],
22 silly audit   gsap: [ '3.12.7' ],
22 silly audit   gtoken: [ '7.1.0' ],
22 silly audit   'has-bigints': [ '1.1.0' ],
22 silly audit   'has-flag': [ '4.0.0' ],
22 silly audit   'has-property-descriptors': [ '1.0.2' ],
22 silly audit   'has-proto': [ '1.2.0' ],
22 silly audit   'has-symbols': [ '1.1.0' ],
22 silly audit   'has-tostringtag': [ '1.0.2' ],
22 silly audit   hasown: [ '2.0.2' ],
22 silly audit   'hoist-non-react-statics': [ '3.3.2' ],
22 silly audit   'html-entities': [ '2.6.0' ],
22 silly audit   'http-parser-js': [ '0.5.9' ],
22 silly audit   'http-proxy-agent': [ '5.0.0' ],
22 silly audit   idb: [ '7.1.1' ],
22 silly audit   ieee754: [ '1.2.1' ],
22 silly audit   ignore: [ '5.3.2' ],
22 silly audit   'import-fresh': [ '3.3.1' ],
22 silly audit   imurmurhash: [ '0.1.4' ],
22 silly audit   inherits: [ '2.0.4' ],
22 silly audit   ini: [ '1.3.8' ],
22 silly audit   'internal-slot': [ '1.1.0' ],
22 silly audit   'is-array-buffer': [ '3.0.5' ],
22 silly audit   'is-async-function': [ '2.1.1' ],
22 silly audit   'is-bigint': [ '1.1.0' ],
22 silly audit   'is-boolean-object': [ '1.2.2' ],
22 silly audit   'is-bun-module': [ '2.0.0' ],
22 silly audit   'is-callable': [ '1.2.7' ],
22 silly audit   'is-core-module': [ '2.16.1' ],
22 silly audit   'is-data-view': [ '1.0.2' ],
22 silly audit   'is-date-object': [ '1.1.0' ],
22 silly audit   'is-extglob': [ '2.1.1' ],
22 silly audit   'is-finalizationregistry': [ '1.1.1' ],
22 silly audit   'is-fullwidth-code-point': [ '3.0.0' ],
22 silly audit   'is-generator-function': [ '1.1.0' ],
22 silly audit   'is-glob': [ '4.0.3' ],
22 silly audit   'is-map': [ '2.0.3' ],
22 silly audit   'is-number': [ '7.0.0' ],
22 silly audit   'is-number-object': [ '1.1.1' ],
22 silly audit   'is-regex': [ '1.2.1' ],
22 silly audit   'is-set': [ '2.0.3' ],
22 silly audit   'is-shared-array-buffer': [ '1.0.4' ],
22 silly audit   'is-stream': [ '2.0.1' ],
22 silly audit   'is-string': [ '1.1.1' ],
22 silly audit   'is-symbol': [ '1.1.1' ],
22 silly audit   'is-typed-array': [ '1.1.15' ],
22 silly audit   'is-weakmap': [ '2.0.2' ],
22 silly audit   'is-weakref': [ '1.1.1' ],
22 silly audit   'is-weakset': [ '2.0.4' ],
22 silly audit   isarray: [ '2.0.5' ],
22 silly audit   isexe: [ '2.0.0' ],
22 silly audit   'iterator.prototype': [ '1.1.5' ],
22 silly audit   jiti: [ '2.4.2' ],
22 silly audit   jose: [ '4.15.9' ],
22 silly audit   'js-tokens': [ '4.0.0' ],
22 silly audit   'js-yaml': [ '4.1.0' ],
22 silly audit   jsesc: [ '3.1.0' ],
22 silly audit   'json-bigint': [ '1.0.0' ],
22 silly audit   'json-buffer': [ '3.0.1' ],
22 silly audit   'json-parse-even-better-errors': [ '2.3.1' ],
22 silly audit   'json-schema-traverse': [ '0.4.1' ],
22 silly audit   'json-stable-stringify-without-jsonify': [ '1.0.1' ],
22 silly audit   json5: [ '1.0.2' ],
22 silly audit   jsonwebtoken: [ '9.0.2' ],
22 silly audit   jwa: [ '1.4.1', '2.0.0' ],
22 silly audit   jws: [ '3.2.2', '4.0.0' ],
22 silly audit   'jsx-ast-utils': [ '3.3.5' ],
22 silly audit   'jwks-rsa': [ '3.2.0' ],
22 silly audit   keyv: [ '4.5.4' ],
22 silly audit   'language-subtag-registry': [ '0.3.23' ],
22 silly audit   'language-tags': [ '1.0.9' ],
22 silly audit   levn: [ '0.4.1' ],
22 silly audit   lightningcss: [ '1.29.2' ],
22 silly audit   'lightningcss-win32-x64-msvc': [ '1.29.2' ],
22 silly audit   limiter: [ '1.1.5' ],
22 silly audit   'lines-and-columns': [ '1.2.4' ],
22 silly audit   'locate-path': [ '6.0.0' ],
22 silly audit   'lodash.camelcase': [ '4.3.0' ],
22 silly audit   'lodash.clonedeep': [ '4.5.0' ],
22 silly audit   'lodash.includes': [ '4.3.0' ],
22 silly audit   'lodash.isboolean': [ '3.0.3' ],
22 silly audit   'lodash.isinteger': [ '4.0.4' ],
22 silly audit   'lodash.isnumber': [ '3.0.3' ],
22 silly audit   'lodash.isplainobject': [ '4.0.6' ],
22 silly audit   'lodash.isstring': [ '4.0.1' ],
22 silly audit   'lodash.merge': [ '4.6.2' ],
22 silly audit   'lodash.once': [ '4.1.1' ],
22 silly audit   long: [ '5.3.1' ],
22 silly audit   'loose-envify': [ '1.4.0' ],
22 silly audit   'lru-cache': [ '6.0.0' ],
22 silly audit   'lru-memoizer': [ '2.3.0' ],
22 silly audit   'make-cancellable-promise': [ '1.3.2' ],
22 silly audit   'make-event-props': [ '1.6.2' ],
22 silly audit   'math-intrinsics': [ '1.1.0' ],
22 silly audit   'memoize-one': [ '6.0.0' ],
22 silly audit   'merge-refs': [ '1.3.0' ],
22 silly audit   merge2: [ '1.4.1' ],
22 silly audit   micromatch: [ '4.0.8' ],
22 silly audit   mime: [ '3.0.0' ],
22 silly audit   'mime-db': [ '1.52.0' ],
22 silly audit   'mime-types': [ '2.1.35' ],
22 silly audit   minimist: [ '1.2.8' ],
22 silly audit   'mkdirp-classic': [ '0.5.3' ],
22 silly audit   ms: [ '2.1.3' ],
22 silly audit   nanoid: [ '3.3.11' ],
22 silly audit   'napi-build-utils': [ '2.0.0' ],
22 silly audit   'natural-compare': [ '1.4.0' ],
22 silly audit   net: [ '1.0.2' ],
22 silly audit   next: [ '15.2.4' ],
22 silly audit   postcss: [ '8.4.31', '8.5.3' ],
22 silly audit   'node-abi': [ '3.74.0' ],
22 silly audit   'node-addon-api': [ '7.1.1' ],
22 silly audit   'node-fetch': [ '2.7.0' ],
22 silly audit   'node-forge': [ '1.3.1' ],
22 silly audit   'object-assign': [ '4.1.1' ],
22 silly audit   'object-hash': [ '3.0.0' ],
22 silly audit   'object-inspect': [ '1.13.4' ],
22 silly audit   'object-keys': [ '1.1.1' ],
22 silly audit   'object.assign': [ '4.1.7' ],
22 silly audit   'object.entries': [ '1.1.9' ],
22 silly audit   'object.fromentries': [ '2.0.8' ],
22 silly audit   'object.groupby': [ '1.0.3' ],
22 silly audit   'object.values': [ '1.2.1' ],
22 silly audit   once: [ '1.4.0' ],
22 silly audit   optionator: [ '0.9.4' ],
22 silly audit   'own-keys': [ '1.0.1' ],
22 silly audit   'p-limit': [ '3.1.0' ],
22 silly audit   'p-locate': [ '5.0.0' ],
22 silly audit   'parent-module': [ '1.0.1' ],
22 silly audit   'parse-json': [ '5.2.0' ],
22 silly audit   'path-exists': [ '4.0.0' ],
22 silly audit   'path-key': [ '3.1.1' ],
22 silly audit   'path-parse': [ '1.0.7' ],
22 silly audit   'path-type': [ '4.0.0' ],
22 silly audit   path2d: [ '0.2.2' ],
22 silly audit   'path2d-polyfill': [ '2.0.1' ],
22 silly audit   'pdfjs-dist': [ '3.11.174', '4.8.69' ],
22 silly audit   picocolors: [ '1.1.1' ],
22 silly audit   picomatch: [ '2.3.1', '4.0.2' ],
22 silly audit   'possible-typed-array-names': [ '1.1.0' ],
22 silly audit   'prebuild-install': [ '7.1.3' ],
22 silly audit   'decompress-response': [ '6.0.0' ],
22 silly audit   'mimic-response': [ '3.1.0' ],
22 silly audit   'simple-get': [ '4.0.1' ],
22 silly audit   'prelude-ls': [ '1.2.1' ],
22 silly audit   'prism-react-renderer': [ '2.4.1' ],
22 silly audit   'prop-types': [ '15.8.1' ],
22 silly audit   'proto3-json-serializer': [ '2.0.2' ],
22 silly audit   protobufjs: [ '7.4.0' ],
22 silly audit   'proxy-from-env': [ '1.1.0' ],
22 silly audit   pump: [ '3.0.2' ],
22 silly audit   punycode: [ '2.3.1' ],
22 silly audit   'queue-microtask': [ '1.2.3' ],
22 silly audit   rc: [ '1.2.8' ],
22 silly audit   'strip-json-comments': [ '2.0.1', '3.1.1' ],
22 silly audit   react: [ '19.1.0' ],
22 silly audit   'react-dom': [ '19.1.0' ],
22 silly audit   'react-is': [ '16.13.1' ],
22 silly audit   'react-medium-image-zoom': [ '5.2.14' ],
22 silly audit   'react-pdf': [ '9.2.1' ],
22 silly audit   canvas: [ '3.1.0' ],
22 silly audit   'react-select': [ '5.10.1' ],
22 silly audit   'react-toastify': [ '11.0.5' ],
22 silly audit   'react-transition-group': [ '4.4.5' ],
22 silly audit   'readable-stream': [ '3.6.2' ],
22 silly audit   'reflect.getprototypeof': [ '1.0.10' ],
22 silly audit   'regenerator-runtime': [ '0.14.1' ],
22 silly audit   'regexp.prototype.flags': [ '1.5.4' ],
22 silly audit   'require-directory': [ '2.1.1' ],
22 silly audit   'resolve-from': [ '4.0.0' ],
22 silly audit   'resolve-pkg-maps': [ '1.0.0' ],
22 silly audit   retry: [ '0.13.1' ],
22 silly audit   'retry-request': [ '7.0.2' ],
22 silly audit   reusify: [ '1.1.0' ],
22 silly audit   'run-parallel': [ '1.2.0' ],
22 silly audit   'safe-array-concat': [ '1.1.3' ],
22 silly audit   'safe-buffer': [ '5.2.1' ],
22 silly audit   'safe-push-apply': [ '1.0.0' ],
22 silly audit   'safe-regex-test': [ '1.1.0' ],
22 silly audit   scheduler: [ '0.26.0' ],
22 silly audit   'set-function-length': [ '1.2.2' ],
22 silly audit   'set-function-name': [ '2.0.2' ],
22 silly audit   'set-proto': [ '1.0.0' ],
22 silly audit   sharp: [ '0.33.5' ],
22 silly audit   'shebang-command': [ '2.0.0' ],
22 silly audit   'shebang-regex': [ '3.0.0' ],
22 silly audit   'side-channel': [ '1.1.0' ],
22 silly audit   'side-channel-list': [ '1.0.0' ],
22 silly audit   'side-channel-map': [ '1.0.1' ],
22 silly audit   'side-channel-weakmap': [ '1.0.2' ],
22 silly audit   'simple-concat': [ '1.0.1' ],
22 silly audit   'simple-swizzle': [ '0.2.2' ],
22 silly audit   'source-map': [ '0.5.7' ],
22 silly audit   'source-map-js': [ '1.2.1' ],
22 silly audit   'stable-hash': [ '0.0.5' ],
22 silly audit   'stream-events': [ '1.0.5' ],
22 silly audit   'stream-shift': [ '1.0.3' ],
22 silly audit   streamsearch: [ '1.1.0' ],
22 silly audit   string_decoder: [ '1.3.0' ],
22 silly audit   'string-width': [ '4.2.3' ],
22 silly audit   'string.prototype.includes': [ '2.0.1' ],
22 silly audit   'string.prototype.matchall': [ '4.0.12' ],
22 silly audit   'string.prototype.repeat': [ '1.0.0' ],
22 silly audit   'string.prototype.trim': [ '1.2.10' ],
22 silly audit   'string.prototype.trimend': [ '1.0.9' ],
22 silly audit   'string.prototype.trimstart': [ '1.0.8' ],
22 silly audit   'strip-ansi': [ '6.0.1' ],
22 silly audit   'strip-bom': [ '3.0.0' ],
22 silly audit   strnum: [ '1.1.2' ],
22 silly audit   stubs: [ '3.0.0' ],
22 silly audit   'styled-jsx': [ '5.1.6' ],
22 silly audit   stylis: [ '4.2.0' ],
22 silly audit   'supports-color': [ '7.2.0' ],
22 silly audit   'supports-preserve-symlinks-flag': [ '1.0.0' ],
22 silly audit   tabbable: [ '6.2.0' ],
22 silly audit   'tailwind-scrollbar': [ '4.0.2' ],
22 silly audit   tailwindcss: [ '4.1.3' ],
22 silly audit   tapable: [ '2.2.1' ],
22 silly audit   'tar-fs': [ '2.1.2' ],
22 silly audit   chownr: [ '1.1.4' ],
22 silly audit   'tar-stream': [ '2.2.0' ],
22 silly audit   'teeny-request': [ '9.0.0' ],
22 silly audit   three: [ '0.135.0' ],
22 silly audit   'three-mesh-bvh': [ '0.5.24', '0.5.21' ],
22 silly audit   'tiny-invariant': [ '1.3.3' ],
22 silly audit   tinyglobby: [ '0.2.12' ],
22 silly audit   fdir: [ '6.4.3' ],
22 silly audit   tls: [ '0.0.1' ],
22 silly audit   'to-regex-range': [ '5.0.1' ],
22 silly audit   tr46: [ '0.0.3' ],
22 silly audit   'ts-api-utils': [ '2.1.0' ],
22 silly audit   'tsconfig-paths': [ '3.15.0' ],
22 silly audit   tslib: [ '2.8.1' ],
22 silly audit   'tunnel-agent': [ '0.6.0' ],
22 silly audit   'type-check': [ '0.4.0' ],
22 silly audit   'typed-array-buffer': [ '1.0.3' ],
22 silly audit   'typed-array-byte-length': [ '1.0.3' ],
22 silly audit   'typed-array-byte-offset': [ '1.0.4' ],
22 silly audit   'typed-array-length': [ '1.0.7' ],
22 silly audit   typescript: [ '5.8.3' ],
22 silly audit   'unbox-primitive': [ '1.1.0' ],
22 silly audit   'undici-types': [ '6.21.0' ],
22 silly audit   'unrs-resolver': [ '1.4.1' ],
22 silly audit   'uri-js': [ '4.4.1' ],
22 silly audit   'use-isomorphic-layout-effect': [ '1.2.0' ],
22 silly audit   'util-deprecate': [ '1.0.2' ],
22 silly audit   warning: [ '4.0.3' ],
22 silly audit   'web-ifc': [ '0.0.39' ],
22 silly audit   'web-ifc-three': [ '0.0.125' ],
22 silly audit   'web-ifc-viewer': [ '1.0.218' ],
22 silly audit   'web-vitals': [ '4.2.4' ],
22 silly audit   'webidl-conversions': [ '3.0.1' ],
22 silly audit   'websocket-driver': [ '0.7.4' ],
22 silly audit   'websocket-extensions': [ '0.1.4' ],
22 silly audit   'whatwg-url': [ '5.0.0' ],
22 silly audit   which: [ '2.0.2' ],
22 silly audit   'which-boxed-primitive': [ '1.1.1' ],
22 silly audit   'which-builtin-type': [ '1.2.1' ],
22 silly audit   'which-collection': [ '1.0.2' ],
22 silly audit   'which-typed-array': [ '1.1.19' ],
22 silly audit   'word-wrap': [ '1.2.5' ],
22 silly audit   'wrap-ansi': [ '7.0.0' ],
22 silly audit   wrappy: [ '1.0.2' ],
22 silly audit   y18n: [ '5.0.8' ],
22 silly audit   yallist: [ '4.0.0' ],
22 silly audit   yaml: [ '1.10.2' ],
22 silly audit   yargs: [ '17.7.2' ],
22 silly audit   'yargs-parser': [ '21.1.1' ],
22 silly audit   'yocto-queue': [ '0.1.0' ],
22 silly audit   '@next/swc-darwin-arm64': [ '15.2.4' ],
22 silly audit   '@next/swc-darwin-x64': [ '15.2.4' ],
22 silly audit   '@next/swc-linux-arm64-gnu': [ '15.2.4' ],
22 silly audit   '@next/swc-linux-arm64-musl': [ '15.2.4' ],
22 silly audit   '@next/swc-linux-x64-gnu': [ '15.2.4' ],
22 silly audit   '@next/swc-linux-x64-musl': [ '15.2.4' ],
22 silly audit   '@next/swc-win32-arm64-msvc': [ '15.2.4' ]
22 silly audit }
23 verbose reify failed optional dependency D:\baixar\TESTE\erp-crm-engenharia\node_modules\@next\swc-win32-arm64-msvc
24 silly reify mark deleted [
24 silly reify   'D:\\baixar\\TESTE\\erp-crm-engenharia\\node_modules\\@next\\swc-win32-arm64-msvc'
24 silly reify ]
25 verbose reify failed optional dependency D:\baixar\TESTE\erp-crm-engenharia\node_modules\@next\swc-linux-x64-musl
26 silly reify mark deleted [
26 silly reify   'D:\\baixar\\TESTE\\erp-crm-engenharia\\node_modules\\@next\\swc-linux-x64-musl'
26 silly reify ]
27 verbose reify failed optional dependency D:\baixar\TESTE\erp-crm-engenharia\node_modules\@next\swc-linux-x64-gnu
28 silly reify mark deleted [
28 silly reify   'D:\\baixar\\TESTE\\erp-crm-engenharia\\node_modules\\@next\\swc-linux-x64-gnu'
28 silly reify ]
29 verbose reify failed optional dependency D:\baixar\TESTE\erp-crm-engenharia\node_modules\@next\swc-linux-arm64-musl
30 silly reify mark deleted [
30 silly reify   'D:\\baixar\\TESTE\\erp-crm-engenharia\\node_modules\\@next\\swc-linux-arm64-musl'
30 silly reify ]
31 verbose reify failed optional dependency D:\baixar\TESTE\erp-crm-engenharia\node_modules\@next\swc-linux-arm64-gnu
32 silly reify mark deleted [
32 silly reify   'D:\\baixar\\TESTE\\erp-crm-engenharia\\node_modules\\@next\\swc-linux-arm64-gnu'
32 silly reify ]
33 verbose reify failed optional dependency D:\baixar\TESTE\erp-crm-engenharia\node_modules\@next\swc-darwin-x64
34 silly reify mark deleted [
34 silly reify   'D:\\baixar\\TESTE\\erp-crm-engenharia\\node_modules\\@next\\swc-darwin-x64'
34 silly reify ]
35 verbose reify failed optional dependency D:\baixar\TESTE\erp-crm-engenharia\node_modules\@next\swc-darwin-arm64
36 silly reify mark deleted [
36 silly reify   'D:\\baixar\\TESTE\\erp-crm-engenharia\\node_modules\\@next\\swc-darwin-arm64'
36 silly reify ]
37 http fetch POST 200 https://registry.npmjs.org/-/npm/v1/security/advisories/bulk 395ms
38 silly audit report {
38 silly audit report   'pdfjs-dist': [
38 silly audit report     {
38 silly audit report       id: 1101853,
38 silly audit report       url: 'https://github.com/advisories/GHSA-wgrm-67xf-hhpq',
38 silly audit report       title: 'PDF.js vulnerable to arbitrary JavaScript execution upon opening a malicious PDF',
38 silly audit report       severity: 'high',
38 silly audit report       vulnerable_versions: '<=4.1.392',
38 silly audit report       cwe: [],
38 silly audit report       cvss: [Object]
38 silly audit report     }
38 silly audit report   ]
38 silly audit report }
39 silly packumentCache corgi:https://registry.npmjs.org/pdfjs-dist cache-miss
40 http fetch GET 200 https://registry.npmjs.org/pdfjs-dist 402ms (cache updated)
41 silly packumentCache corgi:https://registry.npmjs.org/pdfjs-dist set size:undefined disposed:false
42 silly packumentCache corgi:https://registry.npmjs.org/@react-pdf-viewer%2fcore cache-miss
43 http fetch GET 200 https://registry.npmjs.org/@react-pdf-viewer%2fcore 257ms (cache updated)
44 silly packumentCache corgi:https://registry.npmjs.org/@react-pdf-viewer%2fcore set size:undefined disposed:false
45 silly packumentCache corgi:https://registry.npmjs.org/@react-pdf-viewer%2fattachment cache-miss
46 silly packumentCache corgi:https://registry.npmjs.org/@react-pdf-viewer%2fbookmark cache-miss
47 silly packumentCache corgi:https://registry.npmjs.org/@react-pdf-viewer%2fdefault-layout cache-miss
48 silly packumentCache corgi:https://registry.npmjs.org/@react-pdf-viewer%2ffull-screen cache-miss
49 silly packumentCache corgi:https://registry.npmjs.org/@react-pdf-viewer%2fget-file cache-miss
50 silly packumentCache corgi:https://registry.npmjs.org/@react-pdf-viewer%2fopen cache-miss
51 silly packumentCache corgi:https://registry.npmjs.org/@react-pdf-viewer%2fpage-navigation cache-miss
52 silly packumentCache corgi:https://registry.npmjs.org/@react-pdf-viewer%2fprint cache-miss
53 silly packumentCache corgi:https://registry.npmjs.org/@react-pdf-viewer%2fproperties cache-miss
54 silly packumentCache corgi:https://registry.npmjs.org/@react-pdf-viewer%2frotate cache-miss
55 silly packumentCache corgi:https://registry.npmjs.org/@react-pdf-viewer%2fscroll-mode cache-miss
56 silly packumentCache corgi:https://registry.npmjs.org/@react-pdf-viewer%2fsearch cache-miss
57 silly packumentCache corgi:https://registry.npmjs.org/@react-pdf-viewer%2fselection-mode cache-miss
58 silly packumentCache corgi:https://registry.npmjs.org/@react-pdf-viewer%2ftheme cache-miss
59 silly packumentCache corgi:https://registry.npmjs.org/@react-pdf-viewer%2fthumbnail cache-miss
60 silly packumentCache corgi:https://registry.npmjs.org/@react-pdf-viewer%2ftoolbar cache-miss
61 silly packumentCache corgi:https://registry.npmjs.org/@react-pdf-viewer%2fzoom cache-miss
62 http fetch GET 200 https://registry.npmjs.org/@react-pdf-viewer%2fget-file 147ms (cache updated)
63 silly packumentCache corgi:https://registry.npmjs.org/@react-pdf-viewer%2fget-file set size:undefined disposed:false
64 http fetch GET 200 https://registry.npmjs.org/@react-pdf-viewer%2fattachment 321ms (cache updated)
65 silly packumentCache corgi:https://registry.npmjs.org/@react-pdf-viewer%2fattachment set size:undefined disposed:false
66 http fetch GET 200 https://registry.npmjs.org/@react-pdf-viewer%2fproperties 326ms (cache updated)
67 silly packumentCache corgi:https://registry.npmjs.org/@react-pdf-viewer%2fproperties set size:undefined disposed:false
68 http fetch GET 200 https://registry.npmjs.org/@react-pdf-viewer%2fdefault-layout 345ms (cache updated)
69 silly packumentCache corgi:https://registry.npmjs.org/@react-pdf-viewer%2fdefault-layout set size:undefined disposed:false
70 http fetch GET 200 https://registry.npmjs.org/@react-pdf-viewer%2ftoolbar 354ms (cache updated)
71 silly packumentCache corgi:https://registry.npmjs.org/@react-pdf-viewer%2ftoolbar set size:undefined disposed:false
72 http fetch GET 200 https://registry.npmjs.org/@react-pdf-viewer%2fzoom 389ms (cache updated)
73 silly packumentCache corgi:https://registry.npmjs.org/@react-pdf-viewer%2fzoom set size:undefined disposed:false
74 http fetch GET 200 https://registry.npmjs.org/@react-pdf-viewer%2fopen 507ms (cache updated)
75 silly packumentCache corgi:https://registry.npmjs.org/@react-pdf-viewer%2fopen set size:undefined disposed:false
76 http fetch GET 200 https://registry.npmjs.org/@react-pdf-viewer%2fpage-navigation 514ms (cache updated)
77 silly packumentCache corgi:https://registry.npmjs.org/@react-pdf-viewer%2fpage-navigation set size:undefined disposed:false
78 http fetch GET 200 https://registry.npmjs.org/@react-pdf-viewer%2fbookmark 521ms (cache updated)
79 silly packumentCache corgi:https://registry.npmjs.org/@react-pdf-viewer%2fbookmark set size:undefined disposed:false
80 http fetch GET 200 https://registry.npmjs.org/@react-pdf-viewer%2fscroll-mode 515ms (cache updated)
81 silly packumentCache corgi:https://registry.npmjs.org/@react-pdf-viewer%2fscroll-mode set size:undefined disposed:false
82 http fetch GET 200 https://registry.npmjs.org/@react-pdf-viewer%2fsearch 518ms (cache updated)
83 silly packumentCache corgi:https://registry.npmjs.org/@react-pdf-viewer%2fsearch set size:undefined disposed:false
84 http fetch GET 200 https://registry.npmjs.org/@react-pdf-viewer%2fprint 522ms (cache updated)
85 silly packumentCache corgi:https://registry.npmjs.org/@react-pdf-viewer%2fprint set size:undefined disposed:false
86 http fetch GET 200 https://registry.npmjs.org/@react-pdf-viewer%2fthumbnail 537ms (cache updated)
87 silly packumentCache corgi:https://registry.npmjs.org/@react-pdf-viewer%2fthumbnail set size:undefined disposed:false
88 http fetch GET 200 https://registry.npmjs.org/@react-pdf-viewer%2fselection-mode 551ms (cache updated)
89 silly packumentCache corgi:https://registry.npmjs.org/@react-pdf-viewer%2fselection-mode set size:undefined disposed:false
90 http fetch GET 200 https://registry.npmjs.org/@react-pdf-viewer%2ftheme 564ms (cache updated)
91 silly packumentCache corgi:https://registry.npmjs.org/@react-pdf-viewer%2ftheme set size:undefined disposed:false
92 http fetch GET 200 https://registry.npmjs.org/@react-pdf-viewer%2ffull-screen 572ms (cache updated)
93 silly packumentCache corgi:https://registry.npmjs.org/@react-pdf-viewer%2ffull-screen set size:undefined disposed:false
94 http fetch GET 200 https://registry.npmjs.org/@react-pdf-viewer%2frotate 710ms (cache updated)
95 silly packumentCache corgi:https://registry.npmjs.org/@react-pdf-viewer%2frotate set size:undefined disposed:false
96 silly ADD
97 silly ADD
98 silly ADD
99 silly ADD
100 silly ADD
101 silly ADD
102 silly ADD
103 silly REMOVE node_modules/@emnapi/runtime
104 verbose cwd D:\baixar\TESTE\erp-crm-engenharia
105 verbose os Windows_NT 10.0.22631
106 verbose node v22.11.0
107 verbose npm  v11.1.0
108 verbose exit 0
109 info ok
